    {
        "event_id": 11,
        "description": "File creation time changed",
        "time_generated": "2024-09-19T20:20:06.0359373Z",
        "computer_name": "RACM",
        "details": {
            "RuleName": "DLL",
            "UtcTime": "2024-09-19 20:20:06.034",
            "ProcessGuid": "{cec53bf7-8743-66ec-42b0-000000000800}",
            "ProcessId": "10128",
            "Image": "C:\\Users\\raulr\\Downloads\\octave-9.2.0-w64-installer.exe",
            "TargetFilename": "C:\\Program Files\\GNU Octave\\Octave-9.2.0\\mingw64\\bin\\libLLVM-15.dll",
            "CreationUtcTime": "2024-09-19 20:20:06.034",
            "User": "RACM\\raulr"
        }
    },
    {
        "event_id": 11,
        "description": "File creation time changed",
        "time_generated": "2024-09-19T20:20:06.0202890Z",
        "computer_name": "RACM",
        "details": {
            "RuleName": "DLL",
            "UtcTime": "2024-09-19 20:20:06.018",
            "ProcessGuid": "{cec53bf7-8743-66ec-42b0-000000000800}",
            "ProcessId": "10128",
            "Image": "C:\\Users\\raulr\\Downloads\\octave-9.2.0-w64-installer.exe",
            "TargetFilename": "C:\\Program Files\\GNU Octave\\Octave-9.2.0\\mingw64\\bin\\Qt6Sql.dll",
            "CreationUtcTime": "2024-09-19 20:20:06.018",
            "User": "RACM\\raulr"
        }
    },
    {
        "event_id": 11,
        "description": "File creation time changed",
        "time_generated": "2024-09-19T20:20:06.0174683Z",
        "computer_name": "RACM",
        "details": {
            "RuleName": "EXE",
            "UtcTime": "2024-09-19 20:20:06.008",
            "ProcessGuid": "{cec53bf7-8743-66ec-42b0-000000000800}",
            "ProcessId": "10128",
            "Image": "C:\\Users\\raulr\\Downloads\\octave-9.2.0-w64-installer.exe",
            "TargetFilename": "C:\\Program Files\\GNU Octave\\Octave-9.2.0\\mingw64\\bin\\fc-cache.exe",
            "CreationUtcTime": "2024-09-19 20:20:06.008",
            "User": "RACM\\raulr"
        }
    },
    {
        "event_id": 11,
        "description": "File creation time changed",
        "time_generated": "2024-09-19T20:20:06.0094835Z",
        "computer_name": "RACM",
        "details": {
            "RuleName": "DLL",
            "UtcTime": "2024-09-19 20:20:06.008",
            "ProcessGuid": "{cec53bf7-8743-66ec-42b0-000000000800}",
            "ProcessId": "10128",
            "Image": "C:\\Users\\raulr\\Downloads\\octave-9.2.0-w64-installer.exe",
            "TargetFilename": "C:\\Program Files\\GNU Octave\\Octave-9.2.0\\mingw64\\qt6\\plugins\\platforms\\qoffscreen.dll",
            "CreationUtcTime": "2024-09-19 20:20:06.002",
            "User": "RACM\\raulr"
        }
    },
    {
        "event_id": 11,
        "description": "File creation time changed",
        "time_generated": "2024-09-19T20:20:05.9578769Z",
        "computer_name": "RACM",
        "details": {
            "RuleName": "DLL",
            "UtcTime": "2024-09-19 20:20:05.955",
            "ProcessGuid": "{cec53bf7-8743-66ec-42b0-000000000800}",
            "ProcessId": "10128",
            "Image": "C:\\Users\\raulr\\Downloads\\octave-9.2.0-w64-installer.exe",
            "TargetFilename": "C:\\Program Files\\GNU Octave\\Octave-9.2.0\\mingw64\\qt6\\plugins\\platforms\\qwindows.dll",
            "CreationUtcTime": "2024-09-19 20:20:05.955",
            "User": "RACM\\raulr"
        }
    },
    {
        "event_id": 11,
        "description": "File creation time changed",
        "time_generated": "2024-09-19T20:20:05.9542799Z",
        "computer_name": "RACM",
        "details": {
            "RuleName": "DLL",
            "UtcTime": "2024-09-19 20:20:05.939",
            "ProcessGuid": "{cec53bf7-8743-66ec-42b0-000000000800}",
            "ProcessId": "10128",
            "Image": "C:\\Users\\raulr\\Downloads\\octave-9.2.0-w64-installer.exe",
            "TargetFilename": "C:\\Program Files\\GNU Octave\\Octave-9.2.0\\mingw64\\qt6\\plugins\\platforms\\qminimal.dll",
            "CreationUtcTime": "2024-09-19 20:20:05.939",
            "User": "RACM\\raulr"
        }
    },
    {
        "event_id": 11,
        "description": "File creation time changed",
        "time_generated": "2024-09-19T20:20:05.9002766Z",
        "computer_name": "RACM",
        "details": {
            "RuleName": "DLL",
            "UtcTime": "2024-09-19 20:20:05.890",
            "ProcessGuid": "{cec53bf7-8743-66ec-42b0-000000000800}",
            "ProcessId": "10128",
            "Image": "C:\\Users\\raulr\\Downloads\\octave-9.2.0-w64-installer.exe",
            "TargetFilename": "C:\\Program Files\\GNU Octave\\Octave-9.2.0\\mingw64\\qt6\\plugins\\platforms\\qdirect2d.dll",
            "CreationUtcTime": "2024-09-19 20:20:05.890",
            "User": "RACM\\raulr"
        }
    },
    {
        "event_id": 11,
        "description": "File creation time changed",
        "time_generated": "2024-09-19T20:20:05.8917412Z",
        "computer_name": "RACM",
        "details": {
            "RuleName": "DLL",
            "UtcTime": "2024-09-19 20:20:05.890",
            "ProcessGuid": "{cec53bf7-8743-66ec-42b0-000000000800}",
            "ProcessId": "10128",
            "Image": "C:\\Users\\raulr\\Downloads\\octave-9.2.0-w64-installer.exe",
            "TargetFilename": "C:\\Program Files\\GNU Octave\\Octave-9.2.0\\mingw64\\qt6\\plugins\\networkinformation\\qnetworklistmanager.dll",
            "CreationUtcTime": "2024-09-19 20:20:05.890",
            "User": "RACM\\raulr"
        }
    },
    {
        "event_id": 11,
        "description": "File creation time changed",
        "time_generated": "2024-09-19T20:20:05.8841522Z",
        "computer_name": "RACM",
        "details": {
            "RuleName": "DLL",
            "UtcTime": "2024-09-19 20:20:05.874",
            "ProcessGuid": "{cec53bf7-8743-66ec-42b0-000000000800}",
            "ProcessId": "10128",
            "Image": "C:\\Users\\raulr\\Downloads\\octave-9.2.0-w64-installer.exe",
            "TargetFilename": "C:\\Program Files\\GNU Octave\\Octave-9.2.0\\mingw64\\qt6\\plugins\\generic\\qtuiotouchplugin.dll",
            "CreationUtcTime": "2024-09-19 20:20:05.874",
            "User": "RACM\\raulr"
        }
    },
    {
        "event_id": 11,
        "description": "File creation time changed",
        "time_generated": "2024-09-19T20:20:05.8760668Z",
        "computer_name": "RACM",
        "details": {
            "RuleName": "DLL",
            "UtcTime": "2024-09-19 20:20:05.874",
            "ProcessGuid": "{cec53bf7-8743-66ec-42b0-000000000800}",
            "ProcessId": "10128",
            "Image": "C:\\Users\\raulr\\Downloads\\octave-9.2.0-w64-installer.exe",
            "TargetFilename": "C:\\Program Files\\GNU Octave\\Octave-9.2.0\\mingw64\\qt6\\plugins\\tls\\qcertonlybackend.dll",
            "CreationUtcTime": "2024-09-19 20:20:05.874",
            "User": "RACM\\raulr"
        }
    },
    {
        "event_id": 11,
        "description": "File creation time changed",
        "time_generated": "2024-09-19T20:20:05.8638509Z",
        "computer_name": "RACM",
        "details": {
            "RuleName": "DLL",
            "UtcTime": "2024-09-19 20:20:05.862",
            "ProcessGuid": "{cec53bf7-8743-66ec-42b0-000000000800}",
            "ProcessId": "10128",
            "Image": "C:\\Users\\raulr\\Downloads\\octave-9.2.0-w64-installer.exe",
            "TargetFilename": "C:\\Program Files\\GNU Octave\\Octave-9.2.0\\mingw64\\qt6\\plugins\\tls\\qschannelbackend.dll",
            "CreationUtcTime": "2024-09-19 20:20:05.862",
            "User": "RACM\\raulr"
        }
    },
    {
        "event_id": 11,
        "description": "File creation time changed",
        "time_generated": "2024-09-19T20:20:05.8588827Z",
        "computer_name": "RACM",
        "details": {
            "RuleName": "DLL",
            "UtcTime": "2024-09-19 20:20:05.858",
            "ProcessGuid": "{cec53bf7-8743-66ec-42b0-000000000800}",
            "ProcessId": "10128",
            "Image": "C:\\Users\\raulr\\Downloads\\octave-9.2.0-w64-installer.exe",
            "TargetFilename": "C:\\Program Files\\GNU Octave\\Octave-9.2.0\\mingw64\\qt6\\plugins\\imageformats\\qwbmp.dll",
            "CreationUtcTime": "2024-09-19 20:20:05.858",
            "User": "RACM\\raulr"
        }
    },
    {
        "event_id": 11,
        "description": "File creation time changed",
        "time_generated": "2024-09-19T20:20:05.8557206Z",
        "computer_name": "RACM",
        "details": {
            "RuleName": "DLL",
            "UtcTime": "2024-09-19 20:20:05.842",
            "ProcessGuid": "{cec53bf7-8743-66ec-42b0-000000000800}",
            "ProcessId": "10128",
            "Image": "C:\\Users\\raulr\\Downloads\\octave-9.2.0-w64-installer.exe",
            "TargetFilename": "C:\\Program Files\\GNU Octave\\Octave-9.2.0\\mingw64\\qt6\\plugins\\imageformats\\qsvg.dll",
            "CreationUtcTime": "2024-09-19 20:20:05.842",
            "User": "RACM\\raulr"
        }
    },
    {
        "event_id": 11,
        "description": "File creation time changed",
        "time_generated": "2024-09-19T20:20:05.8514289Z",
        "computer_name": "RACM",
        "details": {
            "RuleName": "DLL",
            "UtcTime": "2024-09-19 20:20:05.842",
            "ProcessGuid": "{cec53bf7-8743-66ec-42b0-000000000800}",
            "ProcessId": "10128",
            "Image": "C:\\Users\\raulr\\Downloads\\octave-9.2.0-w64-installer.exe",
            "TargetFilename": "C:\\Program Files\\GNU Octave\\Octave-9.2.0\\mingw64\\qt6\\plugins\\imageformats\\qicns.dll",
            "CreationUtcTime": "2024-09-19 20:20:05.842",
            "User": "RACM\\raulr"
        }
    },
    {
        "event_id": 11,
        "description": "File creation time changed",
        "time_generated": "2024-09-19T20:20:05.8475739Z",
        "computer_name": "RACM",
        "details": {
            "RuleName": "DLL",
            "UtcTime": "2024-09-19 20:20:05.842",
            "ProcessGuid": "{cec53bf7-8743-66ec-42b0-000000000800}",
            "ProcessId": "10128",
            "Image": "C:\\Users\\raulr\\Downloads\\octave-9.2.0-w64-installer.exe",
            "TargetFilename": "C:\\Program Files\\GNU Octave\\Octave-9.2.0\\mingw64\\qt6\\plugins\\imageformats\\qjp2.dll",
            "CreationUtcTime": "2024-09-19 20:20:05.842",
            "User": "RACM\\raulr"
        }
    },
    {
        "event_id": 11,
        "description": "File creation time changed",
        "time_generated": "2024-09-19T20:20:05.8438247Z",
        "computer_name": "RACM",
        "details": {
            "RuleName": "DLL",
            "UtcTime": "2024-09-19 20:20:05.842",
            "ProcessGuid": "{cec53bf7-8743-66ec-42b0-000000000800}",
            "ProcessId": "10128",
            "Image": "C:\\Users\\raulr\\Downloads\\octave-9.2.0-w64-installer.exe",
            "TargetFilename": "C:\\Program Files\\GNU Octave\\Octave-9.2.0\\mingw64\\qt6\\plugins\\imageformats\\qgif.dll",
            "CreationUtcTime": "2024-09-19 20:20:05.842",
            "User": "RACM\\raulr"
        }
    },
    {
        "event_id": 11,
        "description": "File creation time changed",
        "time_generated": "2024-09-19T20:20:05.8402645Z",
        "computer_name": "RACM",
        "details": {
            "RuleName": "DLL",
            "UtcTime": "2024-09-19 20:20:05.826",
            "ProcessGuid": "{cec53bf7-8743-66ec-42b0-000000000800}",
            "ProcessId": "10128",
            "Image": "C:\\Users\\raulr\\Downloads\\octave-9.2.0-w64-installer.exe",
            "TargetFilename": "C:\\Program Files\\GNU Octave\\Octave-9.2.0\\mingw64\\qt6\\plugins\\imageformats\\qwebp.dll",
            "CreationUtcTime": "2024-09-19 20:20:05.826",
            "User": "RACM\\raulr"
        }
    },
    {
        "event_id": 11,
        "description": "File creation time changed",
        "time_generated": "2024-09-19T20:20:05.8363112Z",
        "computer_name": "RACM",
        "details": {
            "RuleName": "DLL",
            "UtcTime": "2024-09-19 20:20:05.826",
            "ProcessGuid": "{cec53bf7-8743-66ec-42b0-000000000800}",
            "ProcessId": "10128",
            "Image": "C:\\Users\\raulr\\Downloads\\octave-9.2.0-w64-installer.exe",
            "TargetFilename": "C:\\Program Files\\GNU Octave\\Octave-9.2.0\\mingw64\\qt6\\plugins\\imageformats\\qtiff.dll",
            "CreationUtcTime": "2024-09-19 20:20:05.826",
            "User": "RACM\\raulr"
        }
    },
    {
        "event_id": 11,
        "description": "File creation time changed",
        "time_generated": "2024-09-19T20:20:05.8331251Z",
        "computer_name": "RACM",
        "details": {
            "RuleName": "DLL",
            "UtcTime": "2024-09-19 20:20:05.826",
            "ProcessGuid": "{cec53bf7-8743-66ec-42b0-000000000800}",
            "ProcessId": "10128",
            "Image": "C:\\Users\\raulr\\Downloads\\octave-9.2.0-w64-installer.exe",
            "TargetFilename": "C:\\Program Files\\GNU Octave\\Octave-9.2.0\\mingw64\\qt6\\plugins\\imageformats\\qmng.dll",
            "CreationUtcTime": "2024-09-19 20:20:05.826",
            "User": "RACM\\raulr"
        }
    },
    {
        "event_id": 11,
        "description": "File creation time changed",
        "time_generated": "2024-09-19T20:20:05.8294768Z",
        "computer_name": "RACM",
        "details": {
            "RuleName": "DLL",
            "UtcTime": "2024-09-19 20:20:05.826",
            "ProcessGuid": "{cec53bf7-8743-66ec-42b0-000000000800}",
            "ProcessId": "10128",
            "Image": "C:\\Users\\raulr\\Downloads\\octave-9.2.0-w64-installer.exe",
            "TargetFilename": "C:\\Program Files\\GNU Octave\\Octave-9.2.0\\mingw64\\qt6\\plugins\\imageformats\\qico.dll",
            "CreationUtcTime": "2024-09-19 20:20:05.826",
            "User": "RACM\\raulr"
        }
    },
    {
        "event_id": 11,
        "description": "File creation time changed",
        "time_generated": "2024-09-19T20:20:05.8250540Z",
        "computer_name": "RACM",
        "details": {
            "RuleName": "DLL",
            "UtcTime": "2024-09-19 20:20:05.819",
            "ProcessGuid": "{cec53bf7-8743-66ec-42b0-000000000800}",
            "ProcessId": "10128",
            "Image": "C:\\Users\\raulr\\Downloads\\octave-9.2.0-w64-installer.exe",
            "TargetFilename": "C:\\Program Files\\GNU Octave\\Octave-9.2.0\\mingw64\\qt6\\plugins\\imageformats\\qjpeg.dll",
            "CreationUtcTime": "2024-09-19 20:20:05.819",
            "User": "RACM\\raulr"
        }
    },
    {
        "event_id": 11,
        "description": "File creation time changed",
        "time_generated": "2024-09-19T20:20:05.8221483Z",
        "computer_name": "RACM",
        "details": {
            "RuleName": "DLL",
            "UtcTime": "2024-09-19 20:20:05.819",
            "ProcessGuid": "{cec53bf7-8743-66ec-42b0-000000000800}",
            "ProcessId": "10128",
            "Image": "C:\\Users\\raulr\\Downloads\\octave-9.2.0-w64-installer.exe",
            "TargetFilename": "C:\\Program Files\\GNU Octave\\Octave-9.2.0\\mingw64\\qt6\\plugins\\imageformats\\qtga.dll",
            "CreationUtcTime": "2024-09-19 20:20:05.819",
            "User": "RACM\\raulr"
        }
    },
    {
        "event_id": 11,
        "description": "File creation time changed",
        "time_generated": "2024-09-19T20:20:05.8065368Z",
        "computer_name": "RACM",
        "details": {
            "RuleName": "DLL",
            "UtcTime": "2024-09-19 20:20:05.796",
            "ProcessGuid": "{cec53bf7-8743-66ec-42b0-000000000800}",
            "ProcessId": "10128",
            "Image": "C:\\Users\\raulr\\Downloads\\octave-9.2.0-w64-installer.exe",
            "TargetFilename": "C:\\Program Files\\GNU Octave\\Octave-9.2.0\\mingw64\\qt6\\plugins\\sqldrivers\\qsqlodbc.dll",
            "CreationUtcTime": "2024-09-19 20:20:05.796",
            "User": "RACM\\raulr"
        }
    },
    {
        "event_id": 11,
        "description": "File creation time changed",
        "time_generated": "2024-09-19T20:20:05.8005294Z",
        "computer_name": "RACM",
        "details": {
            "RuleName": "DLL",
            "UtcTime": "2024-09-19 20:20:05.796",
            "ProcessGuid": "{cec53bf7-8743-66ec-42b0-000000000800}",
            "ProcessId": "10128",
            "Image": "C:\\Users\\raulr\\Downloads\\octave-9.2.0-w64-installer.exe",
            "TargetFilename": "C:\\Program Files\\GNU Octave\\Octave-9.2.0\\mingw64\\qt6\\plugins\\sqldrivers\\qsqlite.dll",
            "CreationUtcTime": "2024-09-19 20:20:05.796",
            "User": "RACM\\raulr"
        }
    },
    {
        "event_id": 11,
        "description": "File creation time changed",
        "time_generated": "2024-09-19T20:20:05.7944696Z",
        "computer_name": "RACM",
        "details": {
            "RuleName": "DLL",
            "UtcTime": "2024-09-19 20:20:05.788",
            "ProcessGuid": "{cec53bf7-8743-66ec-42b0-000000000800}",
            "ProcessId": "10128",
            "Image": "C:\\Users\\raulr\\Downloads\\octave-9.2.0-w64-installer.exe",
            "TargetFilename": "C:\\Program Files\\GNU Octave\\Octave-9.2.0\\mingw64\\qt6\\plugins\\sqldrivers\\qsqlpsql.dll",
            "CreationUtcTime": "2024-09-19 20:20:05.788",
            "User": "RACM\\raulr"
        }
    },
    {
        "event_id": 11,
        "description": "File creation time changed",
        "time_generated": "2024-09-19T20:20:05.7818715Z",
        "computer_name": "RACM",
        "details": {
            "RuleName": "DLL",
            "UtcTime": "2024-09-19 20:20:05.778",
            "ProcessGuid": "{cec53bf7-8743-66ec-42b0-000000000800}",
            "ProcessId": "10128",
            "Image": "C:\\Users\\raulr\\Downloads\\octave-9.2.0-w64-installer.exe",
            "TargetFilename": "C:\\Program Files\\GNU Octave\\Octave-9.2.0\\mingw64\\qt6\\plugins\\styles\\qwindowsvistastyle.dll",
            "CreationUtcTime": "2024-09-19 20:20:05.778",
            "User": "RACM\\raulr"
        }
    },
    {
        "event_id": 11,
        "description": "File creation time changed",
        "time_generated": "2024-09-19T20:20:05.7753886Z",
        "computer_name": "RACM",
        "details": {
            "RuleName": "DLL",
            "UtcTime": "2024-09-19 20:20:05.763",
            "ProcessGuid": "{cec53bf7-8743-66ec-42b0-000000000800}",
            "ProcessId": "10128",
            "Image": "C:\\Users\\raulr\\Downloads\\octave-9.2.0-w64-installer.exe",
            "TargetFilename": "C:\\Program Files\\GNU Octave\\Octave-9.2.0\\mingw64\\qt6\\plugins\\iconengines\\qsvgicon.dll",
            "CreationUtcTime": "2024-09-19 20:20:05.763",
            "User": "RACM\\raulr"
        }
    },
    {
        "event_id": 11,
        "description": "File creation time changed",
        "time_generated": "2024-09-19T20:20:01.6667008Z",
        "computer_name": "RACM",
        "details": {
            "RuleName": "DLL",
            "UtcTime": "2024-09-19 20:20:01.661",
            "ProcessGuid": "{cec53bf7-8743-66ec-42b0-000000000800}",
            "ProcessId": "10128",
            "Image": "C:\\Users\\raulr\\Downloads\\octave-9.2.0-w64-installer.exe",
            "TargetFilename": "C:\\Program Files\\GNU Octave\\Octave-9.2.0\\mingw64\\qt6\\bin\\Qt6Core.dll",
            "CreationUtcTime": "2024-09-19 20:20:01.661",
            "User": "RACM\\raulr"
        }
    },
    {
        "event_id": 11,
        "description": "File creation time changed",
        "time_generated": "2024-09-19T20:20:01.6630254Z",
        "computer_name": "RACM",
        "details": {
            "RuleName": "DLL",
            "UtcTime": "2024-09-19 20:20:01.661",
            "ProcessGuid": "{cec53bf7-8743-66ec-42b0-000000000800}",
            "ProcessId": "10128",
            "Image": "C:\\Users\\raulr\\Downloads\\octave-9.2.0-w64-installer.exe",
            "TargetFilename": "C:\\Program Files\\GNU Octave\\Octave-9.2.0\\mingw64\\qt6\\bin\\Qt6Concurrent.dll",
            "CreationUtcTime": "2024-09-19 20:20:01.661",
            "User": "RACM\\raulr"
        }
    },
    {
        "event_id": 11,
        "description": "File creation time changed",
        "time_generated": "2024-09-19T20:20:01.6508146Z",
        "computer_name": "RACM",
        "details": {
            "RuleName": "DLL",
            "UtcTime": "2024-09-19 20:20:01.645",
            "ProcessGuid": "{cec53bf7-8743-66ec-42b0-000000000800}",
            "ProcessId": "10128",
            "Image": "C:\\Users\\raulr\\Downloads\\octave-9.2.0-w64-installer.exe",
            "TargetFilename": "C:\\Program Files\\GNU Octave\\Octave-9.2.0\\mingw64\\qt6\\bin\\Qt6Xml.dll",
            "CreationUtcTime": "2024-09-19 20:20:01.645",
            "User": "RACM\\raulr"
        }
    },
    {
        "event_id": 11,
        "description": "File creation time changed",
        "time_generated": "2024-09-19T20:20:01.6057219Z",
        "computer_name": "RACM",
        "details": {
            "RuleName": "EXE",
            "UtcTime": "2024-09-19 20:20:01.598",
            "ProcessGuid": "{cec53bf7-8743-66ec-42b0-000000000800}",
            "ProcessId": "10128",
            "Image": "C:\\Users\\raulr\\Downloads\\octave-9.2.0-w64-installer.exe",
            "TargetFilename": "C:\\Program Files\\GNU Octave\\Octave-9.2.0\\mingw64\\qt6\\bin\\lupdate.exe",
            "CreationUtcTime": "2024-09-19 20:20:01.598",
            "User": "RACM\\raulr"
        }
    },
    {
        "event_id": 11,
        "description": "File creation time changed",
        "time_generated": "2024-09-19T20:20:01.5064455Z",
        "computer_name": "RACM",
        "details": {
            "RuleName": "DLL",
            "UtcTime": "2024-09-19 20:20:01.506",
            "ProcessGuid": "{cec53bf7-8743-66ec-42b0-000000000800}",
            "ProcessId": "10128",
            "Image": "C:\\Users\\raulr\\Downloads\\octave-9.2.0-w64-installer.exe",
            "TargetFilename": "C:\\Program Files\\GNU Octave\\Octave-9.2.0\\mingw64\\qt6\\bin\\Qt6DesignerComponents.dll",
            "CreationUtcTime": "2024-09-19 20:20:01.488",
            "User": "RACM\\raulr"
        }
    },
    {
        "event_id": 11,
        "description": "File creation time changed",
        "time_generated": "2024-09-19T20:20:01.4927983Z",
        "computer_name": "RACM",
        "details": {
            "RuleName": "EXE",
            "UtcTime": "2024-09-19 20:20:01.488",
            "ProcessGuid": "{cec53bf7-8743-66ec-42b0-000000000800}",
            "ProcessId": "10128",
            "Image": "C:\\Users\\raulr\\Downloads\\octave-9.2.0-w64-installer.exe",
            "TargetFilename": "C:\\Program Files\\GNU Octave\\Octave-9.2.0\\mingw64\\qt6\\bin\\qtdiag6.exe",
            "CreationUtcTime": "2024-09-19 20:20:01.488",
            "User": "RACM\\raulr"
        }
    },
    {
        "event_id": 11,
        "description": "File creation time changed",
        "time_generated": "2024-09-19T20:20:01.4818095Z",
        "computer_name": "RACM",
        "details": {
            "RuleName": "DLL",
            "UtcTime": "2024-09-19 20:20:01.472",
            "ProcessGuid": "{cec53bf7-8743-66ec-42b0-000000000800}",
            "ProcessId": "10128",
            "Image": "C:\\Users\\raulr\\Downloads\\octave-9.2.0-w64-installer.exe",
            "TargetFilename": "C:\\Program Files\\GNU Octave\\Octave-9.2.0\\mingw64\\qt6\\bin\\Qt6OpenGLWidgets.dll",
            "CreationUtcTime": "2024-09-19 20:20:01.472",
            "User": "RACM\\raulr"
        }
    },
    {
        "event_id": 11,
        "description": "File creation time changed",
        "time_generated": "2024-09-19T20:20:01.4695444Z",
        "computer_name": "RACM",
        "details": {
            "RuleName": "EXE",
            "UtcTime": "2024-09-19 20:20:01.456",
            "ProcessGuid": "{cec53bf7-8743-66ec-42b0-000000000800}",
            "ProcessId": "10128",
            "Image": "C:\\Users\\raulr\\Downloads\\octave-9.2.0-w64-installer.exe",
            "TargetFilename": "C:\\Program Files\\GNU Octave\\Octave-9.2.0\\mingw64\\qt6\\bin\\qtattributionsscanner.exe",
            "CreationUtcTime": "2024-09-19 20:20:01.456",
            "User": "RACM\\raulr"
        }
    },
    {
        "event_id": 11,
        "description": "File creation time changed",
        "time_generated": "2024-09-19T20:20:01.4348887Z",
        "computer_name": "RACM",
        "details": {
            "RuleName": "DLL",
            "UtcTime": "2024-09-19 20:20:01.425",
            "ProcessGuid": "{cec53bf7-8743-66ec-42b0-000000000800}",
            "ProcessId": "10128",
            "Image": "C:\\Users\\raulr\\Downloads\\octave-9.2.0-w64-installer.exe",
            "TargetFilename": "C:\\Program Files\\GNU Octave\\Octave-9.2.0\\mingw64\\qt6\\bin\\Qt6UiTools.dll",
            "CreationUtcTime": "2024-09-19 20:20:01.425",
            "User": "RACM\\raulr"
        }
    },
    {
        "event_id": 11,
        "description": "File creation time changed",
        "time_generated": "2024-09-19T20:20:01.3871655Z",
        "computer_name": "RACM",
        "details": {
            "RuleName": "DLL",
            "UtcTime": "2024-09-19 20:20:01.382",
            "ProcessGuid": "{cec53bf7-8743-66ec-42b0-000000000800}",
            "ProcessId": "10128",
            "Image": "C:\\Users\\raulr\\Downloads\\octave-9.2.0-w64-installer.exe",
            "TargetFilename": "C:\\Program Files\\GNU Octave\\Octave-9.2.0\\mingw64\\qt6\\bin\\Qt6OpenGL.dll",
            "CreationUtcTime": "2024-09-19 20:20:01.382",
            "User": "RACM\\raulr"
        }
    },
    {
        "event_id": 11,
        "description": "File creation time changed",
        "time_generated": "2024-09-19T20:20:01.3614303Z",
        "computer_name": "RACM",
        "details": {
            "RuleName": "DLL",
            "UtcTime": "2024-09-19 20:20:01.360",
            "ProcessGuid": "{cec53bf7-8743-66ec-42b0-000000000800}",
            "ProcessId": "10128",
            "Image": "C:\\Users\\raulr\\Downloads\\octave-9.2.0-w64-installer.exe",
            "TargetFilename": "C:\\Program Files\\GNU Octave\\Octave-9.2.0\\mingw64\\qt6\\bin\\Qt6PrintSupport.dll",
            "CreationUtcTime": "2024-09-19 20:20:01.360",
            "User": "RACM\\raulr"
        }
    },
    {
        "event_id": 11,
        "description": "File creation time changed",
        "time_generated": "2024-09-19T20:20:01.3315977Z",
        "computer_name": "RACM",
        "details": {
            "RuleName": "DLL",
            "UtcTime": "2024-09-19 20:20:01.331",
            "ProcessGuid": "{cec53bf7-8743-66ec-42b0-000000000800}",
            "ProcessId": "10128",
            "Image": "C:\\Users\\raulr\\Downloads\\octave-9.2.0-w64-installer.exe",
            "TargetFilename": "C:\\Program Files\\GNU Octave\\Octave-9.2.0\\mingw64\\qt6\\bin\\Qt6Test.dll",
            "CreationUtcTime": "2024-09-19 20:20:01.331",
            "User": "RACM\\raulr"
        }
    },
    {
        "event_id": 11,
        "description": "File creation time changed",
        "time_generated": "2024-09-19T20:20:01.3065668Z",
        "computer_name": "RACM",
        "details": {
            "RuleName": "DLL",
            "UtcTime": "2024-09-19 20:20:01.299",
            "ProcessGuid": "{cec53bf7-8743-66ec-42b0-000000000800}",
            "ProcessId": "10128",
            "Image": "C:\\Users\\raulr\\Downloads\\octave-9.2.0-w64-installer.exe",
            "TargetFilename": "C:\\Program Files\\GNU Octave\\Octave-9.2.0\\mingw64\\qt6\\bin\\Qt6Core5Compat.dll",
            "CreationUtcTime": "2024-09-19 20:20:01.299",
            "User": "RACM\\raulr"
        }
    },
    {
        "event_id": 11,
        "description": "File creation time changed",
        "time_generated": "2024-09-19T20:20:01.2994177Z",
        "computer_name": "RACM",
        "details": {
            "RuleName": "EXE",
            "UtcTime": "2024-09-19 20:20:01.297",
            "ProcessGuid": "{cec53bf7-8743-66ec-42b0-000000000800}",
            "ProcessId": "10128",
            "Image": "C:\\Users\\raulr\\Downloads\\octave-9.2.0-w64-installer.exe",
            "TargetFilename": "C:\\Program Files\\GNU Octave\\Octave-9.2.0\\mingw64\\qt6\\bin\\lrelease-pro.exe",
            "CreationUtcTime": "2024-09-19 20:20:01.297",
            "User": "RACM\\raulr"
        }
    },
    {
        "event_id": 11,
        "description": "File creation time changed",
        "time_generated": "2024-09-19T20:20:01.2978062Z",
        "computer_name": "RACM",
        "details": {
            "RuleName": "EXE",
            "UtcTime": "2024-09-19 20:20:01.297",
            "ProcessGuid": "{cec53bf7-8743-66ec-42b0-000000000800}",
            "ProcessId": "10128",
            "Image": "C:\\Users\\raulr\\Downloads\\octave-9.2.0-w64-installer.exe",
            "TargetFilename": "C:\\Program Files\\GNU Octave\\Octave-9.2.0\\mingw64\\qt6\\bin\\qhelpgenerator.exe",
            "CreationUtcTime": "2024-09-19 20:20:01.293",
            "User": "RACM\\raulr"
        }
    },
    {
        "event_id": 11,
        "description": "File creation time changed",
        "time_generated": "2024-09-19T20:20:01.2851004Z",
        "computer_name": "RACM",
        "details": {
            "RuleName": "EXE",
            "UtcTime": "2024-09-19 20:20:01.283",
            "ProcessGuid": "{cec53bf7-8743-66ec-42b0-000000000800}",
            "ProcessId": "10128",
            "Image": "C:\\Users\\raulr\\Downloads\\octave-9.2.0-w64-installer.exe",
            "TargetFilename": "C:\\Program Files\\GNU Octave\\Octave-9.2.0\\mingw64\\qt6\\bin\\qtplugininfo.exe",
            "CreationUtcTime": "2024-09-19 20:20:01.283",
            "User": "RACM\\raulr"
        }
    },
    {
        "event_id": 11,
        "description": "File creation time changed",
        "time_generated": "2024-09-19T20:20:01.2075696Z",
        "computer_name": "RACM",
        "details": {
            "RuleName": "DLL",
            "UtcTime": "2024-09-19 20:20:01.202",
            "ProcessGuid": "{cec53bf7-8743-66ec-42b0-000000000800}",
            "ProcessId": "10128",
            "Image": "C:\\Users\\raulr\\Downloads\\octave-9.2.0-w64-installer.exe",
            "TargetFilename": "C:\\Program Files\\GNU Octave\\Octave-9.2.0\\mingw64\\qt6\\bin\\Qt6Network.dll",
            "CreationUtcTime": "2024-09-19 20:20:01.202",
            "User": "RACM\\raulr"
        }
    },
    {
        "event_id": 11,
        "description": "File creation time changed",
        "time_generated": "2024-09-19T20:20:00.9993110Z",
        "computer_name": "RACM",
        "details": {
            "RuleName": "DLL",
            "UtcTime": "2024-09-19 20:20:00.998",
            "ProcessGuid": "{cec53bf7-8743-66ec-42b0-000000000800}",
            "ProcessId": "10128",
            "Image": "C:\\Users\\raulr\\Downloads\\octave-9.2.0-w64-installer.exe",
            "TargetFilename": "C:\\Program Files\\GNU Octave\\Octave-9.2.0\\mingw64\\qt6\\bin\\Qt6Gui.dll",
            "CreationUtcTime": "2024-09-19 20:20:00.998",
            "User": "RACM\\raulr"
        }
    },
    {
        "event_id": 11,
        "description": "File creation time changed",
        "time_generated": "2024-09-19T20:20:00.9869743Z",
        "computer_name": "RACM",
        "details": {
            "RuleName": "EXE",
            "UtcTime": "2024-09-19 20:20:00.986",
            "ProcessGuid": "{cec53bf7-8743-66ec-42b0-000000000800}",
            "ProcessId": "10128",
            "Image": "C:\\Users\\raulr\\Downloads\\octave-9.2.0-w64-installer.exe",
            "TargetFilename": "C:\\Program Files\\GNU Octave\\Octave-9.2.0\\mingw64\\qt6\\bin\\lupdate-pro.exe",
            "CreationUtcTime": "2024-09-19 20:20:00.986",
            "User": "RACM\\raulr"
        }
    },
    {
        "event_id": 11,
        "description": "File creation time changed",
        "time_generated": "2024-09-19T20:20:00.9634220Z",
        "computer_name": "RACM",
        "details": {
            "RuleName": "EXE",
            "UtcTime": "2024-09-19 20:20:00.958",
            "ProcessGuid": "{cec53bf7-8743-66ec-42b0-000000000800}",
            "ProcessId": "10128",
            "Image": "C:\\Users\\raulr\\Downloads\\octave-9.2.0-w64-installer.exe",
            "TargetFilename": "C:\\Program Files\\GNU Octave\\Octave-9.2.0\\mingw64\\qt6\\bin\\lconvert.exe",
            "CreationUtcTime": "2024-09-19 20:20:00.958",
            "User": "RACM\\raulr"
        }
    },
    {
        "event_id": 11,
        "description": "File creation time changed",
        "time_generated": "2024-09-19T20:20:00.9336982Z",
        "computer_name": "RACM",
        "details": {
            "RuleName": "EXE",
            "UtcTime": "2024-09-19 20:20:00.932",
            "ProcessGuid": "{cec53bf7-8743-66ec-42b0-000000000800}",
            "ProcessId": "10128",
            "Image": "C:\\Users\\raulr\\Downloads\\octave-9.2.0-w64-installer.exe",
            "TargetFilename": "C:\\Program Files\\GNU Octave\\Octave-9.2.0\\mingw64\\qt6\\bin\\lprodump.exe",
            "CreationUtcTime": "2024-09-19 20:20:00.932",
            "User": "RACM\\raulr"
        }
    },
    {
        "event_id": 11,
        "description": "File creation time changed",
        "time_generated": "2024-09-19T20:20:00.9252793Z",
        "computer_name": "RACM",
        "details": {
            "RuleName": "EXE",
            "UtcTime": "2024-09-19 20:20:00.924",
            "ProcessGuid": "{cec53bf7-8743-66ec-42b0-000000000800}",
            "ProcessId": "10128",
            "Image": "C:\\Users\\raulr\\Downloads\\octave-9.2.0-w64-installer.exe",
            "TargetFilename": "C:\\Program Files\\GNU Octave\\Octave-9.2.0\\mingw64\\qt6\\bin\\qtdiag.exe",
            "CreationUtcTime": "2024-09-19 20:20:00.924",
            "User": "RACM\\raulr"
        }
    },
    {
        "event_id": 11,
        "description": "File creation time changed",
        "time_generated": "2024-09-19T20:20:00.7482984Z",
        "computer_name": "RACM",
        "details": {
            "RuleName": "DLL",
            "UtcTime": "2024-09-19 20:20:00.747",
            "ProcessGuid": "{cec53bf7-8743-66ec-42b0-000000000800}",
            "ProcessId": "10128",
            "Image": "C:\\Users\\raulr\\Downloads\\octave-9.2.0-w64-installer.exe",
            "TargetFilename": "C:\\Program Files\\GNU Octave\\Octave-9.2.0\\mingw64\\qt6\\bin\\Qt6Widgets.dll",
            "CreationUtcTime": "2024-09-19 20:20:00.747",
            "User": "RACM\\raulr"
        }
    },
    {
        "event_id": 11,
        "description": "File creation time changed",
        "time_generated": "2024-09-19T20:20:00.7422820Z",
        "computer_name": "RACM",
        "details": {
            "RuleName": "DLL",
            "UtcTime": "2024-09-19 20:20:00.729",
            "ProcessGuid": "{cec53bf7-8743-66ec-42b0-000000000800}",
            "ProcessId": "10128",
            "Image": "C:\\Users\\raulr\\Downloads\\octave-9.2.0-w64-installer.exe",
            "TargetFilename": "C:\\Program Files\\GNU Octave\\Octave-9.2.0\\mingw64\\qt6\\bin\\Qt6SvgWidgets.dll",
            "CreationUtcTime": "2024-09-19 20:20:00.729",
            "User": "RACM\\raulr"
        }
    },
    {
        "event_id": 11,
        "description": "File creation time changed",
        "time_generated": "2024-09-19T20:20:00.7172881Z",
        "computer_name": "RACM",
        "details": {
            "RuleName": "DLL",
            "UtcTime": "2024-09-19 20:20:00.717",
            "ProcessGuid": "{cec53bf7-8743-66ec-42b0-000000000800}",
            "ProcessId": "10128",
            "Image": "C:\\Users\\raulr\\Downloads\\octave-9.2.0-w64-installer.exe",
            "TargetFilename": "C:\\Program Files\\GNU Octave\\Octave-9.2.0\\mingw64\\qt6\\bin\\Qt6Svg.dll",
            "CreationUtcTime": "2024-09-19 20:20:00.716",
            "User": "RACM\\raulr"
        }
    },
    {
        "event_id": 11,
        "description": "File creation time changed",
        "time_generated": "2024-09-19T20:20:00.6821701Z",
        "computer_name": "RACM",
        "details": {
            "RuleName": "DLL",
            "UtcTime": "2024-09-19 20:20:00.680",
            "ProcessGuid": "{cec53bf7-8743-66ec-42b0-000000000800}",
            "ProcessId": "10128",
            "Image": "C:\\Users\\raulr\\Downloads\\octave-9.2.0-w64-installer.exe",
            "TargetFilename": "C:\\Program Files\\GNU Octave\\Octave-9.2.0\\mingw64\\qt6\\bin\\Qt6Help.dll",
            "CreationUtcTime": "2024-09-19 20:20:00.680",
            "User": "RACM\\raulr"
        }
    },
    {
        "event_id": 11,
        "description": "File creation time changed",
        "time_generated": "2024-09-19T20:20:00.5354769Z",
        "computer_name": "RACM",
        "details": {
            "RuleName": "DLL",
            "UtcTime": "2024-09-19 20:20:00.535",
            "ProcessGuid": "{cec53bf7-8743-66ec-42b0-000000000800}",
            "ProcessId": "10128",
            "Image": "C:\\Users\\raulr\\Downloads\\octave-9.2.0-w64-installer.exe",
            "TargetFilename": "C:\\Program Files\\GNU Octave\\Octave-9.2.0\\mingw64\\qt6\\bin\\Qt6Designer.dll",
            "CreationUtcTime": "2024-09-19 20:20:00.520",
            "User": "RACM\\raulr"
        }
    },
    {
        "event_id": 11,
        "description": "File creation time changed",
        "time_generated": "2024-09-19T20:20:00.5036482Z",
        "computer_name": "RACM",
        "details": {
            "RuleName": "EXE",
            "UtcTime": "2024-09-19 20:20:00.490",
            "ProcessGuid": "{cec53bf7-8743-66ec-42b0-000000000800}",
            "ProcessId": "10128",
            "Image": "C:\\Users\\raulr\\Downloads\\octave-9.2.0-w64-installer.exe",
            "TargetFilename": "C:\\Program Files\\GNU Octave\\Octave-9.2.0\\mingw64\\qt6\\bin\\lrelease.exe",
            "CreationUtcTime": "2024-09-19 20:20:00.490",
            "User": "RACM\\raulr"
        }
    },
    {
        "event_id": 11,
        "description": "File creation time changed",
        "time_generated": "2024-09-19T20:20:00.4817884Z",
        "computer_name": "RACM",
        "details": {
            "RuleName": "DLL",
            "UtcTime": "2024-09-19 20:20:00.472",
            "ProcessGuid": "{cec53bf7-8743-66ec-42b0-000000000800}",
            "ProcessId": "10128",
            "Image": "C:\\Users\\raulr\\Downloads\\octave-9.2.0-w64-installer.exe",
            "TargetFilename": "C:\\Program Files\\GNU Octave\\Octave-9.2.0\\mingw64\\qt6\\bin\\Qt6Sql.dll",
            "CreationUtcTime": "2024-09-19 20:20:00.472",
            "User": "RACM\\raulr"
        }
    },
    {
        "event_id": 11,
        "description": "File creation time changed",
        "time_generated": "2024-09-19T20:19:53.6257811Z",
        "computer_name": "RACM",
        "details": {
            "RuleName": "-",
            "UtcTime": "2024-09-19 20:19:53.624",
            "ProcessGuid": "{cec53bf7-8743-66ec-42b0-000000000800}",
            "ProcessId": "10128",
            "Image": "C:\\Users\\raulr\\Downloads\\octave-9.2.0-w64-installer.exe",
            "TargetFilename": "C:\\Program Files\\GNU Octave\\Octave-9.2.0\\mingw64\\qt6\\mkspecs\\features\\data\\dumpvcvars.bat",
            "CreationUtcTime": "2024-09-19 20:19:53.624",
            "User": "RACM\\raulr"
        }
    },
    {
        "event_id": 11,
        "description": "File creation time changed",
        "time_generated": "2024-09-19T20:19:52.6467796Z",
        "computer_name": "RACM",
        "details": {
            "RuleName": "-",
            "UtcTime": "2024-09-19 20:19:52.644",
            "ProcessGuid": "{cec53bf7-8743-66ec-42b0-000000000800}",
            "ProcessId": "10128",
            "Image": "C:\\Users\\raulr\\Downloads\\octave-9.2.0-w64-installer.exe",
            "TargetFilename": "C:\\Program Files\\GNU Octave\\Octave-9.2.0\\mingw64\\include\\proj",
            "CreationUtcTime": "2024-09-19 20:19:52.644",
            "User": "RACM\\raulr"
        }
    },
    {
        "event_id": 11,
        "description": "File creation time changed",
        "time_generated": "2024-09-19T20:19:28.6911588Z",
        "computer_name": "RACM",
        "details": {
            "RuleName": "-",
            "UtcTime": "2024-09-19 20:19:28.680",
            "ProcessGuid": "{cec53bf7-8743-66ec-42b0-000000000800}",
            "ProcessId": "10128",
            "Image": "C:\\Users\\raulr\\Downloads\\octave-9.2.0-w64-installer.exe",
            "TargetFilename": "C:\\Program Files\\GNU Octave\\Octave-9.2.0\\cmdshell.bat",
            "CreationUtcTime": "2024-09-19 20:19:28.680",
            "User": "RACM\\raulr"
        }
    },
    {
        "event_id": 11,
        "description": "File creation time changed",
        "time_generated": "2024-09-19T20:19:28.6865339Z",
        "computer_name": "RACM",
        "details": {
            "RuleName": "-",
            "UtcTime": "2024-09-19 20:19:28.680",
            "ProcessGuid": "{cec53bf7-8743-66ec-42b0-000000000800}",
            "ProcessId": "10128",
            "Image": "C:\\Users\\raulr\\Downloads\\octave-9.2.0-w64-installer.exe",
            "TargetFilename": "C:\\Program Files\\GNU Octave\\Octave-9.2.0\\post-install.bat",
            "CreationUtcTime": "2024-09-19 20:19:28.680",
            "User": "RACM\\raulr"
        }
    },
    {
        "event_id": 11,
        "description": "File creation time changed",
        "time_generated": "2024-09-19T20:19:28.6833786Z",
        "computer_name": "RACM",
        "details": {
            "RuleName": "-",
            "UtcTime": "2024-09-19 20:19:28.680",
            "ProcessGuid": "{cec53bf7-8743-66ec-42b0-000000000800}",
            "ProcessId": "10128",
            "Image": "C:\\Users\\raulr\\Downloads\\octave-9.2.0-w64-installer.exe",
            "TargetFilename": "C:\\Program Files\\GNU Octave\\Octave-9.2.0\\fc_update.bat",
            "CreationUtcTime": "2024-09-19 20:19:28.680",
            "User": "RACM\\raulr"
        }
    },
    {
        "event_id": 11,
        "description": "File creation time changed",
        "time_generated": "2024-09-19T20:19:28.6772202Z",
        "computer_name": "RACM",
        "details": {
            "RuleName": "EXE",
            "UtcTime": "2024-09-19 20:19:28.667",
            "ProcessGuid": "{cec53bf7-8743-66ec-42b0-000000000800}",
            "ProcessId": "10128",
            "Image": "C:\\Users\\raulr\\Downloads\\octave-9.2.0-w64-installer.exe",
            "TargetFilename": "C:\\Program Files\\GNU Octave\\Octave-9.2.0\\octave-launch-firsttime.exe",
            "CreationUtcTime": "2024-09-19 20:19:28.667",
            "User": "RACM\\raulr"
        }
    },
    {
        "event_id": 11,
        "description": "File creation time changed",
        "time_generated": "2024-09-19T20:19:28.6714220Z",
        "computer_name": "RACM",
        "details": {
            "RuleName": "EXE",
            "UtcTime": "2024-09-19 20:19:28.667",
            "ProcessGuid": "{cec53bf7-8743-66ec-42b0-000000000800}",
            "ProcessId": "10128",
            "Image": "C:\\Users\\raulr\\Downloads\\octave-9.2.0-w64-installer.exe",
            "TargetFilename": "C:\\Program Files\\GNU Octave\\Octave-9.2.0\\octave-launch.exe",
            "CreationUtcTime": "2024-09-19 20:19:28.667",
            "User": "RACM\\raulr"
        }
    },
    {
        "event_id": 11,
        "description": "File creation time changed",
        "time_generated": "2024-09-19T20:19:28.6687648Z",
        "computer_name": "RACM",
        "details": {
            "RuleName": "-",
            "UtcTime": "2024-09-19 20:19:28.667",
            "ProcessGuid": "{cec53bf7-8743-66ec-42b0-000000000800}",
            "ProcessId": "10128",
            "Image": "C:\\Users\\raulr\\Downloads\\octave-9.2.0-w64-installer.exe",
            "TargetFilename": "C:\\Program Files\\GNU Octave\\Octave-9.2.0\\octave-firsttime.vbs",
            "CreationUtcTime": "2024-09-19 20:19:28.655",
            "User": "RACM\\raulr"
        }
    },
    {
        "event_id": 11,
        "description": "File creation time changed",
        "time_generated": "2024-09-19T20:19:28.6592206Z",
        "computer_name": "RACM",
        "details": {
            "RuleName": "-",
            "UtcTime": "2024-09-19 20:19:28.655",
            "ProcessGuid": "{cec53bf7-8743-66ec-42b0-000000000800}",
            "ProcessId": "10128",
            "Image": "C:\\Users\\raulr\\Downloads\\octave-9.2.0-w64-installer.exe",
            "TargetFilename": "C:\\Program Files\\GNU Octave\\Octave-9.2.0\\octave.vbs",
            "CreationUtcTime": "2024-09-19 20:19:28.655",
            "User": "RACM\\raulr"
        }
    },
    {
        "event_id": 11,
        "description": "File creation time changed",
        "time_generated": "2024-09-19T20:19:18.9647654Z",
        "computer_name": "RACM",
        "details": {
            "RuleName": "DLL",
            "UtcTime": "2024-09-19 20:19:18.959",
            "ProcessGuid": "{cec53bf7-8743-66ec-42b0-000000000800}",
            "ProcessId": "10128",
            "Image": "C:\\Users\\raulr\\Downloads\\octave-9.2.0-w64-installer.exe",
            "TargetFilename": "C:\\Users\\raulr\\AppData\\Local\\Temp\\nscD71F.tmp\\System.dll",
            "CreationUtcTime": "2024-09-19 20:19:18.959",
            "User": "RACM\\raulr"
        }
    },
    {
        "event_id": 11,
        "description": "File creation time changed",
        "time_generated": "2024-09-19T20:19:16.1355238Z",
        "computer_name": "RACM",
        "details": {
            "RuleName": "DLL",
            "UtcTime": "2024-09-19 20:19:16.134",
            "ProcessGuid": "{cec53bf7-8743-66ec-42b0-000000000800}",
            "ProcessId": "10128",
            "Image": "C:\\Users\\raulr\\Downloads\\octave-9.2.0-w64-installer.exe",
            "TargetFilename": "C:\\Users\\raulr\\AppData\\Local\\Temp\\nscD71F.tmp\\nsDialogs.dll",
            "CreationUtcTime": "2024-09-19 20:19:16.126",
            "User": "RACM\\raulr"
        }
    },
    {
        "event_id": 11,
        "description": "File creation time changed",
        "time_generated": "2024-09-19T20:19:15.5023421Z",
        "computer_name": "RACM",
        "details": {
            "RuleName": "DLL",
            "UtcTime": "2024-09-19 20:19:15.492",
            "ProcessGuid": "{cec53bf7-8743-66ec-42b0-000000000800}",
            "ProcessId": "10128",
            "Image": "C:\\Users\\raulr\\Downloads\\octave-9.2.0-w64-installer.exe",
            "TargetFilename": "C:\\Users\\raulr\\AppData\\Local\\Temp\\nscD71F.tmp\\UserInfo.dll",
            "CreationUtcTime": "2024-09-19 20:19:15.492",
            "User": "RACM\\raulr"
        }
    },
    {
        "event_id": 11,
        "description": "File creation time changed",
        "time_generated": "2024-09-19T20:18:51.0126573Z",
        "computer_name": "RACM",
        "details": {
            "RuleName": "Downloads",
            "UtcTime": "2024-09-19 20:18:51.000",
            "ProcessGuid": "{cec53bf7-d968-66e7-b90c-000000000800}",
            "ProcessId": "20140",
            "Image": "C:\\Program Files\\Mozilla Firefox\\firefox.exe",
            "TargetFilename": "C:\\Users\\raulr\\Downloads\\octave-9.2.0-w64-installer.exe:Zone.Identifier",
            "CreationUtcTime": "2024-09-19 20:18:05.065",
            "User": "RACM\\raulr"
        }
    },
    {
        "event_id": 11,
        "description": "File creation time changed",
        "time_generated": "2024-09-19T20:18:05.0758502Z",
        "computer_name": "RACM",
        "details": {
            "RuleName": "Downloads",
            "UtcTime": "2024-09-19 20:18:05.065",
            "ProcessGuid": "{cec53bf7-d968-66e7-b90c-000000000800}",
            "ProcessId": "20140",
            "Image": "C:\\Program Files\\Mozilla Firefox\\firefox.exe",
            "TargetFilename": "C:\\Users\\raulr\\Downloads\\octave-9.2.0-w64-installer.exe",
            "CreationUtcTime": "2024-09-19 20:18:05.065",
            "User": "RACM\\raulr"
        }
    },
    {
        "event_id": 11,
        "description": "File creation time changed",
        "time_generated": "2024-09-19T20:18:05.0752369Z",
        "computer_name": "RACM",
        "details": {
            "RuleName": "Downloads",
            "UtcTime": "2024-09-19 20:18:05.065",
            "ProcessGuid": "{cec53bf7-d968-66e7-b90c-000000000800}",
            "ProcessId": "20140",
            "Image": "C:\\Program Files\\Mozilla Firefox\\firefox.exe",
            "TargetFilename": "C:\\Users\\raulr\\Downloads\\UBclYMxE.exe.part",
            "CreationUtcTime": "2024-09-19 20:18:05.065",
            "User": "RACM\\raulr"
        }
    },
    {
        "event_id": 11,
        "description": "File creation time changed",
        "time_generated": "2024-09-19T20:18:05.0745308Z",
        "computer_name": "RACM",
        "details": {
            "RuleName": "Downloads",
            "UtcTime": "2024-09-19 20:18:05.065",
            "ProcessGuid": "{cec53bf7-d968-66e7-b90c-000000000800}",
            "ProcessId": "20140",
            "Image": "C:\\Program Files\\Mozilla Firefox\\firefox.exe",
            "TargetFilename": "C:\\Users\\raulr\\Downloads\\UBclYMxE.exe.part",
            "CreationUtcTime": "2024-09-19 20:18:05.065",
            "User": "RACM\\raulr"
        }
    },
    {
        "event_id": 11,
        "description": "File creation time changed",
        "time_generated": "2024-09-19T20:18:05.0736771Z",
        "computer_name": "RACM",
        "details": {
            "RuleName": "Downloads",
            "UtcTime": "2024-09-19 20:18:05.065",
            "ProcessGuid": "{cec53bf7-d968-66e7-b90c-000000000800}",
            "ProcessId": "20140",
            "Image": "C:\\Program Files\\Mozilla Firefox\\firefox.exe",
            "TargetFilename": "C:\\Users\\raulr\\Downloads\\UBclYMxE.exe",
            "CreationUtcTime": "2024-09-19 20:18:05.065",
            "User": "RACM\\raulr"
        }
    },
