    {
        "event_id": 11,
        "description": "File creation time changed",
        "time_generated": "2024-09-17T11:27:33.2372925Z",
        "computer_name": "RACM",
        "details": {
            "RuleName": "DLL",
            "UtcTime": "2024-09-17 11:27:33.234",
            "ProcessGuid": "{cec53bf7-66ba-66e9-2e53-000000000800}",
            "ProcessId": "6228",
            "Image": "C:\\Windows\\system32\\svchost.exe",
            "TargetFilename": "C:\\Program Files\\WindowsApps\\Microsoft.HEVCVideoExtension_2.1.2191.0_x64__8wekyb3d8bbwe\\x64\\mfH265Enc.dll",
            "CreationUtcTime": "2024-09-17 11:27:33.234",
            "User": "NT AUTHORITY\\SYSTEM"
        }
    },
    {
        "event_id": 11,
        "description": "File creation time changed",
        "time_generated": "2024-09-17T11:27:33.2371367Z",
        "computer_name": "RACM",
        "details": {
            "RuleName": "DLL",
            "UtcTime": "2024-09-17 11:27:33.234",
            "ProcessGuid": "{cec53bf7-66ba-66e9-2e53-000000000800}",
            "ProcessId": "6228",
            "Image": "C:\\Windows\\system32\\svchost.exe",
            "TargetFilename": "C:\\Program Files\\WindowsApps\\Microsoft.HEVCVideoExtension_2.1.2191.0_x64__8wekyb3d8bbwe\\x64\\HEVCDECODER_STORE.dll",
            "CreationUtcTime": "2024-09-17 11:27:33.234",
            "User": "NT AUTHORITY\\SYSTEM"
        }
    },
    {
        "event_id": 11,
        "description": "File creation time changed",
        "time_generated": "2024-09-17T11:03:01.2196676Z",
        "computer_name": "RACM",
        "details": {
            "RuleName": "-",
            "UtcTime": "2024-09-17 11:03:01.218",
            "ProcessGuid": "{cec53bf7-61e2-66e9-b94e-000000000800}",
            "ProcessId": "14648",
            "Image": "C:\\Users\\raulr\\AppData\\Local\\Programs\\Python\\Python312\\python.exe",
            "TargetFilename": "C:\\Users\\raulr\\AppData\\Local\\Programs\\Python\\Python312\\Lib\\site-packages\\win32comext\\axscript\\test\\debugTest.vbs",
            "CreationUtcTime": "2024-09-17 11:03:01.218",
            "User": "RACM\\raulr"
        }
    },
    {
        "event_id": 11,
        "description": "File creation time changed",
        "time_generated": "2024-09-17T11:03:01.1443052Z",
        "computer_name": "RACM",
        "details": {
            "RuleName": "-",
            "UtcTime": "2024-09-17 11:03:01.144",
            "ProcessGuid": "{cec53bf7-61e2-66e9-b94e-000000000800}",
            "ProcessId": "14648",
            "Image": "C:\\Users\\raulr\\AppData\\Local\\Programs\\Python\\Python312\\python.exe",
            "TargetFilename": "C:\\Users\\raulr\\AppData\\Local\\Programs\\Python\\Python312\\Lib\\site-packages\\win32com\\test\\testInterp.vbs",
            "CreationUtcTime": "2024-09-17 11:03:01.140",
            "User": "RACM\\raulr"
        }
    },
    {
        "event_id": 11,
        "description": "File creation time changed",
        "time_generated": "2024-09-17T11:03:01.1388881Z",
        "computer_name": "RACM",
        "details": {
            "RuleName": "-",
            "UtcTime": "2024-09-17 11:03:01.135",
            "ProcessGuid": "{cec53bf7-61e2-66e9-b94e-000000000800}",
            "ProcessId": "14648",
            "Image": "C:\\Users\\raulr\\AppData\\Local\\Programs\\Python\\Python312\\python.exe",
            "TargetFilename": "C:\\Users\\raulr\\AppData\\Local\\Programs\\Python\\Python312\\Lib\\site-packages\\win32com\\test\\testDictionary.vbs",
            "CreationUtcTime": "2024-09-17 11:03:01.135",
            "User": "RACM\\raulr"
        }
    },
    {
        "event_id": 11,
        "description": "File creation time changed",
        "time_generated": "2024-09-17T11:03:01.1237293Z",
        "computer_name": "RACM",
        "details": {
            "RuleName": "-",
            "UtcTime": "2024-09-17 11:03:01.123",
            "ProcessGuid": "{cec53bf7-61e2-66e9-b94e-000000000800}",
            "ProcessId": "14648",
            "Image": "C:\\Users\\raulr\\AppData\\Local\\Programs\\Python\\Python312\\python.exe",
            "TargetFilename": "C:\\Users\\raulr\\AppData\\Local\\Programs\\Python\\Python312\\Lib\\site-packages\\win32com\\test\\Testpys.sct",
            "CreationUtcTime": "2024-09-17 11:03:01.121",
            "User": "RACM\\raulr"
        }
    },
    {
        "event_id": 11,
        "description": "File creation time changed",
        "time_generated": "2024-09-17T11:03:00.8949709Z",
        "computer_name": "RACM",
        "details": {
            "RuleName": "EXE",
            "UtcTime": "2024-09-17 11:03:00.894",
            "ProcessGuid": "{cec53bf7-61e2-66e9-b94e-000000000800}",
            "ProcessId": "14648",
            "Image": "C:\\Users\\raulr\\AppData\\Local\\Programs\\Python\\Python312\\python.exe",
            "TargetFilename": "C:\\Users\\raulr\\AppData\\Local\\Programs\\Python\\Python312\\Lib\\site-packages\\win32\\pythonservice.exe",
            "CreationUtcTime": "2024-09-17 11:03:00.894",
            "User": "RACM\\raulr"
        }
    },
    {
        "event_id": 11,
        "description": "File creation time changed",
        "time_generated": "2024-09-17T11:03:00.8940037Z",
        "computer_name": "RACM",
        "details": {
            "RuleName": "DLL",
            "UtcTime": "2024-09-17 11:03:00.891",
            "ProcessGuid": "{cec53bf7-61e2-66e9-b94e-000000000800}",
            "ProcessId": "14648",
            "Image": "C:\\Users\\raulr\\AppData\\Local\\Programs\\Python\\Python312\\python.exe",
            "TargetFilename": "C:\\Users\\raulr\\AppData\\Local\\Programs\\Python\\Python312\\Lib\\site-packages\\win32\\perfmondata.dll",
            "CreationUtcTime": "2024-09-17 11:03:00.891",
            "User": "RACM\\raulr"
        }
    },
    {
        "event_id": 11,
        "description": "File creation time changed",
        "time_generated": "2024-09-17T11:03:00.8864827Z",
        "computer_name": "RACM",
        "details": {
            "RuleName": "DLL",
            "UtcTime": "2024-09-17 11:03:00.882",
            "ProcessGuid": "{cec53bf7-61e2-66e9-b94e-000000000800}",
            "ProcessId": "14648",
            "Image": "C:\\Users\\raulr\\AppData\\Local\\Programs\\Python\\Python312\\python.exe",
            "TargetFilename": "C:\\Users\\raulr\\AppData\\Local\\Programs\\Python\\Python312\\Lib\\site-packages\\pywin32_system32\\pywintypes312.dll",
            "CreationUtcTime": "2024-09-17 11:03:00.882",
            "User": "RACM\\raulr"
        }
    },
    {
        "event_id": 11,
        "description": "File creation time changed",
        "time_generated": "2024-09-17T11:03:00.8818747Z",
        "computer_name": "RACM",
        "details": {
            "RuleName": "DLL",
            "UtcTime": "2024-09-17 11:03:00.879",
            "ProcessGuid": "{cec53bf7-61e2-66e9-b94e-000000000800}",
            "ProcessId": "14648",
            "Image": "C:\\Users\\raulr\\AppData\\Local\\Programs\\Python\\Python312\\python.exe",
            "TargetFilename": "C:\\Users\\raulr\\AppData\\Local\\Programs\\Python\\Python312\\Lib\\site-packages\\pywin32_system32\\pythoncom312.dll",
            "CreationUtcTime": "2024-09-17 11:03:00.879",
            "User": "RACM\\raulr"
        }
    },
    {
        "event_id": 11,
        "description": "File creation time changed",
        "time_generated": "2024-09-17T11:03:00.7801906Z",
        "computer_name": "RACM",
        "details": {
            "RuleName": "DLL",
            "UtcTime": "2024-09-17 11:03:00.779",
            "ProcessGuid": "{cec53bf7-61e2-66e9-b94e-000000000800}",
            "ProcessId": "14648",
            "Image": "C:\\Users\\raulr\\AppData\\Local\\Programs\\Python\\Python312\\python.exe",
            "TargetFilename": "C:\\Users\\raulr\\AppData\\Local\\Programs\\Python\\Python312\\Lib\\site-packages\\pythonwin\\scintilla.dll",
            "CreationUtcTime": "2024-09-17 11:03:00.772",
            "User": "RACM\\raulr"
        }
    },
    {
        "event_id": 11,
        "description": "File creation time changed",
        "time_generated": "2024-09-17T11:03:00.7354942Z",
        "computer_name": "RACM",
        "details": {
            "RuleName": "DLL",
            "UtcTime": "2024-09-17 11:03:00.734",
            "ProcessGuid": "{cec53bf7-61e2-66e9-b94e-000000000800}",
            "ProcessId": "14648",
            "Image": "C:\\Users\\raulr\\AppData\\Local\\Programs\\Python\\Python312\\python.exe",
            "TargetFilename": "C:\\Users\\raulr\\AppData\\Local\\Programs\\Python\\Python312\\Lib\\site-packages\\pythonwin\\mfc140u.dll",
            "CreationUtcTime": "2024-09-17 11:03:00.734",
            "User": "RACM\\raulr"
        }
    },
    {
        "event_id": 11,
        "description": "File creation time changed",
        "time_generated": "2024-09-17T11:03:00.7324787Z",
        "computer_name": "RACM",
        "details": {
            "RuleName": "EXE",
            "UtcTime": "2024-09-17 11:03:00.731",
            "ProcessGuid": "{cec53bf7-61e2-66e9-b94e-000000000800}",
            "ProcessId": "14648",
            "Image": "C:\\Users\\raulr\\AppData\\Local\\Programs\\Python\\Python312\\python.exe",
            "TargetFilename": "C:\\Users\\raulr\\AppData\\Local\\Programs\\Python\\Python312\\Lib\\site-packages\\pythonwin\\Pythonwin.exe",
            "CreationUtcTime": "2024-09-17 11:03:00.731",
            "User": "RACM\\raulr"
        }
    },
    {
        "event_id": 11,
        "description": "File creation time changed",
        "time_generated": "2024-09-17T11:03:00.7186816Z",
        "computer_name": "RACM",
        "details": {
            "RuleName": "DLL",
            "UtcTime": "2024-09-17 11:03:00.718",
            "ProcessGuid": "{cec53bf7-61e2-66e9-b94e-000000000800}",
            "ProcessId": "14648",
            "Image": "C:\\Users\\raulr\\AppData\\Local\\Programs\\Python\\Python312\\python.exe",
            "TargetFilename": "C:\\Users\\raulr\\AppData\\Local\\Programs\\Python\\Python312\\Lib\\site-packages\\isapi\\PyISAPI_loader.dll",
            "CreationUtcTime": "2024-09-17 11:03:00.716",
            "User": "RACM\\raulr"
        }
    },
    {
        "event_id": 11,
        "description": "File creation time changed",
        "time_generated": "2024-09-17T11:03:00.6806374Z",
        "computer_name": "RACM",
        "details": {
            "RuleName": "-",
            "UtcTime": "2024-09-17 11:03:00.679",
            "ProcessGuid": "{cec53bf7-61e2-66e9-b94e-000000000800}",
            "ProcessId": "14648",
            "Image": "C:\\Users\\raulr\\AppData\\Local\\Programs\\Python\\Python312\\python.exe",
            "TargetFilename": "C:\\Users\\raulr\\AppData\\Local\\Programs\\Python\\Python312\\Lib\\site-packages\\PyWin32.chm",
            "CreationUtcTime": "2024-09-17 08:47:02.568",
            "User": "RACM\\raulr"
        }
    },
    {
        "event_id": 11,
        "description": "File creation time changed",
        "time_generated": "2024-09-17T10:57:02.6835810Z",
        "computer_name": "RACM",
        "details": {
            "RuleName": "-",
            "UtcTime": "2024-09-17 10:57:02.680",
            "ProcessGuid": "{cec53bf7-607e-66e9-334d-000000000800}",
            "ProcessId": "17112",
            "Image": "C:\\Windows\\System32\\WindowsPowerShell\\v1.0\\powershell.exe",
            "TargetFilename": "C:\\Users\\raulr\\AppData\\Local\\Temp\\__PSScriptPolicyTest_hxhqjkm4.xji.ps1",
            "CreationUtcTime": "2024-09-17 10:57:02.680",
            "User": "RACM\\raulr"
        }
    },
    {
        "event_id": 11,
        "description": "File creation time changed",
        "time_generated": "2024-09-17T08:47:02.8995450Z",
        "computer_name": "RACM",
        "details": {
            "RuleName": "-",
            "UtcTime": "2024-09-17 08:47:02.898",
            "ProcessGuid": "{cec53bf7-4203-66e9-953d-000000000800}",
            "ProcessId": "7696",
            "Image": "C:\\Users\\raulr\\AppData\\Local\\Programs\\Python\\Python312\\python.exe",
            "TargetFilename": "C:\\Users\\raulr\\AppData\\Local\\Programs\\Python\\Python312\\Lib\\site-packages\\win32comext\\axscript\\test\\debugTest.vbs",
            "CreationUtcTime": "2024-09-17 08:47:02.898",
            "User": "RACM\\raulr"
        }
    },
    {
        "event_id": 11,
        "description": "File creation time changed",
        "time_generated": "2024-09-17T08:47:02.8520393Z",
        "computer_name": "RACM",
        "details": {
            "RuleName": "-",
            "UtcTime": "2024-09-17 08:47:02.851",
            "ProcessGuid": "{cec53bf7-4203-66e9-953d-000000000800}",
            "ProcessId": "7696",
            "Image": "C:\\Users\\raulr\\AppData\\Local\\Programs\\Python\\Python312\\python.exe",
            "TargetFilename": "C:\\Users\\raulr\\AppData\\Local\\Programs\\Python\\Python312\\Lib\\site-packages\\win32com\\test\\testInterp.vbs",
            "CreationUtcTime": "2024-09-17 08:47:02.851",
            "User": "RACM\\raulr"
        }
    },
    {
        "event_id": 11,
        "description": "File creation time changed",
        "time_generated": "2024-09-17T08:47:02.8493482Z",
        "computer_name": "RACM",
        "details": {
            "RuleName": "-",
            "UtcTime": "2024-09-17 08:47:02.849",
            "ProcessGuid": "{cec53bf7-4203-66e9-953d-000000000800}",
            "ProcessId": "7696",
            "Image": "C:\\Users\\raulr\\AppData\\Local\\Programs\\Python\\Python312\\python.exe",
            "TargetFilename": "C:\\Users\\raulr\\AppData\\Local\\Programs\\Python\\Python312\\Lib\\site-packages\\win32com\\test\\testDictionary.vbs",
            "CreationUtcTime": "2024-09-17 08:47:02.848",
            "User": "RACM\\raulr"
        }
    },
    {
        "event_id": 11,
        "description": "File creation time changed",
        "time_generated": "2024-09-17T08:47:02.8398375Z",
        "computer_name": "RACM",
        "details": {
            "RuleName": "-",
            "UtcTime": "2024-09-17 08:47:02.839",
            "ProcessGuid": "{cec53bf7-4203-66e9-953d-000000000800}",
            "ProcessId": "7696",
            "Image": "C:\\Users\\raulr\\AppData\\Local\\Programs\\Python\\Python312\\python.exe",
            "TargetFilename": "C:\\Users\\raulr\\AppData\\Local\\Programs\\Python\\Python312\\Lib\\site-packages\\win32com\\test\\Testpys.sct",
            "CreationUtcTime": "2024-09-17 08:47:02.839",
            "User": "RACM\\raulr"
        }
    },
    {
        "event_id": 11,
        "description": "File creation time changed",
        "time_generated": "2024-09-17T08:47:02.7046393Z",
        "computer_name": "RACM",
        "details": {
            "RuleName": "EXE",
            "UtcTime": "2024-09-17 08:47:02.704",
            "ProcessGuid": "{cec53bf7-4203-66e9-953d-000000000800}",
            "ProcessId": "7696",
            "Image": "C:\\Users\\raulr\\AppData\\Local\\Programs\\Python\\Python312\\python.exe",
            "TargetFilename": "C:\\Users\\raulr\\AppData\\Local\\Programs\\Python\\Python312\\Lib\\site-packages\\win32\\pythonservice.exe",
            "CreationUtcTime": "2024-09-17 08:47:02.703",
            "User": "RACM\\raulr"
        }
    },
    {
        "event_id": 11,
        "description": "File creation time changed",
        "time_generated": "2024-09-17T08:47:02.7041399Z",
        "computer_name": "RACM",
        "details": {
            "RuleName": "DLL",
            "UtcTime": "2024-09-17 08:47:02.703",
            "ProcessGuid": "{cec53bf7-4203-66e9-953d-000000000800}",
            "ProcessId": "7696",
            "Image": "C:\\Users\\raulr\\AppData\\Local\\Programs\\Python\\Python312\\python.exe",
            "TargetFilename": "C:\\Users\\raulr\\AppData\\Local\\Programs\\Python\\Python312\\Lib\\site-packages\\win32\\perfmondata.dll",
            "CreationUtcTime": "2024-09-17 08:47:02.703",
            "User": "RACM\\raulr"
        }
    },
    {
        "event_id": 11,
        "description": "File creation time changed",
        "time_generated": "2024-09-17T08:47:02.6997234Z",
        "computer_name": "RACM",
        "details": {
            "RuleName": "DLL",
            "UtcTime": "2024-09-17 08:47:02.698",
            "ProcessGuid": "{cec53bf7-4203-66e9-953d-000000000800}",
            "ProcessId": "7696",
            "Image": "C:\\Users\\raulr\\AppData\\Local\\Programs\\Python\\Python312\\python.exe",
            "TargetFilename": "C:\\Users\\raulr\\AppData\\Local\\Programs\\Python\\Python312\\Lib\\site-packages\\pywin32_system32\\pywintypes312.dll",
            "CreationUtcTime": "2024-09-17 08:47:02.698",
            "User": "RACM\\raulr"
        }
    },
    {
        "event_id": 11,
        "description": "File creation time changed",
        "time_generated": "2024-09-17T08:47:02.6967825Z",
        "computer_name": "RACM",
        "details": {
            "RuleName": "DLL",
            "UtcTime": "2024-09-17 08:47:02.695",
            "ProcessGuid": "{cec53bf7-4203-66e9-953d-000000000800}",
            "ProcessId": "7696",
            "Image": "C:\\Users\\raulr\\AppData\\Local\\Programs\\Python\\Python312\\python.exe",
            "TargetFilename": "C:\\Users\\raulr\\AppData\\Local\\Programs\\Python\\Python312\\Lib\\site-packages\\pywin32_system32\\pythoncom312.dll",
            "CreationUtcTime": "2024-09-17 08:47:02.695",
            "User": "RACM\\raulr"
        }
    },
    {
        "event_id": 11,
        "description": "File creation time changed",
        "time_generated": "2024-09-17T08:47:02.6312707Z",
        "computer_name": "RACM",
        "details": {
            "RuleName": "DLL",
            "UtcTime": "2024-09-17 08:47:02.630",
            "ProcessGuid": "{cec53bf7-4203-66e9-953d-000000000800}",
            "ProcessId": "7696",
            "Image": "C:\\Users\\raulr\\AppData\\Local\\Programs\\Python\\Python312\\python.exe",
            "TargetFilename": "C:\\Users\\raulr\\AppData\\Local\\Programs\\Python\\Python312\\Lib\\site-packages\\pythonwin\\scintilla.dll",
            "CreationUtcTime": "2024-09-17 08:47:02.630",
            "User": "RACM\\raulr"
        }
    },
    {
        "event_id": 11,
        "description": "File creation time changed",
        "time_generated": "2024-09-17T08:47:02.6043986Z",
        "computer_name": "RACM",
        "details": {
            "RuleName": "DLL",
            "UtcTime": "2024-09-17 08:47:02.603",
            "ProcessGuid": "{cec53bf7-4203-66e9-953d-000000000800}",
            "ProcessId": "7696",
            "Image": "C:\\Users\\raulr\\AppData\\Local\\Programs\\Python\\Python312\\python.exe",
            "TargetFilename": "C:\\Users\\raulr\\AppData\\Local\\Programs\\Python\\Python312\\Lib\\site-packages\\pythonwin\\mfc140u.dll",
            "CreationUtcTime": "2024-09-17 08:47:02.603",
            "User": "RACM\\raulr"
        }
    },
    {
        "event_id": 11,
        "description": "File creation time changed",
        "time_generated": "2024-09-17T08:47:02.6016058Z",
        "computer_name": "RACM",
        "details": {
            "RuleName": "EXE",
            "UtcTime": "2024-09-17 08:47:02.601",
            "ProcessGuid": "{cec53bf7-4203-66e9-953d-000000000800}",
            "ProcessId": "7696",
            "Image": "C:\\Users\\raulr\\AppData\\Local\\Programs\\Python\\Python312\\python.exe",
            "TargetFilename": "C:\\Users\\raulr\\AppData\\Local\\Programs\\Python\\Python312\\Lib\\site-packages\\pythonwin\\Pythonwin.exe",
            "CreationUtcTime": "2024-09-17 08:47:02.601",
            "User": "RACM\\raulr"
        }
    },
    {
        "event_id": 11,
        "description": "File creation time changed",
        "time_generated": "2024-09-17T08:47:02.5915058Z",
        "computer_name": "RACM",
        "details": {
            "RuleName": "DLL",
            "UtcTime": "2024-09-17 08:47:02.591",
            "ProcessGuid": "{cec53bf7-4203-66e9-953d-000000000800}",
            "ProcessId": "7696",
            "Image": "C:\\Users\\raulr\\AppData\\Local\\Programs\\Python\\Python312\\python.exe",
            "TargetFilename": "C:\\Users\\raulr\\AppData\\Local\\Programs\\Python\\Python312\\Lib\\site-packages\\isapi\\PyISAPI_loader.dll",
            "CreationUtcTime": "2024-09-17 08:47:02.590",
            "User": "RACM\\raulr"
        }
    },
    {
        "event_id": 11,
        "description": "File creation time changed",
        "time_generated": "2024-09-17T08:47:02.5694132Z",
        "computer_name": "RACM",
        "details": {
            "RuleName": "-",
            "UtcTime": "2024-09-17 08:47:02.568",
            "ProcessGuid": "{cec53bf7-4203-66e9-953d-000000000800}",
            "ProcessId": "7696",
            "Image": "C:\\Users\\raulr\\AppData\\Local\\Programs\\Python\\Python312\\python.exe",
            "TargetFilename": "C:\\Users\\raulr\\AppData\\Local\\Programs\\Python\\Python312\\Lib\\site-packages\\PyWin32.chm",
            "CreationUtcTime": "2024-09-17 08:47:02.568",
            "User": "RACM\\raulr"
        }
    }
]