    {
        "event_id": 11,
        "description": "File creation time changed",
        "time_generated": "2024-09-19T20:20:14.1048165Z",
        "computer_name": "RACM",
        "details": {
            "RuleName": "DLL",
            "UtcTime": "2024-09-19 20:20:14.103",
            "ProcessGuid": "{cec53bf7-8743-66ec-42b0-000000000800}",
            "ProcessId": "10128",
            "Image": "C:\\Users\\raulr\\Downloads\\octave-9.2.0-w64-installer.exe",
            "TargetFilename": "C:\\Program Files\\GNU Octave\\Octave-9.2.0\\mingw64\\bin\\opengl32sw.dll",
            "CreationUtcTime": "2024-09-19 20:20:14.103",
            "User": "RACM\\raulr"
        }
    },
    {
        "event_id": 11,
        "description": "File creation time changed",
        "time_generated": "2024-09-19T20:20:14.0984490Z",
        "computer_name": "RACM",
        "details": {
            "RuleName": "DLL",
            "UtcTime": "2024-09-19 20:20:14.098",
            "ProcessGuid": "{cec53bf7-8743-66ec-42b0-000000000800}",
            "ProcessId": "10128",
            "Image": "C:\\Users\\raulr\\Downloads\\octave-9.2.0-w64-installer.exe",
            "TargetFilename": "C:\\Program Files\\GNU Octave\\Octave-9.2.0\\mingw64\\bin\\libgta.dll",
            "CreationUtcTime": "2024-09-19 20:20:14.098",
            "User": "RACM\\raulr"
        }
    },
    {
        "event_id": 11,
        "description": "File creation time changed",
        "time_generated": "2024-09-19T20:20:14.0615250Z",
        "computer_name": "RACM",
        "details": {
            "RuleName": "DLL",
            "UtcTime": "2024-09-19 20:20:14.061",
            "ProcessGuid": "{cec53bf7-8743-66ec-42b0-000000000800}",
            "ProcessId": "10128",
            "Image": "C:\\Users\\raulr\\Downloads\\octave-9.2.0-w64-installer.exe",
            "TargetFilename": "C:\\Program Files\\GNU Octave\\Octave-9.2.0\\mingw64\\bin\\wxmsw32u_xrc_gcc_custom.dll",
            "CreationUtcTime": "2024-09-19 20:20:14.061",
            "User": "RACM\\raulr"
        }
    },
    {
        "event_id": 11,
        "description": "File creation time changed",
        "time_generated": "2024-09-19T20:20:13.9957842Z",
        "computer_name": "RACM",
        "details": {
            "RuleName": "DLL",
            "UtcTime": "2024-09-19 20:20:13.994",
            "ProcessGuid": "{cec53bf7-8743-66ec-42b0-000000000800}",
            "ProcessId": "10128",
            "Image": "C:\\Users\\raulr\\Downloads\\octave-9.2.0-w64-installer.exe",
            "TargetFilename": "C:\\Program Files\\GNU Octave\\Octave-9.2.0\\mingw64\\bin\\avformat-58.dll",
            "CreationUtcTime": "2024-09-19 20:20:13.994",
            "User": "RACM\\raulr"
        }
    },
    {
        "event_id": 11,
        "description": "File creation time changed",
        "time_generated": "2024-09-19T20:20:13.9898881Z",
        "computer_name": "RACM",
        "details": {
            "RuleName": "DLL",
            "UtcTime": "2024-09-19 20:20:13.989",
            "ProcessGuid": "{cec53bf7-8743-66ec-42b0-000000000800}",
            "ProcessId": "10128",
            "Image": "C:\\Users\\raulr\\Downloads\\octave-9.2.0-w64-installer.exe",
            "TargetFilename": "C:\\Program Files\\GNU Octave\\Octave-9.2.0\\mingw64\\bin\\libsundials_sunmatrixsparse.dll",
            "CreationUtcTime": "2024-09-19 20:20:13.989",
            "User": "RACM\\raulr"
        }
    },
    {
        "event_id": 11,
        "description": "File creation time changed",
        "time_generated": "2024-09-19T20:20:13.9803943Z",
        "computer_name": "RACM",
        "details": {
            "RuleName": "EXE",
            "UtcTime": "2024-09-19 20:20:13.980",
            "ProcessGuid": "{cec53bf7-8743-66ec-42b0-000000000800}",
            "ProcessId": "10128",
            "Image": "C:\\Users\\raulr\\Downloads\\octave-9.2.0-w64-installer.exe",
            "TargetFilename": "C:\\Program Files\\GNU Octave\\Octave-9.2.0\\mingw64\\bin\\octave-svgconvert.exe",
            "CreationUtcTime": "2024-09-19 20:20:13.980",
            "User": "RACM\\raulr"
        }
    },
    {
        "event_id": 11,
        "description": "File creation time changed",
        "time_generated": "2024-09-19T20:20:13.9737783Z",
        "computer_name": "RACM",
        "details": {
            "RuleName": "DLL",
            "UtcTime": "2024-09-19 20:20:13.972",
            "ProcessGuid": "{cec53bf7-8743-66ec-42b0-000000000800}",
            "ProcessId": "10128",
            "Image": "C:\\Users\\raulr\\Downloads\\octave-9.2.0-w64-installer.exe",
            "TargetFilename": "C:\\Program Files\\GNU Octave\\Octave-9.2.0\\mingw64\\bin\\libLTO.dll",
            "CreationUtcTime": "2024-09-19 20:20:13.972",
            "User": "RACM\\raulr"
        }
    },
    {
        "event_id": 11,
        "description": "File creation time changed",
        "time_generated": "2024-09-19T20:20:13.9682248Z",
        "computer_name": "RACM",
        "details": {
            "RuleName": "EXE",
            "UtcTime": "2024-09-19 20:20:13.968",
            "ProcessGuid": "{cec53bf7-8743-66ec-42b0-000000000800}",
            "ProcessId": "10128",
            "Image": "C:\\Users\\raulr\\Downloads\\octave-9.2.0-w64-installer.exe",
            "TargetFilename": "C:\\Program Files\\GNU Octave\\Octave-9.2.0\\mingw64\\bin\\h5stat-shared.exe",
            "CreationUtcTime": "2024-09-19 20:20:13.964",
            "User": "RACM\\raulr"
        }
    },
    {
        "event_id": 11,
        "description": "File creation time changed",
        "time_generated": "2024-09-19T20:20:13.9443886Z",
        "computer_name": "RACM",
        "details": {
            "RuleName": "DLL",
            "UtcTime": "2024-09-19 20:20:13.943",
            "ProcessGuid": "{cec53bf7-8743-66ec-42b0-000000000800}",
            "ProcessId": "10128",
            "Image": "C:\\Users\\raulr\\Downloads\\octave-9.2.0-w64-installer.exe",
            "TargetFilename": "C:\\Program Files\\GNU Octave\\Octave-9.2.0\\mingw64\\bin\\Qt6OpenGL.dll",
            "CreationUtcTime": "2024-09-19 20:20:13.943",
            "User": "RACM\\raulr"
        }
    },
    {
        "event_id": 11,
        "description": "File creation time changed",
        "time_generated": "2024-09-19T20:20:13.9373539Z",
        "computer_name": "RACM",
        "details": {
            "RuleName": "DLL",
            "UtcTime": "2024-09-19 20:20:13.936",
            "ProcessGuid": "{cec53bf7-8743-66ec-42b0-000000000800}",
            "ProcessId": "10128",
            "Image": "C:\\Users\\raulr\\Downloads\\octave-9.2.0-w64-installer.exe",
            "TargetFilename": "C:\\Program Files\\GNU Octave\\Octave-9.2.0\\mingw64\\bin\\libsundials_nvecserial.dll",
            "CreationUtcTime": "2024-09-19 20:20:13.936",
            "User": "RACM\\raulr"
        }
    },
    {
        "event_id": 11,
        "description": "File creation time changed",
        "time_generated": "2024-09-19T20:20:13.9246624Z",
        "computer_name": "RACM",
        "details": {
            "RuleName": "DLL",
            "UtcTime": "2024-09-19 20:20:13.922",
            "ProcessGuid": "{cec53bf7-8743-66ec-42b0-000000000800}",
            "ProcessId": "10128",
            "Image": "C:\\Users\\raulr\\Downloads\\octave-9.2.0-w64-installer.exe",
            "TargetFilename": "C:\\Program Files\\GNU Octave\\Octave-9.2.0\\mingw64\\bin\\libssh2-1.dll",
            "CreationUtcTime": "2024-09-19 20:20:13.922",
            "User": "RACM\\raulr"
        }
    },
    {
        "event_id": 11,
        "description": "File creation time changed",
        "time_generated": "2024-09-19T20:20:13.9190242Z",
        "computer_name": "RACM",
        "details": {
            "RuleName": "DLL",
            "UtcTime": "2024-09-19 20:20:13.918",
            "ProcessGuid": "{cec53bf7-8743-66ec-42b0-000000000800}",
            "ProcessId": "10128",
            "Image": "C:\\Users\\raulr\\Downloads\\octave-9.2.0-w64-installer.exe",
            "TargetFilename": "C:\\Program Files\\GNU Octave\\Octave-9.2.0\\mingw64\\bin\\libsundials_sunmatrixdense.dll",
            "CreationUtcTime": "2024-09-19 20:20:13.915",
            "User": "RACM\\raulr"
        }
    },
    {
        "event_id": 11,
        "description": "File creation time changed",
        "time_generated": "2024-09-19T20:20:13.9006511Z",
        "computer_name": "RACM",
        "details": {
            "RuleName": "DLL",
            "UtcTime": "2024-09-19 20:20:13.900",
            "ProcessGuid": "{cec53bf7-8743-66ec-42b0-000000000800}",
            "ProcessId": "10128",
            "Image": "C:\\Users\\raulr\\Downloads\\octave-9.2.0-w64-installer.exe",
            "TargetFilename": "C:\\Program Files\\GNU Octave\\Octave-9.2.0\\mingw64\\bin\\Qt6PrintSupport.dll",
            "CreationUtcTime": "2024-09-19 20:20:13.890",
            "User": "RACM\\raulr"
        }
    },
    {
        "event_id": 11,
        "description": "File creation time changed",
        "time_generated": "2024-09-19T20:20:13.6668802Z",
        "computer_name": "RACM",
        "details": {
            "RuleName": "EXE",
            "UtcTime": "2024-09-19 20:20:13.666",
            "ProcessGuid": "{cec53bf7-8743-66ec-42b0-000000000800}",
            "ProcessId": "10128",
            "Image": "C:\\Users\\raulr\\Downloads\\octave-9.2.0-w64-installer.exe",
            "TargetFilename": "C:\\Program Files\\GNU Octave\\Octave-9.2.0\\mingw64\\bin\\cmake.exe",
            "CreationUtcTime": "2024-09-19 20:20:13.666",
            "User": "RACM\\raulr"
        }
    },
    {
        "event_id": 11,
        "description": "File creation time changed",
        "time_generated": "2024-09-19T20:20:13.6068877Z",
        "computer_name": "RACM",
        "details": {
            "RuleName": "DLL",
            "UtcTime": "2024-09-19 20:20:13.606",
            "ProcessGuid": "{cec53bf7-8743-66ec-42b0-000000000800}",
            "ProcessId": "10128",
            "Image": "C:\\Users\\raulr\\Downloads\\octave-9.2.0-w64-installer.exe",
            "TargetFilename": "C:\\Program Files\\GNU Octave\\Octave-9.2.0\\mingw64\\bin\\wxmsw32u_stc_gcc_custom.dll",
            "CreationUtcTime": "2024-09-19 20:20:13.605",
            "User": "RACM\\raulr"
        }
    },
    {
        "event_id": 11,
        "description": "File creation time changed",
        "time_generated": "2024-09-19T20:20:13.6028449Z",
        "computer_name": "RACM",
        "details": {
            "RuleName": "EXE",
            "UtcTime": "2024-09-19 20:20:13.602",
            "ProcessGuid": "{cec53bf7-8743-66ec-42b0-000000000800}",
            "ProcessId": "10128",
            "Image": "C:\\Users\\raulr\\Downloads\\octave-9.2.0-w64-installer.exe",
            "TargetFilename": "C:\\Program Files\\GNU Octave\\Octave-9.2.0\\mingw64\\bin\\icupkg.exe",
            "CreationUtcTime": "2024-09-19 20:20:13.602",
            "User": "RACM\\raulr"
        }
    },
    {
        "event_id": 11,
        "description": "File creation time changed",
        "time_generated": "2024-09-19T20:20:13.5977135Z",
        "computer_name": "RACM",
        "details": {
            "RuleName": "DLL",
            "UtcTime": "2024-09-19 20:20:13.596",
            "ProcessGuid": "{cec53bf7-8743-66ec-42b0-000000000800}",
            "ProcessId": "10128",
            "Image": "C:\\Users\\raulr\\Downloads\\octave-9.2.0-w64-installer.exe",
            "TargetFilename": "C:\\Program Files\\GNU Octave\\Octave-9.2.0\\mingw64\\bin\\libspex.dll",
            "CreationUtcTime": "2024-09-19 20:20:13.596",
            "User": "RACM\\raulr"
        }
    },
    {
        "event_id": 11,
        "description": "File creation time changed",
        "time_generated": "2024-09-19T20:20:13.5741423Z",
        "computer_name": "RACM",
        "details": {
            "RuleName": "DLL",
            "UtcTime": "2024-09-19 20:20:13.573",
            "ProcessGuid": "{cec53bf7-8743-66ec-42b0-000000000800}",
            "ProcessId": "10128",
            "Image": "C:\\Users\\raulr\\Downloads\\octave-9.2.0-w64-installer.exe",
            "TargetFilename": "C:\\Program Files\\GNU Octave\\Octave-9.2.0\\mingw64\\bin\\wxmsw32u_aui_gcc_custom.dll",
            "CreationUtcTime": "2024-09-19 20:20:13.573",
            "User": "RACM\\raulr"
        }
    },
    {
        "event_id": 11,
        "description": "File creation time changed",
        "time_generated": "2024-09-19T20:20:13.5272464Z",
        "computer_name": "RACM",
        "details": {
            "RuleName": "DLL",
            "UtcTime": "2024-09-19 20:20:13.526",
            "ProcessGuid": "{cec53bf7-8743-66ec-42b0-000000000800}",
            "ProcessId": "10128",
            "Image": "C:\\Users\\raulr\\Downloads\\octave-9.2.0-w64-installer.exe",
            "TargetFilename": "C:\\Program Files\\GNU Octave\\Octave-9.2.0\\mingw64\\bin\\libsqlite3-0.dll",
            "CreationUtcTime": "2024-09-19 20:20:13.526",
            "User": "RACM\\raulr"
        }
    },
    {
        "event_id": 11,
        "description": "File creation time changed",
        "time_generated": "2024-09-19T20:20:13.5100830Z",
        "computer_name": "RACM",
        "details": {
            "RuleName": "DLL",
            "UtcTime": "2024-09-19 20:20:13.508",
            "ProcessGuid": "{cec53bf7-8743-66ec-42b0-000000000800}",
            "ProcessId": "10128",
            "Image": "C:\\Users\\raulr\\Downloads\\octave-9.2.0-w64-installer.exe",
            "TargetFilename": "C:\\Program Files\\GNU Octave\\Octave-9.2.0\\mingw64\\bin\\libgpg-error6-0.dll",
            "CreationUtcTime": "2024-09-19 20:20:13.508",
            "User": "RACM\\raulr"
        }
    },
    {
        "event_id": 11,
        "description": "File creation time changed",
        "time_generated": "2024-09-19T20:20:13.4997516Z",
        "computer_name": "RACM",
        "details": {
            "RuleName": "DLL",
            "UtcTime": "2024-09-19 20:20:13.499",
            "ProcessGuid": "{cec53bf7-8743-66ec-42b0-000000000800}",
            "ProcessId": "10128",
            "Image": "C:\\Users\\raulr\\Downloads\\octave-9.2.0-w64-installer.exe",
            "TargetFilename": "C:\\Program Files\\GNU Octave\\Octave-9.2.0\\mingw64\\bin\\libintl-8.dll",
            "CreationUtcTime": "2024-09-19 20:20:13.499",
            "User": "RACM\\raulr"
        }
    },
    {
        "event_id": 11,
        "description": "File creation time changed",
        "time_generated": "2024-09-19T20:20:13.4846771Z",
        "computer_name": "RACM",
        "details": {
            "RuleName": "DLL",
            "UtcTime": "2024-09-19 20:20:13.477",
            "ProcessGuid": "{cec53bf7-8743-66ec-42b0-000000000800}",
            "ProcessId": "10128",
            "Image": "C:\\Users\\raulr\\Downloads\\octave-9.2.0-w64-installer.exe",
            "TargetFilename": "C:\\Program Files\\GNU Octave\\Octave-9.2.0\\mingw64\\bin\\libGraphicsMagick++-12.dll",
            "CreationUtcTime": "2024-09-19 20:20:13.477",
            "User": "RACM\\raulr"
        }
    },
    {
        "event_id": 11,
        "description": "File creation time changed",
        "time_generated": "2024-09-19T20:20:13.4380660Z",
        "computer_name": "RACM",
        "details": {
            "RuleName": "DLL",
            "UtcTime": "2024-09-19 20:20:13.436",
            "ProcessGuid": "{cec53bf7-8743-66ec-42b0-000000000800}",
            "ProcessId": "10128",
            "Image": "C:\\Users\\raulr\\Downloads\\octave-9.2.0-w64-installer.exe",
            "TargetFilename": "C:\\Program Files\\GNU Octave\\Octave-9.2.0\\mingw64\\bin\\libunistring-5.dll",
            "CreationUtcTime": "2024-09-19 20:20:13.436",
            "User": "RACM\\raulr"
        }
    },
    {
        "event_id": 11,
        "description": "File creation time changed",
        "time_generated": "2024-09-19T20:20:13.4354625Z",
        "computer_name": "RACM",
        "details": {
            "RuleName": "DLL",
            "UtcTime": "2024-09-19 20:20:13.432",
            "ProcessGuid": "{cec53bf7-8743-66ec-42b0-000000000800}",
            "ProcessId": "10128",
            "Image": "C:\\Users\\raulr\\Downloads\\octave-9.2.0-w64-installer.exe",
            "TargetFilename": "C:\\Program Files\\GNU Octave\\Octave-9.2.0\\mingw64\\bin\\libsharpyuv-0.dll",
            "CreationUtcTime": "2024-09-19 20:20:13.432",
            "User": "RACM\\raulr"
        }
    },
    {
        "event_id": 11,
        "description": "File creation time changed",
        "time_generated": "2024-09-19T20:20:13.4291087Z",
        "computer_name": "RACM",
        "details": {
            "RuleName": "DLL",
            "UtcTime": "2024-09-19 20:20:13.428",
            "ProcessGuid": "{cec53bf7-8743-66ec-42b0-000000000800}",
            "ProcessId": "10128",
            "Image": "C:\\Users\\raulr\\Downloads\\octave-9.2.0-w64-installer.exe",
            "TargetFilename": "C:\\Program Files\\GNU Octave\\Octave-9.2.0\\mingw64\\bin\\libxerbla-blas.dll",
            "CreationUtcTime": "2024-09-19 20:20:13.428",
            "User": "RACM\\raulr"
        }
    },
    {
        "event_id": 11,
        "description": "File creation time changed",
        "time_generated": "2024-09-19T20:20:13.3754538Z",
        "computer_name": "RACM",
        "details": {
            "RuleName": "EXE",
            "UtcTime": "2024-09-19 20:20:13.375",
            "ProcessGuid": "{cec53bf7-8743-66ec-42b0-000000000800}",
            "ProcessId": "10128",
            "Image": "C:\\Users\\raulr\\Downloads\\octave-9.2.0-w64-installer.exe",
            "TargetFilename": "C:\\Program Files\\GNU Octave\\Octave-9.2.0\\mingw64\\bin\\x86_64-w64-mingw32-gfortran.exe",
            "CreationUtcTime": "2024-09-19 20:20:13.368",
            "User": "RACM\\raulr"
        }
    },
    {
        "event_id": 11,
        "description": "File creation time changed",
        "time_generated": "2024-09-19T20:20:13.3670194Z",
        "computer_name": "RACM",
        "details": {
            "RuleName": "EXE",
            "UtcTime": "2024-09-19 20:20:13.366",
            "ProcessGuid": "{cec53bf7-8743-66ec-42b0-000000000800}",
            "ProcessId": "10128",
            "Image": "C:\\Users\\raulr\\Downloads\\octave-9.2.0-w64-installer.exe",
            "TargetFilename": "C:\\Program Files\\GNU Octave\\Octave-9.2.0\\mingw64\\bin\\qdelaunay.exe",
            "CreationUtcTime": "2024-09-19 20:20:13.366",
            "User": "RACM\\raulr"
        }
    },
    {
        "event_id": 11,
        "description": "File creation time changed",
        "time_generated": "2024-09-19T20:20:13.3617318Z",
        "computer_name": "RACM",
        "details": {
            "RuleName": "EXE",
            "UtcTime": "2024-09-19 20:20:13.361",
            "ProcessGuid": "{cec53bf7-8743-66ec-42b0-000000000800}",
            "ProcessId": "10128",
            "Image": "C:\\Users\\raulr\\Downloads\\octave-9.2.0-w64-installer.exe",
            "TargetFilename": "C:\\Program Files\\GNU Octave\\Octave-9.2.0\\mingw64\\bin\\gcc-ar.exe",
            "CreationUtcTime": "2024-09-19 20:20:13.361",
            "User": "RACM\\raulr"
        }
    },
    {
        "event_id": 11,
        "description": "File creation time changed",
        "time_generated": "2024-09-19T20:20:13.3527658Z",
        "computer_name": "RACM",
        "details": {
            "RuleName": "DLL",
            "UtcTime": "2024-09-19 20:20:13.352",
            "ProcessGuid": "{cec53bf7-8743-66ec-42b0-000000000800}",
            "ProcessId": "10128",
            "Image": "C:\\Users\\raulr\\Downloads\\octave-9.2.0-w64-installer.exe",
            "TargetFilename": "C:\\Program Files\\GNU Octave\\Octave-9.2.0\\mingw64\\bin\\libidn-12.dll",
            "CreationUtcTime": "2024-09-19 20:20:13.352",
            "User": "RACM\\raulr"
        }
    },
    {
        "event_id": 11,
        "description": "File creation time changed",
        "time_generated": "2024-09-19T20:20:13.3474103Z",
        "computer_name": "RACM",
        "details": {
            "RuleName": "EXE",
            "UtcTime": "2024-09-19 20:20:13.346",
            "ProcessGuid": "{cec53bf7-8743-66ec-42b0-000000000800}",
            "ProcessId": "10128",
            "Image": "C:\\Users\\raulr\\Downloads\\octave-9.2.0-w64-installer.exe",
            "TargetFilename": "C:\\Program Files\\GNU Octave\\Octave-9.2.0\\mingw64\\bin\\xmlcatalog.exe",
            "CreationUtcTime": "2024-09-19 20:20:13.346",
            "User": "RACM\\raulr"
        }
    },
    {
        "event_id": 11,
        "description": "File creation time changed",
        "time_generated": "2024-09-19T20:20:13.3325355Z",
        "computer_name": "RACM",
        "details": {
            "RuleName": "DLL",
            "UtcTime": "2024-09-19 20:20:13.332",
            "ProcessGuid": "{cec53bf7-8743-66ec-42b0-000000000800}",
            "ProcessId": "10128",
            "Image": "C:\\Users\\raulr\\Downloads\\octave-9.2.0-w64-installer.exe",
            "TargetFilename": "C:\\Program Files\\GNU Octave\\Octave-9.2.0\\mingw64\\bin\\libgomp-1.dll",
            "CreationUtcTime": "2024-09-19 20:20:13.330",
            "User": "RACM\\raulr"
        }
    },
    {
        "event_id": 11,
        "description": "File creation time changed",
        "time_generated": "2024-09-19T20:20:13.3299572Z",
        "computer_name": "RACM",
        "details": {
            "RuleName": "EXE",
            "UtcTime": "2024-09-19 20:20:13.329",
            "ProcessGuid": "{cec53bf7-8743-66ec-42b0-000000000800}",
            "ProcessId": "10128",
            "Image": "C:\\Users\\raulr\\Downloads\\octave-9.2.0-w64-installer.exe",
            "TargetFilename": "C:\\Program Files\\GNU Octave\\Octave-9.2.0\\mingw64\\bin\\icuinfo.exe",
            "CreationUtcTime": "2024-09-19 20:20:13.329",
            "User": "RACM\\raulr"
        }
    },
    {
        "event_id": 11,
        "description": "File creation time changed",
        "time_generated": "2024-09-19T20:20:13.3139620Z",
        "computer_name": "RACM",
        "details": {
            "RuleName": "EXE",
            "UtcTime": "2024-09-19 20:20:13.313",
            "ProcessGuid": "{cec53bf7-8743-66ec-42b0-000000000800}",
            "ProcessId": "10128",
            "Image": "C:\\Users\\raulr\\Downloads\\octave-9.2.0-w64-installer.exe",
            "TargetFilename": "C:\\Program Files\\GNU Octave\\Octave-9.2.0\\mingw64\\bin\\ffmpeg.exe",
            "CreationUtcTime": "2024-09-19 20:20:13.313",
            "User": "RACM\\raulr"
        }
    },
    {
        "event_id": 11,
        "description": "File creation time changed",
        "time_generated": "2024-09-19T20:20:13.2960666Z",
        "computer_name": "RACM",
        "details": {
            "RuleName": "DLL",
            "UtcTime": "2024-09-19 20:20:13.295",
            "ProcessGuid": "{cec53bf7-8743-66ec-42b0-000000000800}",
            "ProcessId": "10128",
            "Image": "C:\\Users\\raulr\\Downloads\\octave-9.2.0-w64-installer.exe",
            "TargetFilename": "C:\\Program Files\\GNU Octave\\Octave-9.2.0\\mingw64\\bin\\Qt6Core5Compat.dll",
            "CreationUtcTime": "2024-09-19 20:20:13.291",
            "User": "RACM\\raulr"
        }
    },
    {
        "event_id": 11,
        "description": "File creation time changed",
        "time_generated": "2024-09-19T20:20:13.2335307Z",
        "computer_name": "RACM",
        "details": {
            "RuleName": "EXE",
            "UtcTime": "2024-09-19 20:20:13.233",
            "ProcessGuid": "{cec53bf7-8743-66ec-42b0-000000000800}",
            "ProcessId": "10128",
            "Image": "C:\\Users\\raulr\\Downloads\\octave-9.2.0-w64-installer.exe",
            "TargetFilename": "C:\\Program Files\\GNU Octave\\Octave-9.2.0\\mingw64\\bin\\x264.exe",
            "CreationUtcTime": "2024-09-19 20:20:13.232",
            "User": "RACM\\raulr"
        }
    },
    {
        "event_id": 11,
        "description": "File creation time changed",
        "time_generated": "2024-09-19T20:20:13.1797842Z",
        "computer_name": "RACM",
        "details": {
            "RuleName": "EXE",
            "UtcTime": "2024-09-19 20:20:13.179",
            "ProcessGuid": "{cec53bf7-8743-66ec-42b0-000000000800}",
            "ProcessId": "10128",
            "Image": "C:\\Users\\raulr\\Downloads\\octave-9.2.0-w64-installer.exe",
            "TargetFilename": "C:\\Program Files\\GNU Octave\\Octave-9.2.0\\mingw64\\bin\\x86_64-w64-mingw32-g++.exe",
            "CreationUtcTime": "2024-09-19 20:20:13.179",
            "User": "RACM\\raulr"
        }
    },
    {
        "event_id": 11,
        "description": "File creation time changed",
        "time_generated": "2024-09-19T20:20:13.1756289Z",
        "computer_name": "RACM",
        "details": {
            "RuleName": "EXE",
            "UtcTime": "2024-09-19 20:20:13.174",
            "ProcessGuid": "{cec53bf7-8743-66ec-42b0-000000000800}",
            "ProcessId": "10128",
            "Image": "C:\\Users\\raulr\\Downloads\\octave-9.2.0-w64-installer.exe",
            "TargetFilename": "C:\\Program Files\\GNU Octave\\Octave-9.2.0\\mingw64\\bin\\gif2h5-shared.exe",
            "CreationUtcTime": "2024-09-19 20:20:13.174",
            "User": "RACM\\raulr"
        }
    },
    {
        "event_id": 11,
        "description": "File creation time changed",
        "time_generated": "2024-09-19T20:20:13.1733261Z",
        "computer_name": "RACM",
        "details": {
            "RuleName": "DLL",
            "UtcTime": "2024-09-19 20:20:13.173",
            "ProcessGuid": "{cec53bf7-8743-66ec-42b0-000000000800}",
            "ProcessId": "10128",
            "Image": "C:\\Users\\raulr\\Downloads\\octave-9.2.0-w64-installer.exe",
            "TargetFilename": "C:\\Program Files\\GNU Octave\\Octave-9.2.0\\mingw64\\bin\\wxmsw32u_adv_gcc_custom.dll",
            "CreationUtcTime": "2024-09-19 20:20:13.173",
            "User": "RACM\\raulr"
        }
    },
    {
        "event_id": 11,
        "description": "File creation time changed",
        "time_generated": "2024-09-19T20:20:13.1430323Z",
        "computer_name": "RACM",
        "details": {
            "RuleName": "DLL",
            "UtcTime": "2024-09-19 20:20:13.142",
            "ProcessGuid": "{cec53bf7-8743-66ec-42b0-000000000800}",
            "ProcessId": "10128",
            "Image": "C:\\Users\\raulr\\Downloads\\octave-9.2.0-w64-installer.exe",
            "TargetFilename": "C:\\Program Files\\GNU Octave\\Octave-9.2.0\\mingw64\\bin\\libqhull_r.dll",
            "CreationUtcTime": "2024-09-19 20:20:13.142",
            "User": "RACM\\raulr"
        }
    },
    {
        "event_id": 11,
        "description": "File creation time changed",
        "time_generated": "2024-09-19T20:20:13.0821490Z",
        "computer_name": "RACM",
        "details": {
            "RuleName": "-",
            "UtcTime": "2024-09-19 20:20:13.082",
            "ProcessGuid": "{cec53bf7-8743-66ec-42b0-000000000800}",
            "ProcessId": "10128",
            "Image": "C:\\Users\\raulr\\Downloads\\octave-9.2.0-w64-installer.exe",
            "TargetFilename": "C:\\Program Files\\GNU Octave\\Octave-9.2.0\\mingw64\\bin\\octave.bat",
            "CreationUtcTime": "2024-09-19 20:20:13.080",
            "User": "RACM\\raulr"
        }
    },
    {
        "event_id": 11,
        "description": "File creation time changed",
        "time_generated": "2024-09-19T20:20:13.0776132Z",
        "computer_name": "RACM",
        "details": {
            "RuleName": "EXE",
            "UtcTime": "2024-09-19 20:20:13.076",
            "ProcessGuid": "{cec53bf7-8743-66ec-42b0-000000000800}",
            "ProcessId": "10128",
            "Image": "C:\\Users\\raulr\\Downloads\\octave-9.2.0-w64-installer.exe",
            "TargetFilename": "C:\\Program Files\\GNU Octave\\Octave-9.2.0\\mingw64\\bin\\bsqlodbc.exe",
            "CreationUtcTime": "2024-09-19 20:20:13.076",
            "User": "RACM\\raulr"
        }
    },
    {
        "event_id": 11,
        "description": "File creation time changed",
        "time_generated": "2024-09-19T20:20:13.0522759Z",
        "computer_name": "RACM",
        "details": {
            "RuleName": "DLL",
            "UtcTime": "2024-09-19 20:20:13.051",
            "ProcessGuid": "{cec53bf7-8743-66ec-42b0-000000000800}",
            "ProcessId": "10128",
            "Image": "C:\\Users\\raulr\\Downloads\\octave-9.2.0-w64-installer.exe",
            "TargetFilename": "C:\\Program Files\\GNU Octave\\Octave-9.2.0\\mingw64\\bin\\libmpg123-0.dll",
            "CreationUtcTime": "2024-09-19 20:20:13.051",
            "User": "RACM\\raulr"
        }
    },
    {
        "event_id": 11,
        "description": "File creation time changed",
        "time_generated": "2024-09-19T20:20:13.0396583Z",
        "computer_name": "RACM",
        "details": {
            "RuleName": "DLL",
            "UtcTime": "2024-09-19 20:20:13.039",
            "ProcessGuid": "{cec53bf7-8743-66ec-42b0-000000000800}",
            "ProcessId": "10128",
            "Image": "C:\\Users\\raulr\\Downloads\\octave-9.2.0-w64-installer.exe",
            "TargetFilename": "C:\\Program Files\\GNU Octave\\Octave-9.2.0\\mingw64\\bin\\liblagraphx.dll",
            "CreationUtcTime": "2024-09-19 20:20:13.039",
            "User": "RACM\\raulr"
        }
    },
    {
        "event_id": 11,
        "description": "File creation time changed",
        "time_generated": "2024-09-19T20:20:13.0324302Z",
        "computer_name": "RACM",
        "details": {
            "RuleName": "DLL",
            "UtcTime": "2024-09-19 20:20:13.031",
            "ProcessGuid": "{cec53bf7-8743-66ec-42b0-000000000800}",
            "ProcessId": "10128",
            "Image": "C:\\Users\\raulr\\Downloads\\octave-9.2.0-w64-installer.exe",
            "TargetFilename": "C:\\Program Files\\GNU Octave\\Octave-9.2.0\\mingw64\\bin\\mgwfltknox_gl-1.3.dll",
            "CreationUtcTime": "2024-09-19 20:20:13.031",
            "User": "RACM\\raulr"
        }
    },
    {
        "event_id": 11,
        "description": "File creation time changed",
        "time_generated": "2024-09-19T20:20:12.9763887Z",
        "computer_name": "RACM",
        "details": {
            "RuleName": "DLL",
            "UtcTime": "2024-09-19 20:20:12.974",
            "ProcessGuid": "{cec53bf7-8743-66ec-42b0-000000000800}",
            "ProcessId": "10128",
            "Image": "C:\\Users\\raulr\\Downloads\\octave-9.2.0-w64-installer.exe",
            "TargetFilename": "C:\\Program Files\\GNU Octave\\Octave-9.2.0\\mingw64\\bin\\libgnutls-30.dll",
            "CreationUtcTime": "2024-09-19 20:20:12.974",
            "User": "RACM\\raulr"
        }
    },
    {
        "event_id": 11,
        "description": "File creation time changed",
        "time_generated": "2024-09-19T20:20:12.9724785Z",
        "computer_name": "RACM",
        "details": {
            "RuleName": "EXE",
            "UtcTime": "2024-09-19 20:20:12.971",
            "ProcessGuid": "{cec53bf7-8743-66ec-42b0-000000000800}",
            "ProcessId": "10128",
            "Image": "C:\\Users\\raulr\\Downloads\\octave-9.2.0-w64-installer.exe",
            "TargetFilename": "C:\\Program Files\\GNU Octave\\Octave-9.2.0\\mingw64\\bin\\h52gif-shared.exe",
            "CreationUtcTime": "2024-09-19 20:20:12.971",
            "User": "RACM\\raulr"
        }
    },
    {
        "event_id": 11,
        "description": "File creation time changed",
        "time_generated": "2024-09-19T20:20:12.9604489Z",
        "computer_name": "RACM",
        "details": {
            "RuleName": "DLL",
            "UtcTime": "2024-09-19 20:20:12.959",
            "ProcessGuid": "{cec53bf7-8743-66ec-42b0-000000000800}",
            "ProcessId": "10128",
            "Image": "C:\\Users\\raulr\\Downloads\\octave-9.2.0-w64-installer.exe",
            "TargetFilename": "C:\\Program Files\\GNU Octave\\Octave-9.2.0\\mingw64\\bin\\libcxsparse.dll",
            "CreationUtcTime": "2024-09-19 20:20:12.959",
            "User": "RACM\\raulr"
        }
    },
    {
        "event_id": 11,
        "description": "File creation time changed",
        "time_generated": "2024-09-19T20:20:12.9278746Z",
        "computer_name": "RACM",
        "details": {
            "RuleName": "DLL",
            "UtcTime": "2024-09-19 20:20:12.927",
            "ProcessGuid": "{cec53bf7-8743-66ec-42b0-000000000800}",
            "ProcessId": "10128",
            "Image": "C:\\Users\\raulr\\Downloads\\octave-9.2.0-w64-installer.exe",
            "TargetFilename": "C:\\Program Files\\GNU Octave\\Octave-9.2.0\\mingw64\\bin\\xvidcore.dll",
            "CreationUtcTime": "2024-09-19 20:20:12.927",
            "User": "RACM\\raulr"
        }
    },
    {
        "event_id": 11,
        "description": "File creation time changed",
        "time_generated": "2024-09-19T20:20:12.8890949Z",
        "computer_name": "RACM",
        "details": {
            "RuleName": "DLL",
            "UtcTime": "2024-09-19 20:20:12.889",
            "ProcessGuid": "{cec53bf7-8743-66ec-42b0-000000000800}",
            "ProcessId": "10128",
            "Image": "C:\\Users\\raulr\\Downloads\\octave-9.2.0-w64-installer.exe",
            "TargetFilename": "C:\\Program Files\\GNU Octave\\Octave-9.2.0\\mingw64\\bin\\libbiosig-3.dll",
            "CreationUtcTime": "2024-09-19 20:20:12.886",
            "User": "RACM\\raulr"
        }
    },
    {
        "event_id": 11,
        "description": "File creation time changed",
        "time_generated": "2024-09-19T20:20:12.8803666Z",
        "computer_name": "RACM",
        "details": {
            "RuleName": "EXE",
            "UtcTime": "2024-09-19 20:20:12.876",
            "ProcessGuid": "{cec53bf7-8743-66ec-42b0-000000000800}",
            "ProcessId": "10128",
            "Image": "C:\\Users\\raulr\\Downloads\\octave-9.2.0-w64-installer.exe",
            "TargetFilename": "C:\\Program Files\\GNU Octave\\Octave-9.2.0\\mingw64\\bin\\projsync.exe",
            "CreationUtcTime": "2024-09-19 20:20:12.876",
            "User": "RACM\\raulr"
        }
    },
    {
        "event_id": 11,
        "description": "File creation time changed",
        "time_generated": "2024-09-19T20:20:12.8752676Z",
        "computer_name": "RACM",
        "details": {
            "RuleName": "EXE",
            "UtcTime": "2024-09-19 20:20:12.874",
            "ProcessGuid": "{cec53bf7-8743-66ec-42b0-000000000800}",
            "ProcessId": "10128",
            "Image": "C:\\Users\\raulr\\Downloads\\octave-9.2.0-w64-installer.exe",
            "TargetFilename": "C:\\Program Files\\GNU Octave\\Octave-9.2.0\\mingw64\\bin\\x86_64-w64-mingw32-gcc-ranlib.exe",
            "CreationUtcTime": "2024-09-19 20:20:12.874",
            "User": "RACM\\raulr"
        }
    },
    {
        "event_id": 11,
        "description": "File creation time changed",
        "time_generated": "2024-09-19T20:20:12.8714711Z",
        "computer_name": "RACM",
        "details": {
            "RuleName": "DLL",
            "UtcTime": "2024-09-19 20:20:12.870",
            "ProcessGuid": "{cec53bf7-8743-66ec-42b0-000000000800}",
            "ProcessId": "10128",
            "Image": "C:\\Users\\raulr\\Downloads\\octave-9.2.0-w64-installer.exe",
            "TargetFilename": "C:\\Program Files\\GNU Octave\\Octave-9.2.0\\mingw64\\bin\\libgif-6.dll",
            "CreationUtcTime": "2024-09-19 20:20:12.870",
            "User": "RACM\\raulr"
        }
    },
    {
        "event_id": 11,
        "description": "File creation time changed",
        "time_generated": "2024-09-19T20:20:12.8037350Z",
        "computer_name": "RACM",
        "details": {
            "RuleName": "EXE",
            "UtcTime": "2024-09-19 20:20:12.803",
            "ProcessGuid": "{cec53bf7-8743-66ec-42b0-000000000800}",
            "ProcessId": "10128",
            "Image": "C:\\Users\\raulr\\Downloads\\octave-9.2.0-w64-installer.exe",
            "TargetFilename": "C:\\Program Files\\GNU Octave\\Octave-9.2.0\\mingw64\\bin\\cmcldeps.exe",
            "CreationUtcTime": "2024-09-19 20:20:12.803",
            "User": "RACM\\raulr"
        }
    },
    {
        "event_id": 11,
        "description": "File creation time changed",
        "time_generated": "2024-09-19T20:20:12.7209012Z",
        "computer_name": "RACM",
        "details": {
            "RuleName": "DLL",
            "UtcTime": "2024-09-19 20:20:12.720",
            "ProcessGuid": "{cec53bf7-8743-66ec-42b0-000000000800}",
            "ProcessId": "10128",
            "Image": "C:\\Users\\raulr\\Downloads\\octave-9.2.0-w64-installer.exe",
            "TargetFilename": "C:\\Program Files\\GNU Octave\\Octave-9.2.0\\mingw64\\bin\\libhdf5.dll",
            "CreationUtcTime": "2024-09-19 20:20:12.720",
            "User": "RACM\\raulr"
        }
    },
    {
        "event_id": 11,
        "description": "File creation time changed",
        "time_generated": "2024-09-19T20:20:12.7015973Z",
        "computer_name": "RACM",
        "details": {
            "RuleName": "DLL",
            "UtcTime": "2024-09-19 20:20:12.701",
            "ProcessGuid": "{cec53bf7-8743-66ec-42b0-000000000800}",
            "ProcessId": "10128",
            "Image": "C:\\Users\\raulr\\Downloads\\octave-9.2.0-w64-installer.exe",
            "TargetFilename": "C:\\Program Files\\GNU Octave\\Octave-9.2.0\\mingw64\\bin\\wxmsw32u_ribbon_gcc_custom.dll",
            "CreationUtcTime": "2024-09-19 20:20:12.696",
            "User": "RACM\\raulr"
        }
    },
    {
        "event_id": 11,
        "description": "File creation time changed",
        "time_generated": "2024-09-19T20:20:12.6921152Z",
        "computer_name": "RACM",
        "details": {
            "RuleName": "EXE",
            "UtcTime": "2024-09-19 20:20:12.691",
            "ProcessGuid": "{cec53bf7-8743-66ec-42b0-000000000800}",
            "ProcessId": "10128",
            "Image": "C:\\Users\\raulr\\Downloads\\octave-9.2.0-w64-installer.exe",
            "TargetFilename": "C:\\Program Files\\GNU Octave\\Octave-9.2.0\\mingw64\\bin\\psktool.exe",
            "CreationUtcTime": "2024-09-19 20:20:12.691",
            "User": "RACM\\raulr"
        }
    },
    {
        "event_id": 11,
        "description": "File creation time changed",
        "time_generated": "2024-09-19T20:20:12.6862993Z",
        "computer_name": "RACM",
        "details": {
            "RuleName": "DLL",
            "UtcTime": "2024-09-19 20:20:12.685",
            "ProcessGuid": "{cec53bf7-8743-66ec-42b0-000000000800}",
            "ProcessId": "10128",
            "Image": "C:\\Users\\raulr\\Downloads\\octave-9.2.0-w64-installer.exe",
            "TargetFilename": "C:\\Program Files\\GNU Octave\\Octave-9.2.0\\mingw64\\bin\\libsundials_nvecmanyvector.dll",
            "CreationUtcTime": "2024-09-19 20:20:12.685",
            "User": "RACM\\raulr"
        }
    },
    {
        "event_id": 11,
        "description": "File creation time changed",
        "time_generated": "2024-09-19T20:20:12.6651242Z",
        "computer_name": "RACM",
        "details": {
            "RuleName": "DLL",
            "UtcTime": "2024-09-19 20:20:12.664",
            "ProcessGuid": "{cec53bf7-8743-66ec-42b0-000000000800}",
            "ProcessId": "10128",
            "Image": "C:\\Users\\raulr\\Downloads\\octave-9.2.0-w64-installer.exe",
            "TargetFilename": "C:\\Program Files\\GNU Octave\\Octave-9.2.0\\mingw64\\bin\\libopus-0.dll",
            "CreationUtcTime": "2024-09-19 20:20:12.663",
            "User": "RACM\\raulr"
        }
    },
    {
        "event_id": 11,
        "description": "File creation time changed",
        "time_generated": "2024-09-19T20:20:12.6576611Z",
        "computer_name": "RACM",
        "details": {
            "RuleName": "DLL",
            "UtcTime": "2024-09-19 20:20:12.657",
            "ProcessGuid": "{cec53bf7-8743-66ec-42b0-000000000800}",
            "ProcessId": "10128",
            "Image": "C:\\Users\\raulr\\Downloads\\octave-9.2.0-w64-installer.exe",
            "TargetFilename": "C:\\Program Files\\GNU Octave\\Octave-9.2.0\\mingw64\\bin\\libsundials_sunnonlinsolnewton.dll",
            "CreationUtcTime": "2024-09-19 20:20:12.657",
            "User": "RACM\\raulr"
        }
    },
    {
        "event_id": 11,
        "description": "File creation time changed",
        "time_generated": "2024-09-19T20:20:12.6498992Z",
        "computer_name": "RACM",
        "details": {
            "RuleName": "DLL",
            "UtcTime": "2024-09-19 20:20:12.644",
            "ProcessGuid": "{cec53bf7-8743-66ec-42b0-000000000800}",
            "ProcessId": "10128",
            "Image": "C:\\Users\\raulr\\Downloads\\octave-9.2.0-w64-installer.exe",
            "TargetFilename": "C:\\Program Files\\GNU Octave\\Octave-9.2.0\\mingw64\\bin\\swresample-3.dll",
            "CreationUtcTime": "2024-09-19 20:20:12.644",
            "User": "RACM\\raulr"
        }
    },
    {
        "event_id": 11,
        "description": "File creation time changed",
        "time_generated": "2024-09-19T20:20:12.6306511Z",
        "computer_name": "RACM",
        "details": {
            "RuleName": "DLL",
            "UtcTime": "2024-09-19 20:20:12.630",
            "ProcessGuid": "{cec53bf7-8743-66ec-42b0-000000000800}",
            "ProcessId": "10128",
            "Image": "C:\\Users\\raulr\\Downloads\\octave-9.2.0-w64-installer.exe",
            "TargetFilename": "C:\\Program Files\\GNU Octave\\Octave-9.2.0\\mingw64\\bin\\libgdcmopenjp2.dll",
            "CreationUtcTime": "2024-09-19 20:20:12.630",
            "User": "RACM\\raulr"
        }
    },
    {
        "event_id": 11,
        "description": "File creation time changed",
        "time_generated": "2024-09-19T20:20:12.6159629Z",
        "computer_name": "RACM",
        "details": {
            "RuleName": "DLL",
            "UtcTime": "2024-09-19 20:20:12.613",
            "ProcessGuid": "{cec53bf7-8743-66ec-42b0-000000000800}",
            "ProcessId": "10128",
            "Image": "C:\\Users\\raulr\\Downloads\\octave-9.2.0-w64-installer.exe",
            "TargetFilename": "C:\\Program Files\\GNU Octave\\Octave-9.2.0\\mingw64\\bin\\libpango-1.0-0.dll",
            "CreationUtcTime": "2024-09-19 20:20:12.613",
            "User": "RACM\\raulr"
        }
    },
    {
        "event_id": 11,
        "description": "File creation time changed",
        "time_generated": "2024-09-19T20:20:12.5991844Z",
        "computer_name": "RACM",
        "details": {
            "RuleName": "EXE",
            "UtcTime": "2024-09-19 20:20:12.598",
            "ProcessGuid": "{cec53bf7-8743-66ec-42b0-000000000800}",
            "ProcessId": "10128",
            "Image": "C:\\Users\\raulr\\Downloads\\octave-9.2.0-w64-installer.exe",
            "TargetFilename": "C:\\Program Files\\GNU Octave\\Octave-9.2.0\\mingw64\\bin\\curl.exe",
            "CreationUtcTime": "2024-09-19 20:20:12.598",
            "User": "RACM\\raulr"
        }
    },
    {
        "event_id": 11,
        "description": "File creation time changed",
        "time_generated": "2024-09-19T20:20:12.5851671Z",
        "computer_name": "RACM",
        "details": {
            "RuleName": "DLL",
            "UtcTime": "2024-09-19 20:20:12.585",
            "ProcessGuid": "{cec53bf7-8743-66ec-42b0-000000000800}",
            "ProcessId": "10128",
            "Image": "C:\\Users\\raulr\\Downloads\\octave-9.2.0-w64-installer.exe",
            "TargetFilename": "C:\\Program Files\\GNU Octave\\Octave-9.2.0\\mingw64\\bin\\libgslcblas-0.dll",
            "CreationUtcTime": "2024-09-19 20:20:12.583",
            "User": "RACM\\raulr"
        }
    },
    {
        "event_id": 11,
        "description": "File creation time changed",
        "time_generated": "2024-09-19T20:20:12.5586927Z",
        "computer_name": "RACM",
        "details": {
            "RuleName": "DLL",
            "UtcTime": "2024-09-19 20:20:12.558",
            "ProcessGuid": "{cec53bf7-8743-66ec-42b0-000000000800}",
            "ProcessId": "10128",
            "Image": "C:\\Users\\raulr\\Downloads\\octave-9.2.0-w64-installer.exe",
            "TargetFilename": "C:\\Program Files\\GNU Octave\\Octave-9.2.0\\mingw64\\bin\\libgmp-10.dll",
            "CreationUtcTime": "2024-09-19 20:20:12.558",
            "User": "RACM\\raulr"
        }
    },
    {
        "event_id": 11,
        "description": "File creation time changed",
        "time_generated": "2024-09-19T20:20:12.5404453Z",
        "computer_name": "RACM",
        "details": {
            "RuleName": "DLL",
            "UtcTime": "2024-09-19 20:20:12.539",
            "ProcessGuid": "{cec53bf7-8743-66ec-42b0-000000000800}",
            "ProcessId": "10128",
            "Image": "C:\\Users\\raulr\\Downloads\\octave-9.2.0-w64-installer.exe",
            "TargetFilename": "C:\\Program Files\\GNU Octave\\Octave-9.2.0\\mingw64\\bin\\libmng-2.dll",
            "CreationUtcTime": "2024-09-19 20:20:12.539",
            "User": "RACM\\raulr"
        }
    },
    {
        "event_id": 11,
        "description": "File creation time changed",
        "time_generated": "2024-09-19T20:20:12.5370145Z",
        "computer_name": "RACM",
        "details": {
            "RuleName": "DLL",
            "UtcTime": "2024-09-19 20:20:12.536",
            "ProcessGuid": "{cec53bf7-8743-66ec-42b0-000000000800}",
            "ProcessId": "10128",
            "Image": "C:\\Users\\raulr\\Downloads\\octave-9.2.0-w64-installer.exe",
            "TargetFilename": "C:\\Program Files\\GNU Octave\\Octave-9.2.0\\mingw64\\bin\\libffi-8.dll",
            "CreationUtcTime": "2024-09-19 20:20:12.536",
            "User": "RACM\\raulr"
        }
    },
    {
        "event_id": 11,
        "description": "File creation time changed",
        "time_generated": "2024-09-19T20:20:12.5105747Z",
        "computer_name": "RACM",
        "details": {
            "RuleName": "DLL",
            "UtcTime": "2024-09-19 20:20:12.508",
            "ProcessGuid": "{cec53bf7-8743-66ec-42b0-000000000800}",
            "ProcessId": "10128",
            "Image": "C:\\Users\\raulr\\Downloads\\octave-9.2.0-w64-installer.exe",
            "TargetFilename": "C:\\Program Files\\GNU Octave\\Octave-9.2.0\\mingw64\\bin\\libgdcmMEXD.dll",
            "CreationUtcTime": "2024-09-19 20:20:12.508",
            "User": "RACM\\raulr"
        }
    },
    {
        "event_id": 11,
        "description": "File creation time changed",
        "time_generated": "2024-09-19T20:20:12.4953415Z",
        "computer_name": "RACM",
        "details": {
            "RuleName": "EXE",
            "UtcTime": "2024-09-19 20:20:12.495",
            "ProcessGuid": "{cec53bf7-8743-66ec-42b0-000000000800}",
            "ProcessId": "10128",
            "Image": "C:\\Users\\raulr\\Downloads\\octave-9.2.0-w64-installer.exe",
            "TargetFilename": "C:\\Program Files\\GNU Octave\\Octave-9.2.0\\mingw64\\bin\\proj.exe",
            "CreationUtcTime": "2024-09-19 20:20:12.494",
            "User": "RACM\\raulr"
        }
    },
    {
        "event_id": 11,
        "description": "File creation time changed",
        "time_generated": "2024-09-19T20:20:12.4857738Z",
        "computer_name": "RACM",
        "details": {
            "RuleName": "DLL",
            "UtcTime": "2024-09-19 20:20:12.485",
            "ProcessGuid": "{cec53bf7-8743-66ec-42b0-000000000800}",
            "ProcessId": "10128",
            "Image": "C:\\Users\\raulr\\Downloads\\octave-9.2.0-w64-installer.exe",
            "TargetFilename": "C:\\Program Files\\GNU Octave\\Octave-9.2.0\\mingw64\\bin\\avdevice-58.dll",
            "CreationUtcTime": "2024-09-19 20:20:12.485",
            "User": "RACM\\raulr"
        }
    },
    {
        "event_id": 11,
        "description": "File creation time changed",
        "time_generated": "2024-09-19T20:20:12.2383421Z",
        "computer_name": "RACM",
        "details": {
            "RuleName": "DLL",
            "UtcTime": "2024-09-19 20:20:12.231",
            "ProcessGuid": "{cec53bf7-8743-66ec-42b0-000000000800}",
            "ProcessId": "10128",
            "Image": "C:\\Users\\raulr\\Downloads\\octave-9.2.0-w64-installer.exe",
            "TargetFilename": "C:\\Program Files\\GNU Octave\\Octave-9.2.0\\mingw64\\bin\\icudt74.dll",
            "CreationUtcTime": "2024-09-19 20:20:12.231",
            "User": "RACM\\raulr"
        }
    },
    {
        "event_id": 11,
        "description": "File creation time changed",
        "time_generated": "2024-09-19T20:20:12.1687567Z",
        "computer_name": "RACM",
        "details": {
            "RuleName": "EXE",
            "UtcTime": "2024-09-19 20:20:12.168",
            "ProcessGuid": "{cec53bf7-8743-66ec-42b0-000000000800}",
            "ProcessId": "10128",
            "Image": "C:\\Users\\raulr\\Downloads\\octave-9.2.0-w64-installer.exe",
            "TargetFilename": "C:\\Program Files\\GNU Octave\\Octave-9.2.0\\mingw64\\bin\\gnuplot.exe",
            "CreationUtcTime": "2024-09-19 20:20:12.168",
            "User": "RACM\\raulr"
        }
    },
    {
        "event_id": 11,
        "description": "File creation time changed",
        "time_generated": "2024-09-19T20:20:12.0999932Z",
        "computer_name": "RACM",
        "details": {
            "RuleName": "DLL",
            "UtcTime": "2024-09-19 20:20:12.098",
            "ProcessGuid": "{cec53bf7-8743-66ec-42b0-000000000800}",
            "ProcessId": "10128",
            "Image": "C:\\Users\\raulr\\Downloads\\octave-9.2.0-w64-installer.exe",
            "TargetFilename": "C:\\Program Files\\GNU Octave\\Octave-9.2.0\\mingw64\\bin\\wxbase32u_gcc_custom.dll",
            "CreationUtcTime": "2024-09-19 20:20:12.098",
            "User": "RACM\\raulr"
        }
    },
