    {
        "event_id": 11,
        "description": "File creation time changed",
        "time_generated": "2024-09-19T20:21:39.7940840Z",
        "computer_name": "RACM",
        "details": {
            "RuleName": "EXE",
            "UtcTime": "2024-09-19 20:21:39.791",
            "ProcessGuid": "{cec53bf7-8743-66ec-42b0-000000000800}",
            "ProcessId": "10128",
            "Image": "C:\\Users\\raulr\\Downloads\\octave-9.2.0-w64-installer.exe",
            "TargetFilename": "C:\\Program Files\\GNU Octave\\Octave-9.2.0\\usr\\bin\\gpg-agent.exe",
            "CreationUtcTime": "2024-09-19 20:21:39.791",
            "User": "RACM\\raulr"
        }
    },
    {
        "event_id": 11,
        "description": "File creation time changed",
        "time_generated": "2024-09-19T20:21:39.7870625Z",
        "computer_name": "RACM",
        "details": {
            "RuleName": "EXE",
            "UtcTime": "2024-09-19 20:21:39.775",
            "ProcessGuid": "{cec53bf7-8743-66ec-42b0-000000000800}",
            "ProcessId": "10128",
            "Image": "C:\\Users\\raulr\\Downloads\\octave-9.2.0-w64-installer.exe",
            "TargetFilename": "C:\\Program Files\\GNU Octave\\Octave-9.2.0\\usr\\bin\\zipcloak.exe",
            "CreationUtcTime": "2024-09-19 20:21:39.775",
            "User": "RACM\\raulr"
        }
    },
    {
        "event_id": 11,
        "description": "File creation time changed",
        "time_generated": "2024-09-19T20:21:39.6879863Z",
        "computer_name": "RACM",
        "details": {
            "RuleName": "DLL",
            "UtcTime": "2024-09-19 20:21:39.681",
            "ProcessGuid": "{cec53bf7-8743-66ec-42b0-000000000800}",
            "ProcessId": "10128",
            "Image": "C:\\Users\\raulr\\Downloads\\octave-9.2.0-w64-installer.exe",
            "TargetFilename": "C:\\Program Files\\GNU Octave\\Octave-9.2.0\\usr\\bin\\msys-crypto-3.dll",
            "CreationUtcTime": "2024-09-19 20:21:39.681",
            "User": "RACM\\raulr"
        }
    },
    {
        "event_id": 11,
        "description": "File creation time changed",
        "time_generated": "2024-09-19T20:21:39.6802026Z",
        "computer_name": "RACM",
        "details": {
            "RuleName": "EXE",
            "UtcTime": "2024-09-19 20:21:39.665",
            "ProcessGuid": "{cec53bf7-8743-66ec-42b0-000000000800}",
            "ProcessId": "10128",
            "Image": "C:\\Users\\raulr\\Downloads\\octave-9.2.0-w64-installer.exe",
            "TargetFilename": "C:\\Program Files\\GNU Octave\\Octave-9.2.0\\usr\\bin\\dirmngr-client.exe",
            "CreationUtcTime": "2024-09-19 20:21:39.665",
            "User": "RACM\\raulr"
        }
    },
    {
        "event_id": 11,
        "description": "File creation time changed",
        "time_generated": "2024-09-19T20:21:39.6736172Z",
        "computer_name": "RACM",
        "details": {
            "RuleName": "EXE",
            "UtcTime": "2024-09-19 20:21:39.665",
            "ProcessGuid": "{cec53bf7-8743-66ec-42b0-000000000800}",
            "ProcessId": "10128",
            "Image": "C:\\Users\\raulr\\Downloads\\octave-9.2.0-w64-installer.exe",
            "TargetFilename": "C:\\Program Files\\GNU Octave\\Octave-9.2.0\\usr\\bin\\whoami.exe",
            "CreationUtcTime": "2024-09-19 20:21:39.665",
            "User": "RACM\\raulr"
        }
    },
    {
        "event_id": 11,
        "description": "File creation time changed",
        "time_generated": "2024-09-19T20:21:39.6686108Z",
        "computer_name": "RACM",
        "details": {
            "RuleName": "EXE",
            "UtcTime": "2024-09-19 20:21:39.665",
            "ProcessGuid": "{cec53bf7-8743-66ec-42b0-000000000800}",
            "ProcessId": "10128",
            "Image": "C:\\Users\\raulr\\Downloads\\octave-9.2.0-w64-installer.exe",
            "TargetFilename": "C:\\Program Files\\GNU Octave\\Octave-9.2.0\\usr\\bin\\cat.exe",
            "CreationUtcTime": "2024-09-19 20:21:39.665",
            "User": "RACM\\raulr"
        }
    },
    {
        "event_id": 11,
        "description": "File creation time changed",
        "time_generated": "2024-09-19T20:21:39.6619869Z",
        "computer_name": "RACM",
        "details": {
            "RuleName": "EXE",
            "UtcTime": "2024-09-19 20:21:39.650",
            "ProcessGuid": "{cec53bf7-8743-66ec-42b0-000000000800}",
            "ProcessId": "10128",
            "Image": "C:\\Users\\raulr\\Downloads\\octave-9.2.0-w64-installer.exe",
            "TargetFilename": "C:\\Program Files\\GNU Octave\\Octave-9.2.0\\usr\\bin\\dd.exe",
            "CreationUtcTime": "2024-09-19 20:21:39.650",
            "User": "RACM\\raulr"
        }
    },
    {
        "event_id": 11,
        "description": "File creation time changed",
        "time_generated": "2024-09-19T20:21:39.6080536Z",
        "computer_name": "RACM",
        "details": {
            "RuleName": "DLL",
            "UtcTime": "2024-09-19 20:21:39.602",
            "ProcessGuid": "{cec53bf7-8743-66ec-42b0-000000000800}",
            "ProcessId": "10128",
            "Image": "C:\\Users\\raulr\\Downloads\\octave-9.2.0-w64-installer.exe",
            "TargetFilename": "C:\\Program Files\\GNU Octave\\Octave-9.2.0\\usr\\bin\\msys-xml2-2.dll",
            "CreationUtcTime": "2024-09-19 20:21:39.602",
            "User": "RACM\\raulr"
        }
    },
    {
        "event_id": 11,
        "description": "File creation time changed",
        "time_generated": "2024-09-19T20:21:39.6036916Z",
        "computer_name": "RACM",
        "details": {
            "RuleName": "EXE",
            "UtcTime": "2024-09-19 20:21:39.602",
            "ProcessGuid": "{cec53bf7-8743-66ec-42b0-000000000800}",
            "ProcessId": "10128",
            "Image": "C:\\Users\\raulr\\Downloads\\octave-9.2.0-w64-installer.exe",
            "TargetFilename": "C:\\Program Files\\GNU Octave\\Octave-9.2.0\\usr\\bin\\chmod.exe",
            "CreationUtcTime": "2024-09-19 20:21:39.602",
            "User": "RACM\\raulr"
        }
    },
    {
        "event_id": 11,
        "description": "File creation time changed",
        "time_generated": "2024-09-19T20:21:39.5934220Z",
        "computer_name": "RACM",
        "details": {
            "RuleName": "EXE",
            "UtcTime": "2024-09-19 20:21:39.586",
            "ProcessGuid": "{cec53bf7-8743-66ec-42b0-000000000800}",
            "ProcessId": "10128",
            "Image": "C:\\Users\\raulr\\Downloads\\octave-9.2.0-w64-installer.exe",
            "TargetFilename": "C:\\Program Files\\GNU Octave\\Octave-9.2.0\\usr\\bin\\unzip.exe",
            "CreationUtcTime": "2024-09-19 20:21:39.586",
            "User": "RACM\\raulr"
        }
    },
    {
        "event_id": 11,
        "description": "File creation time changed",
        "time_generated": "2024-09-19T20:21:39.5904350Z",
        "computer_name": "RACM",
        "details": {
            "RuleName": "EXE",
            "UtcTime": "2024-09-19 20:21:39.586",
            "ProcessGuid": "{cec53bf7-8743-66ec-42b0-000000000800}",
            "ProcessId": "10128",
            "Image": "C:\\Users\\raulr\\Downloads\\octave-9.2.0-w64-installer.exe",
            "TargetFilename": "C:\\Program Files\\GNU Octave\\Octave-9.2.0\\usr\\bin\\which.exe",
            "CreationUtcTime": "2024-09-19 20:21:39.586",
            "User": "RACM\\raulr"
        }
    },
    {
        "event_id": 11,
        "description": "File creation time changed",
        "time_generated": "2024-09-19T20:21:39.5879550Z",
        "computer_name": "RACM",
        "details": {
            "RuleName": "DLL",
            "UtcTime": "2024-09-19 20:21:39.586",
            "ProcessGuid": "{cec53bf7-8743-66ec-42b0-000000000800}",
            "ProcessId": "10128",
            "Image": "C:\\Users\\raulr\\Downloads\\octave-9.2.0-w64-installer.exe",
            "TargetFilename": "C:\\Program Files\\GNU Octave\\Octave-9.2.0\\usr\\bin\\msys-npth-0.dll",
            "CreationUtcTime": "2024-09-19 20:21:39.586",
            "User": "RACM\\raulr"
        }
    },
    {
        "event_id": 11,
        "description": "File creation time changed",
        "time_generated": "2024-09-19T20:21:39.5522639Z",
        "computer_name": "RACM",
        "details": {
            "RuleName": "EXE",
            "UtcTime": "2024-09-19 20:21:39.539",
            "ProcessGuid": "{cec53bf7-8743-66ec-42b0-000000000800}",
            "ProcessId": "10128",
            "Image": "C:\\Users\\raulr\\Downloads\\octave-9.2.0-w64-installer.exe",
            "TargetFilename": "C:\\Program Files\\GNU Octave\\Octave-9.2.0\\usr\\bin\\gawk-5.3.0.exe",
            "CreationUtcTime": "2024-09-19 20:21:39.539",
            "User": "RACM\\raulr"
        }
    },
    {
        "event_id": 11,
        "description": "File creation time changed",
        "time_generated": "2024-09-19T20:21:39.5483764Z",
        "computer_name": "RACM",
        "details": {
            "RuleName": "EXE",
            "UtcTime": "2024-09-19 20:21:39.539",
            "ProcessGuid": "{cec53bf7-8743-66ec-42b0-000000000800}",
            "ProcessId": "10128",
            "Image": "C:\\Users\\raulr\\Downloads\\octave-9.2.0-w64-installer.exe",
            "TargetFilename": "C:\\Program Files\\GNU Octave\\Octave-9.2.0\\usr\\bin\\fold.exe",
            "CreationUtcTime": "2024-09-19 20:21:39.539",
            "User": "RACM\\raulr"
        }
    },
    {
        "event_id": 11,
        "description": "File creation time changed",
        "time_generated": "2024-09-19T20:21:39.4716577Z",
        "computer_name": "RACM",
        "details": {
            "RuleName": "DLL",
            "UtcTime": "2024-09-19 20:21:39.461",
            "ProcessGuid": "{cec53bf7-8743-66ec-42b0-000000000800}",
            "ProcessId": "10128",
            "Image": "C:\\Users\\raulr\\Downloads\\octave-9.2.0-w64-installer.exe",
            "TargetFilename": "C:\\Program Files\\GNU Octave\\Octave-9.2.0\\usr\\bin\\msys-icui18n74.dll",
            "CreationUtcTime": "2024-09-19 20:21:39.461",
            "User": "RACM\\raulr"
        }
    },
    {
        "event_id": 11,
        "description": "File creation time changed",
        "time_generated": "2024-09-19T20:21:39.4647952Z",
        "computer_name": "RACM",
        "details": {
            "RuleName": "EXE",
            "UtcTime": "2024-09-19 20:21:39.461",
            "ProcessGuid": "{cec53bf7-8743-66ec-42b0-000000000800}",
            "ProcessId": "10128",
            "Image": "C:\\Users\\raulr\\Downloads\\octave-9.2.0-w64-installer.exe",
            "TargetFilename": "C:\\Program Files\\GNU Octave\\Octave-9.2.0\\usr\\bin\\nl.exe",
            "CreationUtcTime": "2024-09-19 20:21:39.461",
            "User": "RACM\\raulr"
        }
    },
    {
        "event_id": 11,
        "description": "File creation time changed",
        "time_generated": "2024-09-19T20:21:39.4596413Z",
        "computer_name": "RACM",
        "details": {
            "RuleName": "EXE",
            "UtcTime": "2024-09-19 20:21:39.445",
            "ProcessGuid": "{cec53bf7-8743-66ec-42b0-000000000800}",
            "ProcessId": "10128",
            "Image": "C:\\Users\\raulr\\Downloads\\octave-9.2.0-w64-installer.exe",
            "TargetFilename": "C:\\Program Files\\GNU Octave\\Octave-9.2.0\\usr\\bin\\sha384sum.exe",
            "CreationUtcTime": "2024-09-19 20:21:39.445",
            "User": "RACM\\raulr"
        }
    },
    {
        "event_id": 11,
        "description": "File creation time changed",
        "time_generated": "2024-09-19T20:21:39.4026923Z",
        "computer_name": "RACM",
        "details": {
            "RuleName": "DLL",
            "UtcTime": "2024-09-19 20:21:39.398",
            "ProcessGuid": "{cec53bf7-8743-66ec-42b0-000000000800}",
            "ProcessId": "10128",
            "Image": "C:\\Users\\raulr\\Downloads\\octave-9.2.0-w64-installer.exe",
            "TargetFilename": "C:\\Program Files\\GNU Octave\\Octave-9.2.0\\usr\\bin\\msys-gnutls-30.dll",
            "CreationUtcTime": "2024-09-19 20:21:39.398",
            "User": "RACM\\raulr"
        }
    },
    {
        "event_id": 11,
        "description": "File creation time changed",
        "time_generated": "2024-09-19T20:21:39.3883479Z",
        "computer_name": "RACM",
        "details": {
            "RuleName": "EXE",
            "UtcTime": "2024-09-19 20:21:39.382",
            "ProcessGuid": "{cec53bf7-8743-66ec-42b0-000000000800}",
            "ProcessId": "10128",
            "Image": "C:\\Users\\raulr\\Downloads\\octave-9.2.0-w64-installer.exe",
            "TargetFilename": "C:\\Program Files\\GNU Octave\\Octave-9.2.0\\usr\\bin\\find.exe",
            "CreationUtcTime": "2024-09-19 20:21:39.382",
            "User": "RACM\\raulr"
        }
    },
    {
        "event_id": 11,
        "description": "File creation time changed",
        "time_generated": "2024-09-19T20:21:39.3171692Z",
        "computer_name": "RACM",
        "details": {
            "RuleName": "DLL",
            "UtcTime": "2024-09-19 20:21:39.303",
            "ProcessGuid": "{cec53bf7-8743-66ec-42b0-000000000800}",
            "ProcessId": "10128",
            "Image": "C:\\Users\\raulr\\Downloads\\octave-9.2.0-w64-installer.exe",
            "TargetFilename": "C:\\Program Files\\GNU Octave\\Octave-9.2.0\\usr\\bin\\msys-2.0.dll",
            "CreationUtcTime": "2024-09-19 20:21:39.303",
            "User": "RACM\\raulr"
        }
    },
    {
        "event_id": 11,
        "description": "File creation time changed",
        "time_generated": "2024-09-19T20:21:39.3131392Z",
        "computer_name": "RACM",
        "details": {
            "RuleName": "EXE",
            "UtcTime": "2024-09-19 20:21:39.303",
            "ProcessGuid": "{cec53bf7-8743-66ec-42b0-000000000800}",
            "ProcessId": "10128",
            "Image": "C:\\Users\\raulr\\Downloads\\octave-9.2.0-w64-installer.exe",
            "TargetFilename": "C:\\Program Files\\GNU Octave\\Octave-9.2.0\\usr\\bin\\unix2dos.exe",
            "CreationUtcTime": "2024-09-19 20:21:39.303",
            "User": "RACM\\raulr"
        }
    },
    {
        "event_id": 11,
        "description": "File creation time changed",
        "time_generated": "2024-09-19T20:21:39.3044568Z",
        "computer_name": "RACM",
        "details": {
            "RuleName": "EXE",
            "UtcTime": "2024-09-19 20:21:39.303",
            "ProcessGuid": "{cec53bf7-8743-66ec-42b0-000000000800}",
            "ProcessId": "10128",
            "Image": "C:\\Users\\raulr\\Downloads\\octave-9.2.0-w64-installer.exe",
            "TargetFilename": "C:\\Program Files\\GNU Octave\\Octave-9.2.0\\usr\\bin\\gpgconf.exe",
            "CreationUtcTime": "2024-09-19 20:21:39.303",
            "User": "RACM\\raulr"
        }
    },
    {
        "event_id": 11,
        "description": "File creation time changed",
        "time_generated": "2024-09-19T20:21:39.3015139Z",
        "computer_name": "RACM",
        "details": {
            "RuleName": "EXE",
            "UtcTime": "2024-09-19 20:21:39.296",
            "ProcessGuid": "{cec53bf7-8743-66ec-42b0-000000000800}",
            "ProcessId": "10128",
            "Image": "C:\\Users\\raulr\\Downloads\\octave-9.2.0-w64-installer.exe",
            "TargetFilename": "C:\\Program Files\\GNU Octave\\Octave-9.2.0\\usr\\bin\\pathchk.exe",
            "CreationUtcTime": "2024-09-19 20:21:39.296",
            "User": "RACM\\raulr"
        }
    },
    {
        "event_id": 11,
        "description": "File creation time changed",
        "time_generated": "2024-09-19T20:21:39.2977406Z",
        "computer_name": "RACM",
        "details": {
            "RuleName": "DLL",
            "UtcTime": "2024-09-19 20:21:39.296",
            "ProcessGuid": "{cec53bf7-8743-66ec-42b0-000000000800}",
            "ProcessId": "10128",
            "Image": "C:\\Users\\raulr\\Downloads\\octave-9.2.0-w64-installer.exe",
            "TargetFilename": "C:\\Program Files\\GNU Octave\\Octave-9.2.0\\usr\\bin\\msys-crypt-0.dll",
            "CreationUtcTime": "2024-09-19 20:21:39.296",
            "User": "RACM\\raulr"
        }
    },
    {
        "event_id": 11,
        "description": "File creation time changed",
        "time_generated": "2024-09-19T20:21:39.2851280Z",
        "computer_name": "RACM",
        "details": {
            "RuleName": "EXE",
            "UtcTime": "2024-09-19 20:21:39.272",
            "ProcessGuid": "{cec53bf7-8743-66ec-42b0-000000000800}",
            "ProcessId": "10128",
            "Image": "C:\\Users\\raulr\\Downloads\\octave-9.2.0-w64-installer.exe",
            "TargetFilename": "C:\\Program Files\\GNU Octave\\Octave-9.2.0\\usr\\bin\\diff.exe",
            "CreationUtcTime": "2024-09-19 20:21:39.272",
            "User": "RACM\\raulr"
        }
    },
    {
        "event_id": 11,
        "description": "File creation time changed",
        "time_generated": "2024-09-19T20:21:39.2812778Z",
        "computer_name": "RACM",
        "details": {
            "RuleName": "EXE",
            "UtcTime": "2024-09-19 20:21:39.272",
            "ProcessGuid": "{cec53bf7-8743-66ec-42b0-000000000800}",
            "ProcessId": "10128",
            "Image": "C:\\Users\\raulr\\Downloads\\octave-9.2.0-w64-installer.exe",
            "TargetFilename": "C:\\Program Files\\GNU Octave\\Octave-9.2.0\\usr\\bin\\d2u.exe",
            "CreationUtcTime": "2024-09-19 20:21:39.272",
            "User": "RACM\\raulr"
        }
    },
    {
        "event_id": 11,
        "description": "File creation time changed",
        "time_generated": "2024-09-19T20:21:39.2469319Z",
        "computer_name": "RACM",
        "details": {
            "RuleName": "EXE",
            "UtcTime": "2024-09-19 20:21:39.240",
            "ProcessGuid": "{cec53bf7-8743-66ec-42b0-000000000800}",
            "ProcessId": "10128",
            "Image": "C:\\Users\\raulr\\Downloads\\octave-9.2.0-w64-installer.exe",
            "TargetFilename": "C:\\Program Files\\GNU Octave\\Octave-9.2.0\\usr\\bin\\awk.exe",
            "CreationUtcTime": "2024-09-19 20:21:39.240",
            "User": "RACM\\raulr"
        }
    },
    {
        "event_id": 11,
        "description": "File creation time changed",
        "time_generated": "2024-09-19T20:21:39.2415545Z",
        "computer_name": "RACM",
        "details": {
            "RuleName": "EXE",
            "UtcTime": "2024-09-19 20:21:39.240",
            "ProcessGuid": "{cec53bf7-8743-66ec-42b0-000000000800}",
            "ProcessId": "10128",
            "Image": "C:\\Users\\raulr\\Downloads\\octave-9.2.0-w64-installer.exe",
            "TargetFilename": "C:\\Program Files\\GNU Octave\\Octave-9.2.0\\usr\\bin\\captoinfo.exe",
            "CreationUtcTime": "2024-09-19 20:21:39.240",
            "User": "RACM\\raulr"
        }
    },
    {
        "event_id": 11,
        "description": "File creation time changed",
        "time_generated": "2024-09-19T20:21:39.2028193Z",
        "computer_name": "RACM",
        "details": {
            "RuleName": "DLL",
            "UtcTime": "2024-09-19 20:21:39.196",
            "ProcessGuid": "{cec53bf7-8743-66ec-42b0-000000000800}",
            "ProcessId": "10128",
            "Image": "C:\\Users\\raulr\\Downloads\\octave-9.2.0-w64-installer.exe",
            "TargetFilename": "C:\\Program Files\\GNU Octave\\Octave-9.2.0\\usr\\bin\\msys-p11-kit-0.dll",
            "CreationUtcTime": "2024-09-19 20:21:39.196",
            "User": "RACM\\raulr"
        }
    },
    {
        "event_id": 11,
        "description": "File creation time changed",
        "time_generated": "2024-09-19T20:21:39.1996810Z",
        "computer_name": "RACM",
        "details": {
            "RuleName": "EXE",
            "UtcTime": "2024-09-19 20:21:39.196",
            "ProcessGuid": "{cec53bf7-8743-66ec-42b0-000000000800}",
            "ProcessId": "10128",
            "Image": "C:\\Users\\raulr\\Downloads\\octave-9.2.0-w64-installer.exe",
            "TargetFilename": "C:\\Program Files\\GNU Octave\\Octave-9.2.0\\usr\\bin\\regtool.exe",
            "CreationUtcTime": "2024-09-19 20:21:39.196",
            "User": "RACM\\raulr"
        }
    },
    {
        "event_id": 11,
        "description": "File creation time changed",
        "time_generated": "2024-09-19T20:21:39.1909880Z",
        "computer_name": "RACM",
        "details": {
            "RuleName": "EXE",
            "UtcTime": "2024-09-19 20:21:39.177",
            "ProcessGuid": "{cec53bf7-8743-66ec-42b0-000000000800}",
            "ProcessId": "10128",
            "Image": "C:\\Users\\raulr\\Downloads\\octave-9.2.0-w64-installer.exe",
            "TargetFilename": "C:\\Program Files\\GNU Octave\\Octave-9.2.0\\usr\\bin\\p11-kit.exe",
            "CreationUtcTime": "2024-09-19 20:21:39.177",
            "User": "RACM\\raulr"
        }
    },
    {
        "event_id": 11,
        "description": "File creation time changed",
        "time_generated": "2024-09-19T20:21:39.1842089Z",
        "computer_name": "RACM",
        "details": {
            "RuleName": "EXE",
            "UtcTime": "2024-09-19 20:21:39.177",
            "ProcessGuid": "{cec53bf7-8743-66ec-42b0-000000000800}",
            "ProcessId": "10128",
            "Image": "C:\\Users\\raulr\\Downloads\\octave-9.2.0-w64-installer.exe",
            "TargetFilename": "C:\\Program Files\\GNU Octave\\Octave-9.2.0\\usr\\bin\\env.exe",
            "CreationUtcTime": "2024-09-19 20:21:39.177",
            "User": "RACM\\raulr"
        }
    },
    {
        "event_id": 11,
        "description": "File creation time changed",
        "time_generated": "2024-09-19T20:21:39.1819840Z",
        "computer_name": "RACM",
        "details": {
            "RuleName": "EXE",
            "UtcTime": "2024-09-19 20:21:39.177",
            "ProcessGuid": "{cec53bf7-8743-66ec-42b0-000000000800}",
            "ProcessId": "10128",
            "Image": "C:\\Users\\raulr\\Downloads\\octave-9.2.0-w64-installer.exe",
            "TargetFilename": "C:\\Program Files\\GNU Octave\\Octave-9.2.0\\usr\\bin\\getconf.exe",
            "CreationUtcTime": "2024-09-19 20:21:39.177",
            "User": "RACM\\raulr"
        }
    },
    {
        "event_id": 11,
        "description": "File creation time changed",
        "time_generated": "2024-09-19T20:21:39.1798635Z",
        "computer_name": "RACM",
        "details": {
            "RuleName": "EXE",
            "UtcTime": "2024-09-19 20:21:39.177",
            "ProcessGuid": "{cec53bf7-8743-66ec-42b0-000000000800}",
            "ProcessId": "10128",
            "Image": "C:\\Users\\raulr\\Downloads\\octave-9.2.0-w64-installer.exe",
            "TargetFilename": "C:\\Program Files\\GNU Octave\\Octave-9.2.0\\usr\\bin\\psl.exe",
            "CreationUtcTime": "2024-09-19 20:21:39.177",
            "User": "RACM\\raulr"
        }
    },
    {
        "event_id": 11,
        "description": "File creation time changed",
        "time_generated": "2024-09-19T20:21:39.1765902Z",
        "computer_name": "RACM",
        "details": {
            "RuleName": "EXE",
            "UtcTime": "2024-09-19 20:21:39.170",
            "ProcessGuid": "{cec53bf7-8743-66ec-42b0-000000000800}",
            "ProcessId": "10128",
            "Image": "C:\\Users\\raulr\\Downloads\\octave-9.2.0-w64-installer.exe",
            "TargetFilename": "C:\\Program Files\\GNU Octave\\Octave-9.2.0\\usr\\bin\\u2d.exe",
            "CreationUtcTime": "2024-09-19 20:21:39.170",
            "User": "RACM\\raulr"
        }
    },
    {
        "event_id": 11,
        "description": "File creation time changed",
        "time_generated": "2024-09-19T20:21:39.1714587Z",
        "computer_name": "RACM",
        "details": {
            "RuleName": "EXE",
            "UtcTime": "2024-09-19 20:21:39.170",
            "ProcessGuid": "{cec53bf7-8743-66ec-42b0-000000000800}",
            "ProcessId": "10128",
            "Image": "C:\\Users\\raulr\\Downloads\\octave-9.2.0-w64-installer.exe",
            "TargetFilename": "C:\\Program Files\\GNU Octave\\Octave-9.2.0\\usr\\bin\\uniq.exe",
            "CreationUtcTime": "2024-09-19 20:21:39.161",
            "User": "RACM\\raulr"
        }
    },
    {
        "event_id": 11,
        "description": "File creation time changed",
        "time_generated": "2024-09-19T20:21:39.1054465Z",
        "computer_name": "RACM",
        "details": {
            "RuleName": "DLL",
            "UtcTime": "2024-09-19 20:21:39.100",
            "ProcessGuid": "{cec53bf7-8743-66ec-42b0-000000000800}",
            "ProcessId": "10128",
            "Image": "C:\\Users\\raulr\\Downloads\\octave-9.2.0-w64-installer.exe",
            "TargetFilename": "C:\\Program Files\\GNU Octave\\Octave-9.2.0\\usr\\bin\\msys-icuuc74.dll",
            "CreationUtcTime": "2024-09-19 20:21:39.100",
            "User": "RACM\\raulr"
        }
    },
    {
        "event_id": 11,
        "description": "File creation time changed",
        "time_generated": "2024-09-19T20:21:39.1019595Z",
        "computer_name": "RACM",
        "details": {
            "RuleName": "EXE",
            "UtcTime": "2024-09-19 20:21:39.100",
            "ProcessGuid": "{cec53bf7-8743-66ec-42b0-000000000800}",
            "ProcessId": "10128",
            "Image": "C:\\Users\\raulr\\Downloads\\octave-9.2.0-w64-installer.exe",
            "TargetFilename": "C:\\Program Files\\GNU Octave\\Octave-9.2.0\\usr\\bin\\wc.exe",
            "CreationUtcTime": "2024-09-19 20:21:39.100",
            "User": "RACM\\raulr"
        }
    },
    {
        "event_id": 11,
        "description": "File creation time changed",
        "time_generated": "2024-09-19T20:21:39.0999888Z",
        "computer_name": "RACM",
        "details": {
            "RuleName": "EXE",
            "UtcTime": "2024-09-19 20:21:39.099",
            "ProcessGuid": "{cec53bf7-8743-66ec-42b0-000000000800}",
            "ProcessId": "10128",
            "Image": "C:\\Users\\raulr\\Downloads\\octave-9.2.0-w64-installer.exe",
            "TargetFilename": "C:\\Program Files\\GNU Octave\\Octave-9.2.0\\usr\\bin\\gobject-query.exe",
            "CreationUtcTime": "2024-09-19 20:21:39.099",
            "User": "RACM\\raulr"
        }
    },
    {
        "event_id": 11,
        "description": "File creation time changed",
        "time_generated": "2024-09-19T20:21:39.0968022Z",
        "computer_name": "RACM",
        "details": {
            "RuleName": "DLL",
            "UtcTime": "2024-09-19 20:21:39.096",
            "ProcessGuid": "{cec53bf7-8743-66ec-42b0-000000000800}",
            "ProcessId": "10128",
            "Image": "C:\\Users\\raulr\\Downloads\\octave-9.2.0-w64-installer.exe",
            "TargetFilename": "C:\\Program Files\\GNU Octave\\Octave-9.2.0\\usr\\bin\\msys-mpdec++-4.dll",
            "CreationUtcTime": "2024-09-19 20:21:39.096",
            "User": "RACM\\raulr"
        }
    },
    {
        "event_id": 11,
        "description": "File creation time changed",
        "time_generated": "2024-09-19T20:21:39.0902565Z",
        "computer_name": "RACM",
        "details": {
            "RuleName": "EXE",
            "UtcTime": "2024-09-19 20:21:39.082",
            "ProcessGuid": "{cec53bf7-8743-66ec-42b0-000000000800}",
            "ProcessId": "10128",
            "Image": "C:\\Users\\raulr\\Downloads\\octave-9.2.0-w64-installer.exe",
            "TargetFilename": "C:\\Program Files\\GNU Octave\\Octave-9.2.0\\usr\\bin\\zipsplit.exe",
            "CreationUtcTime": "2024-09-19 20:21:39.082",
            "User": "RACM\\raulr"
        }
    },
    {
        "event_id": 11,
        "description": "File creation time changed",
        "time_generated": "2024-09-19T20:21:39.0797637Z",
        "computer_name": "RACM",
        "details": {
            "RuleName": "DLL",
            "UtcTime": "2024-09-19 20:21:39.067",
            "ProcessGuid": "{cec53bf7-8743-66ec-42b0-000000000800}",
            "ProcessId": "10128",
            "Image": "C:\\Users\\raulr\\Downloads\\octave-9.2.0-w64-installer.exe",
            "TargetFilename": "C:\\Program Files\\GNU Octave\\Octave-9.2.0\\usr\\bin\\msys-idn2-0.dll",
            "CreationUtcTime": "2024-09-19 20:21:39.067",
            "User": "RACM\\raulr"
        }
    },
    {
        "event_id": 11,
        "description": "File creation time changed",
        "time_generated": "2024-09-19T20:21:39.0677319Z",
        "computer_name": "RACM",
        "details": {
            "RuleName": "DLL",
            "UtcTime": "2024-09-19 20:21:39.067",
            "ProcessGuid": "{cec53bf7-8743-66ec-42b0-000000000800}",
            "ProcessId": "10128",
            "Image": "C:\\Users\\raulr\\Downloads\\octave-9.2.0-w64-installer.exe",
            "TargetFilename": "C:\\Program Files\\GNU Octave\\Octave-9.2.0\\usr\\bin\\msys-icutu74.dll",
            "CreationUtcTime": "2024-09-19 20:21:39.067",
            "User": "RACM\\raulr"
        }
    },
    {
        "event_id": 11,
        "description": "File creation time changed",
        "time_generated": "2024-09-19T20:21:39.0628420Z",
        "computer_name": "RACM",
        "details": {
            "RuleName": "EXE",
            "UtcTime": "2024-09-19 20:21:39.057",
            "ProcessGuid": "{cec53bf7-8743-66ec-42b0-000000000800}",
            "ProcessId": "10128",
            "Image": "C:\\Users\\raulr\\Downloads\\octave-9.2.0-w64-installer.exe",
            "TargetFilename": "C:\\Program Files\\GNU Octave\\Octave-9.2.0\\usr\\bin\\mac2unix.exe",
            "CreationUtcTime": "2024-09-19 20:21:39.057",
            "User": "RACM\\raulr"
        }
    },
    {
        "event_id": 11,
        "description": "File creation time changed",
        "time_generated": "2024-09-19T20:21:39.0580159Z",
        "computer_name": "RACM",
        "details": {
            "RuleName": "EXE",
            "UtcTime": "2024-09-19 20:21:39.057",
            "ProcessGuid": "{cec53bf7-8743-66ec-42b0-000000000800}",
            "ProcessId": "10128",
            "Image": "C:\\Users\\raulr\\Downloads\\octave-9.2.0-w64-installer.exe",
            "TargetFilename": "C:\\Program Files\\GNU Octave\\Octave-9.2.0\\usr\\bin\\perl5.38.2.exe",
            "CreationUtcTime": "2024-09-19 20:21:39.057",
            "User": "RACM\\raulr"
        }
    },
    {
        "event_id": 11,
        "description": "File creation time changed",
        "time_generated": "2024-09-19T20:21:39.0476175Z",
        "computer_name": "RACM",
        "details": {
            "RuleName": "EXE",
            "UtcTime": "2024-09-19 20:21:39.035",
            "ProcessGuid": "{cec53bf7-8743-66ec-42b0-000000000800}",
            "ProcessId": "10128",
            "Image": "C:\\Users\\raulr\\Downloads\\octave-9.2.0-w64-installer.exe",
            "TargetFilename": "C:\\Program Files\\GNU Octave\\Octave-9.2.0\\usr\\bin\\stat.exe",
            "CreationUtcTime": "2024-09-19 20:21:39.035",
            "User": "RACM\\raulr"
        }
    },
    {
        "event_id": 11,
        "description": "File creation time changed",
        "time_generated": "2024-09-19T20:21:39.0447056Z",
        "computer_name": "RACM",
        "details": {
            "RuleName": "EXE",
            "UtcTime": "2024-09-19 20:21:39.035",
            "ProcessGuid": "{cec53bf7-8743-66ec-42b0-000000000800}",
            "ProcessId": "10128",
            "Image": "C:\\Users\\raulr\\Downloads\\octave-9.2.0-w64-installer.exe",
            "TargetFilename": "C:\\Program Files\\GNU Octave\\Octave-9.2.0\\usr\\bin\\hostname.exe",
            "CreationUtcTime": "2024-09-19 20:21:39.035",
            "User": "RACM\\raulr"
        }
    },
    {
        "event_id": 11,
        "description": "File creation time changed",
        "time_generated": "2024-09-19T20:21:39.0177689Z",
        "computer_name": "RACM",
        "details": {
            "RuleName": "DLL",
            "UtcTime": "2024-09-19 20:21:39.004",
            "ProcessGuid": "{cec53bf7-8743-66ec-42b0-000000000800}",
            "ProcessId": "10128",
            "Image": "C:\\Users\\raulr\\Downloads\\octave-9.2.0-w64-installer.exe",
            "TargetFilename": "C:\\Program Files\\GNU Octave\\Octave-9.2.0\\usr\\bin\\msys-gmp-10.dll",
            "CreationUtcTime": "2024-09-19 20:21:39.004",
            "User": "RACM\\raulr"
        }
    },
    {
        "event_id": 11,
        "description": "File creation time changed",
        "time_generated": "2024-09-19T20:21:39.0087886Z",
        "computer_name": "RACM",
        "details": {
            "RuleName": "EXE",
            "UtcTime": "2024-09-19 20:21:39.004",
            "ProcessGuid": "{cec53bf7-8743-66ec-42b0-000000000800}",
            "ProcessId": "10128",
            "Image": "C:\\Users\\raulr\\Downloads\\octave-9.2.0-w64-installer.exe",
            "TargetFilename": "C:\\Program Files\\GNU Octave\\Octave-9.2.0\\usr\\bin\\install.exe",
            "CreationUtcTime": "2024-09-19 20:21:39.004",
            "User": "RACM\\raulr"
        }
    },
    {
        "event_id": 11,
        "description": "File creation time changed",
        "time_generated": "2024-09-19T20:21:38.9908484Z",
        "computer_name": "RACM",
        "details": {
            "RuleName": "DLL",
            "UtcTime": "2024-09-19 20:21:38.988",
            "ProcessGuid": "{cec53bf7-8743-66ec-42b0-000000000800}",
            "ProcessId": "10128",
            "Image": "C:\\Users\\raulr\\Downloads\\octave-9.2.0-w64-installer.exe",
            "TargetFilename": "C:\\Program Files\\GNU Octave\\Octave-9.2.0\\usr\\bin\\msys-quadmath-0.dll",
            "CreationUtcTime": "2024-09-19 20:21:38.988",
            "User": "RACM\\raulr"
        }
    },
    {
        "event_id": 11,
        "description": "File creation time changed",
        "time_generated": "2024-09-19T20:21:38.9493072Z",
        "computer_name": "RACM",
        "details": {
            "RuleName": "EXE",
            "UtcTime": "2024-09-19 20:21:38.941",
            "ProcessGuid": "{cec53bf7-8743-66ec-42b0-000000000800}",
            "ProcessId": "10128",
            "Image": "C:\\Users\\raulr\\Downloads\\octave-9.2.0-w64-installer.exe",
            "TargetFilename": "C:\\Program Files\\GNU Octave\\Octave-9.2.0\\usr\\bin\\mintty.exe",
            "CreationUtcTime": "2024-09-19 20:21:38.941",
            "User": "RACM\\raulr"
        }
    },
    {
        "event_id": 11,
        "description": "File creation time changed",
        "time_generated": "2024-09-19T20:21:38.9474681Z",
        "computer_name": "RACM",
        "details": {
            "RuleName": "EXE",
            "UtcTime": "2024-09-19 20:21:38.941",
            "ProcessGuid": "{cec53bf7-8743-66ec-42b0-000000000800}",
            "ProcessId": "10128",
            "Image": "C:\\Users\\raulr\\Downloads\\octave-9.2.0-w64-installer.exe",
            "TargetFilename": "C:\\Program Files\\GNU Octave\\Octave-9.2.0\\usr\\bin\\lsattr.exe",
            "CreationUtcTime": "2024-09-19 20:21:38.941",
            "User": "RACM\\raulr"
        }
    },
    {
        "event_id": 11,
        "description": "File creation time changed",
        "time_generated": "2024-09-19T20:21:38.9369677Z",
        "computer_name": "RACM",
        "details": {
            "RuleName": "DLL",
            "UtcTime": "2024-09-19 20:21:38.925",
            "ProcessGuid": "{cec53bf7-8743-66ec-42b0-000000000800}",
            "ProcessId": "10128",
            "Image": "C:\\Users\\raulr\\Downloads\\octave-9.2.0-w64-installer.exe",
            "TargetFilename": "C:\\Program Files\\GNU Octave\\Octave-9.2.0\\usr\\bin\\msys-mpdec-4.dll",
            "CreationUtcTime": "2024-09-19 20:21:38.925",
            "User": "RACM\\raulr"
        }
    },
    {
        "event_id": 11,
        "description": "File creation time changed",
        "time_generated": "2024-09-19T20:21:38.9268776Z",
        "computer_name": "RACM",
        "details": {
            "RuleName": "EXE",
            "UtcTime": "2024-09-19 20:21:38.925",
            "ProcessGuid": "{cec53bf7-8743-66ec-42b0-000000000800}",
            "ProcessId": "10128",
            "Image": "C:\\Users\\raulr\\Downloads\\octave-9.2.0-w64-installer.exe",
            "TargetFilename": "C:\\Program Files\\GNU Octave\\Octave-9.2.0\\usr\\bin\\patch.exe",
            "CreationUtcTime": "2024-09-19 20:21:38.925",
            "User": "RACM\\raulr"
        }
    },
    {
        "event_id": 11,
        "description": "File creation time changed",
        "time_generated": "2024-09-19T20:21:38.9223141Z",
        "computer_name": "RACM",
        "details": {
            "RuleName": "DLL",
            "UtcTime": "2024-09-19 20:21:38.910",
            "ProcessGuid": "{cec53bf7-8743-66ec-42b0-000000000800}",
            "ProcessId": "10128",
            "Image": "C:\\Users\\raulr\\Downloads\\octave-9.2.0-w64-installer.exe",
            "TargetFilename": "C:\\Program Files\\GNU Octave\\Octave-9.2.0\\usr\\bin\\msys-gmodule-2.0-0.dll",
            "CreationUtcTime": "2024-09-19 20:21:38.910",
            "User": "RACM\\raulr"
        }
    },
    {
        "event_id": 11,
        "description": "File creation time changed",
        "time_generated": "2024-09-19T20:21:38.9175682Z",
        "computer_name": "RACM",
        "details": {
            "RuleName": "DLL",
            "UtcTime": "2024-09-19 20:21:38.910",
            "ProcessGuid": "{cec53bf7-8743-66ec-42b0-000000000800}",
            "ProcessId": "10128",
            "Image": "C:\\Users\\raulr\\Downloads\\octave-9.2.0-w64-installer.exe",
            "TargetFilename": "C:\\Program Files\\GNU Octave\\Octave-9.2.0\\usr\\bin\\msys-ticw6.dll",
            "CreationUtcTime": "2024-09-19 20:21:38.910",
            "User": "RACM\\raulr"
        }
    },
    {
        "event_id": 11,
        "description": "File creation time changed",
        "time_generated": "2024-09-19T20:21:38.9141082Z",
        "computer_name": "RACM",
        "details": {
            "RuleName": "EXE",
            "UtcTime": "2024-09-19 20:21:38.910",
            "ProcessGuid": "{cec53bf7-8743-66ec-42b0-000000000800}",
            "ProcessId": "10128",
            "Image": "C:\\Users\\raulr\\Downloads\\octave-9.2.0-w64-installer.exe",
            "TargetFilename": "C:\\Program Files\\GNU Octave\\Octave-9.2.0\\usr\\bin\\comm.exe",
            "CreationUtcTime": "2024-09-19 20:21:38.910",
            "User": "RACM\\raulr"
        }
    },
    {
        "event_id": 11,
        "description": "File creation time changed",
        "time_generated": "2024-09-19T20:21:38.9074079Z",
        "computer_name": "RACM",
        "details": {
            "RuleName": "EXE",
            "UtcTime": "2024-09-19 20:21:38.896",
            "ProcessGuid": "{cec53bf7-8743-66ec-42b0-000000000800}",
            "ProcessId": "10128",
            "Image": "C:\\Users\\raulr\\Downloads\\octave-9.2.0-w64-installer.exe",
            "TargetFilename": "C:\\Program Files\\GNU Octave\\Octave-9.2.0\\usr\\bin\\csplit.exe",
            "CreationUtcTime": "2024-09-19 20:21:38.896",
            "User": "RACM\\raulr"
        }
    },
    {
        "event_id": 11,
        "description": "File creation time changed",
        "time_generated": "2024-09-19T20:21:38.9054062Z",
        "computer_name": "RACM",
        "details": {
            "RuleName": "EXE",
            "UtcTime": "2024-09-19 20:21:38.896",
            "ProcessGuid": "{cec53bf7-8743-66ec-42b0-000000000800}",
            "ProcessId": "10128",
            "Image": "C:\\Users\\raulr\\Downloads\\octave-9.2.0-w64-installer.exe",
            "TargetFilename": "C:\\Program Files\\GNU Octave\\Octave-9.2.0\\usr\\bin\\chattr.exe",
            "CreationUtcTime": "2024-09-19 20:21:38.896",
            "User": "RACM\\raulr"
        }
    },
    {
        "event_id": 11,
        "description": "File creation time changed",
        "time_generated": "2024-09-19T20:21:38.8975181Z",
        "computer_name": "RACM",
        "details": {
            "RuleName": "EXE",
            "UtcTime": "2024-09-19 20:21:38.896",
            "ProcessGuid": "{cec53bf7-8743-66ec-42b0-000000000800}",
            "ProcessId": "10128",
            "Image": "C:\\Users\\raulr\\Downloads\\octave-9.2.0-w64-installer.exe",
            "TargetFilename": "C:\\Program Files\\GNU Octave\\Octave-9.2.0\\usr\\bin\\df.exe",
            "CreationUtcTime": "2024-09-19 20:21:38.896",
            "User": "RACM\\raulr"
        }
    },
    {
        "event_id": 11,
        "description": "File creation time changed",
        "time_generated": "2024-09-19T20:21:38.8948567Z",
        "computer_name": "RACM",
        "details": {
            "RuleName": "DLL",
            "UtcTime": "2024-09-19 20:21:38.894",
            "ProcessGuid": "{cec53bf7-8743-66ec-42b0-000000000800}",
            "ProcessId": "10128",
            "Image": "C:\\Users\\raulr\\Downloads\\octave-9.2.0-w64-installer.exe",
            "TargetFilename": "C:\\Program Files\\GNU Octave\\Octave-9.2.0\\usr\\bin\\msys-uuid-1.dll",
            "CreationUtcTime": "2024-09-19 20:21:38.894",
            "User": "RACM\\raulr"
        }
    },
    {
        "event_id": 11,
        "description": "File creation time changed",
        "time_generated": "2024-09-19T20:21:38.8908130Z",
        "computer_name": "RACM",
        "details": {
            "RuleName": "EXE",
            "UtcTime": "2024-09-19 20:21:38.878",
            "ProcessGuid": "{cec53bf7-8743-66ec-42b0-000000000800}",
            "ProcessId": "10128",
            "Image": "C:\\Users\\raulr\\Downloads\\octave-9.2.0-w64-installer.exe",
            "TargetFilename": "C:\\Program Files\\GNU Octave\\Octave-9.2.0\\usr\\bin\\dos2unix.exe",
            "CreationUtcTime": "2024-09-19 20:21:38.878",
            "User": "RACM\\raulr"
        }
    },
    {
        "event_id": 11,
        "description": "File creation time changed",
        "time_generated": "2024-09-19T20:21:38.8862183Z",
        "computer_name": "RACM",
        "details": {
            "RuleName": "DLL",
            "UtcTime": "2024-09-19 20:21:38.878",
            "ProcessGuid": "{cec53bf7-8743-66ec-42b0-000000000800}",
            "ProcessId": "10128",
            "Image": "C:\\Users\\raulr\\Downloads\\octave-9.2.0-w64-installer.exe",
            "TargetFilename": "C:\\Program Files\\GNU Octave\\Octave-9.2.0\\usr\\bin\\msys-icuio74.dll",
            "CreationUtcTime": "2024-09-19 20:21:38.878",
            "User": "RACM\\raulr"
        }
    },
    {
        "event_id": 11,
        "description": "File creation time changed",
        "time_generated": "2024-09-19T20:21:38.8825525Z",
        "computer_name": "RACM",
        "details": {
            "RuleName": "EXE",
            "UtcTime": "2024-09-19 20:21:38.878",
            "ProcessGuid": "{cec53bf7-8743-66ec-42b0-000000000800}",
            "ProcessId": "10128",
            "Image": "C:\\Users\\raulr\\Downloads\\octave-9.2.0-w64-installer.exe",
            "TargetFilename": "C:\\Program Files\\GNU Octave\\Octave-9.2.0\\usr\\bin\\base32.exe",
            "CreationUtcTime": "2024-09-19 20:21:38.878",
            "User": "RACM\\raulr"
        }
    },
    {
        "event_id": 11,
        "description": "File creation time changed",
        "time_generated": "2024-09-19T20:21:38.8782115Z",
        "computer_name": "RACM",
        "details": {
            "RuleName": "DLL",
            "UtcTime": "2024-09-19 20:21:38.862",
            "ProcessGuid": "{cec53bf7-8743-66ec-42b0-000000000800}",
            "ProcessId": "10128",
            "Image": "C:\\Users\\raulr\\Downloads\\octave-9.2.0-w64-installer.exe",
            "TargetFilename": "C:\\Program Files\\GNU Octave\\Octave-9.2.0\\usr\\bin\\msys-history8.dll",
            "CreationUtcTime": "2024-09-19 20:21:38.862",
            "User": "RACM\\raulr"
        }
    },
    {
        "event_id": 11,
        "description": "File creation time changed",
        "time_generated": "2024-09-19T20:21:38.8743733Z",
        "computer_name": "RACM",
        "details": {
            "RuleName": "EXE",
            "UtcTime": "2024-09-19 20:21:38.862",
            "ProcessGuid": "{cec53bf7-8743-66ec-42b0-000000000800}",
            "ProcessId": "10128",
            "Image": "C:\\Users\\raulr\\Downloads\\octave-9.2.0-w64-installer.exe",
            "TargetFilename": "C:\\Program Files\\GNU Octave\\Octave-9.2.0\\usr\\bin\\timeout.exe",
            "CreationUtcTime": "2024-09-19 20:21:38.862",
            "User": "RACM\\raulr"
        }
    },
    {
        "event_id": 11,
        "description": "File creation time changed",
        "time_generated": "2024-09-19T20:21:38.8718284Z",
        "computer_name": "RACM",
        "details": {
            "RuleName": "EXE",
            "UtcTime": "2024-09-19 20:21:38.862",
            "ProcessGuid": "{cec53bf7-8743-66ec-42b0-000000000800}",
            "ProcessId": "10128",
            "Image": "C:\\Users\\raulr\\Downloads\\octave-9.2.0-w64-installer.exe",
            "TargetFilename": "C:\\Program Files\\GNU Octave\\Octave-9.2.0\\usr\\bin\\mount.exe",
            "CreationUtcTime": "2024-09-19 20:21:38.862",
            "User": "RACM\\raulr"
        }
    },
    {
        "event_id": 11,
        "description": "File creation time changed",
        "time_generated": "2024-09-19T20:21:38.8611697Z",
        "computer_name": "RACM",
        "details": {
            "RuleName": "DLL",
            "UtcTime": "2024-09-19 20:21:38.848",
            "ProcessGuid": "{cec53bf7-8743-66ec-42b0-000000000800}",
            "ProcessId": "10128",
            "Image": "C:\\Users\\raulr\\Downloads\\octave-9.2.0-w64-installer.exe",
            "TargetFilename": "C:\\Program Files\\GNU Octave\\Octave-9.2.0\\usr\\bin\\msys-lzma-5.dll",
            "CreationUtcTime": "2024-09-19 20:21:38.848",
            "User": "RACM\\raulr"
        }
    },
    {
        "event_id": 11,
        "description": "File creation time changed",
        "time_generated": "2024-09-19T20:21:38.8570279Z",
        "computer_name": "RACM",
        "details": {
            "RuleName": "DLL",
            "UtcTime": "2024-09-19 20:21:38.848",
            "ProcessGuid": "{cec53bf7-8743-66ec-42b0-000000000800}",
            "ProcessId": "10128",
            "Image": "C:\\Users\\raulr\\Downloads\\octave-9.2.0-w64-installer.exe",
            "TargetFilename": "C:\\Program Files\\GNU Octave\\Octave-9.2.0\\usr\\bin\\msys-formw6.dll",
            "CreationUtcTime": "2024-09-19 20:21:38.848",
            "User": "RACM\\raulr"
        }
    },
    {
        "event_id": 11,
        "description": "File creation time changed",
        "time_generated": "2024-09-19T20:21:38.8541135Z",
        "computer_name": "RACM",
        "details": {
            "RuleName": "EXE",
            "UtcTime": "2024-09-19 20:21:38.848",
            "ProcessGuid": "{cec53bf7-8743-66ec-42b0-000000000800}",
            "ProcessId": "10128",
            "Image": "C:\\Users\\raulr\\Downloads\\octave-9.2.0-w64-installer.exe",
            "TargetFilename": "C:\\Program Files\\GNU Octave\\Octave-9.2.0\\usr\\bin\\basename.exe",
            "CreationUtcTime": "2024-09-19 20:21:38.848",
            "User": "RACM\\raulr"
        }
    },
    {
        "event_id": 11,
        "description": "File creation time changed",
        "time_generated": "2024-09-19T20:21:38.8520510Z",
        "computer_name": "RACM",
        "details": {
            "RuleName": "DLL",
            "UtcTime": "2024-09-19 20:21:38.848",
            "ProcessGuid": "{cec53bf7-8743-66ec-42b0-000000000800}",
            "ProcessId": "10128",
            "Image": "C:\\Users\\raulr\\Downloads\\octave-9.2.0-w64-installer.exe",
            "TargetFilename": "C:\\Program Files\\GNU Octave\\Octave-9.2.0\\usr\\bin\\msys-panelw6.dll",
            "CreationUtcTime": "2024-09-19 20:21:38.848",
            "User": "RACM\\raulr"
        }
    },
    {
        "event_id": 11,
        "description": "File creation time changed",
        "time_generated": "2024-09-19T20:21:38.8364561Z",
        "computer_name": "RACM",
        "details": {
            "RuleName": "DLL",
            "UtcTime": "2024-09-19 20:21:38.831",
            "ProcessGuid": "{cec53bf7-8743-66ec-42b0-000000000800}",
            "ProcessId": "10128",
            "Image": "C:\\Users\\raulr\\Downloads\\octave-9.2.0-w64-installer.exe",
            "TargetFilename": "C:\\Program Files\\GNU Octave\\Octave-9.2.0\\usr\\bin\\msys-ncursesw6.dll",
            "CreationUtcTime": "2024-09-19 20:21:38.831",
            "User": "RACM\\raulr"
        }
    },
    {
        "event_id": 11,
        "description": "File creation time changed",
        "time_generated": "2024-09-19T20:21:38.8338119Z",
        "computer_name": "RACM",
        "details": {
            "RuleName": "EXE",
            "UtcTime": "2024-09-19 20:21:38.831",
            "ProcessGuid": "{cec53bf7-8743-66ec-42b0-000000000800}",
            "ProcessId": "10128",
            "Image": "C:\\Users\\raulr\\Downloads\\octave-9.2.0-w64-installer.exe",
            "TargetFilename": "C:\\Program Files\\GNU Octave\\Octave-9.2.0\\usr\\bin\\true.exe",
            "CreationUtcTime": "2024-09-19 20:21:38.831",
            "User": "RACM\\raulr"
        }
    },
    {
        "event_id": 11,
        "description": "File creation time changed",
        "time_generated": "2024-09-19T20:21:38.8317526Z",
        "computer_name": "RACM",
        "details": {
            "RuleName": "EXE",
            "UtcTime": "2024-09-19 20:21:38.831",
            "ProcessGuid": "{cec53bf7-8743-66ec-42b0-000000000800}",
            "ProcessId": "10128",
            "Image": "C:\\Users\\raulr\\Downloads\\octave-9.2.0-w64-installer.exe",
            "TargetFilename": "C:\\Program Files\\GNU Octave\\Octave-9.2.0\\usr\\bin\\setmetamode.exe",
            "CreationUtcTime": "2024-09-19 20:21:38.831",
            "User": "RACM\\raulr"
        }
    },
