    {
        "event_id": 11,
        "description": "File creation time changed",
        "time_generated": "2024-09-19T20:14:59.9160191Z",
        "computer_name": "RACM",
        "details": {
            "RuleName": "T1053",
            "UtcTime": "2024-09-19 20:14:59.914",
            "ProcessGuid": "{cec53bf7-a5cc-66e2-2f00-000000000800}",
            "ProcessId": "2144",
            "Image": "C:\\Windows\\system32\\svchost.exe",
            "TargetFilename": "C:\\Windows\\System32\\Tasks\\Microsoft\\Office\\Office Serviceability Manager",
            "CreationUtcTime": "2024-09-11 14:54:20.741",
            "User": "NT AUTHORITY\\SYSTEM"
        }
    },
    {
        "event_id": 11,
        "description": "File creation time changed",
        "time_generated": "2024-09-19T11:26:40.7033661Z",
        "computer_name": "RACM",
        "details": {
            "RuleName": "DLL",
            "UtcTime": "2024-09-19 11:26:40.702",
            "ProcessGuid": "{cec53bf7-6bf0-66e9-5f57-000000000800}",
            "ProcessId": "9780",
            "Image": "C:\\ProgramData\\Microsoft\\Windows Defender\\Platform\\4.18.24080.9-0\\MsMpEng.exe",
            "TargetFilename": "C:\\ProgramData\\Microsoft\\Windows Defender\\Definition Updates\\{9B5BEDC8-967F-41B4-B9B3-A91C824CC76B}\\mpengine.dll",
            "CreationUtcTime": "2024-09-19 11:26:40.702",
            "User": "NT AUTHORITY\\SYSTEM"
        }
    },
    {
        "event_id": 11,
        "description": "File creation time changed",
        "time_generated": "2024-09-19T11:26:40.0277509Z",
        "computer_name": "RACM",
        "details": {
            "RuleName": "EXE",
            "UtcTime": "2024-09-19 11:26:40.027",
            "ProcessGuid": "{cec53bf7-0a6a-66ec-72ab-000000000800}",
            "ProcessId": "24036",
            "Image": "C:\\Windows\\system32\\svchost.exe",
            "TargetFilename": "C:\\Windows\\SoftwareDistribution\\Download\\Install\\AM_Delta_Patch_1.419.50.0.exe",
            "CreationUtcTime": "2024-09-19 11:26:40.027",
            "User": "NT AUTHORITY\\SYSTEM"
        }
    },
    {
        "event_id": 11,
        "description": "File creation time changed",
        "time_generated": "2024-09-19T11:10:15.0076255Z",
        "computer_name": "RACM",
        "details": {
            "RuleName": "-",
            "UtcTime": "2024-09-19 11:10:15.006",
            "ProcessGuid": "{cec53bf7-0696-66ec-5aa9-000000000800}",
            "ProcessId": "7004",
            "Image": "C:\\Windows\\System32\\WindowsPowerShell\\v1.0\\powershell.exe",
            "TargetFilename": "C:\\Users\\raulr\\AppData\\Local\\Temp\\__PSScriptPolicyTest_mujg545o.qih.ps1",
            "CreationUtcTime": "2024-09-19 11:10:15.006",
            "User": "RACM\\raulr"
        }
    },
    {
        "event_id": 11,
        "description": "File creation time changed",
        "time_generated": "2024-09-19T11:04:01.9038032Z",
        "computer_name": "RACM",
        "details": {
            "RuleName": "-",
            "UtcTime": "2024-09-19 11:04:01.903",
            "ProcessGuid": "{cec53bf7-0521-66ec-15a9-000000000800}",
            "ProcessId": "24836",
            "Image": "C:\\Windows\\System32\\WindowsPowerShell\\v1.0\\powershell.exe",
            "TargetFilename": "C:\\Users\\raulr\\AppData\\Local\\Temp\\__PSScriptPolicyTest_kvlj55oj.bdj.ps1",
            "CreationUtcTime": "2024-09-19 11:04:01.902",
            "User": "RACM\\raulr"
        }
    },
    {
        "event_id": 11,
        "description": "File creation time changed",
        "time_generated": "2024-09-19T11:00:15.9145795Z",
        "computer_name": "RACM",
        "details": {
            "RuleName": "-",
            "UtcTime": "2024-09-19 11:00:15.914",
            "ProcessGuid": "{cec53bf7-043f-66ec-94a7-000000000800}",
            "ProcessId": "20884",
            "Image": "C:\\Windows\\system32\\WerFault.exe",
            "TargetFilename": "C:\\Users\\raulr\\AppData\\Local\\CrashDumps\\python.exe.24396.dmp",
            "CreationUtcTime": "2024-09-19 11:00:15.914",
            "User": "RACM\\raulr"
        }
    },
    {
        "event_id": 11,
        "description": "File creation time changed",
        "time_generated": "2024-09-19T11:00:15.6079363Z",
        "computer_name": "RACM",
        "details": {
            "RuleName": "-",
            "UtcTime": "2024-09-19 11:00:15.607",
            "ProcessGuid": "{cec53bf7-043f-66ec-94a7-000000000800}",
            "ProcessId": "20884",
            "Image": "C:\\Windows\\system32\\WerFault.exe",
            "TargetFilename": "C:\\ProgramData\\Microsoft\\Windows\\WER\\Temp\\WER.2c76f494-5a39-4647-b5cf-435c3f40c739.tmp.dmp",
            "CreationUtcTime": "2024-09-19 11:00:15.606",
            "User": "RACM\\raulr"
        }
    },
    {
        "event_id": 11,
        "description": "File creation time changed",
        "time_generated": "2024-09-19T10:57:14.5187312Z",
        "computer_name": "RACM",
        "details": {
            "RuleName": "-",
            "UtcTime": "2024-09-19 10:57:14.517",
            "ProcessGuid": "{cec53bf7-038a-66ec-12a7-000000000800}",
            "ProcessId": "4008",
            "Image": "C:\\Windows\\system32\\WerFault.exe",
            "TargetFilename": "C:\\Users\\raulr\\AppData\\Local\\CrashDumps\\python.exe.8200.dmp",
            "CreationUtcTime": "2024-09-19 10:57:14.517",
            "User": "RACM\\raulr"
        }
    },
    {
        "event_id": 11,
        "description": "File creation time changed",
        "time_generated": "2024-09-19T10:57:14.1966489Z",
        "computer_name": "RACM",
        "details": {
            "RuleName": "-",
            "UtcTime": "2024-09-19 10:57:14.195",
            "ProcessGuid": "{cec53bf7-038a-66ec-12a7-000000000800}",
            "ProcessId": "4008",
            "Image": "C:\\Windows\\system32\\WerFault.exe",
            "TargetFilename": "C:\\ProgramData\\Microsoft\\Windows\\WER\\Temp\\WER.d6ee50fb-5f74-4eb9-b18b-070e04917980.tmp.dmp",
            "CreationUtcTime": "2024-09-19 10:57:14.195",
            "User": "RACM\\raulr"
        }
    },
    {
        "event_id": 11,
        "description": "File creation time changed",
        "time_generated": "2024-09-19T10:53:40.9748922Z",
        "computer_name": "RACM",
        "details": {
            "RuleName": "-",
            "UtcTime": "2024-09-19 10:53:40.973",
            "ProcessGuid": "{cec53bf7-02b4-66ec-94a6-000000000800}",
            "ProcessId": "2860",
            "Image": "C:\\Windows\\system32\\WerFault.exe",
            "TargetFilename": "C:\\Users\\raulr\\AppData\\Local\\CrashDumps\\python.exe.23524.dmp",
            "CreationUtcTime": "2024-09-19 10:53:40.973",
            "User": "RACM\\raulr"
        }
    },
    {
        "event_id": 11,
        "description": "File creation time changed",
        "time_generated": "2024-09-19T10:53:40.6577599Z",
        "computer_name": "RACM",
        "details": {
            "RuleName": "-",
            "UtcTime": "2024-09-19 10:53:40.657",
            "ProcessGuid": "{cec53bf7-02b4-66ec-94a6-000000000800}",
            "ProcessId": "2860",
            "Image": "C:\\Windows\\system32\\WerFault.exe",
            "TargetFilename": "C:\\ProgramData\\Microsoft\\Windows\\WER\\Temp\\WER.aacfc989-b9c8-418d-9bf1-7859ad446d36.tmp.dmp",
            "CreationUtcTime": "2024-09-19 10:53:40.657",
            "User": "RACM\\raulr"
        }
    },
    {
        "event_id": 11,
        "description": "File creation time changed",
        "time_generated": "2024-09-19T10:53:24.7849668Z",
        "computer_name": "RACM",
        "details": {
            "RuleName": "-",
            "UtcTime": "2024-09-19 10:53:24.784",
            "ProcessGuid": "{cec53bf7-02a4-66ec-63a6-000000000800}",
            "ProcessId": "10148",
            "Image": "C:\\Windows\\system32\\WerFault.exe",
            "TargetFilename": "C:\\Users\\raulr\\AppData\\Local\\CrashDumps\\python.exe.17512.dmp",
            "CreationUtcTime": "2024-09-19 10:53:24.783",
            "User": "RACM\\raulr"
        }
    },
    {
        "event_id": 11,
        "description": "File creation time changed",
        "time_generated": "2024-09-19T10:53:24.4785479Z",
        "computer_name": "RACM",
        "details": {
            "RuleName": "-",
            "UtcTime": "2024-09-19 10:53:24.478",
            "ProcessGuid": "{cec53bf7-02a4-66ec-63a6-000000000800}",
            "ProcessId": "10148",
            "Image": "C:\\Windows\\system32\\WerFault.exe",
            "TargetFilename": "C:\\ProgramData\\Microsoft\\Windows\\WER\\Temp\\WER.f370fb9f-7089-4856-8644-90564099c9cc.tmp.dmp",
            "CreationUtcTime": "2024-09-19 10:53:24.478",
            "User": "RACM\\raulr"
        }
    },
    {
        "event_id": 11,
        "description": "File creation time changed",
        "time_generated": "2024-09-19T10:53:06.2009063Z",
        "computer_name": "RACM",
        "details": {
            "RuleName": "-",
            "UtcTime": "2024-09-19 10:53:06.200",
            "ProcessGuid": "{cec53bf7-0291-66ec-d0a5-000000000800}",
            "ProcessId": "7764",
            "Image": "C:\\Windows\\system32\\WerFault.exe",
            "TargetFilename": "C:\\Users\\raulr\\AppData\\Local\\CrashDumps\\python.exe.15428.dmp",
            "CreationUtcTime": "2024-09-19 10:53:06.199",
            "User": "RACM\\raulr"
        }
    },
    {
        "event_id": 11,
        "description": "File creation time changed",
        "time_generated": "2024-09-19T10:53:05.8890122Z",
        "computer_name": "RACM",
        "details": {
            "RuleName": "-",
            "UtcTime": "2024-09-19 10:53:05.888",
            "ProcessGuid": "{cec53bf7-0291-66ec-d0a5-000000000800}",
            "ProcessId": "7764",
            "Image": "C:\\Windows\\system32\\WerFault.exe",
            "TargetFilename": "C:\\ProgramData\\Microsoft\\Windows\\WER\\Temp\\WER.3ba48337-b383-412e-9087-1c50dcda9280.tmp.dmp",
            "CreationUtcTime": "2024-09-19 10:53:05.888",
            "User": "RACM\\raulr"
        }
    },
    {
        "event_id": 11,
        "description": "File creation time changed",
        "time_generated": "2024-09-19T10:50:22.0239111Z",
        "computer_name": "RACM",
        "details": {
            "RuleName": "-",
            "UtcTime": "2024-09-19 10:50:22.023",
            "ProcessGuid": "{cec53bf7-01ed-66ec-9fa5-000000000800}",
            "ProcessId": "24448",
            "Image": "C:\\Windows\\system32\\WerFault.exe",
            "TargetFilename": "C:\\Users\\raulr\\AppData\\Local\\CrashDumps\\python.exe.7416.dmp",
            "CreationUtcTime": "2024-09-19 10:50:22.023",
            "User": "RACM\\raulr"
        }
    },
    {
        "event_id": 11,
        "description": "File creation time changed",
        "time_generated": "2024-09-19T10:50:21.7156694Z",
        "computer_name": "RACM",
        "details": {
            "RuleName": "-",
            "UtcTime": "2024-09-19 10:50:21.714",
            "ProcessGuid": "{cec53bf7-01ed-66ec-9fa5-000000000800}",
            "ProcessId": "24448",
            "Image": "C:\\Windows\\system32\\WerFault.exe",
            "TargetFilename": "C:\\ProgramData\\Microsoft\\Windows\\WER\\Temp\\WER.4b3b2d30-083f-4337-bb8f-d70e1b0f5f71.tmp.dmp",
            "CreationUtcTime": "2024-09-19 10:50:21.714",
            "User": "RACM\\raulr"
        }
    },
    {
        "event_id": 11,
        "description": "File creation time changed",
        "time_generated": "2024-09-19T10:46:13.5713988Z",
        "computer_name": "RACM",
        "details": {
            "RuleName": "-",
            "UtcTime": "2024-09-19 10:46:13.570",
            "ProcessGuid": "{cec53bf7-00f5-66ec-64a4-000000000800}",
            "ProcessId": "14572",
            "Image": "C:\\Windows\\system32\\WerFault.exe",
            "TargetFilename": "C:\\Users\\raulr\\AppData\\Local\\CrashDumps\\python.exe.11812.dmp",
            "CreationUtcTime": "2024-09-19 10:46:13.570",
            "User": "RACM\\raulr"
        }
    },
    {
        "event_id": 11,
        "description": "File creation time changed",
        "time_generated": "2024-09-19T10:46:13.2850393Z",
        "computer_name": "RACM",
        "details": {
            "RuleName": "-",
            "UtcTime": "2024-09-19 10:46:13.283",
            "ProcessGuid": "{cec53bf7-00f5-66ec-64a4-000000000800}",
            "ProcessId": "14572",
            "Image": "C:\\Windows\\system32\\WerFault.exe",
            "TargetFilename": "C:\\ProgramData\\Microsoft\\Windows\\WER\\Temp\\WER.df691610-5eae-432a-b7e4-027f6dd814df.tmp.dmp",
            "CreationUtcTime": "2024-09-19 10:46:13.283",
            "User": "RACM\\raulr"
        }
    },
    {
        "event_id": 11,
        "description": "File creation time changed",
        "time_generated": "2024-09-19T10:44:30.0495522Z",
        "computer_name": "RACM",
        "details": {
            "RuleName": "-",
            "UtcTime": "2024-09-19 10:44:30.049",
            "ProcessGuid": "{cec53bf7-008d-66ec-c5a3-000000000800}",
            "ProcessId": "25516",
            "Image": "C:\\Windows\\system32\\WerFault.exe",
            "TargetFilename": "C:\\Users\\raulr\\AppData\\Local\\CrashDumps\\python.exe.11688.dmp",
            "CreationUtcTime": "2024-09-19 10:44:30.049",
            "User": "RACM\\raulr"
        }
    },
    {
        "event_id": 11,
        "description": "File creation time changed",
        "time_generated": "2024-09-19T10:44:29.7324238Z",
        "computer_name": "RACM",
        "details": {
            "RuleName": "-",
            "UtcTime": "2024-09-19 10:44:29.731",
            "ProcessGuid": "{cec53bf7-008d-66ec-c5a3-000000000800}",
            "ProcessId": "25516",
            "Image": "C:\\Windows\\system32\\WerFault.exe",
            "TargetFilename": "C:\\ProgramData\\Microsoft\\Windows\\WER\\Temp\\WER.67aa3aea-fa48-48ab-a306-0560628b2320.tmp.dmp",
            "CreationUtcTime": "2024-09-19 10:44:29.731",
            "User": "RACM\\raulr"
        }
    },
    {
        "event_id": 11,
        "description": "File creation time changed",
        "time_generated": "2024-09-19T10:44:04.7234120Z",
        "computer_name": "RACM",
        "details": {
            "RuleName": "-",
            "UtcTime": "2024-09-19 10:44:04.722",
            "ProcessGuid": "{cec53bf7-0074-66ec-98a3-000000000800}",
            "ProcessId": "13616",
            "Image": "C:\\Windows\\system32\\WerFault.exe",
            "TargetFilename": "C:\\Users\\raulr\\AppData\\Local\\CrashDumps\\python.exe.23700.dmp",
            "CreationUtcTime": "2024-09-19 10:44:04.722",
            "User": "RACM\\raulr"
        }
    },
    {
        "event_id": 11,
        "description": "File creation time changed",
        "time_generated": "2024-09-19T10:44:04.4134321Z",
        "computer_name": "RACM",
        "details": {
            "RuleName": "-",
            "UtcTime": "2024-09-19 10:44:04.413",
            "ProcessGuid": "{cec53bf7-0074-66ec-98a3-000000000800}",
            "ProcessId": "13616",
            "Image": "C:\\Windows\\system32\\WerFault.exe",
            "TargetFilename": "C:\\ProgramData\\Microsoft\\Windows\\WER\\Temp\\WER.debf0200-bcb6-4906-86b7-1c61789d875b.tmp.dmp",
            "CreationUtcTime": "2024-09-19 10:44:04.413",
            "User": "RACM\\raulr"
        }
    },
    {
        "event_id": 11,
        "description": "File creation time changed",
        "time_generated": "2024-09-19T10:43:22.6756021Z",
        "computer_name": "RACM",
        "details": {
            "RuleName": "-",
            "UtcTime": "2024-09-19 10:43:22.674",
            "ProcessGuid": "{cec53bf7-004a-66ec-4da3-000000000800}",
            "ProcessId": "6044",
            "Image": "C:\\Windows\\system32\\WerFault.exe",
            "TargetFilename": "C:\\Users\\raulr\\AppData\\Local\\CrashDumps\\python.exe.2464.dmp",
            "CreationUtcTime": "2024-09-19 10:43:22.674",
            "User": "RACM\\raulr"
        }
    },
    {
        "event_id": 11,
        "description": "File creation time changed",
        "time_generated": "2024-09-19T10:43:22.3676598Z",
        "computer_name": "RACM",
        "details": {
            "RuleName": "-",
            "UtcTime": "2024-09-19 10:43:22.366",
            "ProcessGuid": "{cec53bf7-004a-66ec-4da3-000000000800}",
            "ProcessId": "6044",
            "Image": "C:\\Windows\\system32\\WerFault.exe",
            "TargetFilename": "C:\\ProgramData\\Microsoft\\Windows\\WER\\Temp\\WER.33d71ec8-1d2c-44fb-aee0-10a6ed359198.tmp.dmp",
            "CreationUtcTime": "2024-09-19 10:43:22.366",
            "User": "RACM\\raulr"
        }
    },
    {
        "event_id": 11,
        "description": "File creation time changed",
        "time_generated": "2024-09-19T10:41:34.3322442Z",
        "computer_name": "RACM",
        "details": {
            "RuleName": "-",
            "UtcTime": "2024-09-19 10:41:34.331",
            "ProcessGuid": "{cec53bf7-ffdd-66eb-9fa2-000000000800}",
            "ProcessId": "16904",
            "Image": "C:\\Windows\\system32\\WerFault.exe",
            "TargetFilename": "C:\\Users\\raulr\\AppData\\Local\\CrashDumps\\python.exe.5708.dmp",
            "CreationUtcTime": "2024-09-19 10:41:34.331",
            "User": "RACM\\raulr"
        }
    },
    {
        "event_id": 11,
        "description": "File creation time changed",
        "time_generated": "2024-09-19T10:41:34.0044472Z",
        "computer_name": "RACM",
        "details": {
            "RuleName": "-",
            "UtcTime": "2024-09-19 10:41:34.004",
            "ProcessGuid": "{cec53bf7-ffdd-66eb-9fa2-000000000800}",
            "ProcessId": "16904",
            "Image": "C:\\Windows\\system32\\WerFault.exe",
            "TargetFilename": "C:\\ProgramData\\Microsoft\\Windows\\WER\\Temp\\WER.7c4d70cd-580e-4003-9782-d855c85dd8f2.tmp.dmp",
            "CreationUtcTime": "2024-09-19 10:41:34.004",
            "User": "RACM\\raulr"
        }
    },
    {
        "event_id": 11,
        "description": "File creation time changed",
        "time_generated": "2024-09-19T08:26:12.8422373Z",
        "computer_name": "RACM",
        "details": {
            "RuleName": "-",
            "UtcTime": "2024-09-19 08:26:12.840",
            "ProcessGuid": "{cec53bf7-e024-66eb-058b-000000000800}",
            "ProcessId": "19008",
            "Image": "C:\\Windows\\System32\\WindowsPowerShell\\v1.0\\powershell.exe",
            "TargetFilename": "C:\\Users\\raulr\\AppData\\Local\\Temp\\__PSScriptPolicyTest_lfesaggo.20f.ps1",
            "CreationUtcTime": "2024-09-19 08:26:12.840",
            "User": "RACM\\raulr"
        }
    },
    {
        "event_id": 11,
        "description": "File creation time changed",
        "time_generated": "2024-09-19T08:23:16.7392439Z",
        "computer_name": "RACM",
        "details": {
            "RuleName": "-",
            "UtcTime": "2024-09-19 08:23:16.738",
            "ProcessGuid": "{cec53bf7-df74-66eb-f78a-000000000800}",
            "ProcessId": "24172",
            "Image": "C:\\Windows\\System32\\WindowsPowerShell\\v1.0\\powershell.exe",
            "TargetFilename": "C:\\Users\\raulr\\AppData\\Local\\Temp\\__PSScriptPolicyTest_5bwdmyvh.gfa.ps1",
            "CreationUtcTime": "2024-09-19 08:23:16.738",
            "User": "RACM\\raulr"
        }
    },
    {
        "event_id": 11,
        "description": "File creation time changed",
        "time_generated": "2024-09-19T08:22:49.0731715Z",
        "computer_name": "RACM",
        "details": {
            "RuleName": "-",
            "UtcTime": "2024-09-19 08:22:49.071",
            "ProcessGuid": "{cec53bf7-df58-66eb-ee8a-000000000800}",
            "ProcessId": "13096",
            "Image": "C:\\Windows\\System32\\WindowsPowerShell\\v1.0\\powershell.exe",
            "TargetFilename": "C:\\Users\\raulr\\AppData\\Local\\Temp\\__PSScriptPolicyTest_q0prggum.rtb.ps1",
            "CreationUtcTime": "2024-09-19 08:22:49.071",
            "User": "RACM\\raulr"
        }
    },
    {
        "event_id": 11,
        "description": "File creation time changed",
        "time_generated": "2024-09-19T08:13:49.7254863Z",
        "computer_name": "RACM",
        "details": {
            "RuleName": "DLL",
            "UtcTime": "2024-09-19 08:13:49.724",
            "ProcessGuid": "{cec53bf7-dccf-66eb-d589-000000000800}",
            "ProcessId": "24716",
            "Image": "C:\\Windows\\system32\\svchost.exe",
            "TargetFilename": "C:\\Program Files\\WindowsApps\\Microsoft.Windows.DevHome_0.1800.625.0_x64__8wekyb3d8bbwe\\zh-TW\\DevHome.resources.dll",
            "CreationUtcTime": "2024-09-19 08:13:49.724",
            "User": "NT AUTHORITY\\SYSTEM"
        }
    },
    {
        "event_id": 11,
        "description": "File creation time changed",
        "time_generated": "2024-09-19T08:13:49.7248682Z",
        "computer_name": "RACM",
        "details": {
            "RuleName": "DLL",
            "UtcTime": "2024-09-19 08:13:49.724",
            "ProcessGuid": "{cec53bf7-dccf-66eb-d589-000000000800}",
            "ProcessId": "24716",
            "Image": "C:\\Windows\\system32\\svchost.exe",
            "TargetFilename": "C:\\Program Files\\WindowsApps\\Microsoft.Windows.DevHome_0.1800.625.0_x64__8wekyb3d8bbwe\\zh-CN\\DevHome.resources.dll",
            "CreationUtcTime": "2024-09-19 08:13:49.724",
            "User": "NT AUTHORITY\\SYSTEM"
        }
    },
    {
        "event_id": 11,
        "description": "File creation time changed",
        "time_generated": "2024-09-19T08:13:49.7241911Z",
        "computer_name": "RACM",
        "details": {
            "RuleName": "DLL",
            "UtcTime": "2024-09-19 08:13:49.723",
            "ProcessGuid": "{cec53bf7-dccf-66eb-d589-000000000800}",
            "ProcessId": "24716",
            "Image": "C:\\Windows\\system32\\svchost.exe",
            "TargetFilename": "C:\\Program Files\\WindowsApps\\Microsoft.Windows.DevHome_0.1800.625.0_x64__8wekyb3d8bbwe\\vi-VN\\DevHome.resources.dll",
            "CreationUtcTime": "2024-09-19 08:13:49.723",
            "User": "NT AUTHORITY\\SYSTEM"
        }
    },
    {
        "event_id": 11,
        "description": "File creation time changed",
        "time_generated": "2024-09-19T08:13:49.7235579Z",
        "computer_name": "RACM",
        "details": {
            "RuleName": "DLL",
            "UtcTime": "2024-09-19 08:13:49.723",
            "ProcessGuid": "{cec53bf7-dccf-66eb-d589-000000000800}",
            "ProcessId": "24716",
            "Image": "C:\\Windows\\system32\\svchost.exe",
            "TargetFilename": "C:\\Program Files\\WindowsApps\\Microsoft.Windows.DevHome_0.1800.625.0_x64__8wekyb3d8bbwe\\uk-UA\\DevHome.resources.dll",
            "CreationUtcTime": "2024-09-19 08:13:49.722",
            "User": "NT AUTHORITY\\SYSTEM"
        }
    },
    {
        "event_id": 11,
        "description": "File creation time changed",
        "time_generated": "2024-09-19T08:13:49.7228338Z",
        "computer_name": "RACM",
        "details": {
            "RuleName": "DLL",
            "UtcTime": "2024-09-19 08:13:49.722",
            "ProcessGuid": "{cec53bf7-dccf-66eb-d589-000000000800}",
            "ProcessId": "24716",
            "Image": "C:\\Windows\\system32\\svchost.exe",
            "TargetFilename": "C:\\Program Files\\WindowsApps\\Microsoft.Windows.DevHome_0.1800.625.0_x64__8wekyb3d8bbwe\\tr-TR\\DevHome.resources.dll",
            "CreationUtcTime": "2024-09-19 08:13:49.722",
            "User": "NT AUTHORITY\\SYSTEM"
        }
    },
    {
        "event_id": 11,
        "description": "File creation time changed",
        "time_generated": "2024-09-19T08:13:49.7222005Z",
        "computer_name": "RACM",
        "details": {
            "RuleName": "DLL",
            "UtcTime": "2024-09-19 08:13:49.721",
            "ProcessGuid": "{cec53bf7-dccf-66eb-d589-000000000800}",
            "ProcessId": "24716",
            "Image": "C:\\Windows\\system32\\svchost.exe",
            "TargetFilename": "C:\\Program Files\\WindowsApps\\Microsoft.Windows.DevHome_0.1800.625.0_x64__8wekyb3d8bbwe\\th-TH\\DevHome.resources.dll",
            "CreationUtcTime": "2024-09-19 08:13:49.721",
            "User": "NT AUTHORITY\\SYSTEM"
        }
    },
    {
        "event_id": 11,
        "description": "File creation time changed",
        "time_generated": "2024-09-19T08:13:49.7217646Z",
        "computer_name": "RACM",
        "details": {
            "RuleName": "DLL",
            "UtcTime": "2024-09-19 08:13:49.721",
            "ProcessGuid": "{cec53bf7-dccf-66eb-d589-000000000800}",
            "ProcessId": "24716",
            "Image": "C:\\Windows\\system32\\svchost.exe",
            "TargetFilename": "C:\\Program Files\\WindowsApps\\Microsoft.Windows.DevHome_0.1800.625.0_x64__8wekyb3d8bbwe\\sv-SE\\DevHome.resources.dll",
            "CreationUtcTime": "2024-09-19 08:13:49.721",
            "User": "NT AUTHORITY\\SYSTEM"
        }
    },
    {
        "event_id": 11,
        "description": "File creation time changed",
        "time_generated": "2024-09-19T08:13:49.7211571Z",
        "computer_name": "RACM",
        "details": {
            "RuleName": "DLL",
            "UtcTime": "2024-09-19 08:13:49.721",
            "ProcessGuid": "{cec53bf7-dccf-66eb-d589-000000000800}",
            "ProcessId": "24716",
            "Image": "C:\\Windows\\system32\\svchost.exe",
            "TargetFilename": "C:\\Program Files\\WindowsApps\\Microsoft.Windows.DevHome_0.1800.625.0_x64__8wekyb3d8bbwe\\sr-Latn-RS\\DevHome.resources.dll",
            "CreationUtcTime": "2024-09-19 08:13:49.719",
            "User": "NT AUTHORITY\\SYSTEM"
        }
    },
    {
        "event_id": 11,
        "description": "File creation time changed",
        "time_generated": "2024-09-19T08:13:49.7206460Z",
        "computer_name": "RACM",
        "details": {
            "RuleName": "DLL",
            "UtcTime": "2024-09-19 08:13:49.719",
            "ProcessGuid": "{cec53bf7-dccf-66eb-d589-000000000800}",
            "ProcessId": "24716",
            "Image": "C:\\Windows\\system32\\svchost.exe",
            "TargetFilename": "C:\\Program Files\\WindowsApps\\Microsoft.Windows.DevHome_0.1800.625.0_x64__8wekyb3d8bbwe\\sr-Cyrl-RS\\DevHome.resources.dll",
            "CreationUtcTime": "2024-09-19 08:13:49.719",
            "User": "NT AUTHORITY\\SYSTEM"
        }
    },
    {
        "event_id": 11,
        "description": "File creation time changed",
        "time_generated": "2024-09-19T08:13:49.7200672Z",
        "computer_name": "RACM",
        "details": {
            "RuleName": "DLL",
            "UtcTime": "2024-09-19 08:13:49.719",
            "ProcessGuid": "{cec53bf7-dccf-66eb-d589-000000000800}",
            "ProcessId": "24716",
            "Image": "C:\\Windows\\system32\\svchost.exe",
            "TargetFilename": "C:\\Program Files\\WindowsApps\\Microsoft.Windows.DevHome_0.1800.625.0_x64__8wekyb3d8bbwe\\sl-SI\\DevHome.resources.dll",
            "CreationUtcTime": "2024-09-19 08:13:49.718",
            "User": "NT AUTHORITY\\SYSTEM"
        }
    },
    {
        "event_id": 11,
        "description": "File creation time changed",
        "time_generated": "2024-09-19T08:13:49.7196098Z",
        "computer_name": "RACM",
        "details": {
            "RuleName": "DLL",
            "UtcTime": "2024-09-19 08:13:49.718",
            "ProcessGuid": "{cec53bf7-dccf-66eb-d589-000000000800}",
            "ProcessId": "24716",
            "Image": "C:\\Windows\\system32\\svchost.exe",
            "TargetFilename": "C:\\Program Files\\WindowsApps\\Microsoft.Windows.DevHome_0.1800.625.0_x64__8wekyb3d8bbwe\\sk-SK\\DevHome.resources.dll",
            "CreationUtcTime": "2024-09-19 08:13:49.718",
            "User": "NT AUTHORITY\\SYSTEM"
        }
    },
    {
        "event_id": 11,
        "description": "File creation time changed",
        "time_generated": "2024-09-19T08:13:49.7191303Z",
        "computer_name": "RACM",
        "details": {
            "RuleName": "DLL",
            "UtcTime": "2024-09-19 08:13:49.718",
            "ProcessGuid": "{cec53bf7-dccf-66eb-d589-000000000800}",
            "ProcessId": "24716",
            "Image": "C:\\Windows\\system32\\svchost.exe",
            "TargetFilename": "C:\\Program Files\\WindowsApps\\Microsoft.Windows.DevHome_0.1800.625.0_x64__8wekyb3d8bbwe\\ru-RU\\DevHome.resources.dll",
            "CreationUtcTime": "2024-09-19 08:13:49.718",
            "User": "NT AUTHORITY\\SYSTEM"
        }
    },
    {
        "event_id": 11,
        "description": "File creation time changed",
        "time_generated": "2024-09-19T08:13:49.7186763Z",
        "computer_name": "RACM",
        "details": {
            "RuleName": "DLL",
            "UtcTime": "2024-09-19 08:13:49.718",
            "ProcessGuid": "{cec53bf7-dccf-66eb-d589-000000000800}",
            "ProcessId": "24716",
            "Image": "C:\\Windows\\system32\\svchost.exe",
            "TargetFilename": "C:\\Program Files\\WindowsApps\\Microsoft.Windows.DevHome_0.1800.625.0_x64__8wekyb3d8bbwe\\ro-RO\\DevHome.resources.dll",
            "CreationUtcTime": "2024-09-19 08:13:49.718",
            "User": "NT AUTHORITY\\SYSTEM"
        }
    },
    {
        "event_id": 11,
        "description": "File creation time changed",
        "time_generated": "2024-09-19T08:13:49.7182805Z",
        "computer_name": "RACM",
        "details": {
            "RuleName": "DLL",
            "UtcTime": "2024-09-19 08:13:49.717",
            "ProcessGuid": "{cec53bf7-dccf-66eb-d589-000000000800}",
            "ProcessId": "24716",
            "Image": "C:\\Windows\\system32\\svchost.exe",
            "TargetFilename": "C:\\Program Files\\WindowsApps\\Microsoft.Windows.DevHome_0.1800.625.0_x64__8wekyb3d8bbwe\\pt-PT\\DevHome.resources.dll",
            "CreationUtcTime": "2024-09-19 08:13:49.717",
            "User": "NT AUTHORITY\\SYSTEM"
        }
    },
    {
        "event_id": 11,
        "description": "File creation time changed",
        "time_generated": "2024-09-19T08:13:49.7178535Z",
        "computer_name": "RACM",
        "details": {
            "RuleName": "DLL",
            "UtcTime": "2024-09-19 08:13:49.717",
            "ProcessGuid": "{cec53bf7-dccf-66eb-d589-000000000800}",
            "ProcessId": "24716",
            "Image": "C:\\Windows\\system32\\svchost.exe",
            "TargetFilename": "C:\\Program Files\\WindowsApps\\Microsoft.Windows.DevHome_0.1800.625.0_x64__8wekyb3d8bbwe\\pt-BR\\DevHome.resources.dll",
            "CreationUtcTime": "2024-09-19 08:13:49.717",
            "User": "NT AUTHORITY\\SYSTEM"
        }
    },
    {
        "event_id": 11,
        "description": "File creation time changed",
        "time_generated": "2024-09-19T08:13:49.7121315Z",
        "computer_name": "RACM",
        "details": {
            "RuleName": "DLL",
            "UtcTime": "2024-09-19 08:13:49.711",
            "ProcessGuid": "{cec53bf7-dccf-66eb-d589-000000000800}",
            "ProcessId": "24716",
            "Image": "C:\\Windows\\system32\\svchost.exe",
            "TargetFilename": "C:\\Program Files\\WindowsApps\\Microsoft.Windows.DevHome_0.1800.625.0_x64__8wekyb3d8bbwe\\pl-PL\\DevHome.resources.dll",
            "CreationUtcTime": "2024-09-19 08:13:49.711",
            "User": "NT AUTHORITY\\SYSTEM"
        }
    },
    {
        "event_id": 11,
        "description": "File creation time changed",
        "time_generated": "2024-09-19T08:13:49.7114555Z",
        "computer_name": "RACM",
        "details": {
            "RuleName": "DLL",
            "UtcTime": "2024-09-19 08:13:49.710",
            "ProcessGuid": "{cec53bf7-dccf-66eb-d589-000000000800}",
            "ProcessId": "24716",
            "Image": "C:\\Windows\\system32\\svchost.exe",
            "TargetFilename": "C:\\Program Files\\WindowsApps\\Microsoft.Windows.DevHome_0.1800.625.0_x64__8wekyb3d8bbwe\\nl-NL\\DevHome.resources.dll",
            "CreationUtcTime": "2024-09-19 08:13:49.710",
            "User": "NT AUTHORITY\\SYSTEM"
        }
    },
    {
        "event_id": 11,
        "description": "File creation time changed",
        "time_generated": "2024-09-19T08:13:49.6931076Z",
        "computer_name": "RACM",
        "details": {
            "RuleName": "DLL",
            "UtcTime": "2024-09-19 08:13:49.692",
            "ProcessGuid": "{cec53bf7-dccf-66eb-d589-000000000800}",
            "ProcessId": "24716",
            "Image": "C:\\Windows\\system32\\svchost.exe",
            "TargetFilename": "C:\\Program Files\\WindowsApps\\Microsoft.Windows.DevHome_0.1800.625.0_x64__8wekyb3d8bbwe\\nb-NO\\DevHome.resources.dll",
            "CreationUtcTime": "2024-09-19 08:13:49.692",
            "User": "NT AUTHORITY\\SYSTEM"
        }
    },
    {
        "event_id": 11,
        "description": "File creation time changed",
        "time_generated": "2024-09-19T08:13:49.6925548Z",
        "computer_name": "RACM",
        "details": {
            "RuleName": "DLL",
            "UtcTime": "2024-09-19 08:13:49.691",
            "ProcessGuid": "{cec53bf7-dccf-66eb-d589-000000000800}",
            "ProcessId": "24716",
            "Image": "C:\\Windows\\system32\\svchost.exe",
            "TargetFilename": "C:\\Program Files\\WindowsApps\\Microsoft.Windows.DevHome_0.1800.625.0_x64__8wekyb3d8bbwe\\ms-MY\\DevHome.resources.dll",
            "CreationUtcTime": "2024-09-19 08:13:49.691",
            "User": "NT AUTHORITY\\SYSTEM"
        }
    },
    {
        "event_id": 11,
        "description": "File creation time changed",
        "time_generated": "2024-09-19T08:13:49.6918917Z",
        "computer_name": "RACM",
        "details": {
            "RuleName": "DLL",
            "UtcTime": "2024-09-19 08:13:49.691",
            "ProcessGuid": "{cec53bf7-dccf-66eb-d589-000000000800}",
            "ProcessId": "24716",
            "Image": "C:\\Windows\\system32\\svchost.exe",
            "TargetFilename": "C:\\Program Files\\WindowsApps\\Microsoft.Windows.DevHome_0.1800.625.0_x64__8wekyb3d8bbwe\\lv-LV\\DevHome.resources.dll",
            "CreationUtcTime": "2024-09-19 08:13:49.691",
            "User": "NT AUTHORITY\\SYSTEM"
        }
    },
    {
        "event_id": 11,
        "description": "File creation time changed",
        "time_generated": "2024-09-19T08:13:49.6912236Z",
        "computer_name": "RACM",
        "details": {
            "RuleName": "DLL",
            "UtcTime": "2024-09-19 08:13:49.690",
            "ProcessGuid": "{cec53bf7-dccf-66eb-d589-000000000800}",
            "ProcessId": "24716",
            "Image": "C:\\Windows\\system32\\svchost.exe",
            "TargetFilename": "C:\\Program Files\\WindowsApps\\Microsoft.Windows.DevHome_0.1800.625.0_x64__8wekyb3d8bbwe\\lt-LT\\DevHome.resources.dll",
            "CreationUtcTime": "2024-09-19 08:13:49.690",
            "User": "NT AUTHORITY\\SYSTEM"
        }
    },
    {
        "event_id": 11,
        "description": "File creation time changed",
        "time_generated": "2024-09-19T08:13:49.6905599Z",
        "computer_name": "RACM",
        "details": {
            "RuleName": "DLL",
            "UtcTime": "2024-09-19 08:13:49.689",
            "ProcessGuid": "{cec53bf7-dccf-66eb-d589-000000000800}",
            "ProcessId": "24716",
            "Image": "C:\\Windows\\system32\\svchost.exe",
            "TargetFilename": "C:\\Program Files\\WindowsApps\\Microsoft.Windows.DevHome_0.1800.625.0_x64__8wekyb3d8bbwe\\ko-KR\\DevHome.resources.dll",
            "CreationUtcTime": "2024-09-19 08:13:49.689",
            "User": "NT AUTHORITY\\SYSTEM"
        }
    },
    {
        "event_id": 11,
        "description": "File creation time changed",
        "time_generated": "2024-09-19T08:13:49.6898966Z",
        "computer_name": "RACM",
        "details": {
            "RuleName": "DLL",
            "UtcTime": "2024-09-19 08:13:49.689",
            "ProcessGuid": "{cec53bf7-dccf-66eb-d589-000000000800}",
            "ProcessId": "24716",
            "Image": "C:\\Windows\\system32\\svchost.exe",
            "TargetFilename": "C:\\Program Files\\WindowsApps\\Microsoft.Windows.DevHome_0.1800.625.0_x64__8wekyb3d8bbwe\\kk-KZ\\DevHome.resources.dll",
            "CreationUtcTime": "2024-09-19 08:13:49.689",
            "User": "NT AUTHORITY\\SYSTEM"
        }
    },
    {
        "event_id": 11,
        "description": "File creation time changed",
        "time_generated": "2024-09-19T08:13:49.6891325Z",
        "computer_name": "RACM",
        "details": {
            "RuleName": "DLL",
            "UtcTime": "2024-09-19 08:13:49.688",
            "ProcessGuid": "{cec53bf7-dccf-66eb-d589-000000000800}",
            "ProcessId": "24716",
            "Image": "C:\\Windows\\system32\\svchost.exe",
            "TargetFilename": "C:\\Program Files\\WindowsApps\\Microsoft.Windows.DevHome_0.1800.625.0_x64__8wekyb3d8bbwe\\ja-JP\\DevHome.resources.dll",
            "CreationUtcTime": "2024-09-19 08:13:49.688",
            "User": "NT AUTHORITY\\SYSTEM"
        }
    },
    {
        "event_id": 11,
        "description": "File creation time changed",
        "time_generated": "2024-09-19T08:13:49.6886783Z",
        "computer_name": "RACM",
        "details": {
            "RuleName": "DLL",
            "UtcTime": "2024-09-19 08:13:49.688",
            "ProcessGuid": "{cec53bf7-dccf-66eb-d589-000000000800}",
            "ProcessId": "24716",
            "Image": "C:\\Windows\\system32\\svchost.exe",
            "TargetFilename": "C:\\Program Files\\WindowsApps\\Microsoft.Windows.DevHome_0.1800.625.0_x64__8wekyb3d8bbwe\\it-IT\\DevHome.resources.dll",
            "CreationUtcTime": "2024-09-19 08:13:49.687",
            "User": "NT AUTHORITY\\SYSTEM"
        }
    },
    {
        "event_id": 11,
        "description": "File creation time changed",
        "time_generated": "2024-09-19T08:13:49.6881219Z",
        "computer_name": "RACM",
        "details": {
            "RuleName": "DLL",
            "UtcTime": "2024-09-19 08:13:49.687",
            "ProcessGuid": "{cec53bf7-dccf-66eb-d589-000000000800}",
            "ProcessId": "24716",
            "Image": "C:\\Windows\\system32\\svchost.exe",
            "TargetFilename": "C:\\Program Files\\WindowsApps\\Microsoft.Windows.DevHome_0.1800.625.0_x64__8wekyb3d8bbwe\\id-ID\\DevHome.resources.dll",
            "CreationUtcTime": "2024-09-19 08:13:49.687",
            "User": "NT AUTHORITY\\SYSTEM"
        }
    },
    {
        "event_id": 11,
        "description": "File creation time changed",
        "time_generated": "2024-09-19T08:13:49.6875099Z",
        "computer_name": "RACM",
        "details": {
            "RuleName": "DLL",
            "UtcTime": "2024-09-19 08:13:49.687",
            "ProcessGuid": "{cec53bf7-dccf-66eb-d589-000000000800}",
            "ProcessId": "24716",
            "Image": "C:\\Windows\\system32\\svchost.exe",
            "TargetFilename": "C:\\Program Files\\WindowsApps\\Microsoft.Windows.DevHome_0.1800.625.0_x64__8wekyb3d8bbwe\\hu-HU\\DevHome.resources.dll",
            "CreationUtcTime": "2024-09-19 08:13:49.686",
            "User": "NT AUTHORITY\\SYSTEM"
        }
    },
    {
        "event_id": 11,
        "description": "File creation time changed",
        "time_generated": "2024-09-19T08:13:49.6870508Z",
        "computer_name": "RACM",
        "details": {
            "RuleName": "DLL",
            "UtcTime": "2024-09-19 08:13:49.686",
            "ProcessGuid": "{cec53bf7-dccf-66eb-d589-000000000800}",
            "ProcessId": "24716",
            "Image": "C:\\Windows\\system32\\svchost.exe",
            "TargetFilename": "C:\\Program Files\\WindowsApps\\Microsoft.Windows.DevHome_0.1800.625.0_x64__8wekyb3d8bbwe\\hr-HR\\DevHome.resources.dll",
            "CreationUtcTime": "2024-09-19 08:13:49.686",
            "User": "NT AUTHORITY\\SYSTEM"
        }
    },
    {
        "event_id": 11,
        "description": "File creation time changed",
        "time_generated": "2024-09-19T08:13:49.6864876Z",
        "computer_name": "RACM",
        "details": {
            "RuleName": "DLL",
            "UtcTime": "2024-09-19 08:13:49.686",
            "ProcessGuid": "{cec53bf7-dccf-66eb-d589-000000000800}",
            "ProcessId": "24716",
            "Image": "C:\\Windows\\system32\\svchost.exe",
            "TargetFilename": "C:\\Program Files\\WindowsApps\\Microsoft.Windows.DevHome_0.1800.625.0_x64__8wekyb3d8bbwe\\hi-IN\\DevHome.resources.dll",
            "CreationUtcTime": "2024-09-19 08:13:49.686",
            "User": "NT AUTHORITY\\SYSTEM"
        }
    },
    {
        "event_id": 11,
        "description": "File creation time changed",
        "time_generated": "2024-09-19T08:13:49.6859476Z",
        "computer_name": "RACM",
        "details": {
            "RuleName": "DLL",
            "UtcTime": "2024-09-19 08:13:49.685",
            "ProcessGuid": "{cec53bf7-dccf-66eb-d589-000000000800}",
            "ProcessId": "24716",
            "Image": "C:\\Windows\\system32\\svchost.exe",
            "TargetFilename": "C:\\Program Files\\WindowsApps\\Microsoft.Windows.DevHome_0.1800.625.0_x64__8wekyb3d8bbwe\\gl-ES\\DevHome.resources.dll",
            "CreationUtcTime": "2024-09-19 08:13:49.685",
            "User": "NT AUTHORITY\\SYSTEM"
        }
    },
    {
        "event_id": 11,
        "description": "File creation time changed",
        "time_generated": "2024-09-19T08:13:49.6854039Z",
        "computer_name": "RACM",
        "details": {
            "RuleName": "DLL",
            "UtcTime": "2024-09-19 08:13:49.685",
            "ProcessGuid": "{cec53bf7-dccf-66eb-d589-000000000800}",
            "ProcessId": "24716",
            "Image": "C:\\Windows\\system32\\svchost.exe",
            "TargetFilename": "C:\\Program Files\\WindowsApps\\Microsoft.Windows.DevHome_0.1800.625.0_x64__8wekyb3d8bbwe\\fr-FR\\DevHome.resources.dll",
            "CreationUtcTime": "2024-09-19 08:13:49.685",
            "User": "NT AUTHORITY\\SYSTEM"
        }
    },
    {
        "event_id": 11,
        "description": "File creation time changed",
        "time_generated": "2024-09-19T08:13:49.6847759Z",
        "computer_name": "RACM",
        "details": {
            "RuleName": "DLL",
            "UtcTime": "2024-09-19 08:13:49.684",
            "ProcessGuid": "{cec53bf7-dccf-66eb-d589-000000000800}",
            "ProcessId": "24716",
            "Image": "C:\\Windows\\system32\\svchost.exe",
            "TargetFilename": "C:\\Program Files\\WindowsApps\\Microsoft.Windows.DevHome_0.1800.625.0_x64__8wekyb3d8bbwe\\fi-FI\\DevHome.resources.dll",
            "CreationUtcTime": "2024-09-19 08:13:49.684",
            "User": "NT AUTHORITY\\SYSTEM"
        }
    },
    {
        "event_id": 11,
        "description": "File creation time changed",
        "time_generated": "2024-09-19T08:13:49.6841215Z",
        "computer_name": "RACM",
        "details": {
            "RuleName": "DLL",
            "UtcTime": "2024-09-19 08:13:49.684",
            "ProcessGuid": "{cec53bf7-dccf-66eb-d589-000000000800}",
            "ProcessId": "24716",
            "Image": "C:\\Windows\\system32\\svchost.exe",
            "TargetFilename": "C:\\Program Files\\WindowsApps\\Microsoft.Windows.DevHome_0.1800.625.0_x64__8wekyb3d8bbwe\\eu-ES\\DevHome.resources.dll",
            "CreationUtcTime": "2024-09-19 08:13:49.683",
            "User": "NT AUTHORITY\\SYSTEM"
        }
    },
    {
        "event_id": 11,
        "description": "File creation time changed",
        "time_generated": "2024-09-19T08:13:49.6836217Z",
        "computer_name": "RACM",
        "details": {
            "RuleName": "DLL",
            "UtcTime": "2024-09-19 08:13:49.683",
            "ProcessGuid": "{cec53bf7-dccf-66eb-d589-000000000800}",
            "ProcessId": "24716",
            "Image": "C:\\Windows\\system32\\svchost.exe",
            "TargetFilename": "C:\\Program Files\\WindowsApps\\Microsoft.Windows.DevHome_0.1800.625.0_x64__8wekyb3d8bbwe\\et-EE\\DevHome.resources.dll",
            "CreationUtcTime": "2024-09-19 08:13:49.683",
            "User": "NT AUTHORITY\\SYSTEM"
        }
    },
    {
        "event_id": 11,
        "description": "File creation time changed",
        "time_generated": "2024-09-19T08:13:49.6830191Z",
        "computer_name": "RACM",
        "details": {
            "RuleName": "DLL",
            "UtcTime": "2024-09-19 08:13:49.682",
            "ProcessGuid": "{cec53bf7-dccf-66eb-d589-000000000800}",
            "ProcessId": "24716",
            "Image": "C:\\Windows\\system32\\svchost.exe",
            "TargetFilename": "C:\\Program Files\\WindowsApps\\Microsoft.Windows.DevHome_0.1800.625.0_x64__8wekyb3d8bbwe\\es-ES\\DevHome.resources.dll",
            "CreationUtcTime": "2024-09-19 08:13:49.682",
            "User": "NT AUTHORITY\\SYSTEM"
        }
    },
    {
        "event_id": 11,
        "description": "File creation time changed",
        "time_generated": "2024-09-19T08:13:49.6823198Z",
        "computer_name": "RACM",
        "details": {
            "RuleName": "DLL",
            "UtcTime": "2024-09-19 08:13:49.682",
            "ProcessGuid": "{cec53bf7-dccf-66eb-d589-000000000800}",
            "ProcessId": "24716",
            "Image": "C:\\Windows\\system32\\svchost.exe",
            "TargetFilename": "C:\\Program Files\\WindowsApps\\Microsoft.Windows.DevHome_0.1800.625.0_x64__8wekyb3d8bbwe\\el-GR\\DevHome.resources.dll",
            "CreationUtcTime": "2024-09-19 08:13:49.682",
            "User": "NT AUTHORITY\\SYSTEM"
        }
    },
    {
        "event_id": 11,
        "description": "File creation time changed",
        "time_generated": "2024-09-19T08:13:49.6817684Z",
        "computer_name": "RACM",
        "details": {
            "RuleName": "DLL",
            "UtcTime": "2024-09-19 08:13:49.680",
            "ProcessGuid": "{cec53bf7-dccf-66eb-d589-000000000800}",
            "ProcessId": "24716",
            "Image": "C:\\Windows\\system32\\svchost.exe",
            "TargetFilename": "C:\\Program Files\\WindowsApps\\Microsoft.Windows.DevHome_0.1800.625.0_x64__8wekyb3d8bbwe\\DevHomeStub\\zh-TW\\DevHome.resources.dll",
            "CreationUtcTime": "2024-09-19 08:13:49.680",
            "User": "NT AUTHORITY\\SYSTEM"
        }
    },
    {
        "event_id": 11,
        "description": "File creation time changed",
        "time_generated": "2024-09-19T08:13:49.6813013Z",
        "computer_name": "RACM",
        "details": {
            "RuleName": "DLL",
            "UtcTime": "2024-09-19 08:13:49.680",
            "ProcessGuid": "{cec53bf7-dccf-66eb-d589-000000000800}",
            "ProcessId": "24716",
            "Image": "C:\\Windows\\system32\\svchost.exe",
            "TargetFilename": "C:\\Program Files\\WindowsApps\\Microsoft.Windows.DevHome_0.1800.625.0_x64__8wekyb3d8bbwe\\DevHomeStub\\zh-CN\\DevHome.resources.dll",
            "CreationUtcTime": "2024-09-19 08:13:49.680",
            "User": "NT AUTHORITY\\SYSTEM"
        }
    },
    {
        "event_id": 11,
        "description": "File creation time changed",
        "time_generated": "2024-09-19T08:13:49.6805993Z",
        "computer_name": "RACM",
        "details": {
            "RuleName": "DLL",
            "UtcTime": "2024-09-19 08:13:49.679",
            "ProcessGuid": "{cec53bf7-dccf-66eb-d589-000000000800}",
            "ProcessId": "24716",
            "Image": "C:\\Windows\\system32\\svchost.exe",
            "TargetFilename": "C:\\Program Files\\WindowsApps\\Microsoft.Windows.DevHome_0.1800.625.0_x64__8wekyb3d8bbwe\\DevHomeStub\\vi-VN\\DevHome.resources.dll",
            "CreationUtcTime": "2024-09-19 08:13:49.679",
            "User": "NT AUTHORITY\\SYSTEM"
        }
    },
    {
        "event_id": 11,
        "description": "File creation time changed",
        "time_generated": "2024-09-19T08:13:49.6796941Z",
        "computer_name": "RACM",
        "details": {
            "RuleName": "DLL",
            "UtcTime": "2024-09-19 08:13:49.679",
            "ProcessGuid": "{cec53bf7-dccf-66eb-d589-000000000800}",
            "ProcessId": "24716",
            "Image": "C:\\Windows\\system32\\svchost.exe",
            "TargetFilename": "C:\\Program Files\\WindowsApps\\Microsoft.Windows.DevHome_0.1800.625.0_x64__8wekyb3d8bbwe\\DevHomeStub\\uk-UA\\DevHome.resources.dll",
            "CreationUtcTime": "2024-09-19 08:13:49.678",
            "User": "NT AUTHORITY\\SYSTEM"
        }
    },
    {
        "event_id": 11,
        "description": "File creation time changed",
        "time_generated": "2024-09-19T08:13:49.6792440Z",
        "computer_name": "RACM",
        "details": {
            "RuleName": "DLL",
            "UtcTime": "2024-09-19 08:13:49.678",
            "ProcessGuid": "{cec53bf7-dccf-66eb-d589-000000000800}",
            "ProcessId": "24716",
            "Image": "C:\\Windows\\system32\\svchost.exe",
            "TargetFilename": "C:\\Program Files\\WindowsApps\\Microsoft.Windows.DevHome_0.1800.625.0_x64__8wekyb3d8bbwe\\DevHomeStub\\tr-TR\\DevHome.resources.dll",
            "CreationUtcTime": "2024-09-19 08:13:49.678",
            "User": "NT AUTHORITY\\SYSTEM"
        }
    },
    {
        "event_id": 11,
        "description": "File creation time changed",
        "time_generated": "2024-09-19T08:13:49.6786861Z",
        "computer_name": "RACM",
        "details": {
            "RuleName": "DLL",
            "UtcTime": "2024-09-19 08:13:49.678",
            "ProcessGuid": "{cec53bf7-dccf-66eb-d589-000000000800}",
            "ProcessId": "24716",
            "Image": "C:\\Windows\\system32\\svchost.exe",
            "TargetFilename": "C:\\Program Files\\WindowsApps\\Microsoft.Windows.DevHome_0.1800.625.0_x64__8wekyb3d8bbwe\\DevHomeStub\\th-TH\\DevHome.resources.dll",
            "CreationUtcTime": "2024-09-19 08:13:49.677",
            "User": "NT AUTHORITY\\SYSTEM"
        }
    },
