    {
        "event_id": 11,
        "description": "File creation time changed",
        "time_generated": "2024-09-19T07:17:37.0388100Z",
        "computer_name": "RACM",
        "details": {
            "RuleName": "DLL",
            "UtcTime": "2024-09-19 07:17:37.037",
            "ProcessGuid": "{cec53bf7-b354-66ea-df7d-000000000800}",
            "ProcessId": "19920",
            "Image": "C:\\Windows\\system32\\svchost.exe",
            "TargetFilename": "C:\\Program Files\\WindowsApps\\Microsoft.OutlookForWindows_1.2024.911.200_x64__8wekyb3d8bbwe\\msvcp140_1.dll",
            "CreationUtcTime": "2024-09-19 07:17:37.037",
            "User": "NT AUTHORITY\\SYSTEM"
        }
    },
    {
        "event_id": 11,
        "description": "File creation time changed",
        "time_generated": "2024-09-19T07:17:37.0386248Z",
        "computer_name": "RACM",
        "details": {
            "RuleName": "DLL",
            "UtcTime": "2024-09-19 07:17:37.037",
            "ProcessGuid": "{cec53bf7-b354-66ea-df7d-000000000800}",
            "ProcessId": "19920",
            "Image": "C:\\Windows\\system32\\svchost.exe",
            "TargetFilename": "C:\\Program Files\\WindowsApps\\Microsoft.OutlookForWindows_1.2024.911.200_x64__8wekyb3d8bbwe\\msvcp140.dll",
            "CreationUtcTime": "2024-09-19 07:17:37.037",
            "User": "NT AUTHORITY\\SYSTEM"
        }
    },
    {
        "event_id": 11,
        "description": "File creation time changed",
        "time_generated": "2024-09-19T07:17:37.0384273Z",
        "computer_name": "RACM",
        "details": {
            "RuleName": "DLL",
            "UtcTime": "2024-09-19 07:17:37.037",
            "ProcessGuid": "{cec53bf7-b354-66ea-df7d-000000000800}",
            "ProcessId": "19920",
            "Image": "C:\\Windows\\system32\\svchost.exe",
            "TargetFilename": "C:\\Program Files\\WindowsApps\\Microsoft.OutlookForWindows_1.2024.911.200_x64__8wekyb3d8bbwe\\modules\\olk-mod-general\\olk-mod-general.dll",
            "CreationUtcTime": "2024-09-19 07:17:37.037",
            "User": "NT AUTHORITY\\SYSTEM"
        }
    },
    {
        "event_id": 11,
        "description": "File creation time changed",
        "time_generated": "2024-09-19T07:17:37.0380465Z",
        "computer_name": "RACM",
        "details": {
            "RuleName": "DLL",
            "UtcTime": "2024-09-19 07:17:37.037",
            "ProcessGuid": "{cec53bf7-b354-66ea-df7d-000000000800}",
            "ProcessId": "19920",
            "Image": "C:\\Windows\\system32\\svchost.exe",
            "TargetFilename": "C:\\Program Files\\WindowsApps\\Microsoft.OutlookForWindows_1.2024.911.200_x64__8wekyb3d8bbwe\\modules\\nh-mod-auth\\nh-mod-auth.dll",
            "CreationUtcTime": "2024-09-19 07:17:37.037",
            "User": "NT AUTHORITY\\SYSTEM"
        }
    },
    {
        "event_id": 11,
        "description": "File creation time changed",
        "time_generated": "2024-09-19T07:17:37.0375462Z",
        "computer_name": "RACM",
        "details": {
            "RuleName": "DLL",
            "UtcTime": "2024-09-19 07:17:37.037",
            "ProcessGuid": "{cec53bf7-b354-66ea-df7d-000000000800}",
            "ProcessId": "19920",
            "Image": "C:\\Windows\\system32\\svchost.exe",
            "TargetFilename": "C:\\Program Files\\WindowsApps\\Microsoft.OutlookForWindows_1.2024.911.200_x64__8wekyb3d8bbwe\\modules\\mmwebhostsystem\\mmwebhostsystem.dll",
            "CreationUtcTime": "2024-09-19 07:17:37.037",
            "User": "NT AUTHORITY\\SYSTEM"
        }
    },
    {
        "event_id": 11,
        "description": "File creation time changed",
        "time_generated": "2024-09-19T07:17:37.0371069Z",
        "computer_name": "RACM",
        "details": {
            "RuleName": "DLL",
            "UtcTime": "2024-09-19 07:17:37.033",
            "ProcessGuid": "{cec53bf7-b354-66ea-df7d-000000000800}",
            "ProcessId": "19920",
            "Image": "C:\\Windows\\system32\\svchost.exe",
            "TargetFilename": "C:\\Program Files\\WindowsApps\\Microsoft.OutlookForWindows_1.2024.911.200_x64__8wekyb3d8bbwe\\modules\\mmpiehost\\mmpiehost.dll",
            "CreationUtcTime": "2024-09-19 07:17:37.033",
            "User": "NT AUTHORITY\\SYSTEM"
        }
    },
    {
        "event_id": 11,
        "description": "File creation time changed",
        "time_generated": "2024-09-19T07:17:37.0365659Z",
        "computer_name": "RACM",
        "details": {
            "RuleName": "DLL",
            "UtcTime": "2024-09-19 07:17:37.033",
            "ProcessGuid": "{cec53bf7-b354-66ea-df7d-000000000800}",
            "ProcessId": "19920",
            "Image": "C:\\Windows\\system32\\svchost.exe",
            "TargetFilename": "C:\\Program Files\\WindowsApps\\Microsoft.OutlookForWindows_1.2024.911.200_x64__8wekyb3d8bbwe\\modules\\mmoutlookwebcontext\\mmoutlookwebcontext.dll",
            "CreationUtcTime": "2024-09-19 07:17:37.033",
            "User": "NT AUTHORITY\\SYSTEM"
        }
    },
    {
        "event_id": 11,
        "description": "File creation time changed",
        "time_generated": "2024-09-19T07:17:37.0357455Z",
        "computer_name": "RACM",
        "details": {
            "RuleName": "DLL",
            "UtcTime": "2024-09-19 07:17:37.033",
            "ProcessGuid": "{cec53bf7-b354-66ea-df7d-000000000800}",
            "ProcessId": "19920",
            "Image": "C:\\Windows\\system32\\svchost.exe",
            "TargetFilename": "C:\\Program Files\\WindowsApps\\Microsoft.OutlookForWindows_1.2024.911.200_x64__8wekyb3d8bbwe\\minizip.dll",
            "CreationUtcTime": "2024-09-19 07:17:37.033",
            "User": "NT AUTHORITY\\SYSTEM"
        }
    },
    {
        "event_id": 11,
        "description": "File creation time changed",
        "time_generated": "2024-09-19T07:17:37.0355162Z",
        "computer_name": "RACM",
        "details": {
            "RuleName": "DLL",
            "UtcTime": "2024-09-19 07:17:37.033",
            "ProcessGuid": "{cec53bf7-b354-66ea-df7d-000000000800}",
            "ProcessId": "19920",
            "Image": "C:\\Windows\\system32\\svchost.exe",
            "TargetFilename": "C:\\Program Files\\WindowsApps\\Microsoft.OutlookForWindows_1.2024.911.200_x64__8wekyb3d8bbwe\\Microsoft.Internal.Mime.dll",
            "CreationUtcTime": "2024-09-19 07:17:37.033",
            "User": "NT AUTHORITY\\SYSTEM"
        }
    },
    {
        "event_id": 11,
        "description": "File creation time changed",
        "time_generated": "2024-09-19T07:17:37.0352845Z",
        "computer_name": "RACM",
        "details": {
            "RuleName": "DLL",
            "UtcTime": "2024-09-19 07:17:37.033",
            "ProcessGuid": "{cec53bf7-b354-66ea-df7d-000000000800}",
            "ProcessId": "19920",
            "Image": "C:\\Windows\\system32\\svchost.exe",
            "TargetFilename": "C:\\Program Files\\WindowsApps\\Microsoft.OutlookForWindows_1.2024.911.200_x64__8wekyb3d8bbwe\\Microsoft.Internal.EmailMessage.dll",
            "CreationUtcTime": "2024-09-19 07:17:37.033",
            "User": "NT AUTHORITY\\SYSTEM"
        }
    },
    {
        "event_id": 11,
        "description": "File creation time changed",
        "time_generated": "2024-09-19T07:17:37.0350133Z",
        "computer_name": "RACM",
        "details": {
            "RuleName": "DLL",
            "UtcTime": "2024-09-19 07:17:37.033",
            "ProcessGuid": "{cec53bf7-b354-66ea-df7d-000000000800}",
            "ProcessId": "19920",
            "Image": "C:\\Windows\\system32\\svchost.exe",
            "TargetFilename": "C:\\Program Files\\WindowsApps\\Microsoft.OutlookForWindows_1.2024.911.200_x64__8wekyb3d8bbwe\\Microsoft.Exchange.Clients.SmimeAX.dll",
            "CreationUtcTime": "2024-09-19 07:17:37.033",
            "User": "NT AUTHORITY\\SYSTEM"
        }
    },
    {
        "event_id": 11,
        "description": "File creation time changed",
        "time_generated": "2024-09-19T07:17:37.0344238Z",
        "computer_name": "RACM",
        "details": {
            "RuleName": "DLL",
            "UtcTime": "2024-09-19 07:17:37.033",
            "ProcessGuid": "{cec53bf7-b354-66ea-df7d-000000000800}",
            "ProcessId": "19920",
            "Image": "C:\\Windows\\system32\\svchost.exe",
            "TargetFilename": "C:\\Program Files\\WindowsApps\\Microsoft.OutlookForWindows_1.2024.911.200_x64__8wekyb3d8bbwe\\cpprest_2_10.dll",
            "CreationUtcTime": "2024-09-19 07:17:37.033",
            "User": "NT AUTHORITY\\SYSTEM"
        }
    },
    {
        "event_id": 11,
        "description": "File creation time changed",
        "time_generated": "2024-09-19T07:17:37.0340029Z",
        "computer_name": "RACM",
        "details": {
            "RuleName": "DLL",
            "UtcTime": "2024-09-19 07:17:37.033",
            "ProcessGuid": "{cec53bf7-b354-66ea-df7d-000000000800}",
            "ProcessId": "19920",
            "Image": "C:\\Windows\\system32\\svchost.exe",
            "TargetFilename": "C:\\Program Files\\WindowsApps\\Microsoft.OutlookForWindows_1.2024.911.200_x64__8wekyb3d8bbwe\\concrt140.dll",
            "CreationUtcTime": "2024-09-19 07:17:37.033",
            "User": "NT AUTHORITY\\SYSTEM"
        }
    },
    {
        "event_id": 11,
        "description": "File creation time changed",
        "time_generated": "2024-09-19T07:17:37.0333907Z",
        "computer_name": "RACM",
        "details": {
            "RuleName": "DLL",
            "UtcTime": "2024-09-19 07:17:37.033",
            "ProcessGuid": "{cec53bf7-b354-66ea-df7d-000000000800}",
            "ProcessId": "19920",
            "Image": "C:\\Windows\\system32\\svchost.exe",
            "TargetFilename": "C:\\Program Files\\WindowsApps\\Microsoft.OutlookForWindows_1.2024.911.200_x64__8wekyb3d8bbwe\\CDS.dll",
            "CreationUtcTime": "2024-09-19 07:17:37.029",
            "User": "NT AUTHORITY\\SYSTEM"
        }
    },
    {
        "event_id": 11,
        "description": "File creation time changed",
        "time_generated": "2024-09-19T07:17:37.0332137Z",
        "computer_name": "RACM",
        "details": {
            "RuleName": "DLL",
            "UtcTime": "2024-09-19 07:17:37.029",
            "ProcessGuid": "{cec53bf7-b354-66ea-df7d-000000000800}",
            "ProcessId": "19920",
            "Image": "C:\\Windows\\system32\\svchost.exe",
            "TargetFilename": "C:\\Program Files\\WindowsApps\\Microsoft.OutlookForWindows_1.2024.911.200_x64__8wekyb3d8bbwe\\bz2.dll",
            "CreationUtcTime": "2024-09-19 07:17:37.029",
            "User": "NT AUTHORITY\\SYSTEM"
        }
    },
    {
        "event_id": 11,
        "description": "File creation time changed",
        "time_generated": "2024-09-19T07:17:37.0330264Z",
        "computer_name": "RACM",
        "details": {
            "RuleName": "DLL",
            "UtcTime": "2024-09-19 07:17:37.029",
            "ProcessGuid": "{cec53bf7-b354-66ea-df7d-000000000800}",
            "ProcessId": "19920",
            "Image": "C:\\Windows\\system32\\svchost.exe",
            "TargetFilename": "C:\\Program Files\\WindowsApps\\Microsoft.OutlookForWindows_1.2024.911.200_x64__8wekyb3d8bbwe\\boost_program_options-vc144-mt-x64-1_85.dll",
            "CreationUtcTime": "2024-09-19 07:17:37.029",
            "User": "NT AUTHORITY\\SYSTEM"
        }
    },
    {
        "event_id": 11,
        "description": "File creation time changed",
        "time_generated": "2024-09-19T07:17:37.0327392Z",
        "computer_name": "RACM",
        "details": {
            "RuleName": "DLL",
            "UtcTime": "2024-09-19 07:17:37.029",
            "ProcessGuid": "{cec53bf7-b354-66ea-df7d-000000000800}",
            "ProcessId": "19920",
            "Image": "C:\\Windows\\system32\\svchost.exe",
            "TargetFilename": "C:\\Program Files\\WindowsApps\\Microsoft.OutlookForWindows_1.2024.911.200_x64__8wekyb3d8bbwe\\boost_json-vc144-mt-x64-1_85.dll",
            "CreationUtcTime": "2024-09-19 07:17:37.029",
            "User": "NT AUTHORITY\\SYSTEM"
        }
    },
    {
        "event_id": 11,
        "description": "File creation time changed",
        "time_generated": "2024-09-18T11:09:14.5521839Z",
        "computer_name": "RACM",
        "details": {
            "RuleName": "-",
            "UtcTime": "2024-09-18 11:08:48.390",
            "ProcessGuid": "{cec53bf7-a5c3-66e2-eb03-000000000000}",
            "ProcessId": "4",
            "Image": "System",
            "TargetFilename": "C:\\Windows\\LiveKernelReports\\NetAdapterCx-20240918-1308.dmp",
            "CreationUtcTime": "2024-09-18 11:08:48.390",
            "User": "NT AUTHORITY\\SYSTEM"
        }
    },
    {
        "event_id": 11,
        "description": "File creation time changed",
        "time_generated": "2024-09-18T10:32:05.1827110Z",
        "computer_name": "RACM",
        "details": {
            "RuleName": "EXE",
            "UtcTime": "2024-09-18 10:32:05.172",
            "ProcessGuid": "{cec53bf7-ac22-66ea-827b-000000000800}",
            "ProcessId": "22472",
            "Image": "C:\\Users\\raulr\\AppData\\Local\\Programs\\Python\\Python312\\python.exe",
            "TargetFilename": "C:\\Users\\raulr\\Documents\\GitHub\\autodiagnostictools\\carmitre_module\\Sysmon64a.exe",
            "CreationUtcTime": "2024-09-18 09:22:54.887",
            "User": "RACM\\raulr"
        }
    },
    {
        "event_id": 11,
        "description": "File creation time changed",
        "time_generated": "2024-09-18T10:32:05.1528232Z",
        "computer_name": "RACM",
        "details": {
            "RuleName": "EXE",
            "UtcTime": "2024-09-18 10:32:05.140",
            "ProcessGuid": "{cec53bf7-ac22-66ea-827b-000000000800}",
            "ProcessId": "22472",
            "Image": "C:\\Users\\raulr\\AppData\\Local\\Programs\\Python\\Python312\\python.exe",
            "TargetFilename": "C:\\Users\\raulr\\Documents\\GitHub\\autodiagnostictools\\carmitre_module\\Sysmon64.exe",
            "CreationUtcTime": "2024-09-18 09:22:54.870",
            "User": "RACM\\raulr"
        }
    },
    {
        "event_id": 11,
        "description": "File creation time changed",
        "time_generated": "2024-09-18T10:32:05.1041222Z",
        "computer_name": "RACM",
        "details": {
            "RuleName": "EXE",
            "UtcTime": "2024-09-18 10:32:05.093",
            "ProcessGuid": "{cec53bf7-ac22-66ea-827b-000000000800}",
            "ProcessId": "22472",
            "Image": "C:\\Users\\raulr\\AppData\\Local\\Programs\\Python\\Python312\\python.exe",
            "TargetFilename": "C:\\Users\\raulr\\Documents\\GitHub\\autodiagnostictools\\carmitre_module\\Sysmon.exe",
            "CreationUtcTime": "2024-09-18 09:22:54.838",
            "User": "RACM\\raulr"
        }
    },
    {
        "event_id": 11,
        "description": "File creation time changed",
        "time_generated": "2024-09-18T10:27:43.4589915Z",
        "computer_name": "RACM",
        "details": {
            "RuleName": "EXE",
            "UtcTime": "2024-09-18 10:27:43.450",
            "ProcessGuid": "{cec53bf7-ab1c-66ea-bc79-000000000800}",
            "ProcessId": "25480",
            "Image": "C:\\Users\\raulr\\AppData\\Local\\Programs\\Python\\Python312\\python.exe",
            "TargetFilename": "C:\\Users\\raulr\\Documents\\GitHub\\autodiagnostictools\\carmitre_module\\Sysmon64a.exe",
            "CreationUtcTime": "2024-09-18 09:22:54.887",
            "User": "RACM\\raulr"
        }
    },
    {
        "event_id": 11,
        "description": "File creation time changed",
        "time_generated": "2024-09-18T10:27:43.4318573Z",
        "computer_name": "RACM",
        "details": {
            "RuleName": "EXE",
            "UtcTime": "2024-09-18 10:27:43.417",
            "ProcessGuid": "{cec53bf7-ab1c-66ea-bc79-000000000800}",
            "ProcessId": "25480",
            "Image": "C:\\Users\\raulr\\AppData\\Local\\Programs\\Python\\Python312\\python.exe",
            "TargetFilename": "C:\\Users\\raulr\\Documents\\GitHub\\autodiagnostictools\\carmitre_module\\Sysmon64.exe",
            "CreationUtcTime": "2024-09-18 09:22:54.870",
            "User": "RACM\\raulr"
        }
    },
    {
        "event_id": 11,
        "description": "File creation time changed",
        "time_generated": "2024-09-18T10:27:43.3787455Z",
        "computer_name": "RACM",
        "details": {
            "RuleName": "EXE",
            "UtcTime": "2024-09-18 10:27:43.369",
            "ProcessGuid": "{cec53bf7-ab1c-66ea-bc79-000000000800}",
            "ProcessId": "25480",
            "Image": "C:\\Users\\raulr\\AppData\\Local\\Programs\\Python\\Python312\\python.exe",
            "TargetFilename": "C:\\Users\\raulr\\Documents\\GitHub\\autodiagnostictools\\carmitre_module\\Sysmon.exe",
            "CreationUtcTime": "2024-09-18 09:22:54.838",
            "User": "RACM\\raulr"
        }
    },
    {
        "event_id": 11,
        "description": "File creation time changed",
        "time_generated": "2024-09-18T09:22:54.8881719Z",
        "computer_name": "RACM",
        "details": {
            "RuleName": "EXE",
            "UtcTime": "2024-09-18 09:22:54.887",
            "ProcessGuid": "{cec53bf7-9bed-66ea-6d73-000000000800}",
            "ProcessId": "13824",
            "Image": "C:\\Users\\raulr\\AppData\\Local\\Programs\\Python\\Python312\\python.exe",
            "TargetFilename": "C:\\Users\\raulr\\Documents\\GitHub\\autodiagnostictools\\carmitre_module\\Sysmon64a.exe",
            "CreationUtcTime": "2024-09-18 09:22:54.887",
            "User": "RACM\\raulr"
        }
    },
    {
        "event_id": 11,
        "description": "File creation time changed",
        "time_generated": "2024-09-18T09:22:54.8709062Z",
        "computer_name": "RACM",
        "details": {
            "RuleName": "EXE",
            "UtcTime": "2024-09-18 09:22:54.870",
            "ProcessGuid": "{cec53bf7-9bed-66ea-6d73-000000000800}",
            "ProcessId": "13824",
            "Image": "C:\\Users\\raulr\\AppData\\Local\\Programs\\Python\\Python312\\python.exe",
            "TargetFilename": "C:\\Users\\raulr\\Documents\\GitHub\\autodiagnostictools\\carmitre_module\\Sysmon64.exe",
            "CreationUtcTime": "2024-09-18 09:22:54.870",
            "User": "RACM\\raulr"
        }
    },
    {
        "event_id": 11,
        "description": "File creation time changed",
        "time_generated": "2024-09-18T09:22:54.8391342Z",
        "computer_name": "RACM",
        "details": {
            "RuleName": "EXE",
            "UtcTime": "2024-09-18 09:22:54.838",
            "ProcessGuid": "{cec53bf7-9bed-66ea-6d73-000000000800}",
            "ProcessId": "13824",
            "Image": "C:\\Users\\raulr\\AppData\\Local\\Programs\\Python\\Python312\\python.exe",
            "TargetFilename": "C:\\Users\\raulr\\Documents\\GitHub\\autodiagnostictools\\carmitre_module\\Sysmon.exe",
            "CreationUtcTime": "2024-09-18 09:22:54.838",
            "User": "RACM\\raulr"
        }
    },
    {
        "event_id": 11,
        "description": "File creation time changed",
        "time_generated": "2024-09-18T09:22:47.8823473Z",
        "computer_name": "RACM",
        "details": {
            "RuleName": "-",
            "UtcTime": "2024-09-18 09:22:47.882",
            "ProcessGuid": "{cec53bf7-9be7-66ea-6473-000000000800}",
            "ProcessId": "21520",
            "Image": "C:\\Windows\\System32\\WindowsPowerShell\\v1.0\\powershell.exe",
            "TargetFilename": "C:\\Users\\raulr\\AppData\\Local\\Temp\\__PSScriptPolicyTest_4nhncek2.qel.ps1",
            "CreationUtcTime": "2024-09-18 09:22:47.881",
            "User": "RACM\\raulr"
        }
    },
    {
        "event_id": 11,
        "description": "File creation time changed",
        "time_generated": "2024-09-18T09:08:41.9279057Z",
        "computer_name": "RACM",
        "details": {
            "RuleName": "-",
            "UtcTime": "2024-09-18 09:08:41.927",
            "ProcessGuid": "{cec53bf7-9899-66ea-a470-000000000800}",
            "ProcessId": "17100",
            "Image": "C:\\Windows\\System32\\sdiagnhost.exe",
            "TargetFilename": "C:\\Users\\raulr\\AppData\\Local\\Temp\\__PSScriptPolicyTest_tlgyirs5.0at.ps1",
            "CreationUtcTime": "2024-09-18 09:08:41.927",
            "User": "RACM\\raulr"
        }
    },
    {
        "event_id": 11,
        "description": "File creation time changed",
        "time_generated": "2024-09-18T09:08:41.1762632Z",
        "computer_name": "RACM",
        "details": {
            "RuleName": "-",
            "UtcTime": "2024-09-18 09:08:41.173",
            "ProcessGuid": "{cec53bf7-f0d9-66e7-cc10-000000000800}",
            "ProcessId": "12564",
            "Image": "C:\\Windows\\system32\\taskhostw.exe",
            "TargetFilename": "C:\\Windows\\Temp\\SDIAG_e6f0a33f-6dd0-470f-964b-1f5392ed56ae\\TS_WERQueue.ps1",
            "CreationUtcTime": "2024-09-18 09:08:41.173",
            "User": "RACM\\raulr"
        }
    },
    {
        "event_id": 11,
        "description": "File creation time changed",
        "time_generated": "2024-09-18T09:08:41.1746780Z",
        "computer_name": "RACM",
        "details": {
            "RuleName": "-",
            "UtcTime": "2024-09-18 09:08:41.173",
            "ProcessGuid": "{cec53bf7-f0d9-66e7-cc10-000000000800}",
            "ProcessId": "12564",
            "Image": "C:\\Windows\\system32\\taskhostw.exe",
            "TargetFilename": "C:\\Windows\\Temp\\SDIAG_e6f0a33f-6dd0-470f-964b-1f5392ed56ae\\TS_InaccurateSystemTime.ps1",
            "CreationUtcTime": "2024-09-18 09:08:41.172",
            "User": "RACM\\raulr"
        }
    },
    {
        "event_id": 11,
        "description": "File creation time changed",
        "time_generated": "2024-09-18T09:08:41.1743908Z",
        "computer_name": "RACM",
        "details": {
            "RuleName": "-",
            "UtcTime": "2024-09-18 09:08:41.172",
            "ProcessGuid": "{cec53bf7-f0d9-66e7-cc10-000000000800}",
            "ProcessId": "12564",
            "Image": "C:\\Windows\\system32\\taskhostw.exe",
            "TargetFilename": "C:\\Windows\\Temp\\SDIAG_e6f0a33f-6dd0-470f-964b-1f5392ed56ae\\TS_DiagnosticHistory.ps1",
            "CreationUtcTime": "2024-09-18 09:08:41.172",
            "User": "RACM\\raulr"
        }
    },
    {
        "event_id": 11,
        "description": "File creation time changed",
        "time_generated": "2024-09-18T09:08:41.1740423Z",
        "computer_name": "RACM",
        "details": {
            "RuleName": "-",
            "UtcTime": "2024-09-18 09:08:41.171",
            "ProcessGuid": "{cec53bf7-f0d9-66e7-cc10-000000000800}",
            "ProcessId": "12564",
            "Image": "C:\\Windows\\system32\\taskhostw.exe",
            "TargetFilename": "C:\\Windows\\Temp\\SDIAG_e6f0a33f-6dd0-470f-964b-1f5392ed56ae\\RS_UserWERQueue.ps1",
            "CreationUtcTime": "2024-09-18 09:08:41.171",
            "User": "RACM\\raulr"
        }
    },
    {
        "event_id": 11,
        "description": "File creation time changed",
        "time_generated": "2024-09-18T09:08:41.1732569Z",
        "computer_name": "RACM",
        "details": {
            "RuleName": "-",
            "UtcTime": "2024-09-18 09:08:41.170",
            "ProcessGuid": "{cec53bf7-f0d9-66e7-cc10-000000000800}",
            "ProcessId": "12564",
            "Image": "C:\\Windows\\system32\\taskhostw.exe",
            "TargetFilename": "C:\\Windows\\Temp\\SDIAG_e6f0a33f-6dd0-470f-964b-1f5392ed56ae\\RS_UserDiagnosticHistory.ps1",
            "CreationUtcTime": "2024-09-18 09:08:41.170",
            "User": "RACM\\raulr"
        }
    },
    {
        "event_id": 11,
        "description": "File creation time changed",
        "time_generated": "2024-09-18T09:08:41.1706629Z",
        "computer_name": "RACM",
        "details": {
            "RuleName": "-",
            "UtcTime": "2024-09-18 09:08:41.168",
            "ProcessGuid": "{cec53bf7-f0d9-66e7-cc10-000000000800}",
            "ProcessId": "12564",
            "Image": "C:\\Windows\\system32\\taskhostw.exe",
            "TargetFilename": "C:\\Windows\\Temp\\SDIAG_e6f0a33f-6dd0-470f-964b-1f5392ed56ae\\RS_SyncSystemTime.ps1",
            "CreationUtcTime": "2024-09-18 09:08:41.168",
            "User": "RACM\\raulr"
        }
    },
    {
        "event_id": 11,
        "description": "File creation time changed",
        "time_generated": "2024-09-18T09:08:41.1699728Z",
        "computer_name": "RACM",
        "details": {
            "RuleName": "-",
            "UtcTime": "2024-09-18 09:08:41.168",
            "ProcessGuid": "{cec53bf7-f0d9-66e7-cc10-000000000800}",
            "ProcessId": "12564",
            "Image": "C:\\Windows\\system32\\taskhostw.exe",
            "TargetFilename": "C:\\Windows\\Temp\\SDIAG_e6f0a33f-6dd0-470f-964b-1f5392ed56ae\\RS_MachineWERQueue.ps1",
            "CreationUtcTime": "2024-09-18 09:08:41.168",
            "User": "RACM\\raulr"
        }
    },
    {
        "event_id": 11,
        "description": "File creation time changed",
        "time_generated": "2024-09-18T09:08:41.1691960Z",
        "computer_name": "RACM",
        "details": {
            "RuleName": "-",
            "UtcTime": "2024-09-18 09:08:41.167",
            "ProcessGuid": "{cec53bf7-f0d9-66e7-cc10-000000000800}",
            "ProcessId": "12564",
            "Image": "C:\\Windows\\system32\\taskhostw.exe",
            "TargetFilename": "C:\\Windows\\Temp\\SDIAG_e6f0a33f-6dd0-470f-964b-1f5392ed56ae\\RS_AdminDiagnosticHistory.ps1",
            "CreationUtcTime": "2024-09-18 09:08:41.167",
            "User": "RACM\\raulr"
        }
    },
    {
        "event_id": 11,
        "description": "File creation time changed",
        "time_generated": "2024-09-18T09:08:41.1685206Z",
        "computer_name": "RACM",
        "details": {
            "RuleName": "DLL",
            "UtcTime": "2024-09-18 09:08:41.166",
            "ProcessGuid": "{cec53bf7-f0d9-66e7-cc10-000000000800}",
            "ProcessId": "12564",
            "Image": "C:\\Windows\\system32\\taskhostw.exe",
            "TargetFilename": "C:\\Windows\\Temp\\SDIAG_e6f0a33f-6dd0-470f-964b-1f5392ed56ae\\DiagPackage.dll",
            "CreationUtcTime": "2024-09-18 09:08:41.165",
            "User": "RACM\\raulr"
        }
    },
    {
        "event_id": 11,
        "description": "File creation time changed",
        "time_generated": "2024-09-18T09:08:41.1642631Z",
        "computer_name": "RACM",
        "details": {
            "RuleName": "-",
            "UtcTime": "2024-09-18 09:08:41.163",
            "ProcessGuid": "{cec53bf7-f0d9-66e7-cc10-000000000800}",
            "ProcessId": "12564",
            "Image": "C:\\Windows\\system32\\taskhostw.exe",
            "TargetFilename": "C:\\Windows\\Temp\\SDIAG_e6f0a33f-6dd0-470f-964b-1f5392ed56ae\\CL_Utility.ps1",
            "CreationUtcTime": "2024-09-18 09:08:41.163",
            "User": "RACM\\raulr"
        }
    },
    {
        "event_id": 11,
        "description": "File creation time changed",
        "time_generated": "2024-09-18T07:21:33.1045438Z",
        "computer_name": "RACM",
        "details": {
            "RuleName": "DLL",
            "UtcTime": "2024-09-18 07:21:33.103",
            "ProcessGuid": "{cec53bf7-6bf0-66e9-5f57-000000000800}",
            "ProcessId": "9780",
            "Image": "C:\\ProgramData\\Microsoft\\Windows Defender\\Platform\\4.18.24080.9-0\\MsMpEng.exe",
            "TargetFilename": "C:\\ProgramData\\Microsoft\\Windows Defender\\Definition Updates\\{E88533A1-D99E-4C39-9850-EB6883700488}\\mpengine.dll",
            "CreationUtcTime": "2024-09-18 07:21:33.103",
            "User": "NT AUTHORITY\\SYSTEM"
        }
    },
    {
        "event_id": 11,
        "description": "File creation time changed",
        "time_generated": "2024-09-18T07:21:32.5873031Z",
        "computer_name": "RACM",
        "details": {
            "RuleName": "EXE",
            "UtcTime": "2024-09-18 07:21:32.586",
            "ProcessGuid": "{cec53bf7-9c4e-66e9-ca5e-000000000800}",
            "ProcessId": "15736",
            "Image": "C:\\Windows\\system32\\svchost.exe",
            "TargetFilename": "C:\\Windows\\SoftwareDistribution\\Download\\Install\\AM_Delta_Patch_1.419.1.0.exe",
            "CreationUtcTime": "2024-09-18 07:21:32.586",
            "User": "NT AUTHORITY\\SYSTEM"
        }
    },
    {
        "event_id": 11,
        "description": "File creation time changed",
        "time_generated": "2024-09-18T07:17:30.1633724Z",
        "computer_name": "RACM",
        "details": {
            "RuleName": "T1053",
            "UtcTime": "2024-09-18 07:17:30.162",
            "ProcessGuid": "{cec53bf7-a5cc-66e2-2f00-000000000800}",
            "ProcessId": "2144",
            "Image": "C:\\Windows\\system32\\svchost.exe",
            "TargetFilename": "C:\\Windows\\System32\\Tasks\\Microsoft\\Office\\Office Serviceability Manager",
            "CreationUtcTime": "2024-09-11 14:54:20.741",
            "User": "NT AUTHORITY\\SYSTEM"
        }
    },
    {
        "event_id": 11,
        "description": "File creation time changed",
        "time_generated": "2024-09-17T15:12:14.3377925Z",
        "computer_name": "RACM",
        "details": {
            "RuleName": "T1053",
            "UtcTime": "2024-09-17 15:12:14.328",
            "ProcessGuid": "{cec53bf7-a5cc-66e2-2f00-000000000800}",
            "ProcessId": "2144",
            "Image": "C:\\Windows\\system32\\svchost.exe",
            "TargetFilename": "C:\\Windows\\System32\\Tasks\\Microsoft\\Office\\Office Serviceability Manager",
            "CreationUtcTime": "2024-09-11 14:54:20.741",
            "User": "NT AUTHORITY\\SYSTEM"
        }
    },
    {
        "event_id": 11,
        "description": "File creation time changed",
        "time_generated": "2024-09-17T12:00:00.7488696Z",
        "computer_name": "RACM",
        "details": {
            "RuleName": "EXE",
            "UtcTime": "2024-09-17 12:00:00.747",
            "ProcessGuid": "{cec53bf7-6f3d-66e9-025b-000000000800}",
            "ProcessId": "8692",
            "Image": "C:\\Users\\raulr\\AppData\\Local\\Programs\\Python\\Python312\\python.exe",
            "TargetFilename": "C:\\Users\\raulr\\AppData\\Local\\Programs\\Python\\Python312\\Scripts\\blackd.exe",
            "CreationUtcTime": "2024-09-17 12:00:00.747",
            "User": "RACM\\raulr"
        }
    },
    {
        "event_id": 11,
        "description": "File creation time changed",
        "time_generated": "2024-09-17T12:00:00.7477518Z",
        "computer_name": "RACM",
        "details": {
            "RuleName": "EXE",
            "UtcTime": "2024-09-17 12:00:00.747",
            "ProcessGuid": "{cec53bf7-6f3d-66e9-025b-000000000800}",
            "ProcessId": "8692",
            "Image": "C:\\Users\\raulr\\AppData\\Local\\Programs\\Python\\Python312\\python.exe",
            "TargetFilename": "C:\\Users\\raulr\\AppData\\Local\\Programs\\Python\\Python312\\Scripts\\black.exe",
            "CreationUtcTime": "2024-09-17 12:00:00.747",
            "User": "RACM\\raulr"
        }
    },
    {
        "event_id": 11,
        "description": "File creation time changed",
        "time_generated": "2024-09-17T11:56:00.9596620Z",
        "computer_name": "RACM",
        "details": {
            "RuleName": "T1053",
            "UtcTime": "2024-09-17 11:56:00.956",
            "ProcessGuid": "{cec53bf7-a5cc-66e2-2f00-000000000800}",
            "ProcessId": "2144",
            "Image": "C:\\Windows\\system32\\svchost.exe",
            "TargetFilename": "C:\\Windows\\System32\\Tasks\\Microsoft\\Windows\\Windows Defender\\Windows Defender Cleanup",
            "CreationUtcTime": "2024-09-10 14:23:04.204",
            "User": "NT AUTHORITY\\SYSTEM"
        }
    },
    {
        "event_id": 11,
        "description": "File creation time changed",
        "time_generated": "2024-09-17T11:56:00.9269407Z",
        "computer_name": "RACM",
        "details": {
            "RuleName": "T1053",
            "UtcTime": "2024-09-17 11:56:00.924",
            "ProcessGuid": "{cec53bf7-a5cc-66e2-2f00-000000000800}",
            "ProcessId": "2144",
            "Image": "C:\\Windows\\system32\\svchost.exe",
            "TargetFilename": "C:\\Windows\\System32\\Tasks\\Microsoft\\Windows\\Windows Defender\\Windows Defender Cache Maintenance",
            "CreationUtcTime": "2024-09-10 14:23:04.204",
            "User": "NT AUTHORITY\\SYSTEM"
        }
    },
    {
        "event_id": 11,
        "description": "File creation time changed",
        "time_generated": "2024-09-17T11:56:00.8955159Z",
        "computer_name": "RACM",
        "details": {
            "RuleName": "T1053",
            "UtcTime": "2024-09-17 11:56:00.885",
            "ProcessGuid": "{cec53bf7-a5cc-66e2-2f00-000000000800}",
            "ProcessId": "2144",
            "Image": "C:\\Windows\\system32\\svchost.exe",
            "TargetFilename": "C:\\Windows\\System32\\Tasks\\Microsoft\\Windows\\Windows Defender\\Windows Defender Verification",
            "CreationUtcTime": "2024-09-10 14:23:04.220",
            "User": "NT AUTHORITY\\SYSTEM"
        }
    },
    {
        "event_id": 11,
        "description": "File creation time changed",
        "time_generated": "2024-09-17T11:49:19.0068405Z",
        "computer_name": "RACM",
        "details": {
            "RuleName": "-",
            "UtcTime": "2024-09-17 11:49:19.006",
            "ProcessGuid": "{cec53bf7-6cbe-66e9-5a59-000000000800}",
            "ProcessId": "18352",
            "Image": "C:\\Windows\\System32\\WindowsPowerShell\\v1.0\\powershell.exe",
            "TargetFilename": "C:\\Users\\raulr\\AppData\\Local\\Temp\\__PSScriptPolicyTest_0oivuuwh.i3s.ps1",
            "CreationUtcTime": "2024-09-17 11:49:19.004",
            "User": "RACM\\raulr"
        }
    },
    {
        "event_id": 11,
        "description": "File creation time changed",
        "time_generated": "2024-09-17T11:49:11.5929906Z",
        "computer_name": "RACM",
        "details": {
            "RuleName": "-",
            "UtcTime": "2024-09-17 11:49:11.592",
            "ProcessGuid": "{cec53bf7-6cb7-66e9-6758-000000000800}",
            "ProcessId": "19472",
            "Image": "C:\\Windows\\System32\\WindowsPowerShell\\v1.0\\powershell.exe",
            "TargetFilename": "C:\\Users\\raulr\\AppData\\Local\\Temp\\__PSScriptPolicyTest_dtzdubwz.0qq.ps1",
            "CreationUtcTime": "2024-09-17 11:49:11.592",
            "User": "RACM\\raulr"
        }
    },
    {
        "event_id": 11,
        "description": "File creation time changed",
        "time_generated": "2024-09-17T11:49:10.3723555Z",
        "computer_name": "RACM",
        "details": {
            "RuleName": "-",
            "UtcTime": "2024-09-17 11:49:10.370",
            "ProcessGuid": "{cec53bf7-6cb6-66e9-2d58-000000000800}",
            "ProcessId": "23844",
            "Image": "C:\\Windows\\System32\\WindowsPowerShell\\v1.0\\powershell.exe",
            "TargetFilename": "C:\\Users\\raulr\\AppData\\Local\\Temp\\__PSScriptPolicyTest_s5q25uk4.laj.ps1",
            "CreationUtcTime": "2024-09-17 11:49:10.370",
            "User": "RACM\\raulr"
        }
    },
    {
        "event_id": 11,
        "description": "File creation time changed",
        "time_generated": "2024-09-17T11:49:10.3717986Z",
        "computer_name": "RACM",
        "details": {
            "RuleName": "-",
            "UtcTime": "2024-09-17 11:49:10.370",
            "ProcessGuid": "{cec53bf7-6cb5-66e9-2058-000000000800}",
            "ProcessId": "6564",
            "Image": "C:\\Windows\\System32\\WindowsPowerShell\\v1.0\\powershell.exe",
            "TargetFilename": "C:\\Users\\raulr\\AppData\\Local\\Temp\\__PSScriptPolicyTest_3bs0mf5y.zun.ps1",
            "CreationUtcTime": "2024-09-17 11:49:10.370",
            "User": "RACM\\raulr"
        }
    },
    {
        "event_id": 11,
        "description": "File creation time changed",
        "time_generated": "2024-09-17T11:45:49.1075877Z",
        "computer_name": "RACM",
        "details": {
            "RuleName": "-",
            "UtcTime": "2024-09-17 11:45:49.106",
            "ProcessGuid": "{cec53bf7-6bec-66e9-5857-000000000800}",
            "ProcessId": "7056",
            "Image": "C:\\Windows\\system32\\wbem\\mofcomp.exe",
            "TargetFilename": "C:\\Windows\\System32\\wbem\\AutoRecover\\6751A7FB5F88F563CE3EBD771F3BF807.mof",
            "CreationUtcTime": "2024-09-17 11:45:49.106",
            "User": "NT AUTHORITY\\SYSTEM"
        }
    },
    {
        "event_id": 11,
        "description": "File creation time changed",
        "time_generated": "2024-09-17T11:45:48.9455981Z",
        "computer_name": "RACM",
        "details": {
            "RuleName": "-",
            "UtcTime": "2024-09-17 11:45:48.944",
            "ProcessGuid": "{cec53bf7-6bea-66e9-3f57-000000000800}",
            "ProcessId": "12136",
            "Image": "C:\\ProgramData\\Microsoft\\Windows Defender\\Platform\\4.18.24070.5-0\\MsMpEng.exe",
            "TargetFilename": "C:\\Windows\\System32\\WindowsPowerShell\\v1.0\\Modules\\ConfigDefenderPerformance\\MSFT_MpPerformanceReport.Format.ps1xml",
            "CreationUtcTime": "2024-09-11 08:33:22.420",
            "User": "NT AUTHORITY\\SYSTEM"
        }
    },
    {
        "event_id": 11,
        "description": "File creation time changed",
        "time_generated": "2024-09-17T11:45:48.9451421Z",
        "computer_name": "RACM",
        "details": {
            "RuleName": "-",
            "UtcTime": "2024-09-17 11:45:48.944",
            "ProcessGuid": "{cec53bf7-6bea-66e9-3f57-000000000800}",
            "ProcessId": "12136",
            "Image": "C:\\ProgramData\\Microsoft\\Windows Defender\\Platform\\4.18.24070.5-0\\MsMpEng.exe",
            "TargetFilename": "C:\\Windows\\System32\\WindowsPowerShell\\v1.0\\Modules\\ConfigDefenderPerformance\\MSFT_MpPerformanceRecording.wprp",
            "CreationUtcTime": "2024-09-11 08:33:22.420",
            "User": "NT AUTHORITY\\SYSTEM"
        }
    },
    {
        "event_id": 11,
        "description": "File creation time changed",
        "time_generated": "2024-09-17T11:45:48.9446569Z",
        "computer_name": "RACM",
        "details": {
            "RuleName": "-",
            "UtcTime": "2024-09-17 11:45:48.944",
            "ProcessGuid": "{cec53bf7-6bea-66e9-3f57-000000000800}",
            "ProcessId": "12136",
            "Image": "C:\\ProgramData\\Microsoft\\Windows Defender\\Platform\\4.18.24070.5-0\\MsMpEng.exe",
            "TargetFilename": "C:\\Windows\\System32\\WindowsPowerShell\\v1.0\\Modules\\ConfigDefenderPerformance\\MSFT_MpPerformanceRecording.psm1",
            "CreationUtcTime": "2024-09-11 08:33:22.420",
            "User": "NT AUTHORITY\\SYSTEM"
        }
    },
    {
        "event_id": 11,
        "description": "File creation time changed",
        "time_generated": "2024-09-17T11:45:48.9442826Z",
        "computer_name": "RACM",
        "details": {
            "RuleName": "-",
            "UtcTime": "2024-09-17 11:45:48.943",
            "ProcessGuid": "{cec53bf7-6bea-66e9-3f57-000000000800}",
            "ProcessId": "12136",
            "Image": "C:\\ProgramData\\Microsoft\\Windows Defender\\Platform\\4.18.24070.5-0\\MsMpEng.exe",
            "TargetFilename": "C:\\Windows\\System32\\WindowsPowerShell\\v1.0\\Modules\\ConfigDefenderPerformance\\ConfigDefenderPerformance.psd1",
            "CreationUtcTime": "2024-09-11 08:33:22.420",
            "User": "NT AUTHORITY\\SYSTEM"
        }
    },
    {
        "event_id": 11,
        "description": "File creation time changed",
        "time_generated": "2024-09-17T11:45:48.9438685Z",
        "computer_name": "RACM",
        "details": {
            "RuleName": "-",
            "UtcTime": "2024-09-17 11:45:48.943",
            "ProcessGuid": "{cec53bf7-6bea-66e9-3f57-000000000800}",
            "ProcessId": "12136",
            "Image": "C:\\ProgramData\\Microsoft\\Windows Defender\\Platform\\4.18.24070.5-0\\MsMpEng.exe",
            "TargetFilename": "C:\\Windows\\System32\\WindowsPowerShell\\v1.0\\Modules\\ConfigDefender\\MSFT_MpRollback.cdxml",
            "CreationUtcTime": "2024-09-11 08:33:22.404",
            "User": "NT AUTHORITY\\SYSTEM"
        }
    },
    {
        "event_id": 11,
        "description": "File creation time changed",
        "time_generated": "2024-09-17T11:45:48.9435185Z",
        "computer_name": "RACM",
        "details": {
            "RuleName": "-",
            "UtcTime": "2024-09-17 11:45:48.943",
            "ProcessGuid": "{cec53bf7-6bea-66e9-3f57-000000000800}",
            "ProcessId": "12136",
            "Image": "C:\\ProgramData\\Microsoft\\Windows Defender\\Platform\\4.18.24070.5-0\\MsMpEng.exe",
            "TargetFilename": "C:\\Windows\\System32\\WindowsPowerShell\\v1.0\\Modules\\ConfigDefender\\MSFT_MpSignature.cdxml",
            "CreationUtcTime": "2024-09-11 08:33:22.404",
            "User": "NT AUTHORITY\\SYSTEM"
        }
    },
    {
        "event_id": 11,
        "description": "File creation time changed",
        "time_generated": "2024-09-17T11:45:48.9430372Z",
        "computer_name": "RACM",
        "details": {
            "RuleName": "-",
            "UtcTime": "2024-09-17 11:45:48.942",
            "ProcessGuid": "{cec53bf7-6bea-66e9-3f57-000000000800}",
            "ProcessId": "12136",
            "Image": "C:\\ProgramData\\Microsoft\\Windows Defender\\Platform\\4.18.24070.5-0\\MsMpEng.exe",
            "TargetFilename": "C:\\Windows\\System32\\WindowsPowerShell\\v1.0\\Modules\\ConfigDefender\\MSFT_MpWDOScan.cdxml",
            "CreationUtcTime": "2024-09-11 08:33:22.404",
            "User": "NT AUTHORITY\\SYSTEM"
        }
    },
    {
        "event_id": 11,
        "description": "File creation time changed",
        "time_generated": "2024-09-17T11:45:48.9426740Z",
        "computer_name": "RACM",
        "details": {
            "RuleName": "-",
            "UtcTime": "2024-09-17 11:45:48.942",
            "ProcessGuid": "{cec53bf7-6bea-66e9-3f57-000000000800}",
            "ProcessId": "12136",
            "Image": "C:\\ProgramData\\Microsoft\\Windows Defender\\Platform\\4.18.24070.5-0\\MsMpEng.exe",
            "TargetFilename": "C:\\Windows\\System32\\WindowsPowerShell\\v1.0\\Modules\\ConfigDefender\\MSFT_MpScan.cdxml",
            "CreationUtcTime": "2024-09-11 08:33:22.404",
            "User": "NT AUTHORITY\\SYSTEM"
        }
    },
    {
        "event_id": 11,
        "description": "File creation time changed",
        "time_generated": "2024-09-17T11:45:48.9422695Z",
        "computer_name": "RACM",
        "details": {
            "RuleName": "-",
            "UtcTime": "2024-09-17 11:45:48.942",
            "ProcessGuid": "{cec53bf7-6bea-66e9-3f57-000000000800}",
            "ProcessId": "12136",
            "Image": "C:\\ProgramData\\Microsoft\\Windows Defender\\Platform\\4.18.24070.5-0\\MsMpEng.exe",
            "TargetFilename": "C:\\Windows\\System32\\WindowsPowerShell\\v1.0\\Modules\\ConfigDefender\\MSFT_MpPreference.cdxml",
            "CreationUtcTime": "2024-09-11 08:33:22.404",
            "User": "NT AUTHORITY\\SYSTEM"
        }
    },
    {
        "event_id": 11,
        "description": "File creation time changed",
        "time_generated": "2024-09-17T11:45:48.9417781Z",
        "computer_name": "RACM",
        "details": {
            "RuleName": "-",
            "UtcTime": "2024-09-17 11:45:48.941",
            "ProcessGuid": "{cec53bf7-6bea-66e9-3f57-000000000800}",
            "ProcessId": "12136",
            "Image": "C:\\ProgramData\\Microsoft\\Windows Defender\\Platform\\4.18.24070.5-0\\MsMpEng.exe",
            "TargetFilename": "C:\\Windows\\System32\\WindowsPowerShell\\v1.0\\Modules\\ConfigDefender\\MSFT_MpThreatDetection.cdxml",
            "CreationUtcTime": "2024-09-11 08:33:22.404",
            "User": "NT AUTHORITY\\SYSTEM"
        }
    },
    {
        "event_id": 11,
        "description": "File creation time changed",
        "time_generated": "2024-09-17T11:45:48.9413670Z",
        "computer_name": "RACM",
        "details": {
            "RuleName": "-",
            "UtcTime": "2024-09-17 11:45:48.940",
            "ProcessGuid": "{cec53bf7-6bea-66e9-3f57-000000000800}",
            "ProcessId": "12136",
            "Image": "C:\\ProgramData\\Microsoft\\Windows Defender\\Platform\\4.18.24070.5-0\\MsMpEng.exe",
            "TargetFilename": "C:\\Windows\\System32\\WindowsPowerShell\\v1.0\\Modules\\ConfigDefender\\MSFT_MpThreatCatalog.cdxml",
            "CreationUtcTime": "2024-09-11 08:33:22.404",
            "User": "NT AUTHORITY\\SYSTEM"
        }
    },
    {
        "event_id": 11,
        "description": "File creation time changed",
        "time_generated": "2024-09-17T11:45:48.9409497Z",
        "computer_name": "RACM",
        "details": {
            "RuleName": "-",
            "UtcTime": "2024-09-17 11:45:48.940",
            "ProcessGuid": "{cec53bf7-6bea-66e9-3f57-000000000800}",
            "ProcessId": "12136",
            "Image": "C:\\ProgramData\\Microsoft\\Windows Defender\\Platform\\4.18.24070.5-0\\MsMpEng.exe",
            "TargetFilename": "C:\\Windows\\System32\\WindowsPowerShell\\v1.0\\Modules\\ConfigDefender\\MSFT_MpThreat.cdxml",
            "CreationUtcTime": "2024-09-11 08:33:22.404",
            "User": "NT AUTHORITY\\SYSTEM"
        }
    },
    {
        "event_id": 11,
        "description": "File creation time changed",
        "time_generated": "2024-09-17T11:45:48.9405765Z",
        "computer_name": "RACM",
        "details": {
            "RuleName": "-",
            "UtcTime": "2024-09-17 11:45:48.940",
            "ProcessGuid": "{cec53bf7-6bea-66e9-3f57-000000000800}",
            "ProcessId": "12136",
            "Image": "C:\\ProgramData\\Microsoft\\Windows Defender\\Platform\\4.18.24070.5-0\\MsMpEng.exe",
            "TargetFilename": "C:\\Windows\\System32\\WindowsPowerShell\\v1.0\\Modules\\ConfigDefender\\MSFT_MpComputerStatus.cdxml",
            "CreationUtcTime": "2024-09-11 08:33:22.404",
            "User": "NT AUTHORITY\\SYSTEM"
        }
    },
    {
        "event_id": 11,
        "description": "File creation time changed",
        "time_generated": "2024-09-17T11:45:48.9400799Z",
        "computer_name": "RACM",
        "details": {
            "RuleName": "-",
            "UtcTime": "2024-09-17 11:45:48.938",
            "ProcessGuid": "{cec53bf7-6bea-66e9-3f57-000000000800}",
            "ProcessId": "12136",
            "Image": "C:\\ProgramData\\Microsoft\\Windows Defender\\Platform\\4.18.24070.5-0\\MsMpEng.exe",
            "TargetFilename": "C:\\Windows\\System32\\WindowsPowerShell\\v1.0\\Modules\\ConfigDefender\\ConfigDefender.psd1",
            "CreationUtcTime": "2024-09-11 08:33:22.404",
            "User": "NT AUTHORITY\\SYSTEM"
        }
    },
    {
        "event_id": 11,
        "description": "File creation time changed",
        "time_generated": "2024-09-17T11:45:46.3082618Z",
        "computer_name": "RACM",
        "details": {
            "RuleName": "EXE",
            "UtcTime": "2024-09-17 11:45:46.304",
            "ProcessGuid": "{cec53bf7-a5cc-66e2-5a00-000000000800}",
            "ProcessId": "4552",
            "Image": "C:\\ProgramData\\Microsoft\\Windows Defender\\Platform\\4.18.24070.5-0\\MsMpEng.exe",
            "TargetFilename": "C:\\ProgramData\\Microsoft\\Windows Defender\\Platform\\4.18.24080.9-0\\mpextms.exe",
            "CreationUtcTime": "2024-09-17 11:45:46.304",
            "User": "NT AUTHORITY\\SYSTEM"
        }
    },
    {
        "event_id": 11,
        "description": "File creation time changed",
        "time_generated": "2024-09-17T11:45:46.3077734Z",
        "computer_name": "RACM",
        "details": {
            "RuleName": "DLL",
            "UtcTime": "2024-09-17 11:45:46.304",
            "ProcessGuid": "{cec53bf7-a5cc-66e2-5a00-000000000800}",
            "ProcessId": "4552",
            "Image": "C:\\ProgramData\\Microsoft\\Windows Defender\\Platform\\4.18.24070.5-0\\MsMpEng.exe",
            "TargetFilename": "C:\\ProgramData\\Microsoft\\Windows Defender\\Platform\\4.18.24080.9-0\\X86\\MsMpLics.dll",
            "CreationUtcTime": "2024-09-17 11:45:46.304",
            "User": "NT AUTHORITY\\SYSTEM"
        }
    },
    {
        "event_id": 11,
        "description": "File creation time changed",
        "time_generated": "2024-09-17T11:45:46.3072094Z",
        "computer_name": "RACM",
        "details": {
            "RuleName": "DLL",
            "UtcTime": "2024-09-17 11:45:46.304",
            "ProcessGuid": "{cec53bf7-a5cc-66e2-5a00-000000000800}",
            "ProcessId": "4552",
            "Image": "C:\\ProgramData\\Microsoft\\Windows Defender\\Platform\\4.18.24070.5-0\\MsMpEng.exe",
            "TargetFilename": "C:\\ProgramData\\Microsoft\\Windows Defender\\Platform\\4.18.24080.9-0\\X86\\MpOAV.dll",
            "CreationUtcTime": "2024-09-17 11:45:46.304",
            "User": "NT AUTHORITY\\SYSTEM"
        }
    },
    {
        "event_id": 11,
        "description": "File creation time changed",
        "time_generated": "2024-09-17T11:45:46.3063931Z",
        "computer_name": "RACM",
        "details": {
            "RuleName": "DLL",
            "UtcTime": "2024-09-17 11:45:46.304",
            "ProcessGuid": "{cec53bf7-a5cc-66e2-5a00-000000000800}",
            "ProcessId": "4552",
            "Image": "C:\\ProgramData\\Microsoft\\Windows Defender\\Platform\\4.18.24070.5-0\\MsMpEng.exe",
            "TargetFilename": "C:\\ProgramData\\Microsoft\\Windows Defender\\Platform\\4.18.24080.9-0\\X86\\endpointdlp.dll",
            "CreationUtcTime": "2024-09-17 11:45:46.304",
            "User": "NT AUTHORITY\\SYSTEM"
        }
    },
