    {
        "event_id": 11,
        "description": "File creation time changed",
        "time_generated": "2024-09-17T11:45:46.3059924Z",
        "computer_name": "RACM",
        "details": {
            "RuleName": "DLL",
            "UtcTime": "2024-09-17 11:45:46.304",
            "ProcessGuid": "{cec53bf7-a5cc-66e2-5a00-000000000800}",
            "ProcessId": "4552",
            "Image": "C:\\ProgramData\\Microsoft\\Windows Defender\\Platform\\4.18.24070.5-0\\MsMpEng.exe",
            "TargetFilename": "C:\\ProgramData\\Microsoft\\Windows Defender\\Platform\\4.18.24080.9-0\\X86\\MpDetoursCopyAccelerator.dll",
            "CreationUtcTime": "2024-09-17 11:45:46.304",
            "User": "NT AUTHORITY\\SYSTEM"
        }
    },
    {
        "event_id": 11,
        "description": "File creation time changed",
        "time_generated": "2024-09-17T11:45:46.3051702Z",
        "computer_name": "RACM",
        "details": {
            "RuleName": "DLL",
            "UtcTime": "2024-09-17 11:45:46.304",
            "ProcessGuid": "{cec53bf7-a5cc-66e2-5a00-000000000800}",
            "ProcessId": "4552",
            "Image": "C:\\ProgramData\\Microsoft\\Windows Defender\\Platform\\4.18.24070.5-0\\MsMpEng.exe",
            "TargetFilename": "C:\\ProgramData\\Microsoft\\Windows Defender\\Platform\\4.18.24080.9-0\\X86\\MpDetours.dll",
            "CreationUtcTime": "2024-09-17 11:45:46.304",
            "User": "NT AUTHORITY\\SYSTEM"
        }
    },
    {
        "event_id": 11,
        "description": "File creation time changed",
        "time_generated": "2024-09-17T11:45:46.3043254Z",
        "computer_name": "RACM",
        "details": {
            "RuleName": "EXE",
            "UtcTime": "2024-09-17 11:45:46.300",
            "ProcessGuid": "{cec53bf7-a5cc-66e2-5a00-000000000800}",
            "ProcessId": "4552",
            "Image": "C:\\ProgramData\\Microsoft\\Windows Defender\\Platform\\4.18.24070.5-0\\MsMpEng.exe",
            "TargetFilename": "C:\\ProgramData\\Microsoft\\Windows Defender\\Platform\\4.18.24080.9-0\\X86\\MpCmdRun.exe",
            "CreationUtcTime": "2024-09-17 11:45:46.300",
            "User": "NT AUTHORITY\\SYSTEM"
        }
    },
    {
        "event_id": 11,
        "description": "File creation time changed",
        "time_generated": "2024-09-17T11:45:46.3035057Z",
        "computer_name": "RACM",
        "details": {
            "RuleName": "DLL",
            "UtcTime": "2024-09-17 11:45:46.300",
            "ProcessGuid": "{cec53bf7-a5cc-66e2-5a00-000000000800}",
            "ProcessId": "4552",
            "Image": "C:\\ProgramData\\Microsoft\\Windows Defender\\Platform\\4.18.24070.5-0\\MsMpEng.exe",
            "TargetFilename": "C:\\ProgramData\\Microsoft\\Windows Defender\\Platform\\4.18.24080.9-0\\X86\\MpClient.dll",
            "CreationUtcTime": "2024-09-17 11:45:46.300",
            "User": "NT AUTHORITY\\SYSTEM"
        }
    },
    {
        "event_id": 11,
        "description": "File creation time changed",
        "time_generated": "2024-09-17T11:45:46.3023036Z",
        "computer_name": "RACM",
        "details": {
            "RuleName": "DLL",
            "UtcTime": "2024-09-17 11:45:46.300",
            "ProcessGuid": "{cec53bf7-a5cc-66e2-5a00-000000000800}",
            "ProcessId": "4552",
            "Image": "C:\\ProgramData\\Microsoft\\Windows Defender\\Platform\\4.18.24070.5-0\\MsMpEng.exe",
            "TargetFilename": "C:\\ProgramData\\Microsoft\\Windows Defender\\Platform\\4.18.24080.9-0\\X86\\MpAsDesc.dll",
            "CreationUtcTime": "2024-09-17 11:45:46.300",
            "User": "NT AUTHORITY\\SYSTEM"
        }
    },
    {
        "event_id": 11,
        "description": "File creation time changed",
        "time_generated": "2024-09-17T11:45:46.2948811Z",
        "computer_name": "RACM",
        "details": {
            "RuleName": "DLL",
            "UtcTime": "2024-09-17 11:45:46.292",
            "ProcessGuid": "{cec53bf7-a5cc-66e2-5a00-000000000800}",
            "ProcessId": "4552",
            "Image": "C:\\ProgramData\\Microsoft\\Windows Defender\\Platform\\4.18.24070.5-0\\MsMpEng.exe",
            "TargetFilename": "C:\\ProgramData\\Microsoft\\Windows Defender\\Platform\\4.18.24080.9-0\\ProtectionManagement.dll",
            "CreationUtcTime": "2024-09-17 11:45:46.292",
            "User": "NT AUTHORITY\\SYSTEM"
        }
    },
    {
        "event_id": 11,
        "description": "File creation time changed",
        "time_generated": "2024-09-17T11:45:46.2819280Z",
        "computer_name": "RACM",
        "details": {
            "RuleName": "DLL",
            "UtcTime": "2024-09-17 11:45:46.280",
            "ProcessGuid": "{cec53bf7-a5cc-66e2-5a00-000000000800}",
            "ProcessId": "4552",
            "Image": "C:\\ProgramData\\Microsoft\\Windows Defender\\Platform\\4.18.24070.5-0\\MsMpEng.exe",
            "TargetFilename": "C:\\ProgramData\\Microsoft\\Windows Defender\\Platform\\4.18.24080.9-0\\MpEvMsg.dll",
            "CreationUtcTime": "2024-09-17 11:45:46.280",
            "User": "NT AUTHORITY\\SYSTEM"
        }
    },
    {
        "event_id": 11,
        "description": "File creation time changed",
        "time_generated": "2024-09-17T11:45:46.2624066Z",
        "computer_name": "RACM",
        "details": {
            "RuleName": "DLL",
            "UtcTime": "2024-09-17 11:45:46.260",
            "ProcessGuid": "{cec53bf7-a5cc-66e2-5a00-000000000800}",
            "ProcessId": "4552",
            "Image": "C:\\ProgramData\\Microsoft\\Windows Defender\\Platform\\4.18.24070.5-0\\MsMpEng.exe",
            "TargetFilename": "C:\\ProgramData\\Microsoft\\Windows Defender\\Platform\\4.18.24080.9-0\\MpAsDesc.dll",
            "CreationUtcTime": "2024-09-17 11:45:46.260",
            "User": "NT AUTHORITY\\SYSTEM"
        }
    },
    {
        "event_id": 11,
        "description": "File creation time changed",
        "time_generated": "2024-09-17T11:45:46.2081814Z",
        "computer_name": "RACM",
        "details": {
            "RuleName": "DLL",
            "UtcTime": "2024-09-17 11:45:46.207",
            "ProcessGuid": "{cec53bf7-a5cc-66e2-5a00-000000000800}",
            "ProcessId": "4552",
            "Image": "C:\\ProgramData\\Microsoft\\Windows Defender\\Platform\\4.18.24070.5-0\\MsMpEng.exe",
            "TargetFilename": "C:\\ProgramData\\Microsoft\\Windows Defender\\Platform\\4.18.24080.9-0\\MpUxAgent.dll",
            "CreationUtcTime": "2024-09-17 11:45:46.207",
            "User": "NT AUTHORITY\\SYSTEM"
        }
    },
    {
        "event_id": 11,
        "description": "File creation time changed",
        "time_generated": "2024-09-17T11:45:46.2074239Z",
        "computer_name": "RACM",
        "details": {
            "RuleName": "EXE",
            "UtcTime": "2024-09-17 11:45:46.203",
            "ProcessGuid": "{cec53bf7-a5cc-66e2-5a00-000000000800}",
            "ProcessId": "4552",
            "Image": "C:\\ProgramData\\Microsoft\\Windows Defender\\Platform\\4.18.24070.5-0\\MsMpEng.exe",
            "TargetFilename": "C:\\ProgramData\\Microsoft\\Windows Defender\\Platform\\4.18.24080.9-0\\MpDlpCmd.exe",
            "CreationUtcTime": "2024-09-17 11:45:46.203",
            "User": "NT AUTHORITY\\SYSTEM"
        }
    },
    {
        "event_id": 11,
        "description": "File creation time changed",
        "time_generated": "2024-09-17T11:45:46.1993053Z",
        "computer_name": "RACM",
        "details": {
            "RuleName": "DLL",
            "UtcTime": "2024-09-17 11:45:46.195",
            "ProcessGuid": "{cec53bf7-a5cc-66e2-5a00-000000000800}",
            "ProcessId": "4552",
            "Image": "C:\\ProgramData\\Microsoft\\Windows Defender\\Platform\\4.18.24070.5-0\\MsMpEng.exe",
            "TargetFilename": "C:\\ProgramData\\Microsoft\\Windows Defender\\Platform\\4.18.24080.9-0\\MpSenseComm.dll",
            "CreationUtcTime": "2024-09-17 11:45:46.195",
            "User": "NT AUTHORITY\\SYSTEM"
        }
    },
    {
        "event_id": 11,
        "description": "File creation time changed",
        "time_generated": "2024-09-17T11:45:46.1983501Z",
        "computer_name": "RACM",
        "details": {
            "RuleName": "DLL",
            "UtcTime": "2024-09-17 11:45:46.195",
            "ProcessGuid": "{cec53bf7-a5cc-66e2-5a00-000000000800}",
            "ProcessId": "4552",
            "Image": "C:\\ProgramData\\Microsoft\\Windows Defender\\Platform\\4.18.24070.5-0\\MsMpEng.exe",
            "TargetFilename": "C:\\ProgramData\\Microsoft\\Windows Defender\\Platform\\4.18.24080.9-0\\endpointdlp.dll",
            "CreationUtcTime": "2024-09-17 11:45:46.195",
            "User": "NT AUTHORITY\\SYSTEM"
        }
    },
    {
        "event_id": 11,
        "description": "File creation time changed",
        "time_generated": "2024-09-17T11:45:46.1975235Z",
        "computer_name": "RACM",
        "details": {
            "RuleName": "-",
            "UtcTime": "2024-09-17 11:45:46.195",
            "ProcessGuid": "{cec53bf7-a5cc-66e2-5a00-000000000800}",
            "ProcessId": "4552",
            "Image": "C:\\ProgramData\\Microsoft\\Windows Defender\\Platform\\4.18.24070.5-0\\MsMpEng.exe",
            "TargetFilename": "C:\\ProgramData\\Microsoft\\Windows Defender\\Platform\\4.18.24080.9-0\\Drivers\\WdNisDrv.sys",
            "CreationUtcTime": "2024-09-17 11:45:46.195",
            "User": "NT AUTHORITY\\SYSTEM"
        }
    },
    {
        "event_id": 11,
        "description": "File creation time changed",
        "time_generated": "2024-09-17T11:45:46.1967795Z",
        "computer_name": "RACM",
        "details": {
            "RuleName": "-",
            "UtcTime": "2024-09-17 11:45:46.195",
            "ProcessGuid": "{cec53bf7-a5cc-66e2-5a00-000000000800}",
            "ProcessId": "4552",
            "Image": "C:\\ProgramData\\Microsoft\\Windows Defender\\Platform\\4.18.24070.5-0\\MsMpEng.exe",
            "TargetFilename": "C:\\ProgramData\\Microsoft\\Windows Defender\\Platform\\4.18.24080.9-0\\Drivers\\WdFilter.sys",
            "CreationUtcTime": "2024-09-17 11:45:46.195",
            "User": "NT AUTHORITY\\SYSTEM"
        }
    },
    {
        "event_id": 11,
        "description": "File creation time changed",
        "time_generated": "2024-09-17T11:45:46.1963322Z",
        "computer_name": "RACM",
        "details": {
            "RuleName": "-",
            "UtcTime": "2024-09-17 11:45:46.195",
            "ProcessGuid": "{cec53bf7-a5cc-66e2-5a00-000000000800}",
            "ProcessId": "4552",
            "Image": "C:\\ProgramData\\Microsoft\\Windows Defender\\Platform\\4.18.24070.5-0\\MsMpEng.exe",
            "TargetFilename": "C:\\ProgramData\\Microsoft\\Windows Defender\\Platform\\4.18.24080.9-0\\Drivers\\WdDevFlt.sys",
            "CreationUtcTime": "2024-09-17 11:45:46.195",
            "User": "NT AUTHORITY\\SYSTEM"
        }
    },
    {
        "event_id": 11,
        "description": "File creation time changed",
        "time_generated": "2024-09-17T11:45:46.1958987Z",
        "computer_name": "RACM",
        "details": {
            "RuleName": "-",
            "UtcTime": "2024-09-17 11:45:46.195",
            "ProcessGuid": "{cec53bf7-a5cc-66e2-5a00-000000000800}",
            "ProcessId": "4552",
            "Image": "C:\\ProgramData\\Microsoft\\Windows Defender\\Platform\\4.18.24070.5-0\\MsMpEng.exe",
            "TargetFilename": "C:\\ProgramData\\Microsoft\\Windows Defender\\Platform\\4.18.24080.9-0\\Drivers\\WdBoot.sys",
            "CreationUtcTime": "2024-09-17 11:45:46.195",
            "User": "NT AUTHORITY\\SYSTEM"
        }
    },
    {
        "event_id": 11,
        "description": "File creation time changed",
        "time_generated": "2024-09-17T11:45:46.1913334Z",
        "computer_name": "RACM",
        "details": {
            "RuleName": "DLL",
            "UtcTime": "2024-09-17 11:45:46.187",
            "ProcessGuid": "{cec53bf7-a5cc-66e2-5a00-000000000800}",
            "ProcessId": "4552",
            "Image": "C:\\ProgramData\\Microsoft\\Windows Defender\\Platform\\4.18.24070.5-0\\MsMpEng.exe",
            "TargetFilename": "C:\\ProgramData\\Microsoft\\Windows Defender\\Platform\\4.18.24080.9-0\\DefenderCSP.dll",
            "CreationUtcTime": "2024-09-17 11:45:46.187",
            "User": "NT AUTHORITY\\SYSTEM"
        }
    },
    {
        "event_id": 11,
        "description": "File creation time changed",
        "time_generated": "2024-09-17T11:45:46.1905525Z",
        "computer_name": "RACM",
        "details": {
            "RuleName": "EXE",
            "UtcTime": "2024-09-17 11:45:46.187",
            "ProcessGuid": "{cec53bf7-a5cc-66e2-5a00-000000000800}",
            "ProcessId": "4552",
            "Image": "C:\\ProgramData\\Microsoft\\Windows Defender\\Platform\\4.18.24070.5-0\\MsMpEng.exe",
            "TargetFilename": "C:\\ProgramData\\Microsoft\\Windows Defender\\Platform\\4.18.24080.9-0\\MpDlpService.exe",
            "CreationUtcTime": "2024-09-17 11:45:46.187",
            "User": "NT AUTHORITY\\SYSTEM"
        }
    },
    {
        "event_id": 11,
        "description": "File creation time changed",
        "time_generated": "2024-09-17T11:45:46.1898023Z",
        "computer_name": "RACM",
        "details": {
            "RuleName": "EXE",
            "UtcTime": "2024-09-17 11:45:46.187",
            "ProcessGuid": "{cec53bf7-a5cc-66e2-5a00-000000000800}",
            "ProcessId": "4552",
            "Image": "C:\\ProgramData\\Microsoft\\Windows Defender\\Platform\\4.18.24070.5-0\\MsMpEng.exe",
            "TargetFilename": "C:\\ProgramData\\Microsoft\\Windows Defender\\Platform\\4.18.24080.9-0\\MpDefenderCoreService.exe",
            "CreationUtcTime": "2024-09-17 11:45:46.187",
            "User": "NT AUTHORITY\\SYSTEM"
        }
    },
    {
        "event_id": 11,
        "description": "File creation time changed",
        "time_generated": "2024-09-17T11:45:46.1886107Z",
        "computer_name": "RACM",
        "details": {
            "RuleName": "EXE",
            "UtcTime": "2024-09-17 11:45:46.187",
            "ProcessGuid": "{cec53bf7-a5cc-66e2-5a00-000000000800}",
            "ProcessId": "4552",
            "Image": "C:\\ProgramData\\Microsoft\\Windows Defender\\Platform\\4.18.24070.5-0\\MsMpEng.exe",
            "TargetFilename": "C:\\ProgramData\\Microsoft\\Windows Defender\\Platform\\4.18.24080.9-0\\NisSrv.exe",
            "CreationUtcTime": "2024-09-17 11:45:46.187",
            "User": "NT AUTHORITY\\SYSTEM"
        }
    },
    {
        "event_id": 11,
        "description": "File creation time changed",
        "time_generated": "2024-09-17T11:45:46.1881505Z",
        "computer_name": "RACM",
        "details": {
            "RuleName": "EXE",
            "UtcTime": "2024-09-17 11:45:46.187",
            "ProcessGuid": "{cec53bf7-a5cc-66e2-5a00-000000000800}",
            "ProcessId": "4552",
            "Image": "C:\\ProgramData\\Microsoft\\Windows Defender\\Platform\\4.18.24070.5-0\\MsMpEng.exe",
            "TargetFilename": "C:\\ProgramData\\Microsoft\\Windows Defender\\Platform\\4.18.24080.9-0\\DlpUserAgent.exe",
            "CreationUtcTime": "2024-09-17 11:45:46.187",
            "User": "NT AUTHORITY\\SYSTEM"
        }
    },
    {
        "event_id": 11,
        "description": "File creation time changed",
        "time_generated": "2024-09-17T11:45:46.1876519Z",
        "computer_name": "RACM",
        "details": {
            "RuleName": "DLL",
            "UtcTime": "2024-09-17 11:45:46.183",
            "ProcessGuid": "{cec53bf7-a5cc-66e2-5a00-000000000800}",
            "ProcessId": "4552",
            "Image": "C:\\ProgramData\\Microsoft\\Windows Defender\\Platform\\4.18.24070.5-0\\MsMpEng.exe",
            "TargetFilename": "C:\\ProgramData\\Microsoft\\Windows Defender\\Platform\\4.18.24080.9-0\\MsMpLics.dll",
            "CreationUtcTime": "2024-09-17 11:45:46.183",
            "User": "NT AUTHORITY\\SYSTEM"
        }
    },
    {
        "event_id": 11,
        "description": "File creation time changed",
        "time_generated": "2024-09-17T11:45:46.1871473Z",
        "computer_name": "RACM",
        "details": {
            "RuleName": "EXE",
            "UtcTime": "2024-09-17 11:45:46.183",
            "ProcessGuid": "{cec53bf7-a5cc-66e2-5a00-000000000800}",
            "ProcessId": "4552",
            "Image": "C:\\ProgramData\\Microsoft\\Windows Defender\\Platform\\4.18.24070.5-0\\MsMpEng.exe",
            "TargetFilename": "C:\\ProgramData\\Microsoft\\Windows Defender\\Platform\\4.18.24080.9-0\\MsMpEng.exe",
            "CreationUtcTime": "2024-09-17 11:45:46.183",
            "User": "NT AUTHORITY\\SYSTEM"
        }
    },
    {
        "event_id": 11,
        "description": "File creation time changed",
        "time_generated": "2024-09-17T11:45:46.1866852Z",
        "computer_name": "RACM",
        "details": {
            "RuleName": "DLL",
            "UtcTime": "2024-09-17 11:45:46.183",
            "ProcessGuid": "{cec53bf7-a5cc-66e2-5a00-000000000800}",
            "ProcessId": "4552",
            "Image": "C:\\ProgramData\\Microsoft\\Windows Defender\\Platform\\4.18.24070.5-0\\MsMpEng.exe",
            "TargetFilename": "C:\\ProgramData\\Microsoft\\Windows Defender\\Platform\\4.18.24080.9-0\\MpUpdate.dll",
            "CreationUtcTime": "2024-09-17 11:45:46.183",
            "User": "NT AUTHORITY\\SYSTEM"
        }
    },
    {
        "event_id": 11,
        "description": "File creation time changed",
        "time_generated": "2024-09-17T11:45:46.1846632Z",
        "computer_name": "RACM",
        "details": {
            "RuleName": "DLL",
            "UtcTime": "2024-09-17 11:45:46.183",
            "ProcessGuid": "{cec53bf7-a5cc-66e2-5a00-000000000800}",
            "ProcessId": "4552",
            "Image": "C:\\ProgramData\\Microsoft\\Windows Defender\\Platform\\4.18.24070.5-0\\MsMpEng.exe",
            "TargetFilename": "C:\\ProgramData\\Microsoft\\Windows Defender\\Platform\\4.18.24080.9-0\\MpSvc.dll",
            "CreationUtcTime": "2024-09-17 11:45:46.183",
            "User": "NT AUTHORITY\\SYSTEM"
        }
    },
    {
        "event_id": 11,
        "description": "File creation time changed",
        "time_generated": "2024-09-17T11:45:46.1825036Z",
        "computer_name": "RACM",
        "details": {
            "RuleName": "DLL",
            "UtcTime": "2024-09-17 11:45:46.179",
            "ProcessGuid": "{cec53bf7-a5cc-66e2-5a00-000000000800}",
            "ProcessId": "4552",
            "Image": "C:\\ProgramData\\Microsoft\\Windows Defender\\Platform\\4.18.24070.5-0\\MsMpEng.exe",
            "TargetFilename": "C:\\ProgramData\\Microsoft\\Windows Defender\\Platform\\4.18.24080.9-0\\NpRep.dll",
            "CreationUtcTime": "2024-09-17 11:45:46.179",
            "User": "NT AUTHORITY\\SYSTEM"
        }
    },
    {
        "event_id": 11,
        "description": "File creation time changed",
        "time_generated": "2024-09-17T11:45:46.1814590Z",
        "computer_name": "RACM",
        "details": {
            "RuleName": "DLL",
            "UtcTime": "2024-09-17 11:45:46.179",
            "ProcessGuid": "{cec53bf7-a5cc-66e2-5a00-000000000800}",
            "ProcessId": "4552",
            "Image": "C:\\ProgramData\\Microsoft\\Windows Defender\\Platform\\4.18.24070.5-0\\MsMpEng.exe",
            "TargetFilename": "C:\\ProgramData\\Microsoft\\Windows Defender\\Platform\\4.18.24080.9-0\\MpDlp.dll",
            "CreationUtcTime": "2024-09-17 11:45:46.179",
            "User": "NT AUTHORITY\\SYSTEM"
        }
    },
    {
        "event_id": 11,
        "description": "File creation time changed",
        "time_generated": "2024-09-17T11:45:46.1807132Z",
        "computer_name": "RACM",
        "details": {
            "RuleName": "DLL",
            "UtcTime": "2024-09-17 11:45:46.179",
            "ProcessGuid": "{cec53bf7-a5cc-66e2-5a00-000000000800}",
            "ProcessId": "4552",
            "Image": "C:\\ProgramData\\Microsoft\\Windows Defender\\Platform\\4.18.24070.5-0\\MsMpEng.exe",
            "TargetFilename": "C:\\ProgramData\\Microsoft\\Windows Defender\\Platform\\4.18.24080.9-0\\MpRtp.dll",
            "CreationUtcTime": "2024-09-17 11:45:46.179",
            "User": "NT AUTHORITY\\SYSTEM"
        }
    },
    {
        "event_id": 11,
        "description": "File creation time changed",
        "time_generated": "2024-09-17T11:45:46.1800625Z",
        "computer_name": "RACM",
        "details": {
            "RuleName": "DLL",
            "UtcTime": "2024-09-17 11:45:46.179",
            "ProcessGuid": "{cec53bf7-a5cc-66e2-5a00-000000000800}",
            "ProcessId": "4552",
            "Image": "C:\\ProgramData\\Microsoft\\Windows Defender\\Platform\\4.18.24070.5-0\\MsMpEng.exe",
            "TargetFilename": "C:\\ProgramData\\Microsoft\\Windows Defender\\Platform\\4.18.24080.9-0\\MpOAV.dll",
            "CreationUtcTime": "2024-09-17 11:45:46.179",
            "User": "NT AUTHORITY\\SYSTEM"
        }
    },
    {
        "event_id": 11,
        "description": "File creation time changed",
        "time_generated": "2024-09-17T11:45:46.1794866Z",
        "computer_name": "RACM",
        "details": {
            "RuleName": "EXE",
            "UtcTime": "2024-09-17 11:45:46.176",
            "ProcessGuid": "{cec53bf7-a5cc-66e2-5a00-000000000800}",
            "ProcessId": "4552",
            "Image": "C:\\ProgramData\\Microsoft\\Windows Defender\\Platform\\4.18.24070.5-0\\MsMpEng.exe",
            "TargetFilename": "C:\\ProgramData\\Microsoft\\Windows Defender\\Platform\\4.18.24080.9-0\\MpCopyAccelerator.exe",
            "CreationUtcTime": "2024-09-17 11:45:46.176",
            "User": "NT AUTHORITY\\SYSTEM"
        }
    },
    {
        "event_id": 11,
        "description": "File creation time changed",
        "time_generated": "2024-09-17T11:45:46.1790633Z",
        "computer_name": "RACM",
        "details": {
            "RuleName": "DLL",
            "UtcTime": "2024-09-17 11:45:46.176",
            "ProcessGuid": "{cec53bf7-a5cc-66e2-5a00-000000000800}",
            "ProcessId": "4552",
            "Image": "C:\\ProgramData\\Microsoft\\Windows Defender\\Platform\\4.18.24070.5-0\\MsMpEng.exe",
            "TargetFilename": "C:\\ProgramData\\Microsoft\\Windows Defender\\Platform\\4.18.24080.9-0\\MpDetoursCopyAccelerator.dll",
            "CreationUtcTime": "2024-09-17 11:45:46.176",
            "User": "NT AUTHORITY\\SYSTEM"
        }
    },
    {
        "event_id": 11,
        "description": "File creation time changed",
        "time_generated": "2024-09-17T11:45:46.1785304Z",
        "computer_name": "RACM",
        "details": {
            "RuleName": "DLL",
            "UtcTime": "2024-09-17 11:45:46.176",
            "ProcessGuid": "{cec53bf7-a5cc-66e2-5a00-000000000800}",
            "ProcessId": "4552",
            "Image": "C:\\ProgramData\\Microsoft\\Windows Defender\\Platform\\4.18.24070.5-0\\MsMpEng.exe",
            "TargetFilename": "C:\\ProgramData\\Microsoft\\Windows Defender\\Platform\\4.18.24080.9-0\\MpDetours.dll",
            "CreationUtcTime": "2024-09-17 11:45:46.176",
            "User": "NT AUTHORITY\\SYSTEM"
        }
    },
    {
        "event_id": 11,
        "description": "File creation time changed",
        "time_generated": "2024-09-17T11:45:46.1778860Z",
        "computer_name": "RACM",
        "details": {
            "RuleName": "DLL",
            "UtcTime": "2024-09-17 11:45:46.176",
            "ProcessGuid": "{cec53bf7-a5cc-66e2-5a00-000000000800}",
            "ProcessId": "4552",
            "Image": "C:\\ProgramData\\Microsoft\\Windows Defender\\Platform\\4.18.24070.5-0\\MsMpEng.exe",
            "TargetFilename": "C:\\ProgramData\\Microsoft\\Windows Defender\\Platform\\4.18.24080.9-0\\MpCommu.dll",
            "CreationUtcTime": "2024-09-17 11:45:46.176",
            "User": "NT AUTHORITY\\SYSTEM"
        }
    },
    {
        "event_id": 11,
        "description": "File creation time changed",
        "time_generated": "2024-09-17T11:45:46.1767193Z",
        "computer_name": "RACM",
        "details": {
            "RuleName": "EXE",
            "UtcTime": "2024-09-17 11:45:46.176",
            "ProcessGuid": "{cec53bf7-a5cc-66e2-5a00-000000000800}",
            "ProcessId": "4552",
            "Image": "C:\\ProgramData\\Microsoft\\Windows Defender\\Platform\\4.18.24070.5-0\\MsMpEng.exe",
            "TargetFilename": "C:\\ProgramData\\Microsoft\\Windows Defender\\Platform\\4.18.24080.9-0\\MpCmdRun.exe",
            "CreationUtcTime": "2024-09-17 11:45:46.175",
            "User": "NT AUTHORITY\\SYSTEM"
        }
    },
    {
        "event_id": 11,
        "description": "File creation time changed",
        "time_generated": "2024-09-17T11:45:46.1759726Z",
        "computer_name": "RACM",
        "details": {
            "RuleName": "DLL",
            "UtcTime": "2024-09-17 11:45:46.175",
            "ProcessGuid": "{cec53bf7-a5cc-66e2-5a00-000000000800}",
            "ProcessId": "4552",
            "Image": "C:\\ProgramData\\Microsoft\\Windows Defender\\Platform\\4.18.24070.5-0\\MsMpEng.exe",
            "TargetFilename": "C:\\ProgramData\\Microsoft\\Windows Defender\\Platform\\4.18.24080.9-0\\MpClient.dll",
            "CreationUtcTime": "2024-09-17 11:45:46.175",
            "User": "NT AUTHORITY\\SYSTEM"
        }
    },
    {
        "event_id": 11,
        "description": "File creation time changed",
        "time_generated": "2024-09-17T11:45:46.1749936Z",
        "computer_name": "RACM",
        "details": {
            "RuleName": "DLL",
            "UtcTime": "2024-09-17 11:45:46.171",
            "ProcessGuid": "{cec53bf7-a5cc-66e2-5a00-000000000800}",
            "ProcessId": "4552",
            "Image": "C:\\ProgramData\\Microsoft\\Windows Defender\\Platform\\4.18.24070.5-0\\MsMpEng.exe",
            "TargetFilename": "C:\\ProgramData\\Microsoft\\Windows Defender\\Platform\\4.18.24080.9-0\\MpAzSubmit.dll",
            "CreationUtcTime": "2024-09-17 11:45:46.171",
            "User": "NT AUTHORITY\\SYSTEM"
        }
    },
    {
        "event_id": 11,
        "description": "File creation time changed",
        "time_generated": "2024-09-17T11:45:46.1742703Z",
        "computer_name": "RACM",
        "details": {
            "RuleName": "EXE",
            "UtcTime": "2024-09-17 11:45:46.171",
            "ProcessGuid": "{cec53bf7-a5cc-66e2-5a00-000000000800}",
            "ProcessId": "4552",
            "Image": "C:\\ProgramData\\Microsoft\\Windows Defender\\Platform\\4.18.24070.5-0\\MsMpEng.exe",
            "TargetFilename": "C:\\ProgramData\\Microsoft\\Windows Defender\\Platform\\4.18.24080.9-0\\ConfigSecurityPolicy.exe",
            "CreationUtcTime": "2024-09-17 11:45:46.171",
            "User": "NT AUTHORITY\\SYSTEM"
        }
    },
    {
        "event_id": 11,
        "description": "File creation time changed",
        "time_generated": "2024-09-17T11:45:45.0559474Z",
        "computer_name": "RACM",
        "details": {
            "RuleName": "-",
            "UtcTime": "2024-09-17 11:45:45.053",
            "ProcessGuid": "{cec53bf7-6be6-66e9-3957-000000000800}",
            "ProcessId": "11528",
            "Image": "C:\\Windows\\SoftwareDistribution\\Download\\Install\\UpdatePlatform.amd64fre.exe",
            "TargetFilename": "C:\\Windows\\SystemTemp\\E8B0C1F9-1346-44F4-AFD7-3BE9EF7357B6\\Drivers\\WdNisDrv.sys",
            "CreationUtcTime": "2024-09-17 11:45:45.053",
            "User": "NT AUTHORITY\\SYSTEM"
        }
    },
    {
        "event_id": 11,
        "description": "File creation time changed",
        "time_generated": "2024-09-17T11:45:45.0132465Z",
        "computer_name": "RACM",
        "details": {
            "RuleName": "-",
            "UtcTime": "2024-09-17 11:45:45.009",
            "ProcessGuid": "{cec53bf7-6be6-66e9-3957-000000000800}",
            "ProcessId": "11528",
            "Image": "C:\\Windows\\SoftwareDistribution\\Download\\Install\\UpdatePlatform.amd64fre.exe",
            "TargetFilename": "C:\\Windows\\SystemTemp\\E8B0C1F9-1346-44F4-AFD7-3BE9EF7357B6\\Drivers\\WdFilter.sys",
            "CreationUtcTime": "2024-09-17 11:45:45.009",
            "User": "NT AUTHORITY\\SYSTEM"
        }
    },
    {
        "event_id": 11,
        "description": "File creation time changed",
        "time_generated": "2024-09-17T11:45:44.9565600Z",
        "computer_name": "RACM",
        "details": {
            "RuleName": "-",
            "UtcTime": "2024-09-17 11:45:44.952",
            "ProcessGuid": "{cec53bf7-6be6-66e9-3957-000000000800}",
            "ProcessId": "11528",
            "Image": "C:\\Windows\\SoftwareDistribution\\Download\\Install\\UpdatePlatform.amd64fre.exe",
            "TargetFilename": "C:\\Windows\\SystemTemp\\E8B0C1F9-1346-44F4-AFD7-3BE9EF7357B6\\Drivers\\WdDevFlt.sys",
            "CreationUtcTime": "2024-09-17 11:45:44.952",
            "User": "NT AUTHORITY\\SYSTEM"
        }
    },
    {
        "event_id": 11,
        "description": "File creation time changed",
        "time_generated": "2024-09-17T11:45:44.9274952Z",
        "computer_name": "RACM",
        "details": {
            "RuleName": "-",
            "UtcTime": "2024-09-17 11:45:44.924",
            "ProcessGuid": "{cec53bf7-6be6-66e9-3957-000000000800}",
            "ProcessId": "11528",
            "Image": "C:\\Windows\\SoftwareDistribution\\Download\\Install\\UpdatePlatform.amd64fre.exe",
            "TargetFilename": "C:\\Windows\\SystemTemp\\E8B0C1F9-1346-44F4-AFD7-3BE9EF7357B6\\Drivers\\WdBoot.sys",
            "CreationUtcTime": "2024-09-17 11:45:44.924",
            "User": "NT AUTHORITY\\SYSTEM"
        }
    },
    {
        "event_id": 11,
        "description": "File creation time changed",
        "time_generated": "2024-09-17T11:45:43.3819023Z",
        "computer_name": "RACM",
        "details": {
            "RuleName": "EXE",
            "UtcTime": "2024-09-17 11:45:43.378",
            "ProcessGuid": "{cec53bf7-6be6-66e9-3957-000000000800}",
            "ProcessId": "11528",
            "Image": "C:\\Windows\\SoftwareDistribution\\Download\\Install\\UpdatePlatform.amd64fre.exe",
            "TargetFilename": "C:\\Windows\\SystemTemp\\E8B0C1F9-1346-44F4-AFD7-3BE9EF7357B6\\x86\\MpCopyAccelerator.exe",
            "CreationUtcTime": "2024-09-17 11:45:43.378",
            "User": "NT AUTHORITY\\SYSTEM"
        }
    },
    {
        "event_id": 11,
        "description": "File creation time changed",
        "time_generated": "2024-09-17T11:45:43.3560875Z",
        "computer_name": "RACM",
        "details": {
            "RuleName": "EXE",
            "UtcTime": "2024-09-17 11:45:43.354",
            "ProcessGuid": "{cec53bf7-6be6-66e9-3957-000000000800}",
            "ProcessId": "11528",
            "Image": "C:\\Windows\\SoftwareDistribution\\Download\\Install\\UpdatePlatform.amd64fre.exe",
            "TargetFilename": "C:\\Windows\\SystemTemp\\E8B0C1F9-1346-44F4-AFD7-3BE9EF7357B6\\x86\\MpCmdRun.exe",
            "CreationUtcTime": "2024-09-17 11:45:43.354",
            "User": "NT AUTHORITY\\SYSTEM"
        }
    },
    {
        "event_id": 11,
        "description": "File creation time changed",
        "time_generated": "2024-09-17T11:45:43.3369829Z",
        "computer_name": "RACM",
        "details": {
            "RuleName": "EXE",
            "UtcTime": "2024-09-17 11:45:43.334",
            "ProcessGuid": "{cec53bf7-6be6-66e9-3957-000000000800}",
            "ProcessId": "11528",
            "Image": "C:\\Windows\\SoftwareDistribution\\Download\\Install\\UpdatePlatform.amd64fre.exe",
            "TargetFilename": "C:\\Windows\\SystemTemp\\E8B0C1F9-1346-44F4-AFD7-3BE9EF7357B6\\mpextms.exe",
            "CreationUtcTime": "2024-09-17 11:45:43.334",
            "User": "NT AUTHORITY\\SYSTEM"
        }
    },
    {
        "event_id": 11,
        "description": "File creation time changed",
        "time_generated": "2024-09-17T11:45:43.2911669Z",
        "computer_name": "RACM",
        "details": {
            "RuleName": "EXE",
            "UtcTime": "2024-09-17 11:45:43.290",
            "ProcessGuid": "{cec53bf7-6be6-66e9-3957-000000000800}",
            "ProcessId": "11528",
            "Image": "C:\\Windows\\SoftwareDistribution\\Download\\Install\\UpdatePlatform.amd64fre.exe",
            "TargetFilename": "C:\\Windows\\SystemTemp\\E8B0C1F9-1346-44F4-AFD7-3BE9EF7357B6\\NisSrv.exe",
            "CreationUtcTime": "2024-09-17 11:45:43.290",
            "User": "NT AUTHORITY\\SYSTEM"
        }
    },
    {
        "event_id": 11,
        "description": "File creation time changed",
        "time_generated": "2024-09-17T11:45:43.2835606Z",
        "computer_name": "RACM",
        "details": {
            "RuleName": "EXE",
            "UtcTime": "2024-09-17 11:45:43.282",
            "ProcessGuid": "{cec53bf7-6be6-66e9-3957-000000000800}",
            "ProcessId": "11528",
            "Image": "C:\\Windows\\SoftwareDistribution\\Download\\Install\\UpdatePlatform.amd64fre.exe",
            "TargetFilename": "C:\\Windows\\SystemTemp\\E8B0C1F9-1346-44F4-AFD7-3BE9EF7357B6\\MsMpEng.exe",
            "CreationUtcTime": "2024-09-17 11:45:43.278",
            "User": "NT AUTHORITY\\SYSTEM"
        }
    },
    {
        "event_id": 11,
        "description": "File creation time changed",
        "time_generated": "2024-09-17T11:45:43.2634168Z",
        "computer_name": "RACM",
        "details": {
            "RuleName": "EXE",
            "UtcTime": "2024-09-17 11:45:43.262",
            "ProcessGuid": "{cec53bf7-6be6-66e9-3957-000000000800}",
            "ProcessId": "11528",
            "Image": "C:\\Windows\\SoftwareDistribution\\Download\\Install\\UpdatePlatform.amd64fre.exe",
            "TargetFilename": "C:\\Windows\\SystemTemp\\E8B0C1F9-1346-44F4-AFD7-3BE9EF7357B6\\MpSigStub.exe",
            "CreationUtcTime": "2024-09-17 11:45:43.262",
            "User": "NT AUTHORITY\\SYSTEM"
        }
    },
    {
        "event_id": 11,
        "description": "File creation time changed",
        "time_generated": "2024-09-17T11:45:43.2541211Z",
        "computer_name": "RACM",
        "details": {
            "RuleName": "EXE",
            "UtcTime": "2024-09-17 11:45:43.249",
            "ProcessGuid": "{cec53bf7-6be6-66e9-3957-000000000800}",
            "ProcessId": "11528",
            "Image": "C:\\Windows\\SoftwareDistribution\\Download\\Install\\UpdatePlatform.amd64fre.exe",
            "TargetFilename": "C:\\Windows\\SystemTemp\\E8B0C1F9-1346-44F4-AFD7-3BE9EF7357B6\\MpRecovery.exe",
            "CreationUtcTime": "2024-09-17 11:45:43.249",
            "User": "NT AUTHORITY\\SYSTEM"
        }
    },
    {
        "event_id": 11,
        "description": "File creation time changed",
        "time_generated": "2024-09-17T11:45:43.2395317Z",
        "computer_name": "RACM",
        "details": {
            "RuleName": "EXE",
            "UtcTime": "2024-09-17 11:45:43.237",
            "ProcessGuid": "{cec53bf7-6be6-66e9-3957-000000000800}",
            "ProcessId": "11528",
            "Image": "C:\\Windows\\SoftwareDistribution\\Download\\Install\\UpdatePlatform.amd64fre.exe",
            "TargetFilename": "C:\\Windows\\SystemTemp\\E8B0C1F9-1346-44F4-AFD7-3BE9EF7357B6\\MpDlpService.exe",
            "CreationUtcTime": "2024-09-17 11:45:43.237",
            "User": "NT AUTHORITY\\SYSTEM"
        }
    },
    {
        "event_id": 11,
        "description": "File creation time changed",
        "time_generated": "2024-09-17T11:45:43.2278075Z",
        "computer_name": "RACM",
        "details": {
            "RuleName": "EXE",
            "UtcTime": "2024-09-17 11:45:43.225",
            "ProcessGuid": "{cec53bf7-6be6-66e9-3957-000000000800}",
            "ProcessId": "11528",
            "Image": "C:\\Windows\\SoftwareDistribution\\Download\\Install\\UpdatePlatform.amd64fre.exe",
            "TargetFilename": "C:\\Windows\\SystemTemp\\E8B0C1F9-1346-44F4-AFD7-3BE9EF7357B6\\MpDlpCmd.exe",
            "CreationUtcTime": "2024-09-17 11:45:43.225",
            "User": "NT AUTHORITY\\SYSTEM"
        }
    },
    {
        "event_id": 11,
        "description": "File creation time changed",
        "time_generated": "2024-09-17T11:45:43.2032955Z",
        "computer_name": "RACM",
        "details": {
            "RuleName": "EXE",
            "UtcTime": "2024-09-17 11:45:43.201",
            "ProcessGuid": "{cec53bf7-6be6-66e9-3957-000000000800}",
            "ProcessId": "11528",
            "Image": "C:\\Windows\\SoftwareDistribution\\Download\\Install\\UpdatePlatform.amd64fre.exe",
            "TargetFilename": "C:\\Windows\\SystemTemp\\E8B0C1F9-1346-44F4-AFD7-3BE9EF7357B6\\MpDefenderCoreService.exe",
            "CreationUtcTime": "2024-09-17 11:45:43.201",
            "User": "NT AUTHORITY\\SYSTEM"
        }
    },
    {
        "event_id": 11,
        "description": "File creation time changed",
        "time_generated": "2024-09-17T11:45:43.1942833Z",
        "computer_name": "RACM",
        "details": {
            "RuleName": "EXE",
            "UtcTime": "2024-09-17 11:45:43.193",
            "ProcessGuid": "{cec53bf7-6be6-66e9-3957-000000000800}",
            "ProcessId": "11528",
            "Image": "C:\\Windows\\SoftwareDistribution\\Download\\Install\\UpdatePlatform.amd64fre.exe",
            "TargetFilename": "C:\\Windows\\SystemTemp\\E8B0C1F9-1346-44F4-AFD7-3BE9EF7357B6\\MpCopyAccelerator.exe",
            "CreationUtcTime": "2024-09-17 11:45:43.193",
            "User": "NT AUTHORITY\\SYSTEM"
        }
    },
    {
        "event_id": 11,
        "description": "File creation time changed",
        "time_generated": "2024-09-17T11:45:43.1670841Z",
        "computer_name": "RACM",
        "details": {
            "RuleName": "EXE",
            "UtcTime": "2024-09-17 11:45:43.165",
            "ProcessGuid": "{cec53bf7-6be6-66e9-3957-000000000800}",
            "ProcessId": "11528",
            "Image": "C:\\Windows\\SoftwareDistribution\\Download\\Install\\UpdatePlatform.amd64fre.exe",
            "TargetFilename": "C:\\Windows\\SystemTemp\\E8B0C1F9-1346-44F4-AFD7-3BE9EF7357B6\\MpCmdRun.exe",
            "CreationUtcTime": "2024-09-17 11:45:43.165",
            "User": "NT AUTHORITY\\SYSTEM"
        }
    },
    {
        "event_id": 11,
        "description": "File creation time changed",
        "time_generated": "2024-09-17T11:45:43.1586547Z",
        "computer_name": "RACM",
        "details": {
            "RuleName": "EXE",
            "UtcTime": "2024-09-17 11:45:43.157",
            "ProcessGuid": "{cec53bf7-6be6-66e9-3957-000000000800}",
            "ProcessId": "11528",
            "Image": "C:\\Windows\\SoftwareDistribution\\Download\\Install\\UpdatePlatform.amd64fre.exe",
            "TargetFilename": "C:\\Windows\\SystemTemp\\E8B0C1F9-1346-44F4-AFD7-3BE9EF7357B6\\DlpUserAgent.exe",
            "CreationUtcTime": "2024-09-17 11:45:43.157",
            "User": "NT AUTHORITY\\SYSTEM"
        }
    },
    {
        "event_id": 11,
        "description": "File creation time changed",
        "time_generated": "2024-09-17T11:45:43.1464029Z",
        "computer_name": "RACM",
        "details": {
            "RuleName": "EXE",
            "UtcTime": "2024-09-17 11:45:43.144",
            "ProcessGuid": "{cec53bf7-6be6-66e9-3957-000000000800}",
            "ProcessId": "11528",
            "Image": "C:\\Windows\\SoftwareDistribution\\Download\\Install\\UpdatePlatform.amd64fre.exe",
            "TargetFilename": "C:\\Windows\\SystemTemp\\E8B0C1F9-1346-44F4-AFD7-3BE9EF7357B6\\ConfigSecurityPolicy.exe",
            "CreationUtcTime": "2024-09-17 11:45:43.144",
            "User": "NT AUTHORITY\\SYSTEM"
        }
    },
    {
        "event_id": 11,
        "description": "File creation time changed",
        "time_generated": "2024-09-17T11:45:43.1282315Z",
        "computer_name": "RACM",
        "details": {
            "RuleName": "DLL",
            "UtcTime": "2024-09-17 11:45:43.124",
            "ProcessGuid": "{cec53bf7-6be6-66e9-3957-000000000800}",
            "ProcessId": "11528",
            "Image": "C:\\Windows\\SoftwareDistribution\\Download\\Install\\UpdatePlatform.amd64fre.exe",
            "TargetFilename": "C:\\Windows\\SystemTemp\\E8B0C1F9-1346-44F4-AFD7-3BE9EF7357B6\\x86\\endpointdlp.dll",
            "CreationUtcTime": "2024-09-17 11:45:43.124",
            "User": "NT AUTHORITY\\SYSTEM"
        }
    },
    {
        "event_id": 11,
        "description": "File creation time changed",
        "time_generated": "2024-09-17T11:45:43.1227593Z",
        "computer_name": "RACM",
        "details": {
            "RuleName": "DLL",
            "UtcTime": "2024-09-17 11:45:43.120",
            "ProcessGuid": "{cec53bf7-6be6-66e9-3957-000000000800}",
            "ProcessId": "11528",
            "Image": "C:\\Windows\\SoftwareDistribution\\Download\\Install\\UpdatePlatform.amd64fre.exe",
            "TargetFilename": "C:\\Windows\\SystemTemp\\E8B0C1F9-1346-44F4-AFD7-3BE9EF7357B6\\x86\\MsMpLics.dll",
            "CreationUtcTime": "2024-09-17 11:45:43.120",
            "User": "NT AUTHORITY\\SYSTEM"
        }
    },
    {
        "event_id": 11,
        "description": "File creation time changed",
        "time_generated": "2024-09-17T11:45:43.1107889Z",
        "computer_name": "RACM",
        "details": {
            "RuleName": "DLL",
            "UtcTime": "2024-09-17 11:45:43.108",
            "ProcessGuid": "{cec53bf7-6be6-66e9-3957-000000000800}",
            "ProcessId": "11528",
            "Image": "C:\\Windows\\SoftwareDistribution\\Download\\Install\\UpdatePlatform.amd64fre.exe",
            "TargetFilename": "C:\\Windows\\SystemTemp\\E8B0C1F9-1346-44F4-AFD7-3BE9EF7357B6\\x86\\MpOAV.dll",
            "CreationUtcTime": "2024-09-17 11:45:43.108",
            "User": "NT AUTHORITY\\SYSTEM"
        }
    },
    {
        "event_id": 11,
        "description": "File creation time changed",
        "time_generated": "2024-09-17T11:45:43.1044230Z",
        "computer_name": "RACM",
        "details": {
            "RuleName": "DLL",
            "UtcTime": "2024-09-17 11:45:43.100",
            "ProcessGuid": "{cec53bf7-6be6-66e9-3957-000000000800}",
            "ProcessId": "11528",
            "Image": "C:\\Windows\\SoftwareDistribution\\Download\\Install\\UpdatePlatform.amd64fre.exe",
            "TargetFilename": "C:\\Windows\\SystemTemp\\E8B0C1F9-1346-44F4-AFD7-3BE9EF7357B6\\x86\\MpDetoursCopyAccelerator.dll",
            "CreationUtcTime": "2024-09-17 11:45:43.100",
            "User": "NT AUTHORITY\\SYSTEM"
        }
    },
    {
        "event_id": 11,
        "description": "File creation time changed",
        "time_generated": "2024-09-17T11:45:43.0950089Z",
        "computer_name": "RACM",
        "details": {
            "RuleName": "DLL",
            "UtcTime": "2024-09-17 11:45:43.092",
            "ProcessGuid": "{cec53bf7-6be6-66e9-3957-000000000800}",
            "ProcessId": "11528",
            "Image": "C:\\Windows\\SoftwareDistribution\\Download\\Install\\UpdatePlatform.amd64fre.exe",
            "TargetFilename": "C:\\Windows\\SystemTemp\\E8B0C1F9-1346-44F4-AFD7-3BE9EF7357B6\\x86\\MpDetours.dll",
            "CreationUtcTime": "2024-09-17 11:45:43.092",
            "User": "NT AUTHORITY\\SYSTEM"
        }
    },
    {
        "event_id": 11,
        "description": "File creation time changed",
        "time_generated": "2024-09-17T11:45:43.0752464Z",
        "computer_name": "RACM",
        "details": {
            "RuleName": "DLL",
            "UtcTime": "2024-09-17 11:45:43.072",
            "ProcessGuid": "{cec53bf7-6be6-66e9-3957-000000000800}",
            "ProcessId": "11528",
            "Image": "C:\\Windows\\SoftwareDistribution\\Download\\Install\\UpdatePlatform.amd64fre.exe",
            "TargetFilename": "C:\\Windows\\SystemTemp\\E8B0C1F9-1346-44F4-AFD7-3BE9EF7357B6\\x86\\MpClient.dll",
            "CreationUtcTime": "2024-09-17 11:45:43.072",
            "User": "NT AUTHORITY\\SYSTEM"
        }
    },
    {
        "event_id": 11,
        "description": "File creation time changed",
        "time_generated": "2024-09-17T11:45:43.0668757Z",
        "computer_name": "RACM",
        "details": {
            "RuleName": "DLL",
            "UtcTime": "2024-09-17 11:45:43.064",
            "ProcessGuid": "{cec53bf7-6be6-66e9-3957-000000000800}",
            "ProcessId": "11528",
            "Image": "C:\\Windows\\SoftwareDistribution\\Download\\Install\\UpdatePlatform.amd64fre.exe",
            "TargetFilename": "C:\\Windows\\SystemTemp\\E8B0C1F9-1346-44F4-AFD7-3BE9EF7357B6\\x86\\MpAsDesc.dll",
            "CreationUtcTime": "2024-09-17 11:45:43.064",
            "User": "NT AUTHORITY\\SYSTEM"
        }
    },
    {
        "event_id": 11,
        "description": "File creation time changed",
        "time_generated": "2024-09-17T11:45:43.0418054Z",
        "computer_name": "RACM",
        "details": {
            "RuleName": "DLL",
            "UtcTime": "2024-09-17 11:45:43.040",
            "ProcessGuid": "{cec53bf7-6be6-66e9-3957-000000000800}",
            "ProcessId": "11528",
            "Image": "C:\\Windows\\SoftwareDistribution\\Download\\Install\\UpdatePlatform.amd64fre.exe",
            "TargetFilename": "C:\\Windows\\SystemTemp\\E8B0C1F9-1346-44F4-AFD7-3BE9EF7357B6\\endpointdlp.dll",
            "CreationUtcTime": "2024-09-17 11:45:43.040",
            "User": "NT AUTHORITY\\SYSTEM"
        }
    },
    {
        "event_id": 11,
        "description": "File creation time changed",
        "time_generated": "2024-09-17T11:45:43.0257227Z",
        "computer_name": "RACM",
        "details": {
            "RuleName": "DLL",
            "UtcTime": "2024-09-17 11:45:43.024",
            "ProcessGuid": "{cec53bf7-6be6-66e9-3957-000000000800}",
            "ProcessId": "11528",
            "Image": "C:\\Windows\\SoftwareDistribution\\Download\\Install\\UpdatePlatform.amd64fre.exe",
            "TargetFilename": "C:\\Windows\\SystemTemp\\E8B0C1F9-1346-44F4-AFD7-3BE9EF7357B6\\ProtectionManagement.dll",
            "CreationUtcTime": "2024-09-17 11:45:43.024",
            "User": "NT AUTHORITY\\SYSTEM"
        }
    },
    {
        "event_id": 11,
        "description": "File creation time changed",
        "time_generated": "2024-09-17T11:45:42.9492335Z",
        "computer_name": "RACM",
        "details": {
            "RuleName": "DLL",
            "UtcTime": "2024-09-17 11:45:42.948",
            "ProcessGuid": "{cec53bf7-6be6-66e9-3957-000000000800}",
            "ProcessId": "11528",
            "Image": "C:\\Windows\\SoftwareDistribution\\Download\\Install\\UpdatePlatform.amd64fre.exe",
            "TargetFilename": "C:\\Windows\\SystemTemp\\E8B0C1F9-1346-44F4-AFD7-3BE9EF7357B6\\NpRep.dll",
            "CreationUtcTime": "2024-09-17 11:45:42.948",
            "User": "NT AUTHORITY\\SYSTEM"
        }
    },
    {
        "event_id": 11,
        "description": "File creation time changed",
        "time_generated": "2024-09-17T11:45:42.9425059Z",
        "computer_name": "RACM",
        "details": {
            "RuleName": "DLL",
            "UtcTime": "2024-09-17 11:45:42.940",
            "ProcessGuid": "{cec53bf7-6be6-66e9-3957-000000000800}",
            "ProcessId": "11528",
            "Image": "C:\\Windows\\SoftwareDistribution\\Download\\Install\\UpdatePlatform.amd64fre.exe",
            "TargetFilename": "C:\\Windows\\SystemTemp\\E8B0C1F9-1346-44F4-AFD7-3BE9EF7357B6\\MsMpLics.dll",
            "CreationUtcTime": "2024-09-17 11:45:42.940",
            "User": "NT AUTHORITY\\SYSTEM"
        }
    },
    {
        "event_id": 11,
        "description": "File creation time changed",
        "time_generated": "2024-09-17T11:45:42.9297737Z",
        "computer_name": "RACM",
        "details": {
            "RuleName": "DLL",
            "UtcTime": "2024-09-17 11:45:42.928",
            "ProcessGuid": "{cec53bf7-6be6-66e9-3957-000000000800}",
            "ProcessId": "11528",
            "Image": "C:\\Windows\\SoftwareDistribution\\Download\\Install\\UpdatePlatform.amd64fre.exe",
            "TargetFilename": "C:\\Windows\\SystemTemp\\E8B0C1F9-1346-44F4-AFD7-3BE9EF7357B6\\MpUxAgent.dll",
            "CreationUtcTime": "2024-09-17 11:45:42.928",
            "User": "NT AUTHORITY\\SYSTEM"
        }
    },
    {
        "event_id": 11,
        "description": "File creation time changed",
        "time_generated": "2024-09-17T11:45:42.9222291Z",
        "computer_name": "RACM",
        "details": {
            "RuleName": "DLL",
            "UtcTime": "2024-09-17 11:45:42.920",
            "ProcessGuid": "{cec53bf7-6be6-66e9-3957-000000000800}",
            "ProcessId": "11528",
            "Image": "C:\\Windows\\SoftwareDistribution\\Download\\Install\\UpdatePlatform.amd64fre.exe",
            "TargetFilename": "C:\\Windows\\SystemTemp\\E8B0C1F9-1346-44F4-AFD7-3BE9EF7357B6\\MpUpdate.dll",
            "CreationUtcTime": "2024-09-17 11:45:42.920",
            "User": "NT AUTHORITY\\SYSTEM"
        }
    },
    {
        "event_id": 11,
        "description": "File creation time changed",
        "time_generated": "2024-09-17T11:45:42.8372706Z",
        "computer_name": "RACM",
        "details": {
            "RuleName": "DLL",
            "UtcTime": "2024-09-17 11:45:42.834",
            "ProcessGuid": "{cec53bf7-6be6-66e9-3957-000000000800}",
            "ProcessId": "11528",
            "Image": "C:\\Windows\\SoftwareDistribution\\Download\\Install\\UpdatePlatform.amd64fre.exe",
            "TargetFilename": "C:\\Windows\\SystemTemp\\E8B0C1F9-1346-44F4-AFD7-3BE9EF7357B6\\MpSvc.dll",
            "CreationUtcTime": "2024-09-17 11:45:42.834",
            "User": "NT AUTHORITY\\SYSTEM"
        }
    },
