[
    {
        "event_id": 11,
        "description": "File creation time changed",
        "time_generated": "2024-09-19T20:24:47.3831492Z",
        "computer_name": "RACM",
        "details": {
            "RuleName": "Downloads",
            "UtcTime": "2024-09-19 20:24:47.379",
            "ProcessGuid": "{cec53bf7-d968-66e7-b90c-000000000800}",
            "ProcessId": "20140",
            "Image": "C:\\Program Files\\Mozilla Firefox\\firefox.exe",
            "TargetFilename": "C:\\Users\\raulr\\Downloads\\SL Gu\u00eda Pr\u00e1ctica 1.pdf:Zone.Identifier",
            "CreationUtcTime": "2024-09-19 20:24:46.873",
            "User": "RACM\\raulr"
        }
    },
    {
        "event_id": 11,
        "description": "File creation time changed",
        "time_generated": "2024-09-19T20:24:46.8778504Z",
        "computer_name": "RACM",
        "details": {
            "RuleName": "Downloads",
            "UtcTime": "2024-09-19 20:24:46.873",
            "ProcessGuid": "{cec53bf7-d968-66e7-b90c-000000000800}",
            "ProcessId": "20140",
            "Image": "C:\\Program Files\\Mozilla Firefox\\firefox.exe",
            "TargetFilename": "C:\\Users\\raulr\\Downloads\\JcHpi0i4.pdf.part",
            "CreationUtcTime": "2024-09-19 20:24:46.873",
            "User": "RACM\\raulr"
        }
    },
    {
        "event_id": 11,
        "description": "File creation time changed",
        "time_generated": "2024-09-19T20:24:46.8776429Z",
        "computer_name": "RACM",
        "details": {
            "RuleName": "Downloads",
            "UtcTime": "2024-09-19 20:24:46.873",
            "ProcessGuid": "{cec53bf7-d968-66e7-b90c-000000000800}",
            "ProcessId": "20140",
            "Image": "C:\\Program Files\\Mozilla Firefox\\firefox.exe",
            "TargetFilename": "C:\\Users\\raulr\\Downloads\\SL Gu\u00eda Pr\u00e1ctica 1.pdf",
            "CreationUtcTime": "2024-09-19 20:24:46.873",
            "User": "RACM\\raulr"
        }
    },
    {
        "event_id": 11,
        "description": "File creation time changed",
        "time_generated": "2024-09-19T20:24:46.8770647Z",
        "computer_name": "RACM",
        "details": {
            "RuleName": "Downloads",
            "UtcTime": "2024-09-19 20:24:46.873",
            "ProcessGuid": "{cec53bf7-d968-66e7-b90c-000000000800}",
            "ProcessId": "20140",
            "Image": "C:\\Program Files\\Mozilla Firefox\\firefox.exe",
            "TargetFilename": "C:\\Users\\raulr\\Downloads\\JcHpi0i4.pdf.part",
            "CreationUtcTime": "2024-09-19 20:24:46.873",
            "User": "RACM\\raulr"
        }
    },
    {
        "event_id": 11,
        "description": "File creation time changed",
        "time_generated": "2024-09-19T20:24:46.8763441Z",
        "computer_name": "RACM",
        "details": {
            "RuleName": "Downloads",
            "UtcTime": "2024-09-19 20:24:46.873",
            "ProcessGuid": "{cec53bf7-d968-66e7-b90c-000000000800}",
            "ProcessId": "20140",
            "Image": "C:\\Program Files\\Mozilla Firefox\\firefox.exe",
            "TargetFilename": "C:\\Users\\raulr\\Downloads\\JcHpi0i4.pdf",
            "CreationUtcTime": "2024-09-19 20:24:46.873",
            "User": "RACM\\raulr"
        }
    },
    {
        "event_id": 11,
        "description": "File creation time changed",
        "time_generated": "2024-09-19T20:23:13.6060715Z",
        "computer_name": "RACM",
        "details": {
            "RuleName": "DLL",
            "UtcTime": "2024-09-19 20:23:13.595",
            "ProcessGuid": "{cec53bf7-8743-66ec-42b0-000000000800}",
            "ProcessId": "10128",
            "Image": "C:\\Users\\raulr\\Downloads\\octave-9.2.0-w64-installer.exe",
            "TargetFilename": "C:\\Program Files\\GNU Octave\\Octave-9.2.0\\mingw64\\bin\\libblas.dll",
            "CreationUtcTime": "2024-06-01 17:27:42.000",
            "User": "RACM\\raulr"
        }
    },
    {
        "event_id": 11,
        "description": "File creation time changed",
        "time_generated": "2024-09-19T20:23:13.2684686Z",
        "computer_name": "RACM",
        "details": {
            "RuleName": "T1023",
            "UtcTime": "2024-09-19 20:23:13.263",
            "ProcessGuid": "{cec53bf7-8743-66ec-42b0-000000000800}",
            "ProcessId": "10128",
            "Image": "C:\\Users\\raulr\\Downloads\\octave-9.2.0-w64-installer.exe",
            "TargetFilename": "C:\\ProgramData\\Microsoft\\Windows\\Start Menu\\Programs\\GNU Octave 9.2.0\\Documentation\\Octave (HTML).lnk",
            "CreationUtcTime": "2024-09-19 20:23:13.263",
            "User": "RACM\\raulr"
        }
    },
    {
        "event_id": 11,
        "description": "File creation time changed",
        "time_generated": "2024-09-19T20:23:13.2640334Z",
        "computer_name": "RACM",
        "details": {
            "RuleName": "T1023",
            "UtcTime": "2024-09-19 20:23:13.255",
            "ProcessGuid": "{cec53bf7-8743-66ec-42b0-000000000800}",
            "ProcessId": "10128",
            "Image": "C:\\Users\\raulr\\Downloads\\octave-9.2.0-w64-installer.exe",
            "TargetFilename": "C:\\ProgramData\\Microsoft\\Windows\\Start Menu\\Programs\\GNU Octave 9.2.0\\Documentation\\Octave (PDF).lnk",
            "CreationUtcTime": "2024-09-19 20:23:13.255",
            "User": "RACM\\raulr"
        }
    },
    {
        "event_id": 11,
        "description": "File creation time changed",
        "time_generated": "2024-09-19T20:23:13.2611112Z",
        "computer_name": "RACM",
        "details": {
            "RuleName": "T1023",
            "UtcTime": "2024-09-19 20:23:13.255",
            "ProcessGuid": "{cec53bf7-8743-66ec-42b0-000000000800}",
            "ProcessId": "10128",
            "Image": "C:\\Users\\raulr\\Downloads\\octave-9.2.0-w64-installer.exe",
            "TargetFilename": "C:\\ProgramData\\Microsoft\\Windows\\Start Menu\\Programs\\GNU Octave 9.2.0\\Documentation",
            "CreationUtcTime": "2024-09-19 20:23:13.255",
            "User": "RACM\\raulr"
        }
    },
    {
        "event_id": 11,
        "description": "File creation time changed",
        "time_generated": "2024-09-19T20:23:13.2571862Z",
        "computer_name": "RACM",
        "details": {
            "RuleName": "T1023",
            "UtcTime": "2024-09-19 20:23:13.255",
            "ProcessGuid": "{cec53bf7-8743-66ec-42b0-000000000800}",
            "ProcessId": "10128",
            "Image": "C:\\Users\\raulr\\Downloads\\octave-9.2.0-w64-installer.exe",
            "TargetFilename": "C:\\ProgramData\\Microsoft\\Windows\\Start Menu\\Programs\\GNU Octave 9.2.0\\OpenGL Switcher.lnk",
            "CreationUtcTime": "2024-09-19 20:23:13.232",
            "User": "RACM\\raulr"
        }
    },
    {
        "event_id": 11,
        "description": "File creation time changed",
        "time_generated": "2024-09-19T20:23:13.2357848Z",
        "computer_name": "RACM",
        "details": {
            "RuleName": "T1023",
            "UtcTime": "2024-09-19 20:23:13.232",
            "ProcessGuid": "{cec53bf7-8743-66ec-42b0-000000000800}",
            "ProcessId": "10128",
            "Image": "C:\\Users\\raulr\\Downloads\\octave-9.2.0-w64-installer.exe",
            "TargetFilename": "C:\\ProgramData\\Microsoft\\Windows\\Start Menu\\Programs\\GNU Octave 9.2.0\\OpenGL Switcher.lnk",
            "CreationUtcTime": "2024-09-19 20:23:13.232",
            "User": "RACM\\raulr"
        }
    },
    {
        "event_id": 11,
        "description": "File creation time changed",
        "time_generated": "2024-09-19T20:23:13.2056201Z",
        "computer_name": "RACM",
        "details": {
            "RuleName": "T1023",
            "UtcTime": "2024-09-19 20:23:13.202",
            "ProcessGuid": "{cec53bf7-8743-66ec-42b0-000000000800}",
            "ProcessId": "10128",
            "Image": "C:\\Users\\raulr\\Downloads\\octave-9.2.0-w64-installer.exe",
            "TargetFilename": "C:\\ProgramData\\Microsoft\\Windows\\Start Menu\\Programs\\GNU Octave 9.2.0\\BLAS Switcher.lnk",
            "CreationUtcTime": "2024-09-19 20:23:13.169",
            "User": "RACM\\raulr"
        }
    },
    {
        "event_id": 11,
        "description": "File creation time changed",
        "time_generated": "2024-09-19T20:23:13.1828608Z",
        "computer_name": "RACM",
        "details": {
            "RuleName": "T1023",
            "UtcTime": "2024-09-19 20:23:13.169",
            "ProcessGuid": "{cec53bf7-8743-66ec-42b0-000000000800}",
            "ProcessId": "10128",
            "Image": "C:\\Users\\raulr\\Downloads\\octave-9.2.0-w64-installer.exe",
            "TargetFilename": "C:\\ProgramData\\Microsoft\\Windows\\Start Menu\\Programs\\GNU Octave 9.2.0\\BLAS Switcher.lnk",
            "CreationUtcTime": "2024-09-19 20:23:13.169",
            "User": "RACM\\raulr"
        }
    },
    {
        "event_id": 11,
        "description": "File creation time changed",
        "time_generated": "2024-09-19T20:23:13.1423442Z",
        "computer_name": "RACM",
        "details": {
            "RuleName": "T1023",
            "UtcTime": "2024-09-19 20:23:13.138",
            "ProcessGuid": "{cec53bf7-8743-66ec-42b0-000000000800}",
            "ProcessId": "10128",
            "Image": "C:\\Users\\raulr\\Downloads\\octave-9.2.0-w64-installer.exe",
            "TargetFilename": "C:\\ProgramData\\Microsoft\\Windows\\Start Menu\\Programs\\GNU Octave 9.2.0\\Bash Shell.lnk",
            "CreationUtcTime": "2024-09-19 20:23:13.138",
            "User": "RACM\\raulr"
        }
    },
    {
        "event_id": 11,
        "description": "File creation time changed",
        "time_generated": "2024-09-19T20:23:13.0491628Z",
        "computer_name": "RACM",
        "details": {
            "RuleName": "T1023",
            "UtcTime": "2024-09-19 20:23:13.043",
            "ProcessGuid": "{cec53bf7-8830-66ec-39b2-000000000800}",
            "ProcessId": "8652",
            "Image": "C:\\Program Files\\GNU Octave\\Octave-9.2.0\\mingw64\\bin\\win7appid.exe",
            "TargetFilename": "C:\\ProgramData\\Microsoft\\Windows\\Start Menu\\Programs\\GNU Octave 9.2.0\\Octave-9.2.0 (GUI).lnk",
            "CreationUtcTime": "2024-09-19 20:23:12.204",
            "User": "RACM\\raulr"
        }
    },
    {
        "event_id": 11,
        "description": "File creation time changed",
        "time_generated": "2024-09-19T20:23:12.2054663Z",
        "computer_name": "RACM",
        "details": {
            "RuleName": "T1023",
            "UtcTime": "2024-09-19 20:23:12.204",
            "ProcessGuid": "{cec53bf7-8743-66ec-42b0-000000000800}",
            "ProcessId": "10128",
            "Image": "C:\\Users\\raulr\\Downloads\\octave-9.2.0-w64-installer.exe",
            "TargetFilename": "C:\\ProgramData\\Microsoft\\Windows\\Start Menu\\Programs\\GNU Octave 9.2.0\\Octave-9.2.0 (GUI).lnk",
            "CreationUtcTime": "2024-09-19 20:23:12.204",
            "User": "RACM\\raulr"
        }
    },
    {
        "event_id": 11,
        "description": "File creation time changed",
        "time_generated": "2024-09-19T20:23:12.2006555Z",
        "computer_name": "RACM",
        "details": {
            "RuleName": "T1023",
            "UtcTime": "2024-09-19 20:23:12.188",
            "ProcessGuid": "{cec53bf7-8743-66ec-42b0-000000000800}",
            "ProcessId": "10128",
            "Image": "C:\\Users\\raulr\\Downloads\\octave-9.2.0-w64-installer.exe",
            "TargetFilename": "C:\\ProgramData\\Microsoft\\Windows\\Start Menu\\Programs\\GNU Octave 9.2.0\\Octave-9.2.0 (CLI).lnk",
            "CreationUtcTime": "2024-09-19 20:23:12.188",
            "User": "RACM\\raulr"
        }
    },
    {
        "event_id": 11,
        "description": "File creation time changed",
        "time_generated": "2024-09-19T20:23:12.1624148Z",
        "computer_name": "RACM",
        "details": {
            "RuleName": "T1023",
            "UtcTime": "2024-09-19 20:23:12.157",
            "ProcessGuid": "{cec53bf7-8743-66ec-42b0-000000000800}",
            "ProcessId": "10128",
            "Image": "C:\\Users\\raulr\\Downloads\\octave-9.2.0-w64-installer.exe",
            "TargetFilename": "C:\\ProgramData\\Microsoft\\Windows\\Start Menu\\Programs\\GNU Octave 9.2.0\\Uninstall.lnk",
            "CreationUtcTime": "2024-09-19 20:23:12.157",
            "User": "RACM\\raulr"
        }
    },
    {
        "event_id": 11,
        "description": "File creation time changed",
        "time_generated": "2024-09-19T20:23:11.7686232Z",
        "computer_name": "RACM",
        "details": {
            "RuleName": "T1023",
            "UtcTime": "2024-09-19 20:23:11.765",
            "ProcessGuid": "{cec53bf7-8743-66ec-42b0-000000000800}",
            "ProcessId": "10128",
            "Image": "C:\\Users\\raulr\\Downloads\\octave-9.2.0-w64-installer.exe",
            "TargetFilename": "C:\\ProgramData\\Microsoft\\Windows\\Start Menu\\Programs\\GNU Octave 9.2.0",
            "CreationUtcTime": "2024-09-19 20:23:11.765",
            "User": "RACM\\raulr"
        }
    },
    {
        "event_id": 11,
        "description": "File creation time changed",
        "time_generated": "2024-09-19T20:23:11.7637338Z",
        "computer_name": "RACM",
        "details": {
            "RuleName": "EXE",
            "UtcTime": "2024-09-19 20:23:11.755",
            "ProcessGuid": "{cec53bf7-8743-66ec-42b0-000000000800}",
            "ProcessId": "10128",
            "Image": "C:\\Users\\raulr\\Downloads\\octave-9.2.0-w64-installer.exe",
            "TargetFilename": "C:\\Program Files\\GNU Octave\\Octave-9.2.0\\uninstall.exe",
            "CreationUtcTime": "2024-09-19 20:23:11.755",
            "User": "RACM\\raulr"
        }
    },
    {
        "event_id": 11,
        "description": "File creation time changed",
        "time_generated": "2024-09-19T20:22:31.8530689Z",
        "computer_name": "RACM",
        "details": {
            "RuleName": "DLL",
            "UtcTime": "2024-09-19 20:22:31.849",
            "ProcessGuid": "{cec53bf7-8743-66ec-42b0-000000000800}",
            "ProcessId": "10128",
            "Image": "C:\\Users\\raulr\\Downloads\\octave-9.2.0-w64-installer.exe",
            "TargetFilename": "C:\\Users\\raulr\\AppData\\Local\\Temp\\nscD71F.tmp\\nsExec.dll",
            "CreationUtcTime": "2024-09-19 20:22:31.849",
            "User": "RACM\\raulr"
        }
    },
    {
        "event_id": 11,
        "description": "File creation time changed",
        "time_generated": "2024-09-19T20:22:30.8285990Z",
        "computer_name": "RACM",
        "details": {
            "RuleName": "-",
            "UtcTime": "2024-09-19 20:22:30.823",
            "ProcessGuid": "{cec53bf7-8743-66ec-42b0-000000000800}",
            "ProcessId": "10128",
            "Image": "C:\\Users\\raulr\\Downloads\\octave-9.2.0-w64-installer.exe",
            "TargetFilename": "C:\\Program Files\\GNU Octave\\Octave-9.2.0\\usr\\share\\terminfo\\6e\\nansi.sys",
            "CreationUtcTime": "2024-09-19 20:22:30.823",
            "User": "RACM\\raulr"
        }
    },
    {
        "event_id": 11,
        "description": "File creation time changed",
        "time_generated": "2024-09-19T20:22:25.6214424Z",
        "computer_name": "RACM",
        "details": {
            "RuleName": "-",
            "UtcTime": "2024-09-19 20:22:25.608",
            "ProcessGuid": "{cec53bf7-8743-66ec-42b0-000000000800}",
            "ProcessId": "10128",
            "Image": "C:\\Users\\raulr\\Downloads\\octave-9.2.0-w64-installer.exe",
            "TargetFilename": "C:\\Program Files\\GNU Octave\\Octave-9.2.0\\usr\\share\\terminfo\\61\\ansi.sys",
            "CreationUtcTime": "2024-09-19 20:22:25.608",
            "User": "RACM\\raulr"
        }
    },
    {
        "event_id": 11,
        "description": "File creation time changed",
        "time_generated": "2024-09-19T20:22:13.8392083Z",
        "computer_name": "RACM",
        "details": {
            "RuleName": "-",
            "UtcTime": "2024-09-19 20:22:13.837",
            "ProcessGuid": "{cec53bf7-8743-66ec-42b0-000000000800}",
            "ProcessId": "10128",
            "Image": "C:\\Users\\raulr\\Downloads\\octave-9.2.0-w64-installer.exe",
            "TargetFilename": "C:\\Program Files\\GNU Octave\\Octave-9.2.0\\usr\\lib\\terminfo\\6e\\nansi.sys",
            "CreationUtcTime": "2024-09-19 20:22:13.837",
            "User": "RACM\\raulr"
        }
    },
    {
        "event_id": 11,
        "description": "File creation time changed",
        "time_generated": "2024-09-19T20:22:09.6024322Z",
        "computer_name": "RACM",
        "details": {
            "RuleName": "-",
            "UtcTime": "2024-09-19 20:22:09.600",
            "ProcessGuid": "{cec53bf7-8743-66ec-42b0-000000000800}",
            "ProcessId": "10128",
            "Image": "C:\\Users\\raulr\\Downloads\\octave-9.2.0-w64-installer.exe",
            "TargetFilename": "C:\\Program Files\\GNU Octave\\Octave-9.2.0\\usr\\lib\\terminfo\\61\\ansi.sys",
            "CreationUtcTime": "2024-09-19 20:22:09.600",
            "User": "RACM\\raulr"
        }
    },
    {
        "event_id": 11,
        "description": "File creation time changed",
        "time_generated": "2024-09-19T20:22:09.2094975Z",
        "computer_name": "RACM",
        "details": {
            "RuleName": "EXE",
            "UtcTime": "2024-09-19 20:22:09.205",
            "ProcessGuid": "{cec53bf7-8743-66ec-42b0-000000000800}",
            "ProcessId": "10128",
            "Image": "C:\\Users\\raulr\\Downloads\\octave-9.2.0-w64-installer.exe",
            "TargetFilename": "C:\\Program Files\\GNU Octave\\Octave-9.2.0\\usr\\lib\\awk\\grcat.exe",
            "CreationUtcTime": "2024-09-19 20:22:09.205",
            "User": "RACM\\raulr"
        }
    },
    {
        "event_id": 11,
        "description": "File creation time changed",
        "time_generated": "2024-09-19T20:22:09.2073829Z",
        "computer_name": "RACM",
        "details": {
            "RuleName": "EXE",
            "UtcTime": "2024-09-19 20:22:09.205",
            "ProcessGuid": "{cec53bf7-8743-66ec-42b0-000000000800}",
            "ProcessId": "10128",
            "Image": "C:\\Users\\raulr\\Downloads\\octave-9.2.0-w64-installer.exe",
            "TargetFilename": "C:\\Program Files\\GNU Octave\\Octave-9.2.0\\usr\\lib\\awk\\pwcat.exe",
            "CreationUtcTime": "2024-09-19 20:22:09.205",
            "User": "RACM\\raulr"
        }
    },
    {
        "event_id": 11,
        "description": "File creation time changed",
        "time_generated": "2024-09-19T20:22:09.2011977Z",
        "computer_name": "RACM",
        "details": {
            "RuleName": "DLL",
            "UtcTime": "2024-09-19 20:22:09.190",
            "ProcessGuid": "{cec53bf7-8743-66ec-42b0-000000000800}",
            "ProcessId": "10128",
            "Image": "C:\\Users\\raulr\\Downloads\\octave-9.2.0-w64-installer.exe",
            "TargetFilename": "C:\\Program Files\\GNU Octave\\Octave-9.2.0\\usr\\lib\\openssl\\engines-3\\capi.dll",
            "CreationUtcTime": "2024-09-19 20:22:09.190",
            "User": "RACM\\raulr"
        }
    },
    {
        "event_id": 11,
        "description": "File creation time changed",
        "time_generated": "2024-09-19T20:22:09.1977423Z",
        "computer_name": "RACM",
        "details": {
            "RuleName": "DLL",
            "UtcTime": "2024-09-19 20:22:09.190",
            "ProcessGuid": "{cec53bf7-8743-66ec-42b0-000000000800}",
            "ProcessId": "10128",
            "Image": "C:\\Users\\raulr\\Downloads\\octave-9.2.0-w64-installer.exe",
            "TargetFilename": "C:\\Program Files\\GNU Octave\\Octave-9.2.0\\usr\\lib\\openssl\\engines-3\\loader_attic.dll",
            "CreationUtcTime": "2024-09-19 20:22:09.190",
            "User": "RACM\\raulr"
        }
    },
    {
        "event_id": 11,
        "description": "File creation time changed",
        "time_generated": "2024-09-19T20:22:09.1950898Z",
        "computer_name": "RACM",
        "details": {
            "RuleName": "DLL",
            "UtcTime": "2024-09-19 20:22:09.190",
            "ProcessGuid": "{cec53bf7-8743-66ec-42b0-000000000800}",
            "ProcessId": "10128",
            "Image": "C:\\Users\\raulr\\Downloads\\octave-9.2.0-w64-installer.exe",
            "TargetFilename": "C:\\Program Files\\GNU Octave\\Octave-9.2.0\\usr\\lib\\openssl\\engines-3\\padlock.dll",
            "CreationUtcTime": "2024-09-19 20:22:09.190",
            "User": "RACM\\raulr"
        }
    },
    {
        "event_id": 11,
        "description": "File creation time changed",
        "time_generated": "2024-09-19T20:22:09.1903418Z",
        "computer_name": "RACM",
        "details": {
            "RuleName": "DLL",
            "UtcTime": "2024-09-19 20:22:09.190",
            "ProcessGuid": "{cec53bf7-8743-66ec-42b0-000000000800}",
            "ProcessId": "10128",
            "Image": "C:\\Users\\raulr\\Downloads\\octave-9.2.0-w64-installer.exe",
            "TargetFilename": "C:\\Program Files\\GNU Octave\\Octave-9.2.0\\usr\\lib\\coreutils\\libstdbuf.dll",
            "CreationUtcTime": "2024-09-19 20:22:09.175",
            "User": "RACM\\raulr"
        }
    },
    {
        "event_id": 11,
        "description": "File creation time changed",
        "time_generated": "2024-09-19T20:22:09.1642076Z",
        "computer_name": "RACM",
        "details": {
            "RuleName": "EXE",
            "UtcTime": "2024-09-19 20:22:09.158",
            "ProcessGuid": "{cec53bf7-8743-66ec-42b0-000000000800}",
            "ProcessId": "10128",
            "Image": "C:\\Users\\raulr\\Downloads\\octave-9.2.0-w64-installer.exe",
            "TargetFilename": "C:\\Program Files\\GNU Octave\\Octave-9.2.0\\usr\\lib\\gnupg\\scdaemon.exe",
            "CreationUtcTime": "2024-09-19 20:22:09.158",
            "User": "RACM\\raulr"
        }
    },
    {
        "event_id": 11,
        "description": "File creation time changed",
        "time_generated": "2024-09-19T20:22:09.1500058Z",
        "computer_name": "RACM",
        "details": {
            "RuleName": "EXE",
            "UtcTime": "2024-09-19 20:22:09.142",
            "ProcessGuid": "{cec53bf7-8743-66ec-42b0-000000000800}",
            "ProcessId": "10128",
            "Image": "C:\\Users\\raulr\\Downloads\\octave-9.2.0-w64-installer.exe",
            "TargetFilename": "C:\\Program Files\\GNU Octave\\Octave-9.2.0\\usr\\lib\\gnupg\\keyboxd.exe",
            "CreationUtcTime": "2024-09-19 20:22:09.142",
            "User": "RACM\\raulr"
        }
    },
    {
        "event_id": 11,
        "description": "File creation time changed",
        "time_generated": "2024-09-19T20:22:09.1438178Z",
        "computer_name": "RACM",
        "details": {
            "RuleName": "EXE",
            "UtcTime": "2024-09-19 20:22:09.142",
            "ProcessGuid": "{cec53bf7-8743-66ec-42b0-000000000800}",
            "ProcessId": "10128",
            "Image": "C:\\Users\\raulr\\Downloads\\octave-9.2.0-w64-installer.exe",
            "TargetFilename": "C:\\Program Files\\GNU Octave\\Octave-9.2.0\\usr\\lib\\gnupg\\gpg-check-pattern.exe",
            "CreationUtcTime": "2024-09-19 20:22:09.142",
            "User": "RACM\\raulr"
        }
    },
    {
        "event_id": 11,
        "description": "File creation time changed",
        "time_generated": "2024-09-19T20:22:09.1367289Z",
        "computer_name": "RACM",
        "details": {
            "RuleName": "EXE",
            "UtcTime": "2024-09-19 20:22:09.132",
            "ProcessGuid": "{cec53bf7-8743-66ec-42b0-000000000800}",
            "ProcessId": "10128",
            "Image": "C:\\Users\\raulr\\Downloads\\octave-9.2.0-w64-installer.exe",
            "TargetFilename": "C:\\Program Files\\GNU Octave\\Octave-9.2.0\\usr\\lib\\gnupg\\gpg-pair-tool.exe",
            "CreationUtcTime": "2024-09-19 20:22:09.132",
            "User": "RACM\\raulr"
        }
    },
    {
        "event_id": 11,
        "description": "File creation time changed",
        "time_generated": "2024-09-19T20:22:09.1316647Z",
        "computer_name": "RACM",
        "details": {
            "RuleName": "EXE",
            "UtcTime": "2024-09-19 20:22:09.131",
            "ProcessGuid": "{cec53bf7-8743-66ec-42b0-000000000800}",
            "ProcessId": "10128",
            "Image": "C:\\Users\\raulr\\Downloads\\octave-9.2.0-w64-installer.exe",
            "TargetFilename": "C:\\Program Files\\GNU Octave\\Octave-9.2.0\\usr\\lib\\gnupg\\gpg-preset-passphrase.exe",
            "CreationUtcTime": "2024-09-19 20:22:09.111",
            "User": "RACM\\raulr"
        }
    },
    {
        "event_id": 11,
        "description": "File creation time changed",
        "time_generated": "2024-09-19T20:22:09.1150341Z",
        "computer_name": "RACM",
        "details": {
            "RuleName": "EXE",
            "UtcTime": "2024-09-19 20:22:09.111",
            "ProcessGuid": "{cec53bf7-8743-66ec-42b0-000000000800}",
            "ProcessId": "10128",
            "Image": "C:\\Users\\raulr\\Downloads\\octave-9.2.0-w64-installer.exe",
            "TargetFilename": "C:\\Program Files\\GNU Octave\\Octave-9.2.0\\usr\\lib\\gnupg\\gpg-protect-tool.exe",
            "CreationUtcTime": "2024-09-19 20:22:09.111",
            "User": "RACM\\raulr"
        }
    },
    {
        "event_id": 11,
        "description": "File creation time changed",
        "time_generated": "2024-09-19T20:22:09.1088472Z",
        "computer_name": "RACM",
        "details": {
            "RuleName": "EXE",
            "UtcTime": "2024-09-19 20:22:09.095",
            "ProcessGuid": "{cec53bf7-8743-66ec-42b0-000000000800}",
            "ProcessId": "10128",
            "Image": "C:\\Users\\raulr\\Downloads\\octave-9.2.0-w64-installer.exe",
            "TargetFilename": "C:\\Program Files\\GNU Octave\\Octave-9.2.0\\usr\\lib\\gnupg\\gpg-auth.exe",
            "CreationUtcTime": "2024-09-19 20:22:09.095",
            "User": "RACM\\raulr"
        }
    },
    {
        "event_id": 11,
        "description": "File creation time changed",
        "time_generated": "2024-09-19T20:22:09.1017869Z",
        "computer_name": "RACM",
        "details": {
            "RuleName": "EXE",
            "UtcTime": "2024-09-19 20:22:09.095",
            "ProcessGuid": "{cec53bf7-8743-66ec-42b0-000000000800}",
            "ProcessId": "10128",
            "Image": "C:\\Users\\raulr\\Downloads\\octave-9.2.0-w64-installer.exe",
            "TargetFilename": "C:\\Program Files\\GNU Octave\\Octave-9.2.0\\usr\\lib\\tar\\rmt.exe",
            "CreationUtcTime": "2024-09-19 20:22:09.095",
            "User": "RACM\\raulr"
        }
    },
    {
        "event_id": 11,
        "description": "File creation time changed",
        "time_generated": "2024-09-19T20:22:08.7968102Z",
        "computer_name": "RACM",
        "details": {
            "RuleName": "DLL",
            "UtcTime": "2024-09-19 20:22:08.781",
            "ProcessGuid": "{cec53bf7-8743-66ec-42b0-000000000800}",
            "ProcessId": "10128",
            "Image": "C:\\Users\\raulr\\Downloads\\octave-9.2.0-w64-installer.exe",
            "TargetFilename": "C:\\Program Files\\GNU Octave\\Octave-9.2.0\\usr\\lib\\perl5\\core_perl\\CORE\\msys-perl5_38.dll",
            "CreationUtcTime": "2024-09-19 20:22:08.781",
            "User": "RACM\\raulr"
        }
    },
    {
        "event_id": 11,
        "description": "File creation time changed",
        "time_generated": "2024-09-19T20:22:08.5367692Z",
        "computer_name": "RACM",
        "details": {
            "RuleName": "DLL",
            "UtcTime": "2024-09-19 20:22:08.532",
            "ProcessGuid": "{cec53bf7-8743-66ec-42b0-000000000800}",
            "ProcessId": "10128",
            "Image": "C:\\Users\\raulr\\Downloads\\octave-9.2.0-w64-installer.exe",
            "TargetFilename": "C:\\Program Files\\GNU Octave\\Octave-9.2.0\\usr\\lib\\perl5\\core_perl\\auto\\XS\\Typemap\\Typemap.dll",
            "CreationUtcTime": "2024-09-19 20:22:08.532",
            "User": "RACM\\raulr"
        }
    },
    {
        "event_id": 11,
        "description": "File creation time changed",
        "time_generated": "2024-09-19T20:22:08.5221152Z",
        "computer_name": "RACM",
        "details": {
            "RuleName": "DLL",
            "UtcTime": "2024-09-19 20:22:08.518",
            "ProcessGuid": "{cec53bf7-8743-66ec-42b0-000000000800}",
            "ProcessId": "10128",
            "Image": "C:\\Users\\raulr\\Downloads\\octave-9.2.0-w64-installer.exe",
            "TargetFilename": "C:\\Program Files\\GNU Octave\\Octave-9.2.0\\usr\\lib\\perl5\\core_perl\\auto\\XS\\APItest\\APItest.dll",
            "CreationUtcTime": "2024-09-19 20:22:08.518",
            "User": "RACM\\raulr"
        }
    },
    {
        "event_id": 11,
        "description": "File creation time changed",
        "time_generated": "2024-09-19T20:22:08.4896903Z",
        "computer_name": "RACM",
        "details": {
            "RuleName": "DLL",
            "UtcTime": "2024-09-19 20:22:08.480",
            "ProcessGuid": "{cec53bf7-8743-66ec-42b0-000000000800}",
            "ProcessId": "10128",
            "Image": "C:\\Users\\raulr\\Downloads\\octave-9.2.0-w64-installer.exe",
            "TargetFilename": "C:\\Program Files\\GNU Octave\\Octave-9.2.0\\usr\\lib\\perl5\\core_perl\\auto\\Unicode\\Collate\\Collate.dll",
            "CreationUtcTime": "2024-09-19 20:22:08.480",
            "User": "RACM\\raulr"
        }
    },
    {
        "event_id": 11,
        "description": "File creation time changed",
        "time_generated": "2024-09-19T20:22:08.4764437Z",
        "computer_name": "RACM",
        "details": {
            "RuleName": "DLL",
            "UtcTime": "2024-09-19 20:22:08.465",
            "ProcessGuid": "{cec53bf7-8743-66ec-42b0-000000000800}",
            "ProcessId": "10128",
            "Image": "C:\\Users\\raulr\\Downloads\\octave-9.2.0-w64-installer.exe",
            "TargetFilename": "C:\\Program Files\\GNU Octave\\Octave-9.2.0\\usr\\lib\\perl5\\core_perl\\auto\\Unicode\\Normalize\\Normalize.dll",
            "CreationUtcTime": "2024-09-19 20:22:08.465",
            "User": "RACM\\raulr"
        }
    },
    {
        "event_id": 11,
        "description": "File creation time changed",
        "time_generated": "2024-09-19T20:22:08.4701580Z",
        "computer_name": "RACM",
        "details": {
            "RuleName": "DLL",
            "UtcTime": "2024-09-19 20:22:08.465",
            "ProcessGuid": "{cec53bf7-8743-66ec-42b0-000000000800}",
            "ProcessId": "10128",
            "Image": "C:\\Users\\raulr\\Downloads\\octave-9.2.0-w64-installer.exe",
            "TargetFilename": "C:\\Program Files\\GNU Octave\\Octave-9.2.0\\usr\\lib\\perl5\\core_perl\\auto\\Hash\\Util\\FieldHash\\FieldHash.dll",
            "CreationUtcTime": "2024-09-19 20:22:08.465",
            "User": "RACM\\raulr"
        }
    },
    {
        "event_id": 11,
        "description": "File creation time changed",
        "time_generated": "2024-09-19T20:22:08.4642201Z",
        "computer_name": "RACM",
        "details": {
            "RuleName": "DLL",
            "UtcTime": "2024-09-19 20:22:08.449",
            "ProcessGuid": "{cec53bf7-8743-66ec-42b0-000000000800}",
            "ProcessId": "10128",
            "Image": "C:\\Users\\raulr\\Downloads\\octave-9.2.0-w64-installer.exe",
            "TargetFilename": "C:\\Program Files\\GNU Octave\\Octave-9.2.0\\usr\\lib\\perl5\\core_perl\\auto\\Hash\\Util\\Util.dll",
            "CreationUtcTime": "2024-09-19 20:22:08.449",
            "User": "RACM\\raulr"
        }
    },
    {
        "event_id": 11,
        "description": "File creation time changed",
        "time_generated": "2024-09-19T20:22:08.4551817Z",
        "computer_name": "RACM",
        "details": {
            "RuleName": "DLL",
            "UtcTime": "2024-09-19 20:22:08.449",
            "ProcessGuid": "{cec53bf7-8743-66ec-42b0-000000000800}",
            "ProcessId": "10128",
            "Image": "C:\\Users\\raulr\\Downloads\\octave-9.2.0-w64-installer.exe",
            "TargetFilename": "C:\\Program Files\\GNU Octave\\Octave-9.2.0\\usr\\lib\\perl5\\core_perl\\auto\\Storable\\Storable.dll",
            "CreationUtcTime": "2024-09-19 20:22:08.449",
            "User": "RACM\\raulr"
        }
    },
    {
        "event_id": 11,
        "description": "File creation time changed",
        "time_generated": "2024-09-19T20:22:08.4517054Z",
        "computer_name": "RACM",
        "details": {
            "RuleName": "DLL",
            "UtcTime": "2024-09-19 20:22:08.449",
            "ProcessGuid": "{cec53bf7-8743-66ec-42b0-000000000800}",
            "ProcessId": "10128",
            "Image": "C:\\Users\\raulr\\Downloads\\octave-9.2.0-w64-installer.exe",
            "TargetFilename": "C:\\Program Files\\GNU Octave\\Octave-9.2.0\\usr\\lib\\perl5\\core_perl\\auto\\attributes\\attributes.dll",
            "CreationUtcTime": "2024-09-19 20:22:08.449",
            "User": "RACM\\raulr"
        }
    },
    {
        "event_id": 11,
        "description": "File creation time changed",
        "time_generated": "2024-09-19T20:22:08.4479342Z",
        "computer_name": "RACM",
        "details": {
            "RuleName": "DLL",
            "UtcTime": "2024-09-19 20:22:08.433",
            "ProcessGuid": "{cec53bf7-8743-66ec-42b0-000000000800}",
            "ProcessId": "10128",
            "Image": "C:\\Users\\raulr\\Downloads\\octave-9.2.0-w64-installer.exe",
            "TargetFilename": "C:\\Program Files\\GNU Octave\\Octave-9.2.0\\usr\\lib\\perl5\\core_perl\\auto\\Fcntl\\Fcntl.dll",
            "CreationUtcTime": "2024-09-19 20:22:08.433",
            "User": "RACM\\raulr"
        }
    },
    {
        "event_id": 11,
        "description": "File creation time changed",
        "time_generated": "2024-09-19T20:22:08.4432669Z",
        "computer_name": "RACM",
        "details": {
            "RuleName": "DLL",
            "UtcTime": "2024-09-19 20:22:08.433",
            "ProcessGuid": "{cec53bf7-8743-66ec-42b0-000000000800}",
            "ProcessId": "10128",
            "Image": "C:\\Users\\raulr\\Downloads\\octave-9.2.0-w64-installer.exe",
            "TargetFilename": "C:\\Program Files\\GNU Octave\\Octave-9.2.0\\usr\\lib\\perl5\\core_perl\\auto\\GDBM_File\\GDBM_File.dll",
            "CreationUtcTime": "2024-09-19 20:22:08.433",
            "User": "RACM\\raulr"
        }
    },
    {
        "event_id": 11,
        "description": "File creation time changed",
        "time_generated": "2024-09-19T20:22:08.4395458Z",
        "computer_name": "RACM",
        "details": {
            "RuleName": "DLL",
            "UtcTime": "2024-09-19 20:22:08.433",
            "ProcessGuid": "{cec53bf7-8743-66ec-42b0-000000000800}",
            "ProcessId": "10128",
            "Image": "C:\\Users\\raulr\\Downloads\\octave-9.2.0-w64-installer.exe",
            "TargetFilename": "C:\\Program Files\\GNU Octave\\Octave-9.2.0\\usr\\lib\\perl5\\core_perl\\auto\\Filter\\Util\\Call\\Call.dll",
            "CreationUtcTime": "2024-09-19 20:22:08.433",
            "User": "RACM\\raulr"
        }
    },
    {
        "event_id": 11,
        "description": "File creation time changed",
        "time_generated": "2024-09-19T20:22:08.4314135Z",
        "computer_name": "RACM",
        "details": {
            "RuleName": "DLL",
            "UtcTime": "2024-09-19 20:22:08.417",
            "ProcessGuid": "{cec53bf7-8743-66ec-42b0-000000000800}",
            "ProcessId": "10128",
            "Image": "C:\\Users\\raulr\\Downloads\\octave-9.2.0-w64-installer.exe",
            "TargetFilename": "C:\\Program Files\\GNU Octave\\Octave-9.2.0\\usr\\lib\\perl5\\core_perl\\auto\\Data\\Dumper\\Dumper.dll",
            "CreationUtcTime": "2024-09-19 20:22:08.417",
            "User": "RACM\\raulr"
        }
    },
    {
        "event_id": 11,
        "description": "File creation time changed",
        "time_generated": "2024-09-19T20:22:08.4255465Z",
        "computer_name": "RACM",
        "details": {
            "RuleName": "DLL",
            "UtcTime": "2024-09-19 20:22:08.417",
            "ProcessGuid": "{cec53bf7-8743-66ec-42b0-000000000800}",
            "ProcessId": "10128",
            "Image": "C:\\Users\\raulr\\Downloads\\octave-9.2.0-w64-installer.exe",
            "TargetFilename": "C:\\Program Files\\GNU Octave\\Octave-9.2.0\\usr\\lib\\perl5\\core_perl\\auto\\IPC\\SysV\\SysV.dll",
            "CreationUtcTime": "2024-09-19 20:22:08.417",
            "User": "RACM\\raulr"
        }
    },
    {
        "event_id": 11,
        "description": "File creation time changed",
        "time_generated": "2024-09-19T20:22:08.4177151Z",
        "computer_name": "RACM",
        "details": {
            "RuleName": "DLL",
            "UtcTime": "2024-09-19 20:22:08.402",
            "ProcessGuid": "{cec53bf7-8743-66ec-42b0-000000000800}",
            "ProcessId": "10128",
            "Image": "C:\\Users\\raulr\\Downloads\\octave-9.2.0-w64-installer.exe",
            "TargetFilename": "C:\\Program Files\\GNU Octave\\Octave-9.2.0\\usr\\lib\\perl5\\core_perl\\auto\\List\\Util\\Util.dll",
            "CreationUtcTime": "2024-09-19 20:22:08.402",
            "User": "RACM\\raulr"
        }
    },
    {
        "event_id": 11,
        "description": "File creation time changed",
        "time_generated": "2024-09-19T20:22:08.4122498Z",
        "computer_name": "RACM",
        "details": {
            "RuleName": "DLL",
            "UtcTime": "2024-09-19 20:22:08.402",
            "ProcessGuid": "{cec53bf7-8743-66ec-42b0-000000000800}",
            "ProcessId": "10128",
            "Image": "C:\\Users\\raulr\\Downloads\\octave-9.2.0-w64-installer.exe",
            "TargetFilename": "C:\\Program Files\\GNU Octave\\Octave-9.2.0\\usr\\lib\\perl5\\core_perl\\auto\\I18N\\Langinfo\\Langinfo.dll",
            "CreationUtcTime": "2024-09-19 20:22:08.402",
            "User": "RACM\\raulr"
        }
    },
    {
        "event_id": 11,
        "description": "File creation time changed",
        "time_generated": "2024-09-19T20:22:08.4018590Z",
        "computer_name": "RACM",
        "details": {
            "RuleName": "DLL",
            "UtcTime": "2024-09-19 20:22:08.386",
            "ProcessGuid": "{cec53bf7-8743-66ec-42b0-000000000800}",
            "ProcessId": "10128",
            "Image": "C:\\Users\\raulr\\Downloads\\octave-9.2.0-w64-installer.exe",
            "TargetFilename": "C:\\Program Files\\GNU Octave\\Octave-9.2.0\\usr\\lib\\perl5\\core_perl\\auto\\Socket\\Socket.dll",
            "CreationUtcTime": "2024-09-19 20:22:08.386",
            "User": "RACM\\raulr"
        }
    },
    {
        "event_id": 11,
        "description": "File creation time changed",
        "time_generated": "2024-09-19T20:22:08.3965414Z",
        "computer_name": "RACM",
        "details": {
            "RuleName": "DLL",
            "UtcTime": "2024-09-19 20:22:08.386",
            "ProcessGuid": "{cec53bf7-8743-66ec-42b0-000000000800}",
            "ProcessId": "10128",
            "Image": "C:\\Users\\raulr\\Downloads\\octave-9.2.0-w64-installer.exe",
            "TargetFilename": "C:\\Program Files\\GNU Octave\\Octave-9.2.0\\usr\\lib\\perl5\\core_perl\\auto\\Digest\\SHA\\SHA.dll",
            "CreationUtcTime": "2024-09-19 20:22:08.386",
            "User": "RACM\\raulr"
        }
    },
    {
        "event_id": 11,
        "description": "File creation time changed",
        "time_generated": "2024-09-19T20:22:08.3928160Z",
        "computer_name": "RACM",
        "details": {
            "RuleName": "DLL",
            "UtcTime": "2024-09-19 20:22:08.386",
            "ProcessGuid": "{cec53bf7-8743-66ec-42b0-000000000800}",
            "ProcessId": "10128",
            "Image": "C:\\Users\\raulr\\Downloads\\octave-9.2.0-w64-installer.exe",
            "TargetFilename": "C:\\Program Files\\GNU Octave\\Octave-9.2.0\\usr\\lib\\perl5\\core_perl\\auto\\Digest\\MD5\\MD5.dll",
            "CreationUtcTime": "2024-09-19 20:22:08.386",
            "User": "RACM\\raulr"
        }
    },
    {
        "event_id": 11,
        "description": "File creation time changed",
        "time_generated": "2024-09-19T20:22:08.3597703Z",
        "computer_name": "RACM",
        "details": {
            "RuleName": "DLL",
            "UtcTime": "2024-09-19 20:22:08.354",
            "ProcessGuid": "{cec53bf7-8743-66ec-42b0-000000000800}",
            "ProcessId": "10128",
            "Image": "C:\\Users\\raulr\\Downloads\\octave-9.2.0-w64-installer.exe",
            "TargetFilename": "C:\\Program Files\\GNU Octave\\Octave-9.2.0\\usr\\lib\\perl5\\core_perl\\auto\\re\\re.dll",
            "CreationUtcTime": "2024-09-19 20:22:08.354",
            "User": "RACM\\raulr"
        }
    },
    {
        "event_id": 11,
        "description": "File creation time changed",
        "time_generated": "2024-09-19T20:22:08.3546011Z",
        "computer_name": "RACM",
        "details": {
            "RuleName": "DLL",
            "UtcTime": "2024-09-19 20:22:08.339",
            "ProcessGuid": "{cec53bf7-8743-66ec-42b0-000000000800}",
            "ProcessId": "10128",
            "Image": "C:\\Users\\raulr\\Downloads\\octave-9.2.0-w64-installer.exe",
            "TargetFilename": "C:\\Program Files\\GNU Octave\\Octave-9.2.0\\usr\\lib\\perl5\\core_perl\\auto\\DB_File\\DB_File.dll",
            "CreationUtcTime": "2024-09-19 20:22:08.339",
            "User": "RACM\\raulr"
        }
    },
    {
        "event_id": 11,
        "description": "File creation time changed",
        "time_generated": "2024-09-19T20:22:08.3505448Z",
        "computer_name": "RACM",
        "details": {
            "RuleName": "DLL",
            "UtcTime": "2024-09-19 20:22:08.339",
            "ProcessGuid": "{cec53bf7-8743-66ec-42b0-000000000800}",
            "ProcessId": "10128",
            "Image": "C:\\Users\\raulr\\Downloads\\octave-9.2.0-w64-installer.exe",
            "TargetFilename": "C:\\Program Files\\GNU Octave\\Octave-9.2.0\\usr\\lib\\perl5\\core_perl\\auto\\SDBM_File\\SDBM_File.dll",
            "CreationUtcTime": "2024-09-19 20:22:08.339",
            "User": "RACM\\raulr"
        }
    },
    {
        "event_id": 11,
        "description": "File creation time changed",
        "time_generated": "2024-09-19T20:22:08.3470484Z",
        "computer_name": "RACM",
        "details": {
            "RuleName": "DLL",
            "UtcTime": "2024-09-19 20:22:08.339",
            "ProcessGuid": "{cec53bf7-8743-66ec-42b0-000000000800}",
            "ProcessId": "10128",
            "Image": "C:\\Users\\raulr\\Downloads\\octave-9.2.0-w64-installer.exe",
            "TargetFilename": "C:\\Program Files\\GNU Octave\\Octave-9.2.0\\usr\\lib\\perl5\\core_perl\\auto\\PerlIO\\encoding\\encoding.dll",
            "CreationUtcTime": "2024-09-19 20:22:08.339",
            "User": "RACM\\raulr"
        }
    },
    {
        "event_id": 11,
        "description": "File creation time changed",
        "time_generated": "2024-09-19T20:22:08.3425053Z",
        "computer_name": "RACM",
        "details": {
            "RuleName": "DLL",
            "UtcTime": "2024-09-19 20:22:08.339",
            "ProcessGuid": "{cec53bf7-8743-66ec-42b0-000000000800}",
            "ProcessId": "10128",
            "Image": "C:\\Users\\raulr\\Downloads\\octave-9.2.0-w64-installer.exe",
            "TargetFilename": "C:\\Program Files\\GNU Octave\\Octave-9.2.0\\usr\\lib\\perl5\\core_perl\\auto\\PerlIO\\via\\via.dll",
            "CreationUtcTime": "2024-09-19 20:22:08.339",
            "User": "RACM\\raulr"
        }
    },
    {
        "event_id": 11,
        "description": "File creation time changed",
        "time_generated": "2024-09-19T20:22:08.3385596Z",
        "computer_name": "RACM",
        "details": {
            "RuleName": "DLL",
            "UtcTime": "2024-09-19 20:22:08.332",
            "ProcessGuid": "{cec53bf7-8743-66ec-42b0-000000000800}",
            "ProcessId": "10128",
            "Image": "C:\\Users\\raulr\\Downloads\\octave-9.2.0-w64-installer.exe",
            "TargetFilename": "C:\\Program Files\\GNU Octave\\Octave-9.2.0\\usr\\lib\\perl5\\core_perl\\auto\\PerlIO\\scalar\\scalar.dll",
            "CreationUtcTime": "2024-09-19 20:22:08.332",
            "User": "RACM\\raulr"
        }
    },
    {
        "event_id": 11,
        "description": "File creation time changed",
        "time_generated": "2024-09-19T20:22:08.3343648Z",
        "computer_name": "RACM",
        "details": {
            "RuleName": "DLL",
            "UtcTime": "2024-09-19 20:22:08.332",
            "ProcessGuid": "{cec53bf7-8743-66ec-42b0-000000000800}",
            "ProcessId": "10128",
            "Image": "C:\\Users\\raulr\\Downloads\\octave-9.2.0-w64-installer.exe",
            "TargetFilename": "C:\\Program Files\\GNU Octave\\Octave-9.2.0\\usr\\lib\\perl5\\core_perl\\auto\\PerlIO\\mmap\\mmap.dll",
            "CreationUtcTime": "2024-09-19 20:22:08.332",
            "User": "RACM\\raulr"
        }
    },
    {
        "event_id": 11,
        "description": "File creation time changed",
        "time_generated": "2024-09-19T20:22:08.3285374Z",
        "computer_name": "RACM",
        "details": {
            "RuleName": "DLL",
            "UtcTime": "2024-09-19 20:22:08.328",
            "ProcessGuid": "{cec53bf7-8743-66ec-42b0-000000000800}",
            "ProcessId": "10128",
            "Image": "C:\\Users\\raulr\\Downloads\\octave-9.2.0-w64-installer.exe",
            "TargetFilename": "C:\\Program Files\\GNU Octave\\Octave-9.2.0\\usr\\lib\\perl5\\core_perl\\auto\\Cwd\\Cwd.dll",
            "CreationUtcTime": "2024-09-19 20:22:08.328",
            "User": "RACM\\raulr"
        }
    },
    {
        "event_id": 11,
        "description": "File creation time changed",
        "time_generated": "2024-09-19T20:22:08.3236559Z",
        "computer_name": "RACM",
        "details": {
            "RuleName": "DLL",
            "UtcTime": "2024-09-19 20:22:08.323",
            "ProcessGuid": "{cec53bf7-8743-66ec-42b0-000000000800}",
            "ProcessId": "10128",
            "Image": "C:\\Users\\raulr\\Downloads\\octave-9.2.0-w64-installer.exe",
            "TargetFilename": "C:\\Program Files\\GNU Octave\\Octave-9.2.0\\usr\\lib\\perl5\\core_perl\\auto\\Win32\\Win32.dll",
            "CreationUtcTime": "2024-09-19 20:22:08.323",
            "User": "RACM\\raulr"
        }
    },
    {
        "event_id": 11,
        "description": "File creation time changed",
        "time_generated": "2024-09-19T20:22:08.3194647Z",
        "computer_name": "RACM",
        "details": {
            "RuleName": "DLL",
            "UtcTime": "2024-09-19 20:22:08.307",
            "ProcessGuid": "{cec53bf7-8743-66ec-42b0-000000000800}",
            "ProcessId": "10128",
            "Image": "C:\\Users\\raulr\\Downloads\\octave-9.2.0-w64-installer.exe",
            "TargetFilename": "C:\\Program Files\\GNU Octave\\Octave-9.2.0\\usr\\lib\\perl5\\core_perl\\auto\\Sys\\Hostname\\Hostname.dll",
            "CreationUtcTime": "2024-09-19 20:22:08.307",
            "User": "RACM\\raulr"
        }
    },
    {
        "event_id": 11,
        "description": "File creation time changed",
        "time_generated": "2024-09-19T20:22:08.3159002Z",
        "computer_name": "RACM",
        "details": {
            "RuleName": "DLL",
            "UtcTime": "2024-09-19 20:22:08.307",
            "ProcessGuid": "{cec53bf7-8743-66ec-42b0-000000000800}",
            "ProcessId": "10128",
            "Image": "C:\\Users\\raulr\\Downloads\\octave-9.2.0-w64-installer.exe",
            "TargetFilename": "C:\\Program Files\\GNU Octave\\Octave-9.2.0\\usr\\lib\\perl5\\core_perl\\auto\\Sys\\Syslog\\Syslog.dll",
            "CreationUtcTime": "2024-09-19 20:22:08.307",
            "User": "RACM\\raulr"
        }
    },
    {
        "event_id": 11,
        "description": "File creation time changed",
        "time_generated": "2024-09-19T20:22:08.3109665Z",
        "computer_name": "RACM",
        "details": {
            "RuleName": "DLL",
            "UtcTime": "2024-09-19 20:22:08.307",
            "ProcessGuid": "{cec53bf7-8743-66ec-42b0-000000000800}",
            "ProcessId": "10128",
            "Image": "C:\\Users\\raulr\\Downloads\\octave-9.2.0-w64-installer.exe",
            "TargetFilename": "C:\\Program Files\\GNU Octave\\Octave-9.2.0\\usr\\lib\\perl5\\core_perl\\auto\\IO\\IO.dll",
            "CreationUtcTime": "2024-09-19 20:22:08.307",
            "User": "RACM\\raulr"
        }
    },
    {
        "event_id": 11,
        "description": "File creation time changed",
        "time_generated": "2024-09-19T20:22:08.3034556Z",
        "computer_name": "RACM",
        "details": {
            "RuleName": "DLL",
            "UtcTime": "2024-09-19 20:22:08.292",
            "ProcessGuid": "{cec53bf7-8743-66ec-42b0-000000000800}",
            "ProcessId": "10128",
            "Image": "C:\\Users\\raulr\\Downloads\\octave-9.2.0-w64-installer.exe",
            "TargetFilename": "C:\\Program Files\\GNU Octave\\Octave-9.2.0\\usr\\lib\\perl5\\core_perl\\auto\\B\\B.dll",
            "CreationUtcTime": "2024-09-19 20:22:08.292",
            "User": "RACM\\raulr"
        }
    },
