    {
        "event_id": 11,
        "description": "File creation time changed",
        "time_generated": "2024-09-19T20:20:10.0156654Z",
        "computer_name": "RACM",
        "details": {
            "RuleName": "DLL",
            "UtcTime": "2024-09-19 20:20:10.006",
            "ProcessGuid": "{cec53bf7-8743-66ec-42b0-000000000800}",
            "ProcessId": "10128",
            "Image": "C:\\Users\\raulr\\Downloads\\octave-9.2.0-w64-installer.exe",
            "TargetFilename": "C:\\Program Files\\GNU Octave\\Octave-9.2.0\\mingw64\\bin\\wxmsw32u_html_gcc_custom.dll",
            "CreationUtcTime": "2024-09-19 20:20:10.006",
            "User": "RACM\\raulr"
        }
    },
    {
        "event_id": 11,
        "description": "File creation time changed",
        "time_generated": "2024-09-19T20:20:09.9506370Z",
        "computer_name": "RACM",
        "details": {
            "RuleName": "DLL",
            "UtcTime": "2024-09-19 20:20:09.943",
            "ProcessGuid": "{cec53bf7-8743-66ec-42b0-000000000800}",
            "ProcessId": "10128",
            "Image": "C:\\Users\\raulr\\Downloads\\octave-9.2.0-w64-installer.exe",
            "TargetFilename": "C:\\Program Files\\GNU Octave\\Octave-9.2.0\\mingw64\\bin\\libcholmod.dll",
            "CreationUtcTime": "2024-09-19 20:20:09.943",
            "User": "RACM\\raulr"
        }
    },
    {
        "event_id": 11,
        "description": "File creation time changed",
        "time_generated": "2024-09-19T20:20:09.8993692Z",
        "computer_name": "RACM",
        "details": {
            "RuleName": "EXE",
            "UtcTime": "2024-09-19 20:20:09.895",
            "ProcessGuid": "{cec53bf7-8743-66ec-42b0-000000000800}",
            "ProcessId": "10128",
            "Image": "C:\\Users\\raulr\\Downloads\\octave-9.2.0-w64-installer.exe",
            "TargetFilename": "C:\\Program Files\\GNU Octave\\Octave-9.2.0\\mingw64\\bin\\x86_64-w64-mingw32-c++.exe",
            "CreationUtcTime": "2024-09-19 20:20:09.895",
            "User": "RACM\\raulr"
        }
    },
    {
        "event_id": 11,
        "description": "File creation time changed",
        "time_generated": "2024-09-19T20:20:09.8970406Z",
        "computer_name": "RACM",
        "details": {
            "RuleName": "EXE",
            "UtcTime": "2024-09-19 20:20:09.895",
            "ProcessGuid": "{cec53bf7-8743-66ec-42b0-000000000800}",
            "ProcessId": "10128",
            "Image": "C:\\Users\\raulr\\Downloads\\octave-9.2.0-w64-installer.exe",
            "TargetFilename": "C:\\Program Files\\GNU Octave\\Octave-9.2.0\\mingw64\\bin\\gspawn-win64-helper-console.exe",
            "CreationUtcTime": "2024-09-19 20:20:09.895",
            "User": "RACM\\raulr"
        }
    },
    {
        "event_id": 11,
        "description": "File creation time changed",
        "time_generated": "2024-09-19T20:20:09.8762929Z",
        "computer_name": "RACM",
        "details": {
            "RuleName": "EXE",
            "UtcTime": "2024-09-19 20:20:09.863",
            "ProcessGuid": "{cec53bf7-8743-66ec-42b0-000000000800}",
            "ProcessId": "10128",
            "Image": "C:\\Users\\raulr\\Downloads\\octave-9.2.0-w64-installer.exe",
            "TargetFilename": "C:\\Program Files\\GNU Octave\\Octave-9.2.0\\mingw64\\bin\\gdbserver.exe",
            "CreationUtcTime": "2024-09-19 20:20:09.863",
            "User": "RACM\\raulr"
        }
    },
    {
        "event_id": 11,
        "description": "File creation time changed",
        "time_generated": "2024-09-19T20:20:09.8710540Z",
        "computer_name": "RACM",
        "details": {
            "RuleName": "DLL",
            "UtcTime": "2024-09-19 20:20:09.863",
            "ProcessGuid": "{cec53bf7-8743-66ec-42b0-000000000800}",
            "ProcessId": "10128",
            "Image": "C:\\Users\\raulr\\Downloads\\octave-9.2.0-w64-installer.exe",
            "TargetFilename": "C:\\Program Files\\GNU Octave\\Octave-9.2.0\\mingw64\\bin\\opengl32.dll",
            "CreationUtcTime": "2024-09-19 20:20:09.863",
            "User": "RACM\\raulr"
        }
    },
    {
        "event_id": 11,
        "description": "File creation time changed",
        "time_generated": "2024-09-19T20:20:09.8482241Z",
        "computer_name": "RACM",
        "details": {
            "RuleName": "DLL",
            "UtcTime": "2024-09-19 20:20:09.847",
            "ProcessGuid": "{cec53bf7-8743-66ec-42b0-000000000800}",
            "ProcessId": "10128",
            "Image": "C:\\Users\\raulr\\Downloads\\octave-9.2.0-w64-installer.exe",
            "TargetFilename": "C:\\Program Files\\GNU Octave\\Octave-9.2.0\\mingw64\\bin\\libsybdb-5.dll",
            "CreationUtcTime": "2024-09-19 20:20:09.847",
            "User": "RACM\\raulr"
        }
    },
    {
        "event_id": 11,
        "description": "File creation time changed",
        "time_generated": "2024-09-19T20:20:09.8456640Z",
        "computer_name": "RACM",
        "details": {
            "RuleName": "EXE",
            "UtcTime": "2024-09-19 20:20:09.832",
            "ProcessGuid": "{cec53bf7-8743-66ec-42b0-000000000800}",
            "ProcessId": "10128",
            "Image": "C:\\Users\\raulr\\Downloads\\octave-9.2.0-w64-installer.exe",
            "TargetFilename": "C:\\Program Files\\GNU Octave\\Octave-9.2.0\\mingw64\\bin\\fc-validate.exe",
            "CreationUtcTime": "2024-09-19 20:20:09.832",
            "User": "RACM\\raulr"
        }
    },
    {
        "event_id": 11,
        "description": "File creation time changed",
        "time_generated": "2024-09-19T20:20:09.8405457Z",
        "computer_name": "RACM",
        "details": {
            "RuleName": "DLL",
            "UtcTime": "2024-09-19 20:20:09.832",
            "ProcessGuid": "{cec53bf7-8743-66ec-42b0-000000000800}",
            "ProcessId": "10128",
            "Image": "C:\\Users\\raulr\\Downloads\\octave-9.2.0-w64-installer.exe",
            "TargetFilename": "C:\\Program Files\\GNU Octave\\Octave-9.2.0\\mingw64\\bin\\libsundials_sunlinsolspbcgs.dll",
            "CreationUtcTime": "2024-09-19 20:20:09.832",
            "User": "RACM\\raulr"
        }
    },
    {
        "event_id": 11,
        "description": "File creation time changed",
        "time_generated": "2024-09-19T20:20:09.8275488Z",
        "computer_name": "RACM",
        "details": {
            "RuleName": "DLL",
            "UtcTime": "2024-09-19 20:20:09.816",
            "ProcessGuid": "{cec53bf7-8743-66ec-42b0-000000000800}",
            "ProcessId": "10128",
            "Image": "C:\\Users\\raulr\\Downloads\\octave-9.2.0-w64-installer.exe",
            "TargetFilename": "C:\\Program Files\\GNU Octave\\Octave-9.2.0\\mingw64\\bin\\libidn2-0.dll",
            "CreationUtcTime": "2024-09-19 20:20:09.816",
            "User": "RACM\\raulr"
        }
    },
    {
        "event_id": 11,
        "description": "File creation time changed",
        "time_generated": "2024-09-19T20:20:09.8201002Z",
        "computer_name": "RACM",
        "details": {
            "RuleName": "DLL",
            "UtcTime": "2024-09-19 20:20:09.816",
            "ProcessGuid": "{cec53bf7-8743-66ec-42b0-000000000800}",
            "ProcessId": "10128",
            "Image": "C:\\Users\\raulr\\Downloads\\octave-9.2.0-w64-installer.exe",
            "TargetFilename": "C:\\Program Files\\GNU Octave\\Octave-9.2.0\\mingw64\\bin\\libz.dll",
            "CreationUtcTime": "2024-09-19 20:20:09.816",
            "User": "RACM\\raulr"
        }
    },
    {
        "event_id": 11,
        "description": "File creation time changed",
        "time_generated": "2024-09-19T20:20:09.8175867Z",
        "computer_name": "RACM",
        "details": {
            "RuleName": "DLL",
            "UtcTime": "2024-09-19 20:20:09.816",
            "ProcessGuid": "{cec53bf7-8743-66ec-42b0-000000000800}",
            "ProcessId": "10128",
            "Image": "C:\\Users\\raulr\\Downloads\\octave-9.2.0-w64-installer.exe",
            "TargetFilename": "C:\\Program Files\\GNU Octave\\Octave-9.2.0\\mingw64\\bin\\libxerbla.dll",
            "CreationUtcTime": "2024-09-19 20:20:09.816",
            "User": "RACM\\raulr"
        }
    },
    {
        "event_id": 11,
        "description": "File creation time changed",
        "time_generated": "2024-09-19T20:20:09.7670597Z",
        "computer_name": "RACM",
        "details": {
            "RuleName": "EXE",
            "UtcTime": "2024-09-19 20:20:09.766",
            "ProcessGuid": "{cec53bf7-8743-66ec-42b0-000000000800}",
            "ProcessId": "10128",
            "Image": "C:\\Users\\raulr\\Downloads\\octave-9.2.0-w64-installer.exe",
            "TargetFilename": "C:\\Program Files\\GNU Octave\\Octave-9.2.0\\mingw64\\bin\\gcov.exe",
            "CreationUtcTime": "2024-09-19 20:20:09.764",
            "User": "RACM\\raulr"
        }
    },
    {
        "event_id": 11,
        "description": "File creation time changed",
        "time_generated": "2024-09-19T20:20:09.7456553Z",
        "computer_name": "RACM",
        "details": {
            "RuleName": "DLL",
            "UtcTime": "2024-09-19 20:20:09.745",
            "ProcessGuid": "{cec53bf7-8743-66ec-42b0-000000000800}",
            "ProcessId": "10128",
            "Image": "C:\\Users\\raulr\\Downloads\\octave-9.2.0-w64-installer.exe",
            "TargetFilename": "C:\\Program Files\\GNU Octave\\Octave-9.2.0\\mingw64\\bin\\libsyn123-0.dll",
            "CreationUtcTime": "2024-09-19 20:20:09.745",
            "User": "RACM\\raulr"
        }
    },
    {
        "event_id": 11,
        "description": "File creation time changed",
        "time_generated": "2024-09-19T20:20:09.7147471Z",
        "computer_name": "RACM",
        "details": {
            "RuleName": "DLL",
            "UtcTime": "2024-09-19 20:20:09.710",
            "ProcessGuid": "{cec53bf7-8743-66ec-42b0-000000000800}",
            "ProcessId": "10128",
            "Image": "C:\\Users\\raulr\\Downloads\\octave-9.2.0-w64-installer.exe",
            "TargetFilename": "C:\\Program Files\\GNU Octave\\Octave-9.2.0\\mingw64\\bin\\libFLAC-12.dll",
            "CreationUtcTime": "2024-09-19 20:20:09.710",
            "User": "RACM\\raulr"
        }
    },
    {
        "event_id": 11,
        "description": "File creation time changed",
        "time_generated": "2024-09-19T20:20:09.4660453Z",
        "computer_name": "RACM",
        "details": {
            "RuleName": "DLL",
            "UtcTime": "2024-09-19 20:20:09.465",
            "ProcessGuid": "{cec53bf7-8743-66ec-42b0-000000000800}",
            "ProcessId": "10128",
            "Image": "C:\\Users\\raulr\\Downloads\\octave-9.2.0-w64-installer.exe",
            "TargetFilename": "C:\\Program Files\\GNU Octave\\Octave-9.2.0\\mingw64\\bin\\libgdal-34.dll",
            "CreationUtcTime": "2024-09-19 20:20:09.464",
            "User": "RACM\\raulr"
        }
    },
    {
        "event_id": 11,
        "description": "File creation time changed",
        "time_generated": "2024-09-19T20:20:09.4610686Z",
        "computer_name": "RACM",
        "details": {
            "RuleName": "DLL",
            "UtcTime": "2024-09-19 20:20:09.460",
            "ProcessGuid": "{cec53bf7-8743-66ec-42b0-000000000800}",
            "ProcessId": "10128",
            "Image": "C:\\Users\\raulr\\Downloads\\octave-9.2.0-w64-installer.exe",
            "TargetFilename": "C:\\Program Files\\GNU Octave\\Octave-9.2.0\\mingw64\\bin\\libamd.dll",
            "CreationUtcTime": "2024-09-19 20:20:09.460",
            "User": "RACM\\raulr"
        }
    },
    {
        "event_id": 11,
        "description": "File creation time changed",
        "time_generated": "2024-09-19T20:20:09.4288063Z",
        "computer_name": "RACM",
        "details": {
            "RuleName": "DLL",
            "UtcTime": "2024-09-19 20:20:09.428",
            "ProcessGuid": "{cec53bf7-8743-66ec-42b0-000000000800}",
            "ProcessId": "10128",
            "Image": "C:\\Users\\raulr\\Downloads\\octave-9.2.0-w64-installer.exe",
            "TargetFilename": "C:\\Program Files\\GNU Octave\\Octave-9.2.0\\mingw64\\bin\\libcurl-4.dll",
            "CreationUtcTime": "2024-09-19 20:20:09.428",
            "User": "RACM\\raulr"
        }
    },
    {
        "event_id": 11,
        "description": "File creation time changed",
        "time_generated": "2024-09-19T20:20:09.4159952Z",
        "computer_name": "RACM",
        "details": {
            "RuleName": "EXE",
            "UtcTime": "2024-09-19 20:20:09.415",
            "ProcessGuid": "{cec53bf7-8743-66ec-42b0-000000000800}",
            "ProcessId": "10128",
            "Image": "C:\\Users\\raulr\\Downloads\\octave-9.2.0-w64-installer.exe",
            "TargetFilename": "C:\\Program Files\\GNU Octave\\Octave-9.2.0\\mingw64\\bin\\epstool.exe",
            "CreationUtcTime": "2024-09-19 20:20:09.410",
            "User": "RACM\\raulr"
        }
    },
    {
        "event_id": 11,
        "description": "File creation time changed",
        "time_generated": "2024-09-19T20:20:09.2767564Z",
        "computer_name": "RACM",
        "details": {
            "RuleName": "EXE",
            "UtcTime": "2024-09-19 20:20:09.261",
            "ProcessGuid": "{cec53bf7-8743-66ec-42b0-000000000800}",
            "ProcessId": "10128",
            "Image": "C:\\Users\\raulr\\Downloads\\octave-9.2.0-w64-installer.exe",
            "TargetFilename": "C:\\Program Files\\GNU Octave\\Octave-9.2.0\\mingw64\\bin\\ctest.exe",
            "CreationUtcTime": "2024-09-19 20:20:09.261",
            "User": "RACM\\raulr"
        }
    },
    {
        "event_id": 11,
        "description": "File creation time changed",
        "time_generated": "2024-09-19T20:20:09.2629021Z",
        "computer_name": "RACM",
        "details": {
            "RuleName": "EXE",
            "UtcTime": "2024-09-19 20:20:09.261",
            "ProcessGuid": "{cec53bf7-8743-66ec-42b0-000000000800}",
            "ProcessId": "10128",
            "Image": "C:\\Users\\raulr\\Downloads\\octave-9.2.0-w64-installer.exe",
            "TargetFilename": "C:\\Program Files\\GNU Octave\\Octave-9.2.0\\mingw64\\bin\\mkoctfile-9.2.0.exe",
            "CreationUtcTime": "2024-09-19 20:20:09.261",
            "User": "RACM\\raulr"
        }
    },
    {
        "event_id": 11,
        "description": "File creation time changed",
        "time_generated": "2024-09-19T20:20:09.2609304Z",
        "computer_name": "RACM",
        "details": {
            "RuleName": "-",
            "UtcTime": "2024-09-19 20:20:09.246",
            "ProcessGuid": "{cec53bf7-8743-66ec-42b0-000000000800}",
            "ProcessId": "10128",
            "Image": "C:\\Users\\raulr\\Downloads\\octave-9.2.0-w64-installer.exe",
            "TargetFilename": "C:\\Program Files\\GNU Octave\\Octave-9.2.0\\mingw64\\bin\\texindex.bat",
            "CreationUtcTime": "2024-09-19 20:20:09.246",
            "User": "RACM\\raulr"
        }
    },
    {
        "event_id": 11,
        "description": "File creation time changed",
        "time_generated": "2024-09-19T20:20:09.2557878Z",
        "computer_name": "RACM",
        "details": {
            "RuleName": "DLL",
            "UtcTime": "2024-09-19 20:20:09.246",
            "ProcessGuid": "{cec53bf7-8743-66ec-42b0-000000000800}",
            "ProcessId": "10128",
            "Image": "C:\\Users\\raulr\\Downloads\\octave-9.2.0-w64-installer.exe",
            "TargetFilename": "C:\\Program Files\\GNU Octave\\Octave-9.2.0\\mingw64\\bin\\libsundials_sunlinsolpcg.dll",
            "CreationUtcTime": "2024-09-19 20:20:09.246",
            "User": "RACM\\raulr"
        }
    },
    {
        "event_id": 11,
        "description": "File creation time changed",
        "time_generated": "2024-09-19T20:20:09.2498386Z",
        "computer_name": "RACM",
        "details": {
            "RuleName": "EXE",
            "UtcTime": "2024-09-19 20:20:09.246",
            "ProcessGuid": "{cec53bf7-8743-66ec-42b0-000000000800}",
            "ProcessId": "10128",
            "Image": "C:\\Users\\raulr\\Downloads\\octave-9.2.0-w64-installer.exe",
            "TargetFilename": "C:\\Program Files\\GNU Octave\\Octave-9.2.0\\mingw64\\bin\\elfedit.exe",
            "CreationUtcTime": "2024-09-19 20:20:09.246",
            "User": "RACM\\raulr"
        }
    },
    {
        "event_id": 11,
        "description": "File creation time changed",
        "time_generated": "2024-09-19T20:20:09.2426084Z",
        "computer_name": "RACM",
        "details": {
            "RuleName": "DLL",
            "UtcTime": "2024-09-19 20:20:09.242",
            "ProcessGuid": "{cec53bf7-8743-66ec-42b0-000000000800}",
            "ProcessId": "10128",
            "Image": "C:\\Users\\raulr\\Downloads\\octave-9.2.0-w64-installer.exe",
            "TargetFilename": "C:\\Program Files\\GNU Octave\\Octave-9.2.0\\mingw64\\bin\\libsuitesparse_mongoose.dll",
            "CreationUtcTime": "2024-09-19 20:20:09.230",
            "User": "RACM\\raulr"
        }
    },
    {
        "event_id": 11,
        "description": "File creation time changed",
        "time_generated": "2024-09-19T20:20:09.2311436Z",
        "computer_name": "RACM",
        "details": {
            "RuleName": "EXE",
            "UtcTime": "2024-09-19 20:20:09.230",
            "ProcessGuid": "{cec53bf7-8743-66ec-42b0-000000000800}",
            "ProcessId": "10128",
            "Image": "C:\\Users\\raulr\\Downloads\\octave-9.2.0-w64-installer.exe",
            "TargetFilename": "C:\\Program Files\\GNU Octave\\Octave-9.2.0\\mingw64\\bin\\pkgdata.exe",
            "CreationUtcTime": "2024-09-19 20:20:09.230",
            "User": "RACM\\raulr"
        }
    },
    {
        "event_id": 11,
        "description": "File creation time changed",
        "time_generated": "2024-09-19T20:20:09.2146725Z",
        "computer_name": "RACM",
        "details": {
            "RuleName": "EXE",
            "UtcTime": "2024-09-19 20:20:09.199",
            "ProcessGuid": "{cec53bf7-8743-66ec-42b0-000000000800}",
            "ProcessId": "10128",
            "Image": "C:\\Users\\raulr\\Downloads\\octave-9.2.0-w64-installer.exe",
            "TargetFilename": "C:\\Program Files\\GNU Octave\\Octave-9.2.0\\mingw64\\bin\\gnutls-cli.exe",
            "CreationUtcTime": "2024-09-19 20:20:09.199",
            "User": "RACM\\raulr"
        }
    },
    {
        "event_id": 11,
        "description": "File creation time changed",
        "time_generated": "2024-09-19T20:20:09.2103358Z",
        "computer_name": "RACM",
        "details": {
            "RuleName": "EXE",
            "UtcTime": "2024-09-19 20:20:09.199",
            "ProcessGuid": "{cec53bf7-8743-66ec-42b0-000000000800}",
            "ProcessId": "10128",
            "Image": "C:\\Users\\raulr\\Downloads\\octave-9.2.0-w64-installer.exe",
            "TargetFilename": "C:\\Program Files\\GNU Octave\\Octave-9.2.0\\mingw64\\bin\\octave-config.exe",
            "CreationUtcTime": "2024-09-19 20:20:09.199",
            "User": "RACM\\raulr"
        }
    },
    {
        "event_id": 11,
        "description": "File creation time changed",
        "time_generated": "2024-09-19T20:20:09.2079431Z",
        "computer_name": "RACM",
        "details": {
            "RuleName": "EXE",
            "UtcTime": "2024-09-19 20:20:09.199",
            "ProcessGuid": "{cec53bf7-8743-66ec-42b0-000000000800}",
            "ProcessId": "10128",
            "Image": "C:\\Users\\raulr\\Downloads\\octave-9.2.0-w64-installer.exe",
            "TargetFilename": "C:\\Program Files\\GNU Octave\\Octave-9.2.0\\mingw64\\bin\\fc-pattern.exe",
            "CreationUtcTime": "2024-09-19 20:20:09.199",
            "User": "RACM\\raulr"
        }
    },
    {
        "event_id": 11,
        "description": "File creation time changed",
        "time_generated": "2024-09-19T20:20:09.2033818Z",
        "computer_name": "RACM",
        "details": {
            "RuleName": "EXE",
            "UtcTime": "2024-09-19 20:20:09.199",
            "ProcessGuid": "{cec53bf7-8743-66ec-42b0-000000000800}",
            "ProcessId": "10128",
            "Image": "C:\\Users\\raulr\\Downloads\\octave-9.2.0-w64-installer.exe",
            "TargetFilename": "C:\\Program Files\\GNU Octave\\Octave-9.2.0\\mingw64\\bin\\gencfu.exe",
            "CreationUtcTime": "2024-09-19 20:20:09.199",
            "User": "RACM\\raulr"
        }
    },
    {
        "event_id": 11,
        "description": "File creation time changed",
        "time_generated": "2024-09-19T20:20:09.1534975Z",
        "computer_name": "RACM",
        "details": {
            "RuleName": "EXE",
            "UtcTime": "2024-09-19 20:20:09.151",
            "ProcessGuid": "{cec53bf7-8743-66ec-42b0-000000000800}",
            "ProcessId": "10128",
            "Image": "C:\\Users\\raulr\\Downloads\\octave-9.2.0-w64-installer.exe",
            "TargetFilename": "C:\\Program Files\\GNU Octave\\Octave-9.2.0\\mingw64\\bin\\nm.exe",
            "CreationUtcTime": "2024-09-19 20:20:09.151",
            "User": "RACM\\raulr"
        }
    },
    {
        "event_id": 11,
        "description": "File creation time changed",
        "time_generated": "2024-09-19T20:20:09.1479522Z",
        "computer_name": "RACM",
        "details": {
            "RuleName": "DLL",
            "UtcTime": "2024-09-19 20:20:09.135",
            "ProcessGuid": "{cec53bf7-8743-66ec-42b0-000000000800}",
            "ProcessId": "10128",
            "Image": "C:\\Users\\raulr\\Downloads\\octave-9.2.0-w64-installer.exe",
            "TargetFilename": "C:\\Program Files\\GNU Octave\\Octave-9.2.0\\mingw64\\bin\\librtmidi-7.dll",
            "CreationUtcTime": "2024-09-19 20:20:09.135",
            "User": "RACM\\raulr"
        }
    },
    {
        "event_id": 11,
        "description": "File creation time changed",
        "time_generated": "2024-09-19T20:20:09.1411146Z",
        "computer_name": "RACM",
        "details": {
            "RuleName": "EXE",
            "UtcTime": "2024-09-19 20:20:09.135",
            "ProcessGuid": "{cec53bf7-8743-66ec-42b0-000000000800}",
            "ProcessId": "10128",
            "Image": "C:\\Users\\raulr\\Downloads\\octave-9.2.0-w64-installer.exe",
            "TargetFilename": "C:\\Program Files\\GNU Octave\\Octave-9.2.0\\mingw64\\bin\\gspawn-win64-helper.exe",
            "CreationUtcTime": "2024-09-19 20:20:09.135",
            "User": "RACM\\raulr"
        }
    },
    {
        "event_id": 11,
        "description": "File creation time changed",
        "time_generated": "2024-09-19T20:20:09.1043804Z",
        "computer_name": "RACM",
        "details": {
            "RuleName": "DLL",
            "UtcTime": "2024-09-19 20:20:09.092",
            "ProcessGuid": "{cec53bf7-8743-66ec-42b0-000000000800}",
            "ProcessId": "10128",
            "Image": "C:\\Users\\raulr\\Downloads\\octave-9.2.0-w64-installer.exe",
            "TargetFilename": "C:\\Program Files\\GNU Octave\\Octave-9.2.0\\mingw64\\bin\\libgdcmDICT.dll",
            "CreationUtcTime": "2024-09-19 20:20:09.092",
            "User": "RACM\\raulr"
        }
    },
    {
        "event_id": 11,
        "description": "File creation time changed",
        "time_generated": "2024-09-19T20:20:09.1008437Z",
        "computer_name": "RACM",
        "details": {
            "RuleName": "EXE",
            "UtcTime": "2024-09-19 20:20:09.092",
            "ProcessGuid": "{cec53bf7-8743-66ec-42b0-000000000800}",
            "ProcessId": "10128",
            "Image": "C:\\Users\\raulr\\Downloads\\octave-9.2.0-w64-installer.exe",
            "TargetFilename": "C:\\Program Files\\GNU Octave\\Octave-9.2.0\\mingw64\\bin\\glpsol.exe",
            "CreationUtcTime": "2024-09-19 20:20:09.092",
            "User": "RACM\\raulr"
        }
    },
    {
        "event_id": 11,
        "description": "File creation time changed",
        "time_generated": "2024-09-19T20:20:09.0871124Z",
        "computer_name": "RACM",
        "details": {
            "RuleName": "DLL",
            "UtcTime": "2024-09-19 20:20:09.072",
            "ProcessGuid": "{cec53bf7-8743-66ec-42b0-000000000800}",
            "ProcessId": "10128",
            "Image": "C:\\Users\\raulr\\Downloads\\octave-9.2.0-w64-installer.exe",
            "TargetFilename": "C:\\Program Files\\GNU Octave\\Octave-9.2.0\\mingw64\\bin\\libglut.dll",
            "CreationUtcTime": "2024-09-19 20:20:09.072",
            "User": "RACM\\raulr"
        }
    },
    {
        "event_id": 11,
        "description": "File creation time changed",
        "time_generated": "2024-09-19T20:20:09.0806297Z",
        "computer_name": "RACM",
        "details": {
            "RuleName": "DLL",
            "UtcTime": "2024-09-19 20:20:09.072",
            "ProcessGuid": "{cec53bf7-8743-66ec-42b0-000000000800}",
            "ProcessId": "10128",
            "Image": "C:\\Users\\raulr\\Downloads\\octave-9.2.0-w64-installer.exe",
            "TargetFilename": "C:\\Program Files\\GNU Octave\\Octave-9.2.0\\mingw64\\bin\\libsundials_sunlinsolklu.dll",
            "CreationUtcTime": "2024-09-19 20:20:09.072",
            "User": "RACM\\raulr"
        }
    },
    {
        "event_id": 11,
        "description": "File creation time changed",
        "time_generated": "2024-09-19T20:20:09.0716946Z",
        "computer_name": "RACM",
        "details": {
            "RuleName": "DLL",
            "UtcTime": "2024-09-19 20:20:09.058",
            "ProcessGuid": "{cec53bf7-8743-66ec-42b0-000000000800}",
            "ProcessId": "10128",
            "Image": "C:\\Users\\raulr\\Downloads\\octave-9.2.0-w64-installer.exe",
            "TargetFilename": "C:\\Program Files\\GNU Octave\\Octave-9.2.0\\mingw64\\bin\\libtinyxml.dll",
            "CreationUtcTime": "2024-09-19 20:20:09.058",
            "User": "RACM\\raulr"
        }
    },
    {
        "event_id": 11,
        "description": "File creation time changed",
        "time_generated": "2024-09-19T20:20:09.0193393Z",
        "computer_name": "RACM",
        "details": {
            "RuleName": "EXE",
            "UtcTime": "2024-09-19 20:20:09.018",
            "ProcessGuid": "{cec53bf7-8743-66ec-42b0-000000000800}",
            "ProcessId": "10128",
            "Image": "C:\\Users\\raulr\\Downloads\\octave-9.2.0-w64-installer.exe",
            "TargetFilename": "C:\\Program Files\\GNU Octave\\Octave-9.2.0\\mingw64\\bin\\objcopy.exe",
            "CreationUtcTime": "2024-09-19 20:20:09.018",
            "User": "RACM\\raulr"
        }
    },
    {
        "event_id": 11,
        "description": "File creation time changed",
        "time_generated": "2024-09-19T20:20:09.0153682Z",
        "computer_name": "RACM",
        "details": {
            "RuleName": "EXE",
            "UtcTime": "2024-09-19 20:20:09.009",
            "ProcessGuid": "{cec53bf7-8743-66ec-42b0-000000000800}",
            "ProcessId": "10128",
            "Image": "C:\\Users\\raulr\\Downloads\\octave-9.2.0-w64-installer.exe",
            "TargetFilename": "C:\\Program Files\\GNU Octave\\Octave-9.2.0\\mingw64\\bin\\gsettings.exe",
            "CreationUtcTime": "2024-09-19 20:20:09.009",
            "User": "RACM\\raulr"
        }
    },
    {
        "event_id": 11,
        "description": "File creation time changed",
        "time_generated": "2024-09-19T20:20:08.9637400Z",
        "computer_name": "RACM",
        "details": {
            "RuleName": "EXE",
            "UtcTime": "2024-09-19 20:20:08.963",
            "ProcessGuid": "{cec53bf7-8743-66ec-42b0-000000000800}",
            "ProcessId": "10128",
            "Image": "C:\\Users\\raulr\\Downloads\\octave-9.2.0-w64-installer.exe",
            "TargetFilename": "C:\\Program Files\\GNU Octave\\Octave-9.2.0\\mingw64\\bin\\gcc.exe",
            "CreationUtcTime": "2024-09-19 20:20:08.945",
            "User": "RACM\\raulr"
        }
    },
    {
        "event_id": 11,
        "description": "File creation time changed",
        "time_generated": "2024-09-19T20:20:08.9505050Z",
        "computer_name": "RACM",
        "details": {
            "RuleName": "EXE",
            "UtcTime": "2024-09-19 20:20:08.945",
            "ProcessGuid": "{cec53bf7-8743-66ec-42b0-000000000800}",
            "ProcessId": "10128",
            "Image": "C:\\Users\\raulr\\Downloads\\octave-9.2.0-w64-installer.exe",
            "TargetFilename": "C:\\Program Files\\GNU Octave\\Octave-9.2.0\\mingw64\\bin\\h5mkgrp-shared.exe",
            "CreationUtcTime": "2024-09-19 20:20:08.945",
            "User": "RACM\\raulr"
        }
    },
    {
        "event_id": 11,
        "description": "File creation time changed",
        "time_generated": "2024-09-19T20:20:08.9417881Z",
        "computer_name": "RACM",
        "details": {
            "RuleName": "DLL",
            "UtcTime": "2024-09-19 20:20:08.938",
            "ProcessGuid": "{cec53bf7-8743-66ec-42b0-000000000800}",
            "ProcessId": "10128",
            "Image": "C:\\Users\\raulr\\Downloads\\octave-9.2.0-w64-installer.exe",
            "TargetFilename": "C:\\Program Files\\GNU Octave\\Octave-9.2.0\\mingw64\\bin\\libtasn1-6.dll",
            "CreationUtcTime": "2024-09-19 20:20:08.938",
            "User": "RACM\\raulr"
        }
    },
    {
        "event_id": 11,
        "description": "File creation time changed",
        "time_generated": "2024-09-19T20:20:08.9331392Z",
        "computer_name": "RACM",
        "details": {
            "RuleName": "DLL",
            "UtcTime": "2024-09-19 20:20:08.929",
            "ProcessGuid": "{cec53bf7-8743-66ec-42b0-000000000800}",
            "ProcessId": "10128",
            "Image": "C:\\Users\\raulr\\Downloads\\octave-9.2.0-w64-installer.exe",
            "TargetFilename": "C:\\Program Files\\GNU Octave\\Octave-9.2.0\\mingw64\\bin\\libexpat-1.dll",
            "CreationUtcTime": "2024-09-19 20:20:08.929",
            "User": "RACM\\raulr"
        }
    },
    {
        "event_id": 11,
        "description": "File creation time changed",
        "time_generated": "2024-09-19T20:20:08.8247970Z",
        "computer_name": "RACM",
        "details": {
            "RuleName": "DLL",
            "UtcTime": "2024-09-19 20:20:08.819",
            "ProcessGuid": "{cec53bf7-8743-66ec-42b0-000000000800}",
            "ProcessId": "10128",
            "Image": "C:\\Users\\raulr\\Downloads\\octave-9.2.0-w64-installer.exe",
            "TargetFilename": "C:\\Program Files\\GNU Octave\\Octave-9.2.0\\mingw64\\bin\\Qt6Widgets.dll",
            "CreationUtcTime": "2024-09-19 20:20:08.819",
            "User": "RACM\\raulr"
        }
    },
    {
        "event_id": 11,
        "description": "File creation time changed",
        "time_generated": "2024-09-19T20:20:08.8201767Z",
        "computer_name": "RACM",
        "details": {
            "RuleName": "EXE",
            "UtcTime": "2024-09-19 20:20:08.819",
            "ProcessGuid": "{cec53bf7-8743-66ec-42b0-000000000800}",
            "ProcessId": "10128",
            "Image": "C:\\Users\\raulr\\Downloads\\octave-9.2.0-w64-installer.exe",
            "TargetFilename": "C:\\Program Files\\GNU Octave\\Octave-9.2.0\\mingw64\\bin\\x86_64-w64-mingw32-gcc-nm.exe",
            "CreationUtcTime": "2024-09-19 20:20:08.819",
            "User": "RACM\\raulr"
        }
    },
    {
        "event_id": 11,
        "description": "File creation time changed",
        "time_generated": "2024-09-19T20:20:08.7663052Z",
        "computer_name": "RACM",
        "details": {
            "RuleName": "EXE",
            "UtcTime": "2024-09-19 20:20:08.760",
            "ProcessGuid": "{cec53bf7-8743-66ec-42b0-000000000800}",
            "ProcessId": "10128",
            "Image": "C:\\Users\\raulr\\Downloads\\octave-9.2.0-w64-installer.exe",
            "TargetFilename": "C:\\Program Files\\GNU Octave\\Octave-9.2.0\\mingw64\\bin\\x86_64-w64-mingw32-gcc.exe",
            "CreationUtcTime": "2024-09-19 20:20:08.760",
            "User": "RACM\\raulr"
        }
    },
    {
        "event_id": 11,
        "description": "File creation time changed",
        "time_generated": "2024-09-19T20:20:08.7609789Z",
        "computer_name": "RACM",
        "details": {
            "RuleName": "DLL",
            "UtcTime": "2024-09-19 20:20:08.760",
            "ProcessGuid": "{cec53bf7-8743-66ec-42b0-000000000800}",
            "ProcessId": "10128",
            "Image": "C:\\Users\\raulr\\Downloads\\octave-9.2.0-w64-installer.exe",
            "TargetFilename": "C:\\Program Files\\GNU Octave\\Octave-9.2.0\\mingw64\\bin\\wxbase32u_xml_gcc_custom.dll",
            "CreationUtcTime": "2024-09-19 20:20:08.740",
            "User": "RACM\\raulr"
        }
    },
    {
        "event_id": 11,
        "description": "File creation time changed",
        "time_generated": "2024-09-19T20:20:08.6963146Z",
        "computer_name": "RACM",
        "details": {
            "RuleName": "EXE",
            "UtcTime": "2024-09-19 20:20:08.693",
            "ProcessGuid": "{cec53bf7-8743-66ec-42b0-000000000800}",
            "ProcessId": "10128",
            "Image": "C:\\Users\\raulr\\Downloads\\octave-9.2.0-w64-installer.exe",
            "TargetFilename": "C:\\Program Files\\GNU Octave\\Octave-9.2.0\\mingw64\\bin\\as.exe",
            "CreationUtcTime": "2024-09-19 20:20:08.693",
            "User": "RACM\\raulr"
        }
    },
    {
        "event_id": 11,
        "description": "File creation time changed",
        "time_generated": "2024-09-19T20:20:08.6797016Z",
        "computer_name": "RACM",
        "details": {
            "RuleName": "DLL",
            "UtcTime": "2024-09-19 20:20:08.677",
            "ProcessGuid": "{cec53bf7-8743-66ec-42b0-000000000800}",
            "ProcessId": "10128",
            "Image": "C:\\Users\\raulr\\Downloads\\octave-9.2.0-w64-installer.exe",
            "TargetFilename": "C:\\Program Files\\GNU Octave\\Octave-9.2.0\\mingw64\\bin\\dxtn.dll",
            "CreationUtcTime": "2024-09-19 20:20:08.677",
            "User": "RACM\\raulr"
        }
    },
    {
        "event_id": 11,
        "description": "File creation time changed",
        "time_generated": "2024-09-19T20:20:08.6492693Z",
        "computer_name": "RACM",
        "details": {
            "RuleName": "DLL",
            "UtcTime": "2024-09-19 20:20:08.646",
            "ProcessGuid": "{cec53bf7-8743-66ec-42b0-000000000800}",
            "ProcessId": "10128",
            "Image": "C:\\Users\\raulr\\Downloads\\octave-9.2.0-w64-installer.exe",
            "TargetFilename": "C:\\Program Files\\GNU Octave\\Octave-9.2.0\\mingw64\\bin\\libpixman-1-0.dll",
            "CreationUtcTime": "2024-09-19 20:20:08.646",
            "User": "RACM\\raulr"
        }
    },
    {
        "event_id": 11,
        "description": "File creation time changed",
        "time_generated": "2024-09-19T20:20:08.6403657Z",
        "computer_name": "RACM",
        "details": {
            "RuleName": "DLL",
            "UtcTime": "2024-09-19 20:20:08.630",
            "ProcessGuid": "{cec53bf7-8743-66ec-42b0-000000000800}",
            "ProcessId": "10128",
            "Image": "C:\\Users\\raulr\\Downloads\\octave-9.2.0-w64-installer.exe",
            "TargetFilename": "C:\\Program Files\\GNU Octave\\Octave-9.2.0\\mingw64\\bin\\avresample-4.dll",
            "CreationUtcTime": "2024-09-19 20:20:08.630",
            "User": "RACM\\raulr"
        }
    },
    {
        "event_id": 11,
        "description": "File creation time changed",
        "time_generated": "2024-09-19T20:20:08.6210356Z",
        "computer_name": "RACM",
        "details": {
            "RuleName": "DLL",
            "UtcTime": "2024-09-19 20:20:08.615",
            "ProcessGuid": "{cec53bf7-8743-66ec-42b0-000000000800}",
            "ProcessId": "10128",
            "Image": "C:\\Users\\raulr\\Downloads\\octave-9.2.0-w64-installer.exe",
            "TargetFilename": "C:\\Program Files\\GNU Octave\\Octave-9.2.0\\mingw64\\bin\\liblcms2-2.dll",
            "CreationUtcTime": "2024-09-19 20:20:08.615",
            "User": "RACM\\raulr"
        }
    },
    {
        "event_id": 11,
        "description": "File creation time changed",
        "time_generated": "2024-09-19T20:20:08.5619020Z",
        "computer_name": "RACM",
        "details": {
            "RuleName": "DLL",
            "UtcTime": "2024-09-19 20:20:08.551",
            "ProcessGuid": "{cec53bf7-8743-66ec-42b0-000000000800}",
            "ProcessId": "10128",
            "Image": "C:\\Users\\raulr\\Downloads\\octave-9.2.0-w64-installer.exe",
            "TargetFilename": "C:\\Program Files\\GNU Octave\\Octave-9.2.0\\mingw64\\bin\\libstdc++-6.dll",
            "CreationUtcTime": "2024-09-19 20:20:08.551",
            "User": "RACM\\raulr"
        }
    },
    {
        "event_id": 11,
        "description": "File creation time changed",
        "time_generated": "2024-09-19T20:20:08.5366490Z",
        "computer_name": "RACM",
        "details": {
            "RuleName": "DLL",
            "UtcTime": "2024-09-19 20:20:08.535",
            "ProcessGuid": "{cec53bf7-8743-66ec-42b0-000000000800}",
            "ProcessId": "10128",
            "Image": "C:\\Users\\raulr\\Downloads\\octave-9.2.0-w64-installer.exe",
            "TargetFilename": "C:\\Program Files\\GNU Octave\\Octave-9.2.0\\mingw64\\bin\\libwebp-7.dll",
            "CreationUtcTime": "2024-09-19 20:20:08.535",
            "User": "RACM\\raulr"
        }
    },
    {
        "event_id": 11,
        "description": "File creation time changed",
        "time_generated": "2024-09-19T20:20:08.5184162Z",
        "computer_name": "RACM",
        "details": {
            "RuleName": "DLL",
            "UtcTime": "2024-09-19 20:20:08.504",
            "ProcessGuid": "{cec53bf7-8743-66ec-42b0-000000000800}",
            "ProcessId": "10128",
            "Image": "C:\\Users\\raulr\\Downloads\\octave-9.2.0-w64-installer.exe",
            "TargetFilename": "C:\\Program Files\\GNU Octave\\Octave-9.2.0\\mingw64\\bin\\wxbase32u_net_gcc_custom.dll",
            "CreationUtcTime": "2024-09-19 20:20:08.504",
            "User": "RACM\\raulr"
        }
    },
    {
        "event_id": 11,
        "description": "File creation time changed",
        "time_generated": "2024-09-19T20:20:08.4702701Z",
        "computer_name": "RACM",
        "details": {
            "RuleName": "EXE",
            "UtcTime": "2024-09-19 20:20:08.457",
            "ProcessGuid": "{cec53bf7-8743-66ec-42b0-000000000800}",
            "ProcessId": "10128",
            "Image": "C:\\Users\\raulr\\Downloads\\octave-9.2.0-w64-installer.exe",
            "TargetFilename": "C:\\Program Files\\GNU Octave\\Octave-9.2.0\\mingw64\\bin\\ar.exe",
            "CreationUtcTime": "2024-09-19 20:20:08.457",
            "User": "RACM\\raulr"
        }
    },
    {
        "event_id": 11,
        "description": "File creation time changed",
        "time_generated": "2024-09-19T20:20:08.4647986Z",
        "computer_name": "RACM",
        "details": {
            "RuleName": "EXE",
            "UtcTime": "2024-09-19 20:20:08.457",
            "ProcessGuid": "{cec53bf7-8743-66ec-42b0-000000000800}",
            "ProcessId": "10128",
            "Image": "C:\\Users\\raulr\\Downloads\\octave-9.2.0-w64-installer.exe",
            "TargetFilename": "C:\\Program Files\\GNU Octave\\Octave-9.2.0\\mingw64\\bin\\geod.exe",
            "CreationUtcTime": "2024-09-19 20:20:08.457",
            "User": "RACM\\raulr"
        }
    },
    {
        "event_id": 11,
        "description": "File creation time changed",
        "time_generated": "2024-09-19T20:20:08.4311454Z",
        "computer_name": "RACM",
        "details": {
            "RuleName": "DLL",
            "UtcTime": "2024-09-19 20:20:08.425",
            "ProcessGuid": "{cec53bf7-8743-66ec-42b0-000000000800}",
            "ProcessId": "10128",
            "Image": "C:\\Users\\raulr\\Downloads\\octave-9.2.0-w64-installer.exe",
            "TargetFilename": "C:\\Program Files\\GNU Octave\\Octave-9.2.0\\mingw64\\bin\\libfreetype-6.dll",
            "CreationUtcTime": "2024-09-19 20:20:08.425",
            "User": "RACM\\raulr"
        }
    },
    {
        "event_id": 11,
        "description": "File creation time changed",
        "time_generated": "2024-09-19T20:20:08.4257230Z",
        "computer_name": "RACM",
        "details": {
            "RuleName": "DLL",
            "UtcTime": "2024-09-19 20:20:08.425",
            "ProcessGuid": "{cec53bf7-8743-66ec-42b0-000000000800}",
            "ProcessId": "10128",
            "Image": "C:\\Users\\raulr\\Downloads\\octave-9.2.0-w64-installer.exe",
            "TargetFilename": "C:\\Program Files\\GNU Octave\\Octave-9.2.0\\mingw64\\bin\\libgmodule-2.0-0.dll",
            "CreationUtcTime": "2024-09-19 20:20:08.425",
            "User": "RACM\\raulr"
        }
    },
    {
        "event_id": 11,
        "description": "File creation time changed",
        "time_generated": "2024-09-19T20:20:08.4198491Z",
        "computer_name": "RACM",
        "details": {
            "RuleName": "EXE",
            "UtcTime": "2024-09-19 20:20:08.409",
            "ProcessGuid": "{cec53bf7-8743-66ec-42b0-000000000800}",
            "ProcessId": "10128",
            "Image": "C:\\Users\\raulr\\Downloads\\octave-9.2.0-w64-installer.exe",
            "TargetFilename": "C:\\Program Files\\GNU Octave\\Octave-9.2.0\\mingw64\\bin\\gio.exe",
            "CreationUtcTime": "2024-09-19 20:20:08.409",
            "User": "RACM\\raulr"
        }
    },
    {
        "event_id": 11,
        "description": "File creation time changed",
        "time_generated": "2024-09-19T20:20:08.4160043Z",
        "computer_name": "RACM",
        "details": {
            "RuleName": "EXE",
            "UtcTime": "2024-09-19 20:20:08.409",
            "ProcessGuid": "{cec53bf7-8743-66ec-42b0-000000000800}",
            "ProcessId": "10128",
            "Image": "C:\\Users\\raulr\\Downloads\\octave-9.2.0-w64-installer.exe",
            "TargetFilename": "C:\\Program Files\\GNU Octave\\Octave-9.2.0\\mingw64\\bin\\mirror_server.exe",
            "CreationUtcTime": "2024-09-19 20:20:08.409",
            "User": "RACM\\raulr"
        }
    },
    {
        "event_id": 11,
        "description": "File creation time changed",
        "time_generated": "2024-09-19T20:20:08.4125638Z",
        "computer_name": "RACM",
        "details": {
            "RuleName": "DLL",
            "UtcTime": "2024-09-19 20:20:08.409",
            "ProcessGuid": "{cec53bf7-8743-66ec-42b0-000000000800}",
            "ProcessId": "10128",
            "Image": "C:\\Users\\raulr\\Downloads\\octave-9.2.0-w64-installer.exe",
            "TargetFilename": "C:\\Program Files\\GNU Octave\\Octave-9.2.0\\mingw64\\bin\\Qt6SvgWidgets.dll",
            "CreationUtcTime": "2024-09-19 20:20:08.409",
            "User": "RACM\\raulr"
        }
    },
    {
        "event_id": 11,
        "description": "File creation time changed",
        "time_generated": "2024-09-19T20:20:08.4037381Z",
        "computer_name": "RACM",
        "details": {
            "RuleName": "DLL",
            "UtcTime": "2024-09-19 20:20:08.394",
            "ProcessGuid": "{cec53bf7-8743-66ec-42b0-000000000800}",
            "ProcessId": "10128",
            "Image": "C:\\Users\\raulr\\Downloads\\octave-9.2.0-w64-installer.exe",
            "TargetFilename": "C:\\Program Files\\GNU Octave\\Octave-9.2.0\\mingw64\\bin\\libdouble-conversion.dll",
            "CreationUtcTime": "2024-09-19 20:20:08.394",
            "User": "RACM\\raulr"
        }
    },
    {
        "event_id": 11,
        "description": "File creation time changed",
        "time_generated": "2024-09-19T20:20:08.3968898Z",
        "computer_name": "RACM",
        "details": {
            "RuleName": "EXE",
            "UtcTime": "2024-09-19 20:20:08.394",
            "ProcessGuid": "{cec53bf7-8743-66ec-42b0-000000000800}",
            "ProcessId": "10128",
            "Image": "C:\\Users\\raulr\\Downloads\\octave-9.2.0-w64-installer.exe",
            "TargetFilename": "C:\\Program Files\\GNU Octave\\Octave-9.2.0\\mingw64\\bin\\defncopy.exe",
            "CreationUtcTime": "2024-09-19 20:20:08.394",
            "User": "RACM\\raulr"
        }
    },
    {
        "event_id": 11,
        "description": "File creation time changed",
        "time_generated": "2024-09-19T20:20:08.3774371Z",
        "computer_name": "RACM",
        "details": {
            "RuleName": "DLL",
            "UtcTime": "2024-09-19 20:20:08.362",
            "ProcessGuid": "{cec53bf7-8743-66ec-42b0-000000000800}",
            "ProcessId": "10128",
            "Image": "C:\\Users\\raulr\\Downloads\\octave-9.2.0-w64-installer.exe",
            "TargetFilename": "C:\\Program Files\\GNU Octave\\Octave-9.2.0\\mingw64\\bin\\libpstoedit-0.dll",
            "CreationUtcTime": "2024-09-19 20:20:08.362",
            "User": "RACM\\raulr"
        }
    },
    {
        "event_id": 11,
        "description": "File creation time changed",
        "time_generated": "2024-09-19T20:20:08.3560282Z",
        "computer_name": "RACM",
        "details": {
            "RuleName": "DLL",
            "UtcTime": "2024-09-19 20:20:08.346",
            "ProcessGuid": "{cec53bf7-8743-66ec-42b0-000000000800}",
            "ProcessId": "10128",
            "Image": "C:\\Users\\raulr\\Downloads\\octave-9.2.0-w64-installer.exe",
            "TargetFilename": "C:\\Program Files\\GNU Octave\\Octave-9.2.0\\mingw64\\bin\\libjasper.dll",
            "CreationUtcTime": "2024-09-19 20:20:08.346",
            "User": "RACM\\raulr"
        }
    },
    {
        "event_id": 11,
        "description": "File creation time changed",
        "time_generated": "2024-09-19T20:20:08.3463128Z",
        "computer_name": "RACM",
        "details": {
            "RuleName": "EXE",
            "UtcTime": "2024-09-19 20:20:08.332",
            "ProcessGuid": "{cec53bf7-8743-66ec-42b0-000000000800}",
            "ProcessId": "10128",
            "Image": "C:\\Users\\raulr\\Downloads\\octave-9.2.0-w64-installer.exe",
            "TargetFilename": "C:\\Program Files\\GNU Octave\\Octave-9.2.0\\mingw64\\bin\\genrb.exe",
            "CreationUtcTime": "2024-09-19 20:20:08.332",
            "User": "RACM\\raulr"
        }
    },
    {
        "event_id": 11,
        "description": "File creation time changed",
        "time_generated": "2024-09-19T20:20:08.3438713Z",
        "computer_name": "RACM",
        "details": {
            "RuleName": "DLL",
            "UtcTime": "2024-09-19 20:20:08.332",
            "ProcessGuid": "{cec53bf7-8743-66ec-42b0-000000000800}",
            "ProcessId": "10128",
            "Image": "C:\\Users\\raulr\\Downloads\\octave-9.2.0-w64-installer.exe",
            "TargetFilename": "C:\\Program Files\\GNU Octave\\Octave-9.2.0\\mingw64\\bin\\libsuitesparseconfig.dll",
            "CreationUtcTime": "2024-09-19 20:20:08.332",
            "User": "RACM\\raulr"
        }
    },
    {
        "event_id": 11,
        "description": "File creation time changed",
        "time_generated": "2024-09-19T20:20:08.3182722Z",
        "computer_name": "RACM",
        "details": {
            "RuleName": "DLL",
            "UtcTime": "2024-09-19 20:20:08.315",
            "ProcessGuid": "{cec53bf7-8743-66ec-42b0-000000000800}",
            "ProcessId": "10128",
            "Image": "C:\\Users\\raulr\\Downloads\\octave-9.2.0-w64-installer.exe",
            "TargetFilename": "C:\\Program Files\\GNU Octave\\Octave-9.2.0\\mingw64\\bin\\avutil-56.dll",
            "CreationUtcTime": "2024-09-19 20:20:08.315",
            "User": "RACM\\raulr"
        }
    },
    {
        "event_id": 11,
        "description": "File creation time changed",
        "time_generated": "2024-09-19T20:20:08.3141799Z",
        "computer_name": "RACM",
        "details": {
            "RuleName": "EXE",
            "UtcTime": "2024-09-19 20:20:08.299",
            "ProcessGuid": "{cec53bf7-8743-66ec-42b0-000000000800}",
            "ProcessId": "10128",
            "Image": "C:\\Users\\raulr\\Downloads\\octave-9.2.0-w64-installer.exe",
            "TargetFilename": "C:\\Program Files\\GNU Octave\\Octave-9.2.0\\mingw64\\bin\\h5debug-shared.exe",
            "CreationUtcTime": "2024-09-19 20:20:08.299",
            "User": "RACM\\raulr"
        }
    },
    {
        "event_id": 11,
        "description": "File creation time changed",
        "time_generated": "2024-09-19T20:20:08.3021765Z",
        "computer_name": "RACM",
        "details": {
            "RuleName": "EXE",
            "UtcTime": "2024-09-19 20:20:08.299",
            "ProcessGuid": "{cec53bf7-8743-66ec-42b0-000000000800}",
            "ProcessId": "10128",
            "Image": "C:\\Users\\raulr\\Downloads\\octave-9.2.0-w64-installer.exe",
            "TargetFilename": "C:\\Program Files\\GNU Octave\\Octave-9.2.0\\mingw64\\bin\\gnuplot_qt.exe",
            "CreationUtcTime": "2024-09-19 20:20:08.299",
            "User": "RACM\\raulr"
        }
    },
    {
        "event_id": 11,
        "description": "File creation time changed",
        "time_generated": "2024-09-19T20:20:08.2975125Z",
        "computer_name": "RACM",
        "details": {
            "RuleName": "DLL",
            "UtcTime": "2024-09-19 20:20:08.291",
            "ProcessGuid": "{cec53bf7-8743-66ec-42b0-000000000800}",
            "ProcessId": "10128",
            "Image": "C:\\Users\\raulr\\Downloads\\octave-9.2.0-w64-installer.exe",
            "TargetFilename": "C:\\Program Files\\GNU Octave\\Octave-9.2.0\\mingw64\\bin\\mgwfltknox_forms-1.3.dll",
            "CreationUtcTime": "2024-09-19 20:20:08.291",
            "User": "RACM\\raulr"
        }
    },
