    {
        "event_id": 11,
        "description": "File creation time changed",
        "time_generated": "2024-09-19T20:22:08.2975527Z",
        "computer_name": "RACM",
        "details": {
            "RuleName": "DLL",
            "UtcTime": "2024-09-19 20:22:08.292",
            "ProcessGuid": "{cec53bf7-8743-66ec-42b0-000000000800}",
            "ProcessId": "10128",
            "Image": "C:\\Users\\raulr\\Downloads\\octave-9.2.0-w64-installer.exe",
            "TargetFilename": "C:\\Program Files\\GNU Octave\\Octave-9.2.0\\usr\\lib\\perl5\\core_perl\\auto\\Win32API\\File\\File.dll",
            "CreationUtcTime": "2024-09-19 20:22:08.292",
            "User": "RACM\\raulr"
        }
    },
    {
        "event_id": 11,
        "description": "File creation time changed",
        "time_generated": "2024-09-19T20:22:08.2918219Z",
        "computer_name": "RACM",
        "details": {
            "RuleName": "DLL",
            "UtcTime": "2024-09-19 20:22:08.277",
            "ProcessGuid": "{cec53bf7-8743-66ec-42b0-000000000800}",
            "ProcessId": "10128",
            "Image": "C:\\Users\\raulr\\Downloads\\octave-9.2.0-w64-installer.exe",
            "TargetFilename": "C:\\Program Files\\GNU Octave\\Octave-9.2.0\\usr\\lib\\perl5\\core_perl\\auto\\NDBM_File\\NDBM_File.dll",
            "CreationUtcTime": "2024-09-19 20:22:08.277",
            "User": "RACM\\raulr"
        }
    },
    {
        "event_id": 11,
        "description": "File creation time changed",
        "time_generated": "2024-09-19T20:22:08.2883647Z",
        "computer_name": "RACM",
        "details": {
            "RuleName": "DLL",
            "UtcTime": "2024-09-19 20:22:08.277",
            "ProcessGuid": "{cec53bf7-8743-66ec-42b0-000000000800}",
            "ProcessId": "10128",
            "Image": "C:\\Users\\raulr\\Downloads\\octave-9.2.0-w64-installer.exe",
            "TargetFilename": "C:\\Program Files\\GNU Octave\\Octave-9.2.0\\usr\\lib\\perl5\\core_perl\\auto\\mro\\mro.dll",
            "CreationUtcTime": "2024-09-19 20:22:08.277",
            "User": "RACM\\raulr"
        }
    },
    {
        "event_id": 11,
        "description": "File creation time changed",
        "time_generated": "2024-09-19T20:22:08.2838460Z",
        "computer_name": "RACM",
        "details": {
            "RuleName": "DLL",
            "UtcTime": "2024-09-19 20:22:08.277",
            "ProcessGuid": "{cec53bf7-8743-66ec-42b0-000000000800}",
            "ProcessId": "10128",
            "Image": "C:\\Users\\raulr\\Downloads\\octave-9.2.0-w64-installer.exe",
            "TargetFilename": "C:\\Program Files\\GNU Octave\\Octave-9.2.0\\usr\\lib\\perl5\\core_perl\\auto\\File\\Glob\\Glob.dll",
            "CreationUtcTime": "2024-09-19 20:22:08.277",
            "User": "RACM\\raulr"
        }
    },
    {
        "event_id": 11,
        "description": "File creation time changed",
        "time_generated": "2024-09-19T20:22:08.2802733Z",
        "computer_name": "RACM",
        "details": {
            "RuleName": "DLL",
            "UtcTime": "2024-09-19 20:22:08.277",
            "ProcessGuid": "{cec53bf7-8743-66ec-42b0-000000000800}",
            "ProcessId": "10128",
            "Image": "C:\\Users\\raulr\\Downloads\\octave-9.2.0-w64-installer.exe",
            "TargetFilename": "C:\\Program Files\\GNU Octave\\Octave-9.2.0\\usr\\lib\\perl5\\core_perl\\auto\\File\\DosGlob\\DosGlob.dll",
            "CreationUtcTime": "2024-09-19 20:22:08.277",
            "User": "RACM\\raulr"
        }
    },
    {
        "event_id": 11,
        "description": "File creation time changed",
        "time_generated": "2024-09-19T20:22:08.2408622Z",
        "computer_name": "RACM",
        "details": {
            "RuleName": "DLL",
            "UtcTime": "2024-09-19 20:22:08.234",
            "ProcessGuid": "{cec53bf7-8743-66ec-42b0-000000000800}",
            "ProcessId": "10128",
            "Image": "C:\\Users\\raulr\\Downloads\\octave-9.2.0-w64-installer.exe",
            "TargetFilename": "C:\\Program Files\\GNU Octave\\Octave-9.2.0\\usr\\lib\\perl5\\core_perl\\auto\\Encode\\JP\\JP.dll",
            "CreationUtcTime": "2024-09-19 20:22:08.234",
            "User": "RACM\\raulr"
        }
    },
    {
        "event_id": 11,
        "description": "File creation time changed",
        "time_generated": "2024-09-19T20:22:08.2368465Z",
        "computer_name": "RACM",
        "details": {
            "RuleName": "DLL",
            "UtcTime": "2024-09-19 20:22:08.234",
            "ProcessGuid": "{cec53bf7-8743-66ec-42b0-000000000800}",
            "ProcessId": "10128",
            "Image": "C:\\Users\\raulr\\Downloads\\octave-9.2.0-w64-installer.exe",
            "TargetFilename": "C:\\Program Files\\GNU Octave\\Octave-9.2.0\\usr\\lib\\perl5\\core_perl\\auto\\Encode\\Unicode\\Unicode.dll",
            "CreationUtcTime": "2024-09-19 20:22:08.234",
            "User": "RACM\\raulr"
        }
    },
    {
        "event_id": 11,
        "description": "File creation time changed",
        "time_generated": "2024-09-19T20:22:08.1964762Z",
        "computer_name": "RACM",
        "details": {
            "RuleName": "DLL",
            "UtcTime": "2024-09-19 20:22:08.182",
            "ProcessGuid": "{cec53bf7-8743-66ec-42b0-000000000800}",
            "ProcessId": "10128",
            "Image": "C:\\Users\\raulr\\Downloads\\octave-9.2.0-w64-installer.exe",
            "TargetFilename": "C:\\Program Files\\GNU Octave\\Octave-9.2.0\\usr\\lib\\perl5\\core_perl\\auto\\Encode\\CN\\CN.dll",
            "CreationUtcTime": "2024-09-19 20:22:08.182",
            "User": "RACM\\raulr"
        }
    },
    {
        "event_id": 11,
        "description": "File creation time changed",
        "time_generated": "2024-09-19T20:22:08.1921863Z",
        "computer_name": "RACM",
        "details": {
            "RuleName": "DLL",
            "UtcTime": "2024-09-19 20:22:08.182",
            "ProcessGuid": "{cec53bf7-8743-66ec-42b0-000000000800}",
            "ProcessId": "10128",
            "Image": "C:\\Users\\raulr\\Downloads\\octave-9.2.0-w64-installer.exe",
            "TargetFilename": "C:\\Program Files\\GNU Octave\\Octave-9.2.0\\usr\\lib\\perl5\\core_perl\\auto\\Encode\\Symbol\\Symbol.dll",
            "CreationUtcTime": "2024-09-19 20:22:08.182",
            "User": "RACM\\raulr"
        }
    },
    {
        "event_id": 11,
        "description": "File creation time changed",
        "time_generated": "2024-09-19T20:22:08.1589398Z",
        "computer_name": "RACM",
        "details": {
            "RuleName": "DLL",
            "UtcTime": "2024-09-19 20:22:08.150",
            "ProcessGuid": "{cec53bf7-8743-66ec-42b0-000000000800}",
            "ProcessId": "10128",
            "Image": "C:\\Users\\raulr\\Downloads\\octave-9.2.0-w64-installer.exe",
            "TargetFilename": "C:\\Program Files\\GNU Octave\\Octave-9.2.0\\usr\\lib\\perl5\\core_perl\\auto\\Encode\\TW\\TW.dll",
            "CreationUtcTime": "2024-09-19 20:22:08.150",
            "User": "RACM\\raulr"
        }
    },
    {
        "event_id": 11,
        "description": "File creation time changed",
        "time_generated": "2024-09-19T20:22:08.1235793Z",
        "computer_name": "RACM",
        "details": {
            "RuleName": "DLL",
            "UtcTime": "2024-09-19 20:22:08.118",
            "ProcessGuid": "{cec53bf7-8743-66ec-42b0-000000000800}",
            "ProcessId": "10128",
            "Image": "C:\\Users\\raulr\\Downloads\\octave-9.2.0-w64-installer.exe",
            "TargetFilename": "C:\\Program Files\\GNU Octave\\Octave-9.2.0\\usr\\lib\\perl5\\core_perl\\auto\\Encode\\KR\\KR.dll",
            "CreationUtcTime": "2024-09-19 20:22:08.118",
            "User": "RACM\\raulr"
        }
    },
    {
        "event_id": 11,
        "description": "File creation time changed",
        "time_generated": "2024-09-19T20:22:08.1144057Z",
        "computer_name": "RACM",
        "details": {
            "RuleName": "DLL",
            "UtcTime": "2024-09-19 20:22:08.102",
            "ProcessGuid": "{cec53bf7-8743-66ec-42b0-000000000800}",
            "ProcessId": "10128",
            "Image": "C:\\Users\\raulr\\Downloads\\octave-9.2.0-w64-installer.exe",
            "TargetFilename": "C:\\Program Files\\GNU Octave\\Octave-9.2.0\\usr\\lib\\perl5\\core_perl\\auto\\Encode\\Byte\\Byte.dll",
            "CreationUtcTime": "2024-09-19 20:22:08.102",
            "User": "RACM\\raulr"
        }
    },
    {
        "event_id": 11,
        "description": "File creation time changed",
        "time_generated": "2024-09-19T20:22:08.1098169Z",
        "computer_name": "RACM",
        "details": {
            "RuleName": "DLL",
            "UtcTime": "2024-09-19 20:22:08.102",
            "ProcessGuid": "{cec53bf7-8743-66ec-42b0-000000000800}",
            "ProcessId": "10128",
            "Image": "C:\\Users\\raulr\\Downloads\\octave-9.2.0-w64-installer.exe",
            "TargetFilename": "C:\\Program Files\\GNU Octave\\Octave-9.2.0\\usr\\lib\\perl5\\core_perl\\auto\\Encode\\EBCDIC\\EBCDIC.dll",
            "CreationUtcTime": "2024-09-19 20:22:08.102",
            "User": "RACM\\raulr"
        }
    },
    {
        "event_id": 11,
        "description": "File creation time changed",
        "time_generated": "2024-09-19T20:22:08.1041116Z",
        "computer_name": "RACM",
        "details": {
            "RuleName": "DLL",
            "UtcTime": "2024-09-19 20:22:08.102",
            "ProcessGuid": "{cec53bf7-8743-66ec-42b0-000000000800}",
            "ProcessId": "10128",
            "Image": "C:\\Users\\raulr\\Downloads\\octave-9.2.0-w64-installer.exe",
            "TargetFilename": "C:\\Program Files\\GNU Octave\\Octave-9.2.0\\usr\\lib\\perl5\\core_perl\\auto\\Encode\\Encode.dll",
            "CreationUtcTime": "2024-09-19 20:22:08.102",
            "User": "RACM\\raulr"
        }
    },
    {
        "event_id": 11,
        "description": "File creation time changed",
        "time_generated": "2024-09-19T20:22:08.0992048Z",
        "computer_name": "RACM",
        "details": {
            "RuleName": "DLL",
            "UtcTime": "2024-09-19 20:22:08.090",
            "ProcessGuid": "{cec53bf7-8743-66ec-42b0-000000000800}",
            "ProcessId": "10128",
            "Image": "C:\\Users\\raulr\\Downloads\\octave-9.2.0-w64-installer.exe",
            "TargetFilename": "C:\\Program Files\\GNU Octave\\Octave-9.2.0\\usr\\lib\\perl5\\core_perl\\auto\\threads\\shared\\shared.dll",
            "CreationUtcTime": "2024-09-19 20:22:08.090",
            "User": "RACM\\raulr"
        }
    },
    {
        "event_id": 11,
        "description": "File creation time changed",
        "time_generated": "2024-09-19T20:22:08.0938425Z",
        "computer_name": "RACM",
        "details": {
            "RuleName": "DLL",
            "UtcTime": "2024-09-19 20:22:08.090",
            "ProcessGuid": "{cec53bf7-8743-66ec-42b0-000000000800}",
            "ProcessId": "10128",
            "Image": "C:\\Users\\raulr\\Downloads\\octave-9.2.0-w64-installer.exe",
            "TargetFilename": "C:\\Program Files\\GNU Octave\\Octave-9.2.0\\usr\\lib\\perl5\\core_perl\\auto\\threads\\threads.dll",
            "CreationUtcTime": "2024-09-19 20:22:08.090",
            "User": "RACM\\raulr"
        }
    },
    {
        "event_id": 11,
        "description": "File creation time changed",
        "time_generated": "2024-09-19T20:22:08.0791218Z",
        "computer_name": "RACM",
        "details": {
            "RuleName": "DLL",
            "UtcTime": "2024-09-19 20:22:08.071",
            "ProcessGuid": "{cec53bf7-8743-66ec-42b0-000000000800}",
            "ProcessId": "10128",
            "Image": "C:\\Users\\raulr\\Downloads\\octave-9.2.0-w64-installer.exe",
            "TargetFilename": "C:\\Program Files\\GNU Octave\\Octave-9.2.0\\usr\\lib\\perl5\\core_perl\\auto\\Compress\\Raw\\Bzip2\\Bzip2.dll",
            "CreationUtcTime": "2024-09-19 20:22:08.071",
            "User": "RACM\\raulr"
        }
    },
    {
        "event_id": 11,
        "description": "File creation time changed",
        "time_generated": "2024-09-19T20:22:08.0702807Z",
        "computer_name": "RACM",
        "details": {
            "RuleName": "DLL",
            "UtcTime": "2024-09-19 20:22:08.056",
            "ProcessGuid": "{cec53bf7-8743-66ec-42b0-000000000800}",
            "ProcessId": "10128",
            "Image": "C:\\Users\\raulr\\Downloads\\octave-9.2.0-w64-installer.exe",
            "TargetFilename": "C:\\Program Files\\GNU Octave\\Octave-9.2.0\\usr\\lib\\perl5\\core_perl\\auto\\Compress\\Raw\\Zlib\\Zlib.dll",
            "CreationUtcTime": "2024-09-19 20:22:08.056",
            "User": "RACM\\raulr"
        }
    },
    {
        "event_id": 11,
        "description": "File creation time changed",
        "time_generated": "2024-09-19T20:22:08.0618549Z",
        "computer_name": "RACM",
        "details": {
            "RuleName": "DLL",
            "UtcTime": "2024-09-19 20:22:08.056",
            "ProcessGuid": "{cec53bf7-8743-66ec-42b0-000000000800}",
            "ProcessId": "10128",
            "Image": "C:\\Users\\raulr\\Downloads\\octave-9.2.0-w64-installer.exe",
            "TargetFilename": "C:\\Program Files\\GNU Octave\\Octave-9.2.0\\usr\\lib\\perl5\\core_perl\\auto\\Opcode\\Opcode.dll",
            "CreationUtcTime": "2024-09-19 20:22:08.056",
            "User": "RACM\\raulr"
        }
    },
    {
        "event_id": 11,
        "description": "File creation time changed",
        "time_generated": "2024-09-19T20:22:08.0557643Z",
        "computer_name": "RACM",
        "details": {
            "RuleName": "DLL",
            "UtcTime": "2024-09-19 20:22:08.055",
            "ProcessGuid": "{cec53bf7-8743-66ec-42b0-000000000800}",
            "ProcessId": "10128",
            "Image": "C:\\Users\\raulr\\Downloads\\octave-9.2.0-w64-installer.exe",
            "TargetFilename": "C:\\Program Files\\GNU Octave\\Octave-9.2.0\\usr\\lib\\perl5\\core_perl\\auto\\POSIX\\POSIX.dll",
            "CreationUtcTime": "2024-09-19 20:22:08.055",
            "User": "RACM\\raulr"
        }
    },
    {
        "event_id": 11,
        "description": "File creation time changed",
        "time_generated": "2024-09-19T20:22:08.0522334Z",
        "computer_name": "RACM",
        "details": {
            "RuleName": "DLL",
            "UtcTime": "2024-09-19 20:22:08.039",
            "ProcessGuid": "{cec53bf7-8743-66ec-42b0-000000000800}",
            "ProcessId": "10128",
            "Image": "C:\\Users\\raulr\\Downloads\\octave-9.2.0-w64-installer.exe",
            "TargetFilename": "C:\\Program Files\\GNU Octave\\Octave-9.2.0\\usr\\lib\\perl5\\core_perl\\auto\\Math\\BigInt\\FastCalc\\FastCalc.dll",
            "CreationUtcTime": "2024-09-19 20:22:08.039",
            "User": "RACM\\raulr"
        }
    },
    {
        "event_id": 11,
        "description": "File creation time changed",
        "time_generated": "2024-09-19T20:22:08.0449188Z",
        "computer_name": "RACM",
        "details": {
            "RuleName": "DLL",
            "UtcTime": "2024-09-19 20:22:08.039",
            "ProcessGuid": "{cec53bf7-8743-66ec-42b0-000000000800}",
            "ProcessId": "10128",
            "Image": "C:\\Users\\raulr\\Downloads\\octave-9.2.0-w64-installer.exe",
            "TargetFilename": "C:\\Program Files\\GNU Octave\\Octave-9.2.0\\usr\\lib\\perl5\\core_perl\\auto\\Time\\Piece\\Piece.dll",
            "CreationUtcTime": "2024-09-19 20:22:08.039",
            "User": "RACM\\raulr"
        }
    },
    {
        "event_id": 11,
        "description": "File creation time changed",
        "time_generated": "2024-09-19T20:22:08.0404270Z",
        "computer_name": "RACM",
        "details": {
            "RuleName": "DLL",
            "UtcTime": "2024-09-19 20:22:08.039",
            "ProcessGuid": "{cec53bf7-8743-66ec-42b0-000000000800}",
            "ProcessId": "10128",
            "Image": "C:\\Users\\raulr\\Downloads\\octave-9.2.0-w64-installer.exe",
            "TargetFilename": "C:\\Program Files\\GNU Octave\\Octave-9.2.0\\usr\\lib\\perl5\\core_perl\\auto\\Time\\HiRes\\HiRes.dll",
            "CreationUtcTime": "2024-09-19 20:22:08.039",
            "User": "RACM\\raulr"
        }
    },
    {
        "event_id": 11,
        "description": "File creation time changed",
        "time_generated": "2024-09-19T20:22:08.0351263Z",
        "computer_name": "RACM",
        "details": {
            "RuleName": "DLL",
            "UtcTime": "2024-09-19 20:22:08.032",
            "ProcessGuid": "{cec53bf7-8743-66ec-42b0-000000000800}",
            "ProcessId": "10128",
            "Image": "C:\\Users\\raulr\\Downloads\\octave-9.2.0-w64-installer.exe",
            "TargetFilename": "C:\\Program Files\\GNU Octave\\Octave-9.2.0\\usr\\lib\\perl5\\core_perl\\auto\\MIME\\Base64\\Base64.dll",
            "CreationUtcTime": "2024-09-19 20:22:08.032",
            "User": "RACM\\raulr"
        }
    },
    {
        "event_id": 11,
        "description": "File creation time changed",
        "time_generated": "2024-09-19T20:22:08.0285450Z",
        "computer_name": "RACM",
        "details": {
            "RuleName": "DLL",
            "UtcTime": "2024-09-19 20:22:08.023",
            "ProcessGuid": "{cec53bf7-8743-66ec-42b0-000000000800}",
            "ProcessId": "10128",
            "Image": "C:\\Users\\raulr\\Downloads\\octave-9.2.0-w64-installer.exe",
            "TargetFilename": "C:\\Program Files\\GNU Octave\\Octave-9.2.0\\usr\\lib\\perl5\\core_perl\\auto\\Devel\\Peek\\Peek.dll",
            "CreationUtcTime": "2024-09-19 20:22:08.023",
            "User": "RACM\\raulr"
        }
    },
    {
        "event_id": 11,
        "description": "File creation time changed",
        "time_generated": "2024-09-19T20:21:57.3903778Z",
        "computer_name": "RACM",
        "details": {
            "RuleName": "-",
            "UtcTime": "2024-09-19 20:21:57.389",
            "ProcessGuid": "{cec53bf7-8743-66ec-42b0-000000000800}",
            "ProcessId": "10128",
            "Image": "C:\\Users\\raulr\\Downloads\\octave-9.2.0-w64-installer.exe",
            "TargetFilename": "C:\\Program Files\\GNU Octave\\Octave-9.2.0\\usr\\lib\\python3.11\\test\\empty.vbs",
            "CreationUtcTime": "2024-09-19 20:21:57.374",
            "User": "RACM\\raulr"
        }
    },
    {
        "event_id": 11,
        "description": "File creation time changed",
        "time_generated": "2024-09-19T20:21:55.3427964Z",
        "computer_name": "RACM",
        "details": {
            "RuleName": "-",
            "UtcTime": "2024-09-19 20:21:55.338",
            "ProcessGuid": "{cec53bf7-8743-66ec-42b0-000000000800}",
            "ProcessId": "10128",
            "Image": "C:\\Users\\raulr\\Downloads\\octave-9.2.0-w64-installer.exe",
            "TargetFilename": "C:\\Program Files\\GNU Octave\\Octave-9.2.0\\usr\\lib\\python3.11\\idlelib\\idle.bat",
            "CreationUtcTime": "2024-09-19 20:21:55.338",
            "User": "RACM\\raulr"
        }
    },
    {
        "event_id": 11,
        "description": "File creation time changed",
        "time_generated": "2024-09-19T20:21:54.9971171Z",
        "computer_name": "RACM",
        "details": {
            "RuleName": "DLL",
            "UtcTime": "2024-09-19 20:21:54.992",
            "ProcessGuid": "{cec53bf7-8743-66ec-42b0-000000000800}",
            "ProcessId": "10128",
            "Image": "C:\\Users\\raulr\\Downloads\\octave-9.2.0-w64-installer.exe",
            "TargetFilename": "C:\\Program Files\\GNU Octave\\Octave-9.2.0\\usr\\lib\\python3.11\\lib-dynload\\_codecs_iso2022.cpython-311-x86_64-msys.dll",
            "CreationUtcTime": "2024-09-19 20:21:54.992",
            "User": "RACM\\raulr"
        }
    },
    {
        "event_id": 11,
        "description": "File creation time changed",
        "time_generated": "2024-09-19T20:21:54.9949397Z",
        "computer_name": "RACM",
        "details": {
            "RuleName": "DLL",
            "UtcTime": "2024-09-19 20:21:54.992",
            "ProcessGuid": "{cec53bf7-8743-66ec-42b0-000000000800}",
            "ProcessId": "10128",
            "Image": "C:\\Users\\raulr\\Downloads\\octave-9.2.0-w64-installer.exe",
            "TargetFilename": "C:\\Program Files\\GNU Octave\\Octave-9.2.0\\usr\\lib\\python3.11\\lib-dynload\\_xxtestfuzz.cpython-311-x86_64-msys.dll",
            "CreationUtcTime": "2024-09-19 20:21:54.992",
            "User": "RACM\\raulr"
        }
    },
    {
        "event_id": 11,
        "description": "File creation time changed",
        "time_generated": "2024-09-19T20:21:54.9917814Z",
        "computer_name": "RACM",
        "details": {
            "RuleName": "DLL",
            "UtcTime": "2024-09-19 20:21:54.986",
            "ProcessGuid": "{cec53bf7-8743-66ec-42b0-000000000800}",
            "ProcessId": "10128",
            "Image": "C:\\Users\\raulr\\Downloads\\octave-9.2.0-w64-installer.exe",
            "TargetFilename": "C:\\Program Files\\GNU Octave\\Octave-9.2.0\\usr\\lib\\python3.11\\lib-dynload\\_lzma.cpython-311-x86_64-msys.dll",
            "CreationUtcTime": "2024-09-19 20:21:54.986",
            "User": "RACM\\raulr"
        }
    },
    {
        "event_id": 11,
        "description": "File creation time changed",
        "time_generated": "2024-09-19T20:21:54.9898770Z",
        "computer_name": "RACM",
        "details": {
            "RuleName": "DLL",
            "UtcTime": "2024-09-19 20:21:54.986",
            "ProcessGuid": "{cec53bf7-8743-66ec-42b0-000000000800}",
            "ProcessId": "10128",
            "Image": "C:\\Users\\raulr\\Downloads\\octave-9.2.0-w64-installer.exe",
            "TargetFilename": "C:\\Program Files\\GNU Octave\\Octave-9.2.0\\usr\\lib\\python3.11\\lib-dynload\\_crypt.cpython-311-x86_64-msys.dll",
            "CreationUtcTime": "2024-09-19 20:21:54.986",
            "User": "RACM\\raulr"
        }
    },
    {
        "event_id": 11,
        "description": "File creation time changed",
        "time_generated": "2024-09-19T20:21:54.9866046Z",
        "computer_name": "RACM",
        "details": {
            "RuleName": "DLL",
            "UtcTime": "2024-09-19 20:21:54.986",
            "ProcessGuid": "{cec53bf7-8743-66ec-42b0-000000000800}",
            "ProcessId": "10128",
            "Image": "C:\\Users\\raulr\\Downloads\\octave-9.2.0-w64-installer.exe",
            "TargetFilename": "C:\\Program Files\\GNU Octave\\Octave-9.2.0\\usr\\lib\\python3.11\\lib-dynload\\_bz2.cpython-311-x86_64-msys.dll",
            "CreationUtcTime": "2024-09-19 20:21:54.977",
            "User": "RACM\\raulr"
        }
    },
    {
        "event_id": 11,
        "description": "File creation time changed",
        "time_generated": "2024-09-19T20:21:54.9749685Z",
        "computer_name": "RACM",
        "details": {
            "RuleName": "DLL",
            "UtcTime": "2024-09-19 20:21:54.961",
            "ProcessGuid": "{cec53bf7-8743-66ec-42b0-000000000800}",
            "ProcessId": "10128",
            "Image": "C:\\Users\\raulr\\Downloads\\octave-9.2.0-w64-installer.exe",
            "TargetFilename": "C:\\Program Files\\GNU Octave\\Octave-9.2.0\\usr\\lib\\python3.11\\lib-dynload\\_sqlite3.cpython-311-x86_64-msys.dll",
            "CreationUtcTime": "2024-09-19 20:21:54.961",
            "User": "RACM\\raulr"
        }
    },
    {
        "event_id": 11,
        "description": "File creation time changed",
        "time_generated": "2024-09-19T20:21:54.9724689Z",
        "computer_name": "RACM",
        "details": {
            "RuleName": "DLL",
            "UtcTime": "2024-09-19 20:21:54.961",
            "ProcessGuid": "{cec53bf7-8743-66ec-42b0-000000000800}",
            "ProcessId": "10128",
            "Image": "C:\\Users\\raulr\\Downloads\\octave-9.2.0-w64-installer.exe",
            "TargetFilename": "C:\\Program Files\\GNU Octave\\Octave-9.2.0\\usr\\lib\\python3.11\\lib-dynload\\binascii.cpython-311-x86_64-msys.dll",
            "CreationUtcTime": "2024-09-19 20:21:54.961",
            "User": "RACM\\raulr"
        }
    },
    {
        "event_id": 11,
        "description": "File creation time changed",
        "time_generated": "2024-09-19T20:21:54.9686142Z",
        "computer_name": "RACM",
        "details": {
            "RuleName": "DLL",
            "UtcTime": "2024-09-19 20:21:54.961",
            "ProcessGuid": "{cec53bf7-8743-66ec-42b0-000000000800}",
            "ProcessId": "10128",
            "Image": "C:\\Users\\raulr\\Downloads\\octave-9.2.0-w64-installer.exe",
            "TargetFilename": "C:\\Program Files\\GNU Octave\\Octave-9.2.0\\usr\\lib\\python3.11\\lib-dynload\\_hashlib.cpython-311-x86_64-msys.dll",
            "CreationUtcTime": "2024-09-19 20:21:54.961",
            "User": "RACM\\raulr"
        }
    },
    {
        "event_id": 11,
        "description": "File creation time changed",
        "time_generated": "2024-09-19T20:21:54.9662102Z",
        "computer_name": "RACM",
        "details": {
            "RuleName": "DLL",
            "UtcTime": "2024-09-19 20:21:54.961",
            "ProcessGuid": "{cec53bf7-8743-66ec-42b0-000000000800}",
            "ProcessId": "10128",
            "Image": "C:\\Users\\raulr\\Downloads\\octave-9.2.0-w64-installer.exe",
            "TargetFilename": "C:\\Program Files\\GNU Octave\\Octave-9.2.0\\usr\\lib\\python3.11\\lib-dynload\\readline.cpython-311-x86_64-msys.dll",
            "CreationUtcTime": "2024-09-19 20:21:54.961",
            "User": "RACM\\raulr"
        }
    },
    {
        "event_id": 11,
        "description": "File creation time changed",
        "time_generated": "2024-09-19T20:21:54.9644457Z",
        "computer_name": "RACM",
        "details": {
            "RuleName": "DLL",
            "UtcTime": "2024-09-19 20:21:54.961",
            "ProcessGuid": "{cec53bf7-8743-66ec-42b0-000000000800}",
            "ProcessId": "10128",
            "Image": "C:\\Users\\raulr\\Downloads\\octave-9.2.0-w64-installer.exe",
            "TargetFilename": "C:\\Program Files\\GNU Octave\\Octave-9.2.0\\usr\\lib\\python3.11\\lib-dynload\\_posixshmem.cpython-311-x86_64-msys.dll",
            "CreationUtcTime": "2024-09-19 20:21:54.961",
            "User": "RACM\\raulr"
        }
    },
    {
        "event_id": 11,
        "description": "File creation time changed",
        "time_generated": "2024-09-19T20:21:54.9602805Z",
        "computer_name": "RACM",
        "details": {
            "RuleName": "DLL",
            "UtcTime": "2024-09-19 20:21:54.945",
            "ProcessGuid": "{cec53bf7-8743-66ec-42b0-000000000800}",
            "ProcessId": "10128",
            "Image": "C:\\Users\\raulr\\Downloads\\octave-9.2.0-w64-installer.exe",
            "TargetFilename": "C:\\Program Files\\GNU Octave\\Octave-9.2.0\\usr\\lib\\python3.11\\lib-dynload\\_elementtree.cpython-311-x86_64-msys.dll",
            "CreationUtcTime": "2024-09-19 20:21:54.945",
            "User": "RACM\\raulr"
        }
    },
    {
        "event_id": 11,
        "description": "File creation time changed",
        "time_generated": "2024-09-19T20:21:54.9577663Z",
        "computer_name": "RACM",
        "details": {
            "RuleName": "DLL",
            "UtcTime": "2024-09-19 20:21:54.945",
            "ProcessGuid": "{cec53bf7-8743-66ec-42b0-000000000800}",
            "ProcessId": "10128",
            "Image": "C:\\Users\\raulr\\Downloads\\octave-9.2.0-w64-installer.exe",
            "TargetFilename": "C:\\Program Files\\GNU Octave\\Octave-9.2.0\\usr\\lib\\python3.11\\lib-dynload\\_heapq.cpython-311-x86_64-msys.dll",
            "CreationUtcTime": "2024-09-19 20:21:54.945",
            "User": "RACM\\raulr"
        }
    },
    {
        "event_id": 11,
        "description": "File creation time changed",
        "time_generated": "2024-09-19T20:21:54.9559235Z",
        "computer_name": "RACM",
        "details": {
            "RuleName": "DLL",
            "UtcTime": "2024-09-19 20:21:54.945",
            "ProcessGuid": "{cec53bf7-8743-66ec-42b0-000000000800}",
            "ProcessId": "10128",
            "Image": "C:\\Users\\raulr\\Downloads\\octave-9.2.0-w64-installer.exe",
            "TargetFilename": "C:\\Program Files\\GNU Octave\\Octave-9.2.0\\usr\\lib\\python3.11\\lib-dynload\\_statistics.cpython-311-x86_64-msys.dll",
            "CreationUtcTime": "2024-09-19 20:21:54.945",
            "User": "RACM\\raulr"
        }
    },
    {
        "event_id": 11,
        "description": "File creation time changed",
        "time_generated": "2024-09-19T20:21:54.9534925Z",
        "computer_name": "RACM",
        "details": {
            "RuleName": "DLL",
            "UtcTime": "2024-09-19 20:21:54.945",
            "ProcessGuid": "{cec53bf7-8743-66ec-42b0-000000000800}",
            "ProcessId": "10128",
            "Image": "C:\\Users\\raulr\\Downloads\\octave-9.2.0-w64-installer.exe",
            "TargetFilename": "C:\\Program Files\\GNU Octave\\Octave-9.2.0\\usr\\lib\\python3.11\\lib-dynload\\_curses_panel.cpython-311-x86_64-msys.dll",
            "CreationUtcTime": "2024-09-19 20:21:54.945",
            "User": "RACM\\raulr"
        }
    },
    {
        "event_id": 11,
        "description": "File creation time changed",
        "time_generated": "2024-09-19T20:21:54.9474235Z",
        "computer_name": "RACM",
        "details": {
            "RuleName": "DLL",
            "UtcTime": "2024-09-19 20:21:54.945",
            "ProcessGuid": "{cec53bf7-8743-66ec-42b0-000000000800}",
            "ProcessId": "10128",
            "Image": "C:\\Users\\raulr\\Downloads\\octave-9.2.0-w64-installer.exe",
            "TargetFilename": "C:\\Program Files\\GNU Octave\\Octave-9.2.0\\usr\\lib\\python3.11\\lib-dynload\\_pickle.cpython-311-x86_64-msys.dll",
            "CreationUtcTime": "2024-09-19 20:21:54.945",
            "User": "RACM\\raulr"
        }
    },
    {
        "event_id": 11,
        "description": "File creation time changed",
        "time_generated": "2024-09-19T20:21:54.9453305Z",
        "computer_name": "RACM",
        "details": {
            "RuleName": "DLL",
            "UtcTime": "2024-09-19 20:21:54.939",
            "ProcessGuid": "{cec53bf7-8743-66ec-42b0-000000000800}",
            "ProcessId": "10128",
            "Image": "C:\\Users\\raulr\\Downloads\\octave-9.2.0-w64-installer.exe",
            "TargetFilename": "C:\\Program Files\\GNU Octave\\Octave-9.2.0\\usr\\lib\\python3.11\\lib-dynload\\syslog.cpython-311-x86_64-msys.dll",
            "CreationUtcTime": "2024-09-19 20:21:54.939",
            "User": "RACM\\raulr"
        }
    },
    {
        "event_id": 11,
        "description": "File creation time changed",
        "time_generated": "2024-09-19T20:21:54.9404385Z",
        "computer_name": "RACM",
        "details": {
            "RuleName": "DLL",
            "UtcTime": "2024-09-19 20:21:54.939",
            "ProcessGuid": "{cec53bf7-8743-66ec-42b0-000000000800}",
            "ProcessId": "10128",
            "Image": "C:\\Users\\raulr\\Downloads\\octave-9.2.0-w64-installer.exe",
            "TargetFilename": "C:\\Program Files\\GNU Octave\\Octave-9.2.0\\usr\\lib\\python3.11\\lib-dynload\\pyexpat.cpython-311-x86_64-msys.dll",
            "CreationUtcTime": "2024-09-19 20:21:54.929",
            "User": "RACM\\raulr"
        }
    },
    {
        "event_id": 11,
        "description": "File creation time changed",
        "time_generated": "2024-09-19T20:21:54.9319621Z",
        "computer_name": "RACM",
        "details": {
            "RuleName": "DLL",
            "UtcTime": "2024-09-19 20:21:54.929",
            "ProcessGuid": "{cec53bf7-8743-66ec-42b0-000000000800}",
            "ProcessId": "10128",
            "Image": "C:\\Users\\raulr\\Downloads\\octave-9.2.0-w64-installer.exe",
            "TargetFilename": "C:\\Program Files\\GNU Octave\\Octave-9.2.0\\usr\\lib\\python3.11\\lib-dynload\\_sha3.cpython-311-x86_64-msys.dll",
            "CreationUtcTime": "2024-09-19 20:21:54.929",
            "User": "RACM\\raulr"
        }
    },
    {
        "event_id": 11,
        "description": "File creation time changed",
        "time_generated": "2024-09-19T20:21:54.9292989Z",
        "computer_name": "RACM",
        "details": {
            "RuleName": "DLL",
            "UtcTime": "2024-09-19 20:21:54.916",
            "ProcessGuid": "{cec53bf7-8743-66ec-42b0-000000000800}",
            "ProcessId": "10128",
            "Image": "C:\\Users\\raulr\\Downloads\\octave-9.2.0-w64-installer.exe",
            "TargetFilename": "C:\\Program Files\\GNU Octave\\Octave-9.2.0\\usr\\lib\\python3.11\\lib-dynload\\_zoneinfo.cpython-311-x86_64-msys.dll",
            "CreationUtcTime": "2024-09-19 20:21:54.916",
            "User": "RACM\\raulr"
        }
    },
    {
        "event_id": 11,
        "description": "File creation time changed",
        "time_generated": "2024-09-19T20:21:54.9263678Z",
        "computer_name": "RACM",
        "details": {
            "RuleName": "DLL",
            "UtcTime": "2024-09-19 20:21:54.916",
            "ProcessGuid": "{cec53bf7-8743-66ec-42b0-000000000800}",
            "ProcessId": "10128",
            "Image": "C:\\Users\\raulr\\Downloads\\octave-9.2.0-w64-installer.exe",
            "TargetFilename": "C:\\Program Files\\GNU Octave\\Octave-9.2.0\\usr\\lib\\python3.11\\lib-dynload\\_bisect.cpython-311-x86_64-msys.dll",
            "CreationUtcTime": "2024-09-19 20:21:54.916",
            "User": "RACM\\raulr"
        }
    },
    {
        "event_id": 11,
        "description": "File creation time changed",
        "time_generated": "2024-09-19T20:21:54.9196629Z",
        "computer_name": "RACM",
        "details": {
            "RuleName": "DLL",
            "UtcTime": "2024-09-19 20:21:54.916",
            "ProcessGuid": "{cec53bf7-8743-66ec-42b0-000000000800}",
            "ProcessId": "10128",
            "Image": "C:\\Users\\raulr\\Downloads\\octave-9.2.0-w64-installer.exe",
            "TargetFilename": "C:\\Program Files\\GNU Octave\\Octave-9.2.0\\usr\\lib\\python3.11\\lib-dynload\\_codecs_tw.cpython-311-x86_64-msys.dll",
            "CreationUtcTime": "2024-09-19 20:21:54.916",
            "User": "RACM\\raulr"
        }
    },
    {
        "event_id": 11,
        "description": "File creation time changed",
        "time_generated": "2024-09-19T20:21:54.9175760Z",
        "computer_name": "RACM",
        "details": {
            "RuleName": "DLL",
            "UtcTime": "2024-09-19 20:21:54.916",
            "ProcessGuid": "{cec53bf7-8743-66ec-42b0-000000000800}",
            "ProcessId": "10128",
            "Image": "C:\\Users\\raulr\\Downloads\\octave-9.2.0-w64-installer.exe",
            "TargetFilename": "C:\\Program Files\\GNU Octave\\Octave-9.2.0\\usr\\lib\\python3.11\\lib-dynload\\grp.cpython-311-x86_64-msys.dll",
            "CreationUtcTime": "2024-09-19 20:21:54.916",
            "User": "RACM\\raulr"
        }
    },
    {
        "event_id": 11,
        "description": "File creation time changed",
        "time_generated": "2024-09-19T20:21:54.9115358Z",
        "computer_name": "RACM",
        "details": {
            "RuleName": "DLL",
            "UtcTime": "2024-09-19 20:21:54.897",
            "ProcessGuid": "{cec53bf7-8743-66ec-42b0-000000000800}",
            "ProcessId": "10128",
            "Image": "C:\\Users\\raulr\\Downloads\\octave-9.2.0-w64-installer.exe",
            "TargetFilename": "C:\\Program Files\\GNU Octave\\Octave-9.2.0\\usr\\lib\\python3.11\\lib-dynload\\_codecs_hk.cpython-311-x86_64-msys.dll",
            "CreationUtcTime": "2024-09-19 20:21:54.897",
            "User": "RACM\\raulr"
        }
    },
    {
        "event_id": 11,
        "description": "File creation time changed",
        "time_generated": "2024-09-19T20:21:54.8693976Z",
        "computer_name": "RACM",
        "details": {
            "RuleName": "DLL",
            "UtcTime": "2024-09-19 20:21:54.866",
            "ProcessGuid": "{cec53bf7-8743-66ec-42b0-000000000800}",
            "ProcessId": "10128",
            "Image": "C:\\Users\\raulr\\Downloads\\octave-9.2.0-w64-installer.exe",
            "TargetFilename": "C:\\Program Files\\GNU Octave\\Octave-9.2.0\\usr\\lib\\python3.11\\lib-dynload\\unicodedata.cpython-311-x86_64-msys.dll",
            "CreationUtcTime": "2024-09-19 20:21:54.866",
            "User": "RACM\\raulr"
        }
    },
    {
        "event_id": 11,
        "description": "File creation time changed",
        "time_generated": "2024-09-19T20:21:54.8649294Z",
        "computer_name": "RACM",
        "details": {
            "RuleName": "DLL",
            "UtcTime": "2024-09-19 20:21:54.850",
            "ProcessGuid": "{cec53bf7-8743-66ec-42b0-000000000800}",
            "ProcessId": "10128",
            "Image": "C:\\Users\\raulr\\Downloads\\octave-9.2.0-w64-installer.exe",
            "TargetFilename": "C:\\Program Files\\GNU Octave\\Octave-9.2.0\\usr\\lib\\python3.11\\lib-dynload\\math.cpython-311-x86_64-msys.dll",
            "CreationUtcTime": "2024-09-19 20:21:54.850",
            "User": "RACM\\raulr"
        }
    },
    {
        "event_id": 11,
        "description": "File creation time changed",
        "time_generated": "2024-09-19T20:21:54.8618458Z",
        "computer_name": "RACM",
        "details": {
            "RuleName": "DLL",
            "UtcTime": "2024-09-19 20:21:54.850",
            "ProcessGuid": "{cec53bf7-8743-66ec-42b0-000000000800}",
            "ProcessId": "10128",
            "Image": "C:\\Users\\raulr\\Downloads\\octave-9.2.0-w64-installer.exe",
            "TargetFilename": "C:\\Program Files\\GNU Octave\\Octave-9.2.0\\usr\\lib\\python3.11\\lib-dynload\\fcntl.cpython-311-x86_64-msys.dll",
            "CreationUtcTime": "2024-09-19 20:21:54.850",
            "User": "RACM\\raulr"
        }
    },
    {
        "event_id": 11,
        "description": "File creation time changed",
        "time_generated": "2024-09-19T20:21:54.8590838Z",
        "computer_name": "RACM",
        "details": {
            "RuleName": "DLL",
            "UtcTime": "2024-09-19 20:21:54.850",
            "ProcessGuid": "{cec53bf7-8743-66ec-42b0-000000000800}",
            "ProcessId": "10128",
            "Image": "C:\\Users\\raulr\\Downloads\\octave-9.2.0-w64-installer.exe",
            "TargetFilename": "C:\\Program Files\\GNU Octave\\Octave-9.2.0\\usr\\lib\\python3.11\\lib-dynload\\_sha256.cpython-311-x86_64-msys.dll",
            "CreationUtcTime": "2024-09-19 20:21:54.850",
            "User": "RACM\\raulr"
        }
    },
    {
        "event_id": 11,
        "description": "File creation time changed",
        "time_generated": "2024-09-19T20:21:54.8492827Z",
        "computer_name": "RACM",
        "details": {
            "RuleName": "DLL",
            "UtcTime": "2024-09-19 20:21:54.836",
            "ProcessGuid": "{cec53bf7-8743-66ec-42b0-000000000800}",
            "ProcessId": "10128",
            "Image": "C:\\Users\\raulr\\Downloads\\octave-9.2.0-w64-installer.exe",
            "TargetFilename": "C:\\Program Files\\GNU Octave\\Octave-9.2.0\\usr\\lib\\python3.11\\lib-dynload\\_codecs_cn.cpython-311-x86_64-msys.dll",
            "CreationUtcTime": "2024-09-19 20:21:54.836",
            "User": "RACM\\raulr"
        }
    },
    {
        "event_id": 11,
        "description": "File creation time changed",
        "time_generated": "2024-09-19T20:21:54.8420235Z",
        "computer_name": "RACM",
        "details": {
            "RuleName": "DLL",
            "UtcTime": "2024-09-19 20:21:54.836",
            "ProcessGuid": "{cec53bf7-8743-66ec-42b0-000000000800}",
            "ProcessId": "10128",
            "Image": "C:\\Users\\raulr\\Downloads\\octave-9.2.0-w64-installer.exe",
            "TargetFilename": "C:\\Program Files\\GNU Octave\\Octave-9.2.0\\usr\\lib\\python3.11\\lib-dynload\\_ssl.cpython-311-x86_64-msys.dll",
            "CreationUtcTime": "2024-09-19 20:21:54.836",
            "User": "RACM\\raulr"
        }
    },
    {
        "event_id": 11,
        "description": "File creation time changed",
        "time_generated": "2024-09-19T20:21:54.8384098Z",
        "computer_name": "RACM",
        "details": {
            "RuleName": "DLL",
            "UtcTime": "2024-09-19 20:21:54.836",
            "ProcessGuid": "{cec53bf7-8743-66ec-42b0-000000000800}",
            "ProcessId": "10128",
            "Image": "C:\\Users\\raulr\\Downloads\\octave-9.2.0-w64-installer.exe",
            "TargetFilename": "C:\\Program Files\\GNU Octave\\Octave-9.2.0\\usr\\lib\\python3.11\\lib-dynload\\_testclinic.cpython-311-x86_64-msys.dll",
            "CreationUtcTime": "2024-09-19 20:21:54.836",
            "User": "RACM\\raulr"
        }
    },
    {
        "event_id": 11,
        "description": "File creation time changed",
        "time_generated": "2024-09-19T20:21:54.8350664Z",
        "computer_name": "RACM",
        "details": {
            "RuleName": "DLL",
            "UtcTime": "2024-09-19 20:21:54.834",
            "ProcessGuid": "{cec53bf7-8743-66ec-42b0-000000000800}",
            "ProcessId": "10128",
            "Image": "C:\\Users\\raulr\\Downloads\\octave-9.2.0-w64-installer.exe",
            "TargetFilename": "C:\\Program Files\\GNU Octave\\Octave-9.2.0\\usr\\lib\\python3.11\\lib-dynload\\cmath.cpython-311-x86_64-msys.dll",
            "CreationUtcTime": "2024-09-19 20:21:54.819",
            "User": "RACM\\raulr"
        }
    },
    {
        "event_id": 11,
        "description": "File creation time changed",
        "time_generated": "2024-09-19T20:21:54.8323821Z",
        "computer_name": "RACM",
        "details": {
            "RuleName": "DLL",
            "UtcTime": "2024-09-19 20:21:54.819",
            "ProcessGuid": "{cec53bf7-8743-66ec-42b0-000000000800}",
            "ProcessId": "10128",
            "Image": "C:\\Users\\raulr\\Downloads\\octave-9.2.0-w64-installer.exe",
            "TargetFilename": "C:\\Program Files\\GNU Octave\\Octave-9.2.0\\usr\\lib\\python3.11\\lib-dynload\\_csv.cpython-311-x86_64-msys.dll",
            "CreationUtcTime": "2024-09-19 20:21:54.819",
            "User": "RACM\\raulr"
        }
    },
    {
        "event_id": 11,
        "description": "File creation time changed",
        "time_generated": "2024-09-19T20:21:54.8300475Z",
        "computer_name": "RACM",
        "details": {
            "RuleName": "DLL",
            "UtcTime": "2024-09-19 20:21:54.819",
            "ProcessGuid": "{cec53bf7-8743-66ec-42b0-000000000800}",
            "ProcessId": "10128",
            "Image": "C:\\Users\\raulr\\Downloads\\octave-9.2.0-w64-installer.exe",
            "TargetFilename": "C:\\Program Files\\GNU Octave\\Octave-9.2.0\\usr\\lib\\python3.11\\lib-dynload\\_testinternalcapi.cpython-311-x86_64-msys.dll",
            "CreationUtcTime": "2024-09-19 20:21:54.819",
            "User": "RACM\\raulr"
        }
    },
    {
        "event_id": 11,
        "description": "File creation time changed",
        "time_generated": "2024-09-19T20:21:54.8273319Z",
        "computer_name": "RACM",
        "details": {
            "RuleName": "DLL",
            "UtcTime": "2024-09-19 20:21:54.819",
            "ProcessGuid": "{cec53bf7-8743-66ec-42b0-000000000800}",
            "ProcessId": "10128",
            "Image": "C:\\Users\\raulr\\Downloads\\octave-9.2.0-w64-installer.exe",
            "TargetFilename": "C:\\Program Files\\GNU Octave\\Octave-9.2.0\\usr\\lib\\python3.11\\lib-dynload\\_multibytecodec.cpython-311-x86_64-msys.dll",
            "CreationUtcTime": "2024-09-19 20:21:54.819",
            "User": "RACM\\raulr"
        }
    },
    {
        "event_id": 11,
        "description": "File creation time changed",
        "time_generated": "2024-09-19T20:21:54.8252740Z",
        "computer_name": "RACM",
        "details": {
            "RuleName": "DLL",
            "UtcTime": "2024-09-19 20:21:54.819",
            "ProcessGuid": "{cec53bf7-8743-66ec-42b0-000000000800}",
            "ProcessId": "10128",
            "Image": "C:\\Users\\raulr\\Downloads\\octave-9.2.0-w64-installer.exe",
            "TargetFilename": "C:\\Program Files\\GNU Octave\\Octave-9.2.0\\usr\\lib\\python3.11\\lib-dynload\\_posixsubprocess.cpython-311-x86_64-msys.dll",
            "CreationUtcTime": "2024-09-19 20:21:54.819",
            "User": "RACM\\raulr"
        }
    },
    {
        "event_id": 11,
        "description": "File creation time changed",
        "time_generated": "2024-09-19T20:21:54.8231574Z",
        "computer_name": "RACM",
        "details": {
            "RuleName": "DLL",
            "UtcTime": "2024-09-19 20:21:54.819",
            "ProcessGuid": "{cec53bf7-8743-66ec-42b0-000000000800}",
            "ProcessId": "10128",
            "Image": "C:\\Users\\raulr\\Downloads\\octave-9.2.0-w64-installer.exe",
            "TargetFilename": "C:\\Program Files\\GNU Octave\\Octave-9.2.0\\usr\\lib\\python3.11\\lib-dynload\\_typing.cpython-311-x86_64-msys.dll",
            "CreationUtcTime": "2024-09-19 20:21:54.819",
            "User": "RACM\\raulr"
        }
    },
    {
        "event_id": 11,
        "description": "File creation time changed",
        "time_generated": "2024-09-19T20:21:54.8206683Z",
        "computer_name": "RACM",
        "details": {
            "RuleName": "DLL",
            "UtcTime": "2024-09-19 20:21:54.819",
            "ProcessGuid": "{cec53bf7-8743-66ec-42b0-000000000800}",
            "ProcessId": "10128",
            "Image": "C:\\Users\\raulr\\Downloads\\octave-9.2.0-w64-installer.exe",
            "TargetFilename": "C:\\Program Files\\GNU Octave\\Octave-9.2.0\\usr\\lib\\python3.11\\lib-dynload\\mmap.cpython-311-x86_64-msys.dll",
            "CreationUtcTime": "2024-09-19 20:21:54.819",
            "User": "RACM\\raulr"
        }
    },
    {
        "event_id": 11,
        "description": "File creation time changed",
        "time_generated": "2024-09-19T20:21:54.8175665Z",
        "computer_name": "RACM",
        "details": {
            "RuleName": "DLL",
            "UtcTime": "2024-09-19 20:21:54.816",
            "ProcessGuid": "{cec53bf7-8743-66ec-42b0-000000000800}",
            "ProcessId": "10128",
            "Image": "C:\\Users\\raulr\\Downloads\\octave-9.2.0-w64-installer.exe",
            "TargetFilename": "C:\\Program Files\\GNU Octave\\Octave-9.2.0\\usr\\lib\\python3.11\\lib-dynload\\_testbuffer.cpython-311-x86_64-msys.dll",
            "CreationUtcTime": "2024-09-19 20:21:54.816",
            "User": "RACM\\raulr"
        }
    },
    {
        "event_id": 11,
        "description": "File creation time changed",
        "time_generated": "2024-09-19T20:21:54.8151634Z",
        "computer_name": "RACM",
        "details": {
            "RuleName": "DLL",
            "UtcTime": "2024-09-19 20:21:54.803",
            "ProcessGuid": "{cec53bf7-8743-66ec-42b0-000000000800}",
            "ProcessId": "10128",
            "Image": "C:\\Users\\raulr\\Downloads\\octave-9.2.0-w64-installer.exe",
            "TargetFilename": "C:\\Program Files\\GNU Octave\\Octave-9.2.0\\usr\\lib\\python3.11\\lib-dynload\\select.cpython-311-x86_64-msys.dll",
            "CreationUtcTime": "2024-09-19 20:21:54.803",
            "User": "RACM\\raulr"
        }
    },
    {
        "event_id": 11,
        "description": "File creation time changed",
        "time_generated": "2024-09-19T20:21:54.8133288Z",
        "computer_name": "RACM",
        "details": {
            "RuleName": "DLL",
            "UtcTime": "2024-09-19 20:21:54.803",
            "ProcessGuid": "{cec53bf7-8743-66ec-42b0-000000000800}",
            "ProcessId": "10128",
            "Image": "C:\\Users\\raulr\\Downloads\\octave-9.2.0-w64-installer.exe",
            "TargetFilename": "C:\\Program Files\\GNU Octave\\Octave-9.2.0\\usr\\lib\\python3.11\\lib-dynload\\xxlimited_35.cpython-311-x86_64-msys.dll",
            "CreationUtcTime": "2024-09-19 20:21:54.803",
            "User": "RACM\\raulr"
        }
    },
    {
        "event_id": 11,
        "description": "File creation time changed",
        "time_generated": "2024-09-19T20:21:54.8071419Z",
        "computer_name": "RACM",
        "details": {
            "RuleName": "DLL",
            "UtcTime": "2024-09-19 20:21:54.803",
            "ProcessGuid": "{cec53bf7-8743-66ec-42b0-000000000800}",
            "ProcessId": "10128",
            "Image": "C:\\Users\\raulr\\Downloads\\octave-9.2.0-w64-installer.exe",
            "TargetFilename": "C:\\Program Files\\GNU Octave\\Octave-9.2.0\\usr\\lib\\python3.11\\lib-dynload\\_datetime.cpython-311-x86_64-msys.dll",
            "CreationUtcTime": "2024-09-19 20:21:54.803",
            "User": "RACM\\raulr"
        }
    },
    {
        "event_id": 11,
        "description": "File creation time changed",
        "time_generated": "2024-09-19T20:21:54.8036362Z",
        "computer_name": "RACM",
        "details": {
            "RuleName": "DLL",
            "UtcTime": "2024-09-19 20:21:54.803",
            "ProcessGuid": "{cec53bf7-8743-66ec-42b0-000000000800}",
            "ProcessId": "10128",
            "Image": "C:\\Users\\raulr\\Downloads\\octave-9.2.0-w64-installer.exe",
            "TargetFilename": "C:\\Program Files\\GNU Octave\\Octave-9.2.0\\usr\\lib\\python3.11\\lib-dynload\\_asyncio.cpython-311-x86_64-msys.dll",
            "CreationUtcTime": "2024-09-19 20:21:54.803",
            "User": "RACM\\raulr"
        }
    },
