    {
        "event_id": 11,
        "description": "File creation time changed",
        "time_generated": "2024-09-19T08:13:49.6782906Z",
        "computer_name": "RACM",
        "details": {
            "RuleName": "DLL",
            "UtcTime": "2024-09-19 08:13:49.677",
            "ProcessGuid": "{cec53bf7-dccf-66eb-d589-000000000800}",
            "ProcessId": "24716",
            "Image": "C:\\Windows\\system32\\svchost.exe",
            "TargetFilename": "C:\\Program Files\\WindowsApps\\Microsoft.Windows.DevHome_0.1800.625.0_x64__8wekyb3d8bbwe\\DevHomeStub\\sv-SE\\DevHome.resources.dll",
            "CreationUtcTime": "2024-09-19 08:13:49.677",
            "User": "NT AUTHORITY\\SYSTEM"
        }
    },
    {
        "event_id": 11,
        "description": "File creation time changed",
        "time_generated": "2024-09-19T08:13:49.6743135Z",
        "computer_name": "RACM",
        "details": {
            "RuleName": "DLL",
            "UtcTime": "2024-09-19 08:13:49.673",
            "ProcessGuid": "{cec53bf7-dccf-66eb-d589-000000000800}",
            "ProcessId": "24716",
            "Image": "C:\\Windows\\system32\\svchost.exe",
            "TargetFilename": "C:\\Program Files\\WindowsApps\\Microsoft.Windows.DevHome_0.1800.625.0_x64__8wekyb3d8bbwe\\DevHomeStub\\sr-Latn-RS\\DevHome.resources.dll",
            "CreationUtcTime": "2024-09-19 08:13:49.673",
            "User": "NT AUTHORITY\\SYSTEM"
        }
    },
    {
        "event_id": 11,
        "description": "File creation time changed",
        "time_generated": "2024-09-19T08:13:49.6735584Z",
        "computer_name": "RACM",
        "details": {
            "RuleName": "DLL",
            "UtcTime": "2024-09-19 08:13:49.672",
            "ProcessGuid": "{cec53bf7-dccf-66eb-d589-000000000800}",
            "ProcessId": "24716",
            "Image": "C:\\Windows\\system32\\svchost.exe",
            "TargetFilename": "C:\\Program Files\\WindowsApps\\Microsoft.Windows.DevHome_0.1800.625.0_x64__8wekyb3d8bbwe\\DevHomeStub\\sr-Cyrl-RS\\DevHome.resources.dll",
            "CreationUtcTime": "2024-09-19 08:13:49.672",
            "User": "NT AUTHORITY\\SYSTEM"
        }
    },
    {
        "event_id": 11,
        "description": "File creation time changed",
        "time_generated": "2024-09-19T08:13:49.6728003Z",
        "computer_name": "RACM",
        "details": {
            "RuleName": "DLL",
            "UtcTime": "2024-09-19 08:13:49.672",
            "ProcessGuid": "{cec53bf7-dccf-66eb-d589-000000000800}",
            "ProcessId": "24716",
            "Image": "C:\\Windows\\system32\\svchost.exe",
            "TargetFilename": "C:\\Program Files\\WindowsApps\\Microsoft.Windows.DevHome_0.1800.625.0_x64__8wekyb3d8bbwe\\DevHomeStub\\sl-SI\\DevHome.resources.dll",
            "CreationUtcTime": "2024-09-19 08:13:49.672",
            "User": "NT AUTHORITY\\SYSTEM"
        }
    },
    {
        "event_id": 11,
        "description": "File creation time changed",
        "time_generated": "2024-09-19T08:13:49.6720234Z",
        "computer_name": "RACM",
        "details": {
            "RuleName": "DLL",
            "UtcTime": "2024-09-19 08:13:49.671",
            "ProcessGuid": "{cec53bf7-dccf-66eb-d589-000000000800}",
            "ProcessId": "24716",
            "Image": "C:\\Windows\\system32\\svchost.exe",
            "TargetFilename": "C:\\Program Files\\WindowsApps\\Microsoft.Windows.DevHome_0.1800.625.0_x64__8wekyb3d8bbwe\\DevHomeStub\\sk-SK\\DevHome.resources.dll",
            "CreationUtcTime": "2024-09-19 08:13:49.671",
            "User": "NT AUTHORITY\\SYSTEM"
        }
    },
    {
        "event_id": 11,
        "description": "File creation time changed",
        "time_generated": "2024-09-19T08:13:49.6713630Z",
        "computer_name": "RACM",
        "details": {
            "RuleName": "DLL",
            "UtcTime": "2024-09-19 08:13:49.670",
            "ProcessGuid": "{cec53bf7-dccf-66eb-d589-000000000800}",
            "ProcessId": "24716",
            "Image": "C:\\Windows\\system32\\svchost.exe",
            "TargetFilename": "C:\\Program Files\\WindowsApps\\Microsoft.Windows.DevHome_0.1800.625.0_x64__8wekyb3d8bbwe\\DevHomeStub\\ru-RU\\DevHome.resources.dll",
            "CreationUtcTime": "2024-09-19 08:13:49.670",
            "User": "NT AUTHORITY\\SYSTEM"
        }
    },
    {
        "event_id": 11,
        "description": "File creation time changed",
        "time_generated": "2024-09-19T08:13:49.6705902Z",
        "computer_name": "RACM",
        "details": {
            "RuleName": "DLL",
            "UtcTime": "2024-09-19 08:13:49.670",
            "ProcessGuid": "{cec53bf7-dccf-66eb-d589-000000000800}",
            "ProcessId": "24716",
            "Image": "C:\\Windows\\system32\\svchost.exe",
            "TargetFilename": "C:\\Program Files\\WindowsApps\\Microsoft.Windows.DevHome_0.1800.625.0_x64__8wekyb3d8bbwe\\DevHomeStub\\ro-RO\\DevHome.resources.dll",
            "CreationUtcTime": "2024-09-19 08:13:49.670",
            "User": "NT AUTHORITY\\SYSTEM"
        }
    },
    {
        "event_id": 11,
        "description": "File creation time changed",
        "time_generated": "2024-09-19T08:13:49.6697619Z",
        "computer_name": "RACM",
        "details": {
            "RuleName": "DLL",
            "UtcTime": "2024-09-19 08:13:49.669",
            "ProcessGuid": "{cec53bf7-dccf-66eb-d589-000000000800}",
            "ProcessId": "24716",
            "Image": "C:\\Windows\\system32\\svchost.exe",
            "TargetFilename": "C:\\Program Files\\WindowsApps\\Microsoft.Windows.DevHome_0.1800.625.0_x64__8wekyb3d8bbwe\\DevHomeStub\\pt-PT\\DevHome.resources.dll",
            "CreationUtcTime": "2024-09-19 08:13:49.669",
            "User": "NT AUTHORITY\\SYSTEM"
        }
    },
    {
        "event_id": 11,
        "description": "File creation time changed",
        "time_generated": "2024-09-19T08:13:49.6689883Z",
        "computer_name": "RACM",
        "details": {
            "RuleName": "DLL",
            "UtcTime": "2024-09-19 08:13:49.668",
            "ProcessGuid": "{cec53bf7-dccf-66eb-d589-000000000800}",
            "ProcessId": "24716",
            "Image": "C:\\Windows\\system32\\svchost.exe",
            "TargetFilename": "C:\\Program Files\\WindowsApps\\Microsoft.Windows.DevHome_0.1800.625.0_x64__8wekyb3d8bbwe\\DevHomeStub\\pt-BR\\DevHome.resources.dll",
            "CreationUtcTime": "2024-09-19 08:13:49.668",
            "User": "NT AUTHORITY\\SYSTEM"
        }
    },
    {
        "event_id": 11,
        "description": "File creation time changed",
        "time_generated": "2024-09-19T08:13:49.6682042Z",
        "computer_name": "RACM",
        "details": {
            "RuleName": "DLL",
            "UtcTime": "2024-09-19 08:13:49.667",
            "ProcessGuid": "{cec53bf7-dccf-66eb-d589-000000000800}",
            "ProcessId": "24716",
            "Image": "C:\\Windows\\system32\\svchost.exe",
            "TargetFilename": "C:\\Program Files\\WindowsApps\\Microsoft.Windows.DevHome_0.1800.625.0_x64__8wekyb3d8bbwe\\DevHomeStub\\pl-PL\\DevHome.resources.dll",
            "CreationUtcTime": "2024-09-19 08:13:49.667",
            "User": "NT AUTHORITY\\SYSTEM"
        }
    },
    {
        "event_id": 11,
        "description": "File creation time changed",
        "time_generated": "2024-09-19T08:13:49.6674854Z",
        "computer_name": "RACM",
        "details": {
            "RuleName": "DLL",
            "UtcTime": "2024-09-19 08:13:49.667",
            "ProcessGuid": "{cec53bf7-dccf-66eb-d589-000000000800}",
            "ProcessId": "24716",
            "Image": "C:\\Windows\\system32\\svchost.exe",
            "TargetFilename": "C:\\Program Files\\WindowsApps\\Microsoft.Windows.DevHome_0.1800.625.0_x64__8wekyb3d8bbwe\\DevHomeStub\\nl-NL\\DevHome.resources.dll",
            "CreationUtcTime": "2024-09-19 08:13:49.667",
            "User": "NT AUTHORITY\\SYSTEM"
        }
    },
    {
        "event_id": 11,
        "description": "File creation time changed",
        "time_generated": "2024-09-19T08:13:49.6666765Z",
        "computer_name": "RACM",
        "details": {
            "RuleName": "DLL",
            "UtcTime": "2024-09-19 08:13:49.666",
            "ProcessGuid": "{cec53bf7-dccf-66eb-d589-000000000800}",
            "ProcessId": "24716",
            "Image": "C:\\Windows\\system32\\svchost.exe",
            "TargetFilename": "C:\\Program Files\\WindowsApps\\Microsoft.Windows.DevHome_0.1800.625.0_x64__8wekyb3d8bbwe\\DevHomeStub\\nb-NO\\DevHome.resources.dll",
            "CreationUtcTime": "2024-09-19 08:13:49.666",
            "User": "NT AUTHORITY\\SYSTEM"
        }
    },
    {
        "event_id": 11,
        "description": "File creation time changed",
        "time_generated": "2024-09-19T08:13:49.6658858Z",
        "computer_name": "RACM",
        "details": {
            "RuleName": "DLL",
            "UtcTime": "2024-09-19 08:13:49.665",
            "ProcessGuid": "{cec53bf7-dccf-66eb-d589-000000000800}",
            "ProcessId": "24716",
            "Image": "C:\\Windows\\system32\\svchost.exe",
            "TargetFilename": "C:\\Program Files\\WindowsApps\\Microsoft.Windows.DevHome_0.1800.625.0_x64__8wekyb3d8bbwe\\DevHomeStub\\ms-MY\\DevHome.resources.dll",
            "CreationUtcTime": "2024-09-19 08:13:49.665",
            "User": "NT AUTHORITY\\SYSTEM"
        }
    },
    {
        "event_id": 11,
        "description": "File creation time changed",
        "time_generated": "2024-09-19T08:13:49.6654734Z",
        "computer_name": "RACM",
        "details": {
            "RuleName": "DLL",
            "UtcTime": "2024-09-19 08:13:49.665",
            "ProcessGuid": "{cec53bf7-dccf-66eb-d589-000000000800}",
            "ProcessId": "24716",
            "Image": "C:\\Windows\\system32\\svchost.exe",
            "TargetFilename": "C:\\Program Files\\WindowsApps\\Microsoft.Windows.DevHome_0.1800.625.0_x64__8wekyb3d8bbwe\\DevHomeStub\\lv-LV\\DevHome.resources.dll",
            "CreationUtcTime": "2024-09-19 08:13:49.665",
            "User": "NT AUTHORITY\\SYSTEM"
        }
    },
    {
        "event_id": 11,
        "description": "File creation time changed",
        "time_generated": "2024-09-19T08:13:49.6650462Z",
        "computer_name": "RACM",
        "details": {
            "RuleName": "DLL",
            "UtcTime": "2024-09-19 08:13:49.664",
            "ProcessGuid": "{cec53bf7-dccf-66eb-d589-000000000800}",
            "ProcessId": "24716",
            "Image": "C:\\Windows\\system32\\svchost.exe",
            "TargetFilename": "C:\\Program Files\\WindowsApps\\Microsoft.Windows.DevHome_0.1800.625.0_x64__8wekyb3d8bbwe\\DevHomeStub\\lt-LT\\DevHome.resources.dll",
            "CreationUtcTime": "2024-09-19 08:13:49.664",
            "User": "NT AUTHORITY\\SYSTEM"
        }
    },
    {
        "event_id": 11,
        "description": "File creation time changed",
        "time_generated": "2024-09-19T08:13:49.6646888Z",
        "computer_name": "RACM",
        "details": {
            "RuleName": "DLL",
            "UtcTime": "2024-09-19 08:13:49.664",
            "ProcessGuid": "{cec53bf7-dccf-66eb-d589-000000000800}",
            "ProcessId": "24716",
            "Image": "C:\\Windows\\system32\\svchost.exe",
            "TargetFilename": "C:\\Program Files\\WindowsApps\\Microsoft.Windows.DevHome_0.1800.625.0_x64__8wekyb3d8bbwe\\DevHomeStub\\ko-KR\\DevHome.resources.dll",
            "CreationUtcTime": "2024-09-19 08:13:49.664",
            "User": "NT AUTHORITY\\SYSTEM"
        }
    },
    {
        "event_id": 11,
        "description": "File creation time changed",
        "time_generated": "2024-09-19T08:13:49.6642888Z",
        "computer_name": "RACM",
        "details": {
            "RuleName": "DLL",
            "UtcTime": "2024-09-19 08:13:49.664",
            "ProcessGuid": "{cec53bf7-dccf-66eb-d589-000000000800}",
            "ProcessId": "24716",
            "Image": "C:\\Windows\\system32\\svchost.exe",
            "TargetFilename": "C:\\Program Files\\WindowsApps\\Microsoft.Windows.DevHome_0.1800.625.0_x64__8wekyb3d8bbwe\\DevHomeStub\\kk-KZ\\DevHome.resources.dll",
            "CreationUtcTime": "2024-09-19 08:13:49.664",
            "User": "NT AUTHORITY\\SYSTEM"
        }
    },
    {
        "event_id": 11,
        "description": "File creation time changed",
        "time_generated": "2024-09-19T08:13:49.6638374Z",
        "computer_name": "RACM",
        "details": {
            "RuleName": "DLL",
            "UtcTime": "2024-09-19 08:13:49.662",
            "ProcessGuid": "{cec53bf7-dccf-66eb-d589-000000000800}",
            "ProcessId": "24716",
            "Image": "C:\\Windows\\system32\\svchost.exe",
            "TargetFilename": "C:\\Program Files\\WindowsApps\\Microsoft.Windows.DevHome_0.1800.625.0_x64__8wekyb3d8bbwe\\DevHomeStub\\ja-JP\\DevHome.resources.dll",
            "CreationUtcTime": "2024-09-19 08:13:49.662",
            "User": "NT AUTHORITY\\SYSTEM"
        }
    },
    {
        "event_id": 11,
        "description": "File creation time changed",
        "time_generated": "2024-09-19T08:13:49.6634151Z",
        "computer_name": "RACM",
        "details": {
            "RuleName": "DLL",
            "UtcTime": "2024-09-19 08:13:49.662",
            "ProcessGuid": "{cec53bf7-dccf-66eb-d589-000000000800}",
            "ProcessId": "24716",
            "Image": "C:\\Windows\\system32\\svchost.exe",
            "TargetFilename": "C:\\Program Files\\WindowsApps\\Microsoft.Windows.DevHome_0.1800.625.0_x64__8wekyb3d8bbwe\\DevHomeStub\\it-IT\\DevHome.resources.dll",
            "CreationUtcTime": "2024-09-19 08:13:49.662",
            "User": "NT AUTHORITY\\SYSTEM"
        }
    },
    {
        "event_id": 11,
        "description": "File creation time changed",
        "time_generated": "2024-09-19T08:13:49.6629761Z",
        "computer_name": "RACM",
        "details": {
            "RuleName": "DLL",
            "UtcTime": "2024-09-19 08:13:49.662",
            "ProcessGuid": "{cec53bf7-dccf-66eb-d589-000000000800}",
            "ProcessId": "24716",
            "Image": "C:\\Windows\\system32\\svchost.exe",
            "TargetFilename": "C:\\Program Files\\WindowsApps\\Microsoft.Windows.DevHome_0.1800.625.0_x64__8wekyb3d8bbwe\\DevHomeStub\\id-ID\\DevHome.resources.dll",
            "CreationUtcTime": "2024-09-19 08:13:49.662",
            "User": "NT AUTHORITY\\SYSTEM"
        }
    },
    {
        "event_id": 11,
        "description": "File creation time changed",
        "time_generated": "2024-09-19T08:13:49.6625103Z",
        "computer_name": "RACM",
        "details": {
            "RuleName": "DLL",
            "UtcTime": "2024-09-19 08:13:49.661",
            "ProcessGuid": "{cec53bf7-dccf-66eb-d589-000000000800}",
            "ProcessId": "24716",
            "Image": "C:\\Windows\\system32\\svchost.exe",
            "TargetFilename": "C:\\Program Files\\WindowsApps\\Microsoft.Windows.DevHome_0.1800.625.0_x64__8wekyb3d8bbwe\\DevHomeStub\\hu-HU\\DevHome.resources.dll",
            "CreationUtcTime": "2024-09-19 08:13:49.661",
            "User": "NT AUTHORITY\\SYSTEM"
        }
    },
    {
        "event_id": 11,
        "description": "File creation time changed",
        "time_generated": "2024-09-19T08:13:49.6619872Z",
        "computer_name": "RACM",
        "details": {
            "RuleName": "DLL",
            "UtcTime": "2024-09-19 08:13:49.661",
            "ProcessGuid": "{cec53bf7-dccf-66eb-d589-000000000800}",
            "ProcessId": "24716",
            "Image": "C:\\Windows\\system32\\svchost.exe",
            "TargetFilename": "C:\\Program Files\\WindowsApps\\Microsoft.Windows.DevHome_0.1800.625.0_x64__8wekyb3d8bbwe\\DevHomeStub\\hr-HR\\DevHome.resources.dll",
            "CreationUtcTime": "2024-09-19 08:13:49.661",
            "User": "NT AUTHORITY\\SYSTEM"
        }
    },
    {
        "event_id": 11,
        "description": "File creation time changed",
        "time_generated": "2024-09-19T08:13:49.6613959Z",
        "computer_name": "RACM",
        "details": {
            "RuleName": "DLL",
            "UtcTime": "2024-09-19 08:13:49.660",
            "ProcessGuid": "{cec53bf7-dccf-66eb-d589-000000000800}",
            "ProcessId": "24716",
            "Image": "C:\\Windows\\system32\\svchost.exe",
            "TargetFilename": "C:\\Program Files\\WindowsApps\\Microsoft.Windows.DevHome_0.1800.625.0_x64__8wekyb3d8bbwe\\DevHomeStub\\hi-IN\\DevHome.resources.dll",
            "CreationUtcTime": "2024-09-19 08:13:49.660",
            "User": "NT AUTHORITY\\SYSTEM"
        }
    },
    {
        "event_id": 11,
        "description": "File creation time changed",
        "time_generated": "2024-09-19T08:13:49.6608508Z",
        "computer_name": "RACM",
        "details": {
            "RuleName": "DLL",
            "UtcTime": "2024-09-19 08:13:49.660",
            "ProcessGuid": "{cec53bf7-dccf-66eb-d589-000000000800}",
            "ProcessId": "24716",
            "Image": "C:\\Windows\\system32\\svchost.exe",
            "TargetFilename": "C:\\Program Files\\WindowsApps\\Microsoft.Windows.DevHome_0.1800.625.0_x64__8wekyb3d8bbwe\\DevHomeStub\\gl-ES\\DevHome.resources.dll",
            "CreationUtcTime": "2024-09-19 08:13:49.660",
            "User": "NT AUTHORITY\\SYSTEM"
        }
    },
    {
        "event_id": 11,
        "description": "File creation time changed",
        "time_generated": "2024-09-19T08:13:49.6603368Z",
        "computer_name": "RACM",
        "details": {
            "RuleName": "DLL",
            "UtcTime": "2024-09-19 08:13:49.659",
            "ProcessGuid": "{cec53bf7-dccf-66eb-d589-000000000800}",
            "ProcessId": "24716",
            "Image": "C:\\Windows\\system32\\svchost.exe",
            "TargetFilename": "C:\\Program Files\\WindowsApps\\Microsoft.Windows.DevHome_0.1800.625.0_x64__8wekyb3d8bbwe\\DevHomeStub\\fr-FR\\DevHome.resources.dll",
            "CreationUtcTime": "2024-09-19 08:13:49.659",
            "User": "NT AUTHORITY\\SYSTEM"
        }
    },
    {
        "event_id": 11,
        "description": "File creation time changed",
        "time_generated": "2024-09-19T08:13:49.6600590Z",
        "computer_name": "RACM",
        "details": {
            "RuleName": "DLL",
            "UtcTime": "2024-09-19 08:13:49.659",
            "ProcessGuid": "{cec53bf7-dccf-66eb-d589-000000000800}",
            "ProcessId": "24716",
            "Image": "C:\\Windows\\system32\\svchost.exe",
            "TargetFilename": "C:\\Program Files\\WindowsApps\\Microsoft.Windows.DevHome_0.1800.625.0_x64__8wekyb3d8bbwe\\DevHomeStub\\fi-FI\\DevHome.resources.dll",
            "CreationUtcTime": "2024-09-19 08:13:49.659",
            "User": "NT AUTHORITY\\SYSTEM"
        }
    },
    {
        "event_id": 11,
        "description": "File creation time changed",
        "time_generated": "2024-09-19T08:13:49.6595049Z",
        "computer_name": "RACM",
        "details": {
            "RuleName": "DLL",
            "UtcTime": "2024-09-19 08:13:49.658",
            "ProcessGuid": "{cec53bf7-dccf-66eb-d589-000000000800}",
            "ProcessId": "24716",
            "Image": "C:\\Windows\\system32\\svchost.exe",
            "TargetFilename": "C:\\Program Files\\WindowsApps\\Microsoft.Windows.DevHome_0.1800.625.0_x64__8wekyb3d8bbwe\\DevHomeStub\\eu-ES\\DevHome.resources.dll",
            "CreationUtcTime": "2024-09-19 08:13:49.658",
            "User": "NT AUTHORITY\\SYSTEM"
        }
    },
    {
        "event_id": 11,
        "description": "File creation time changed",
        "time_generated": "2024-09-19T08:13:49.6590099Z",
        "computer_name": "RACM",
        "details": {
            "RuleName": "DLL",
            "UtcTime": "2024-09-19 08:13:49.658",
            "ProcessGuid": "{cec53bf7-dccf-66eb-d589-000000000800}",
            "ProcessId": "24716",
            "Image": "C:\\Windows\\system32\\svchost.exe",
            "TargetFilename": "C:\\Program Files\\WindowsApps\\Microsoft.Windows.DevHome_0.1800.625.0_x64__8wekyb3d8bbwe\\DevHomeStub\\et-EE\\DevHome.resources.dll",
            "CreationUtcTime": "2024-09-19 08:13:49.658",
            "User": "NT AUTHORITY\\SYSTEM"
        }
    },
    {
        "event_id": 11,
        "description": "File creation time changed",
        "time_generated": "2024-09-19T08:13:49.6589820Z",
        "computer_name": "RACM",
        "details": {
            "RuleName": "DLL",
            "UtcTime": "2024-09-19 08:13:49.658",
            "ProcessGuid": "{cec53bf7-dccf-66eb-d589-000000000800}",
            "ProcessId": "24716",
            "Image": "C:\\Windows\\system32\\svchost.exe",
            "TargetFilename": "C:\\Program Files\\WindowsApps\\Microsoft.Windows.DevHome_0.1800.625.0_x64__8wekyb3d8bbwe\\DevHomeStub\\es-ES\\DevHome.resources.dll",
            "CreationUtcTime": "2024-09-19 08:13:49.657",
            "User": "NT AUTHORITY\\SYSTEM"
        }
    },
    {
        "event_id": 11,
        "description": "File creation time changed",
        "time_generated": "2024-09-19T08:13:49.6589518Z",
        "computer_name": "RACM",
        "details": {
            "RuleName": "DLL",
            "UtcTime": "2024-09-19 08:13:49.657",
            "ProcessGuid": "{cec53bf7-dccf-66eb-d589-000000000800}",
            "ProcessId": "24716",
            "Image": "C:\\Windows\\system32\\svchost.exe",
            "TargetFilename": "C:\\Program Files\\WindowsApps\\Microsoft.Windows.DevHome_0.1800.625.0_x64__8wekyb3d8bbwe\\DevHomeStub\\el-GR\\DevHome.resources.dll",
            "CreationUtcTime": "2024-09-19 08:13:49.657",
            "User": "NT AUTHORITY\\SYSTEM"
        }
    },
    {
        "event_id": 11,
        "description": "File creation time changed",
        "time_generated": "2024-09-19T08:13:49.6553925Z",
        "computer_name": "RACM",
        "details": {
            "RuleName": "EXE",
            "UtcTime": "2024-09-19 08:13:49.654",
            "ProcessGuid": "{cec53bf7-dccf-66eb-d589-000000000800}",
            "ProcessId": "24716",
            "Image": "C:\\Windows\\system32\\svchost.exe",
            "TargetFilename": "C:\\Program Files\\WindowsApps\\Microsoft.Windows.DevHome_0.1800.625.0_x64__8wekyb3d8bbwe\\DevHomeStub\\DevHome.exe",
            "CreationUtcTime": "2024-09-19 08:13:49.654",
            "User": "NT AUTHORITY\\SYSTEM"
        }
    },
    {
        "event_id": 11,
        "description": "File creation time changed",
        "time_generated": "2024-09-19T08:13:49.6550335Z",
        "computer_name": "RACM",
        "details": {
            "RuleName": "DLL",
            "UtcTime": "2024-09-19 08:13:49.654",
            "ProcessGuid": "{cec53bf7-dccf-66eb-d589-000000000800}",
            "ProcessId": "24716",
            "Image": "C:\\Windows\\system32\\svchost.exe",
            "TargetFilename": "C:\\Program Files\\WindowsApps\\Microsoft.Windows.DevHome_0.1800.625.0_x64__8wekyb3d8bbwe\\DevHomeStub\\de-DE\\DevHome.resources.dll",
            "CreationUtcTime": "2024-09-19 08:13:49.654",
            "User": "NT AUTHORITY\\SYSTEM"
        }
    },
    {
        "event_id": 11,
        "description": "File creation time changed",
        "time_generated": "2024-09-19T08:13:49.6546273Z",
        "computer_name": "RACM",
        "details": {
            "RuleName": "DLL",
            "UtcTime": "2024-09-19 08:13:49.654",
            "ProcessGuid": "{cec53bf7-dccf-66eb-d589-000000000800}",
            "ProcessId": "24716",
            "Image": "C:\\Windows\\system32\\svchost.exe",
            "TargetFilename": "C:\\Program Files\\WindowsApps\\Microsoft.Windows.DevHome_0.1800.625.0_x64__8wekyb3d8bbwe\\DevHomeStub\\da-DK\\DevHome.resources.dll",
            "CreationUtcTime": "2024-09-19 08:13:49.653",
            "User": "NT AUTHORITY\\SYSTEM"
        }
    },
    {
        "event_id": 11,
        "description": "File creation time changed",
        "time_generated": "2024-09-19T08:13:49.6538914Z",
        "computer_name": "RACM",
        "details": {
            "RuleName": "DLL",
            "UtcTime": "2024-09-19 08:13:49.653",
            "ProcessGuid": "{cec53bf7-dccf-66eb-d589-000000000800}",
            "ProcessId": "24716",
            "Image": "C:\\Windows\\system32\\svchost.exe",
            "TargetFilename": "C:\\Program Files\\WindowsApps\\Microsoft.Windows.DevHome_0.1800.625.0_x64__8wekyb3d8bbwe\\DevHomeStub\\cs-CZ\\DevHome.resources.dll",
            "CreationUtcTime": "2024-09-19 08:13:49.653",
            "User": "NT AUTHORITY\\SYSTEM"
        }
    },
    {
        "event_id": 11,
        "description": "File creation time changed",
        "time_generated": "2024-09-19T08:13:49.6531564Z",
        "computer_name": "RACM",
        "details": {
            "RuleName": "DLL",
            "UtcTime": "2024-09-19 08:13:49.652",
            "ProcessGuid": "{cec53bf7-dccf-66eb-d589-000000000800}",
            "ProcessId": "24716",
            "Image": "C:\\Windows\\system32\\svchost.exe",
            "TargetFilename": "C:\\Program Files\\WindowsApps\\Microsoft.Windows.DevHome_0.1800.625.0_x64__8wekyb3d8bbwe\\DevHomeStub\\ca-ES\\DevHome.resources.dll",
            "CreationUtcTime": "2024-09-19 08:13:49.652",
            "User": "NT AUTHORITY\\SYSTEM"
        }
    },
    {
        "event_id": 11,
        "description": "File creation time changed",
        "time_generated": "2024-09-19T08:13:49.6524637Z",
        "computer_name": "RACM",
        "details": {
            "RuleName": "DLL",
            "UtcTime": "2024-09-19 08:13:49.652",
            "ProcessGuid": "{cec53bf7-dccf-66eb-d589-000000000800}",
            "ProcessId": "24716",
            "Image": "C:\\Windows\\system32\\svchost.exe",
            "TargetFilename": "C:\\Program Files\\WindowsApps\\Microsoft.Windows.DevHome_0.1800.625.0_x64__8wekyb3d8bbwe\\DevHomeStub\\bg-BG\\DevHome.resources.dll",
            "CreationUtcTime": "2024-09-19 08:13:49.651",
            "User": "NT AUTHORITY\\SYSTEM"
        }
    },
    {
        "event_id": 11,
        "description": "File creation time changed",
        "time_generated": "2024-09-19T08:13:49.6514096Z",
        "computer_name": "RACM",
        "details": {
            "RuleName": "EXE",
            "UtcTime": "2024-09-19 08:13:49.651",
            "ProcessGuid": "{cec53bf7-dccf-66eb-d589-000000000800}",
            "ProcessId": "24716",
            "Image": "C:\\Windows\\system32\\svchost.exe",
            "TargetFilename": "C:\\Program Files\\WindowsApps\\Microsoft.Windows.DevHome_0.1800.625.0_x64__8wekyb3d8bbwe\\DevHome.exe",
            "CreationUtcTime": "2024-09-19 08:13:49.651",
            "User": "NT AUTHORITY\\SYSTEM"
        }
    },
    {
        "event_id": 11,
        "description": "File creation time changed",
        "time_generated": "2024-09-19T08:13:49.6511317Z",
        "computer_name": "RACM",
        "details": {
            "RuleName": "DLL",
            "UtcTime": "2024-09-19 08:13:49.649",
            "ProcessGuid": "{cec53bf7-dccf-66eb-d589-000000000800}",
            "ProcessId": "24716",
            "Image": "C:\\Windows\\system32\\svchost.exe",
            "TargetFilename": "C:\\Program Files\\WindowsApps\\Microsoft.Windows.DevHome_0.1800.625.0_x64__8wekyb3d8bbwe\\de-DE\\DevHome.resources.dll",
            "CreationUtcTime": "2024-09-19 08:13:49.649",
            "User": "NT AUTHORITY\\SYSTEM"
        }
    },
    {
        "event_id": 11,
        "description": "File creation time changed",
        "time_generated": "2024-09-19T08:13:49.6506670Z",
        "computer_name": "RACM",
        "details": {
            "RuleName": "DLL",
            "UtcTime": "2024-09-19 08:13:49.649",
            "ProcessGuid": "{cec53bf7-dccf-66eb-d589-000000000800}",
            "ProcessId": "24716",
            "Image": "C:\\Windows\\system32\\svchost.exe",
            "TargetFilename": "C:\\Program Files\\WindowsApps\\Microsoft.Windows.DevHome_0.1800.625.0_x64__8wekyb3d8bbwe\\da-DK\\DevHome.resources.dll",
            "CreationUtcTime": "2024-09-19 08:13:49.649",
            "User": "NT AUTHORITY\\SYSTEM"
        }
    },
    {
        "event_id": 11,
        "description": "File creation time changed",
        "time_generated": "2024-09-19T08:13:49.6501898Z",
        "computer_name": "RACM",
        "details": {
            "RuleName": "DLL",
            "UtcTime": "2024-09-19 08:13:49.649",
            "ProcessGuid": "{cec53bf7-dccf-66eb-d589-000000000800}",
            "ProcessId": "24716",
            "Image": "C:\\Windows\\system32\\svchost.exe",
            "TargetFilename": "C:\\Program Files\\WindowsApps\\Microsoft.Windows.DevHome_0.1800.625.0_x64__8wekyb3d8bbwe\\cs-CZ\\DevHome.resources.dll",
            "CreationUtcTime": "2024-09-19 08:13:49.649",
            "User": "NT AUTHORITY\\SYSTEM"
        }
    },
    {
        "event_id": 11,
        "description": "File creation time changed",
        "time_generated": "2024-09-19T08:13:49.6497371Z",
        "computer_name": "RACM",
        "details": {
            "RuleName": "DLL",
            "UtcTime": "2024-09-19 08:13:49.649",
            "ProcessGuid": "{cec53bf7-dccf-66eb-d589-000000000800}",
            "ProcessId": "24716",
            "Image": "C:\\Windows\\system32\\svchost.exe",
            "TargetFilename": "C:\\Program Files\\WindowsApps\\Microsoft.Windows.DevHome_0.1800.625.0_x64__8wekyb3d8bbwe\\ca-ES\\DevHome.resources.dll",
            "CreationUtcTime": "2024-09-19 08:13:49.649",
            "User": "NT AUTHORITY\\SYSTEM"
        }
    },
    {
        "event_id": 11,
        "description": "File creation time changed",
        "time_generated": "2024-09-19T08:13:49.6493145Z",
        "computer_name": "RACM",
        "details": {
            "RuleName": "DLL",
            "UtcTime": "2024-09-19 08:13:49.649",
            "ProcessGuid": "{cec53bf7-dccf-66eb-d589-000000000800}",
            "ProcessId": "24716",
            "Image": "C:\\Windows\\system32\\svchost.exe",
            "TargetFilename": "C:\\Program Files\\WindowsApps\\Microsoft.Windows.DevHome_0.1800.625.0_x64__8wekyb3d8bbwe\\bg-BG\\DevHome.resources.dll",
            "CreationUtcTime": "2024-09-19 08:13:49.647",
            "User": "NT AUTHORITY\\SYSTEM"
        }
    },
    {
        "event_id": 11,
        "description": "File creation time changed",
        "time_generated": "2024-09-19T08:13:41.9106487Z",
        "computer_name": "RACM",
        "details": {
            "RuleName": "EXE",
            "UtcTime": "2024-09-19 08:13:41.910",
            "ProcessGuid": "{cec53bf7-dccf-66eb-d589-000000000800}",
            "ProcessId": "24716",
            "Image": "C:\\Windows\\system32\\svchost.exe",
            "TargetFilename": "C:\\Program Files\\WindowsApps\\Microsoft.MicrosoftSolitaireCollection_4.20.9120.0_x64__8wekyb3d8bbwe\\Solitaire.exe",
            "CreationUtcTime": "2024-09-19 08:13:41.910",
            "User": "NT AUTHORITY\\SYSTEM"
        }
    },
    {
        "event_id": 11,
        "description": "File creation time changed",
        "time_generated": "2024-09-19T08:13:41.9094898Z",
        "computer_name": "RACM",
        "details": {
            "RuleName": "EXE",
            "UtcTime": "2024-09-19 08:13:41.909",
            "ProcessGuid": "{cec53bf7-dccf-66eb-d589-000000000800}",
            "ProcessId": "24716",
            "Image": "C:\\Windows\\system32\\svchost.exe",
            "TargetFilename": "C:\\Program Files\\WindowsApps\\Microsoft.MicrosoftSolitaireCollection_4.20.9120.0_x64__8wekyb3d8bbwe\\Microsoft.MicrosoftSolitaireCollection.exe",
            "CreationUtcTime": "2024-09-19 08:13:41.908",
            "User": "NT AUTHORITY\\SYSTEM"
        }
    },
    {
        "event_id": 11,
        "description": "File creation time changed",
        "time_generated": "2024-09-19T08:13:41.9090380Z",
        "computer_name": "RACM",
        "details": {
            "RuleName": "DLL",
            "UtcTime": "2024-09-19 08:13:41.908",
            "ProcessGuid": "{cec53bf7-dccf-66eb-d589-000000000800}",
            "ProcessId": "24716",
            "Image": "C:\\Windows\\system32\\svchost.exe",
            "TargetFilename": "C:\\Program Files\\WindowsApps\\Microsoft.MicrosoftSolitaireCollection_4.20.9120.0_x64__8wekyb3d8bbwe\\Microsoft.MicrosoftSolitaireCollection.dll",
            "CreationUtcTime": "2024-09-19 08:13:41.908",
            "User": "NT AUTHORITY\\SYSTEM"
        }
    },
    {
        "event_id": 11,
        "description": "File creation time changed",
        "time_generated": "2024-09-19T07:51:02.5966006Z",
        "computer_name": "RACM",
        "details": {
            "RuleName": "EXE",
            "UtcTime": "2024-09-19 07:51:02.595",
            "ProcessGuid": "{cec53bf7-d7e4-66eb-4988-000000000800}",
            "ProcessId": "17028",
            "Image": "C:\\Users\\raulr\\AppData\\Local\\Programs\\Python\\Python312\\python.exe",
            "TargetFilename": "C:\\Users\\raulr\\Documents\\GitHub\\autodiagnostictools\\carmitre_module\\Sysmon64a.exe",
            "CreationUtcTime": "2024-09-18 09:22:54.887",
            "User": "RACM\\raulr"
        }
    },
    {
        "event_id": 11,
        "description": "File creation time changed",
        "time_generated": "2024-09-19T07:51:02.5613443Z",
        "computer_name": "RACM",
        "details": {
            "RuleName": "EXE",
            "UtcTime": "2024-09-19 07:51:02.559",
            "ProcessGuid": "{cec53bf7-d7e4-66eb-4988-000000000800}",
            "ProcessId": "17028",
            "Image": "C:\\Users\\raulr\\AppData\\Local\\Programs\\Python\\Python312\\python.exe",
            "TargetFilename": "C:\\Users\\raulr\\Documents\\GitHub\\autodiagnostictools\\carmitre_module\\Sysmon64.exe",
            "CreationUtcTime": "2024-09-18 09:22:54.870",
            "User": "RACM\\raulr"
        }
    },
    {
        "event_id": 11,
        "description": "File creation time changed",
        "time_generated": "2024-09-19T07:51:02.5091747Z",
        "computer_name": "RACM",
        "details": {
            "RuleName": "EXE",
            "UtcTime": "2024-09-19 07:51:02.507",
            "ProcessGuid": "{cec53bf7-d7e4-66eb-4988-000000000800}",
            "ProcessId": "17028",
            "Image": "C:\\Users\\raulr\\AppData\\Local\\Programs\\Python\\Python312\\python.exe",
            "TargetFilename": "C:\\Users\\raulr\\Documents\\GitHub\\autodiagnostictools\\carmitre_module\\Sysmon.exe",
            "CreationUtcTime": "2024-09-18 09:22:54.838",
            "User": "RACM\\raulr"
        }
    },
    {
        "event_id": 11,
        "description": "File creation time changed",
        "time_generated": "2024-09-19T07:31:55.4564789Z",
        "computer_name": "RACM",
        "details": {
            "RuleName": "EXE",
            "UtcTime": "2024-09-19 07:31:55.453",
            "ProcessGuid": "{cec53bf7-d368-66eb-d783-000000000800}",
            "ProcessId": "22296",
            "Image": "C:\\Users\\raulr\\AppData\\Local\\Programs\\Python\\Python312\\python.exe",
            "TargetFilename": "C:\\Users\\raulr\\Documents\\GitHub\\autodiagnostictools\\carmitre_module\\Sysmon64a.exe",
            "CreationUtcTime": "2024-09-18 09:22:54.887",
            "User": "RACM\\raulr"
        }
    },
    {
        "event_id": 11,
        "description": "File creation time changed",
        "time_generated": "2024-09-19T07:31:55.4063219Z",
        "computer_name": "RACM",
        "details": {
            "RuleName": "EXE",
            "UtcTime": "2024-09-19 07:31:55.405",
            "ProcessGuid": "{cec53bf7-d368-66eb-d783-000000000800}",
            "ProcessId": "22296",
            "Image": "C:\\Users\\raulr\\AppData\\Local\\Programs\\Python\\Python312\\python.exe",
            "TargetFilename": "C:\\Users\\raulr\\Documents\\GitHub\\autodiagnostictools\\carmitre_module\\Sysmon64.exe",
            "CreationUtcTime": "2024-09-18 09:22:54.870",
            "User": "RACM\\raulr"
        }
    },
    {
        "event_id": 11,
        "description": "File creation time changed",
        "time_generated": "2024-09-19T07:31:55.3324229Z",
        "computer_name": "RACM",
        "details": {
            "RuleName": "EXE",
            "UtcTime": "2024-09-19 07:31:55.332",
            "ProcessGuid": "{cec53bf7-d368-66eb-d783-000000000800}",
            "ProcessId": "22296",
            "Image": "C:\\Users\\raulr\\AppData\\Local\\Programs\\Python\\Python312\\python.exe",
            "TargetFilename": "C:\\Users\\raulr\\Documents\\GitHub\\autodiagnostictools\\carmitre_module\\Sysmon.exe",
            "CreationUtcTime": "2024-09-18 09:22:54.838",
            "User": "RACM\\raulr"
        }
    },
    {
        "event_id": 11,
        "description": "File creation time changed",
        "time_generated": "2024-09-19T07:22:44.4445145Z",
        "computer_name": "RACM",
        "details": {
            "RuleName": "DLL",
            "UtcTime": "2024-09-19 07:22:44.444",
            "ProcessGuid": "{cec53bf7-6bf0-66e9-5f57-000000000800}",
            "ProcessId": "9780",
            "Image": "C:\\ProgramData\\Microsoft\\Windows Defender\\Platform\\4.18.24080.9-0\\MsMpEng.exe",
            "TargetFilename": "C:\\ProgramData\\Microsoft\\Windows Defender\\Definition Updates\\{010E6EE5-DD40-4C3C-A17B-EDC5EAF5C8C6}\\mpengine.dll",
            "CreationUtcTime": "2024-09-19 07:22:44.440",
            "User": "NT AUTHORITY\\SYSTEM"
        }
    },
    {
        "event_id": 11,
        "description": "File creation time changed",
        "time_generated": "2024-09-19T07:22:43.5892841Z",
        "computer_name": "RACM",
        "details": {
            "RuleName": "EXE",
            "UtcTime": "2024-09-19 07:22:43.587",
            "ProcessGuid": "{cec53bf7-f0a2-66ea-007e-000000000800}",
            "ProcessId": "6316",
            "Image": "C:\\Windows\\system32\\svchost.exe",
            "TargetFilename": "C:\\Windows\\SoftwareDistribution\\Download\\Install\\AM_Delta_Patch_1.419.27.0.exe",
            "CreationUtcTime": "2024-09-19 07:22:43.587",
            "User": "NT AUTHORITY\\SYSTEM"
        }
    },
    {
        "event_id": 11,
        "description": "File creation time changed",
        "time_generated": "2024-09-19T07:18:34.6595662Z",
        "computer_name": "RACM",
        "details": {
            "RuleName": "T1053",
            "UtcTime": "2024-09-19 07:18:34.657",
            "ProcessGuid": "{cec53bf7-a5cc-66e2-2f00-000000000800}",
            "ProcessId": "2144",
            "Image": "C:\\Windows\\system32\\svchost.exe",
            "TargetFilename": "C:\\Windows\\System32\\Tasks\\Microsoft\\Office\\Office Serviceability Manager",
            "CreationUtcTime": "2024-09-11 14:54:20.741",
            "User": "NT AUTHORITY\\SYSTEM"
        }
    },
    {
        "event_id": 11,
        "description": "File creation time changed",
        "time_generated": "2024-09-19T07:17:37.0436913Z",
        "computer_name": "RACM",
        "details": {
            "RuleName": "DLL",
            "UtcTime": "2024-09-19 07:17:37.041",
            "ProcessGuid": "{cec53bf7-b354-66ea-df7d-000000000800}",
            "ProcessId": "19920",
            "Image": "C:\\Windows\\system32\\svchost.exe",
            "TargetFilename": "C:\\Program Files\\WindowsApps\\Microsoft.OutlookForWindows_1.2024.911.200_x64__8wekyb3d8bbwe\\zlib1.dll",
            "CreationUtcTime": "2024-09-19 07:17:37.041",
            "User": "NT AUTHORITY\\SYSTEM"
        }
    },
    {
        "event_id": 11,
        "description": "File creation time changed",
        "time_generated": "2024-09-19T07:17:37.0433829Z",
        "computer_name": "RACM",
        "details": {
            "RuleName": "DLL",
            "UtcTime": "2024-09-19 07:17:37.041",
            "ProcessGuid": "{cec53bf7-b354-66ea-df7d-000000000800}",
            "ProcessId": "19920",
            "Image": "C:\\Windows\\system32\\svchost.exe",
            "TargetFilename": "C:\\Program Files\\WindowsApps\\Microsoft.OutlookForWindows_1.2024.911.200_x64__8wekyb3d8bbwe\\zip.dll",
            "CreationUtcTime": "2024-09-19 07:17:37.041",
            "User": "NT AUTHORITY\\SYSTEM"
        }
    },
    {
        "event_id": 11,
        "description": "File creation time changed",
        "time_generated": "2024-09-19T07:17:37.0431740Z",
        "computer_name": "RACM",
        "details": {
            "RuleName": "DLL",
            "UtcTime": "2024-09-19 07:17:37.041",
            "ProcessGuid": "{cec53bf7-b354-66ea-df7d-000000000800}",
            "ProcessId": "19920",
            "Image": "C:\\Windows\\system32\\svchost.exe",
            "TargetFilename": "C:\\Program Files\\WindowsApps\\Microsoft.OutlookForWindows_1.2024.911.200_x64__8wekyb3d8bbwe\\xpdApi.dll",
            "CreationUtcTime": "2024-09-19 07:17:37.041",
            "User": "NT AUTHORITY\\SYSTEM"
        }
    },
    {
        "event_id": 11,
        "description": "File creation time changed",
        "time_generated": "2024-09-19T07:17:37.0429862Z",
        "computer_name": "RACM",
        "details": {
            "RuleName": "DLL",
            "UtcTime": "2024-09-19 07:17:37.041",
            "ProcessGuid": "{cec53bf7-b354-66ea-df7d-000000000800}",
            "ProcessId": "19920",
            "Image": "C:\\Windows\\system32\\svchost.exe",
            "TargetFilename": "C:\\Program Files\\WindowsApps\\Microsoft.OutlookForWindows_1.2024.911.200_x64__8wekyb3d8bbwe\\win32gql.dll",
            "CreationUtcTime": "2024-09-19 07:17:37.041",
            "User": "NT AUTHORITY\\SYSTEM"
        }
    },
    {
        "event_id": 11,
        "description": "File creation time changed",
        "time_generated": "2024-09-19T07:17:37.0427890Z",
        "computer_name": "RACM",
        "details": {
            "RuleName": "DLL",
            "UtcTime": "2024-09-19 07:17:37.041",
            "ProcessGuid": "{cec53bf7-b354-66ea-df7d-000000000800}",
            "ProcessId": "19920",
            "Image": "C:\\Windows\\system32\\svchost.exe",
            "TargetFilename": "C:\\Program Files\\WindowsApps\\Microsoft.OutlookForWindows_1.2024.911.200_x64__8wekyb3d8bbwe\\WebView2Loader.dll",
            "CreationUtcTime": "2024-09-19 07:17:37.041",
            "User": "NT AUTHORITY\\SYSTEM"
        }
    },
    {
        "event_id": 11,
        "description": "File creation time changed",
        "time_generated": "2024-09-19T07:17:37.0424544Z",
        "computer_name": "RACM",
        "details": {
            "RuleName": "DLL",
            "UtcTime": "2024-09-19 07:17:37.041",
            "ProcessGuid": "{cec53bf7-b354-66ea-df7d-000000000800}",
            "ProcessId": "19920",
            "Image": "C:\\Windows\\system32\\svchost.exe",
            "TargetFilename": "C:\\Program Files\\WindowsApps\\Microsoft.OutlookForWindows_1.2024.911.200_x64__8wekyb3d8bbwe\\vcruntime140_1.dll",
            "CreationUtcTime": "2024-09-19 07:17:37.041",
            "User": "NT AUTHORITY\\SYSTEM"
        }
    },
    {
        "event_id": 11,
        "description": "File creation time changed",
        "time_generated": "2024-09-19T07:17:37.0422387Z",
        "computer_name": "RACM",
        "details": {
            "RuleName": "DLL",
            "UtcTime": "2024-09-19 07:17:37.041",
            "ProcessGuid": "{cec53bf7-b354-66ea-df7d-000000000800}",
            "ProcessId": "19920",
            "Image": "C:\\Windows\\system32\\svchost.exe",
            "TargetFilename": "C:\\Program Files\\WindowsApps\\Microsoft.OutlookForWindows_1.2024.911.200_x64__8wekyb3d8bbwe\\vcruntime140.dll",
            "CreationUtcTime": "2024-09-19 07:17:37.041",
            "User": "NT AUTHORITY\\SYSTEM"
        }
    },
    {
        "event_id": 11,
        "description": "File creation time changed",
        "time_generated": "2024-09-19T07:17:37.0417697Z",
        "computer_name": "RACM",
        "details": {
            "RuleName": "DLL",
            "UtcTime": "2024-09-19 07:17:37.041",
            "ProcessGuid": "{cec53bf7-b354-66ea-df7d-000000000800}",
            "ProcessId": "19920",
            "Image": "C:\\Windows\\system32\\svchost.exe",
            "TargetFilename": "C:\\Program Files\\WindowsApps\\Microsoft.OutlookForWindows_1.2024.911.200_x64__8wekyb3d8bbwe\\SeamlessLaunch.dll",
            "CreationUtcTime": "2024-09-19 07:17:37.041",
            "User": "NT AUTHORITY\\SYSTEM"
        }
    },
    {
        "event_id": 11,
        "description": "File creation time changed",
        "time_generated": "2024-09-19T07:17:37.0415092Z",
        "computer_name": "RACM",
        "details": {
            "RuleName": "EXE",
            "UtcTime": "2024-09-19 07:17:37.041",
            "ProcessGuid": "{cec53bf7-b354-66ea-df7d-000000000800}",
            "ProcessId": "19920",
            "Image": "C:\\Windows\\system32\\svchost.exe",
            "TargetFilename": "C:\\Program Files\\WindowsApps\\Microsoft.OutlookForWindows_1.2024.911.200_x64__8wekyb3d8bbwe\\relaunchNativeHost.exe",
            "CreationUtcTime": "2024-09-19 07:17:37.041",
            "User": "NT AUTHORITY\\SYSTEM"
        }
    },
    {
        "event_id": 11,
        "description": "File creation time changed",
        "time_generated": "2024-09-19T07:17:37.0412068Z",
        "computer_name": "RACM",
        "details": {
            "RuleName": "EXE",
            "UtcTime": "2024-09-19 07:17:37.037",
            "ProcessGuid": "{cec53bf7-b354-66ea-df7d-000000000800}",
            "ProcessId": "19920",
            "Image": "C:\\Windows\\system32\\svchost.exe",
            "TargetFilename": "C:\\Program Files\\WindowsApps\\Microsoft.OutlookForWindows_1.2024.911.200_x64__8wekyb3d8bbwe\\olkPushNotificationBackgroundTask.exe",
            "CreationUtcTime": "2024-09-19 07:17:37.037",
            "User": "NT AUTHORITY\\SYSTEM"
        }
    },
    {
        "event_id": 11,
        "description": "File creation time changed",
        "time_generated": "2024-09-19T07:17:37.0406820Z",
        "computer_name": "RACM",
        "details": {
            "RuleName": "DLL",
            "UtcTime": "2024-09-19 07:17:37.037",
            "ProcessGuid": "{cec53bf7-b354-66ea-df7d-000000000800}",
            "ProcessId": "19920",
            "Image": "C:\\Windows\\system32\\svchost.exe",
            "TargetFilename": "C:\\Program Files\\WindowsApps\\Microsoft.OutlookForWindows_1.2024.911.200_x64__8wekyb3d8bbwe\\olknh.dll",
            "CreationUtcTime": "2024-09-19 07:17:37.037",
            "User": "NT AUTHORITY\\SYSTEM"
        }
    },
    {
        "event_id": 11,
        "description": "File creation time changed",
        "time_generated": "2024-09-19T07:17:37.0404877Z",
        "computer_name": "RACM",
        "details": {
            "RuleName": "EXE",
            "UtcTime": "2024-09-19 07:17:37.037",
            "ProcessGuid": "{cec53bf7-b354-66ea-df7d-000000000800}",
            "ProcessId": "19920",
            "Image": "C:\\Windows\\system32\\svchost.exe",
            "TargetFilename": "C:\\Program Files\\WindowsApps\\Microsoft.OutlookForWindows_1.2024.911.200_x64__8wekyb3d8bbwe\\olk.exe",
            "CreationUtcTime": "2024-09-19 07:17:37.037",
            "User": "NT AUTHORITY\\SYSTEM"
        }
    },
    {
        "event_id": 11,
        "description": "File creation time changed",
        "time_generated": "2024-09-19T07:17:37.0399564Z",
        "computer_name": "RACM",
        "details": {
            "RuleName": "DLL",
            "UtcTime": "2024-09-19 07:17:37.037",
            "ProcessGuid": "{cec53bf7-b354-66ea-df7d-000000000800}",
            "ProcessId": "19920",
            "Image": "C:\\Windows\\system32\\svchost.exe",
            "TargetFilename": "C:\\Program Files\\WindowsApps\\Microsoft.OutlookForWindows_1.2024.911.200_x64__8wekyb3d8bbwe\\nh.dll",
            "CreationUtcTime": "2024-09-19 07:17:37.037",
            "User": "NT AUTHORITY\\SYSTEM"
        }
    },
    {
        "event_id": 11,
        "description": "File creation time changed",
        "time_generated": "2024-09-19T07:17:37.0397545Z",
        "computer_name": "RACM",
        "details": {
            "RuleName": "DLL",
            "UtcTime": "2024-09-19 07:17:37.037",
            "ProcessGuid": "{cec53bf7-b354-66ea-df7d-000000000800}",
            "ProcessId": "19920",
            "Image": "C:\\Windows\\system32\\svchost.exe",
            "TargetFilename": "C:\\Program Files\\WindowsApps\\Microsoft.OutlookForWindows_1.2024.911.200_x64__8wekyb3d8bbwe\\msvcp140_codecvt_ids.dll",
            "CreationUtcTime": "2024-09-19 07:17:37.037",
            "User": "NT AUTHORITY\\SYSTEM"
        }
    },
    {
        "event_id": 11,
        "description": "File creation time changed",
        "time_generated": "2024-09-19T07:17:37.0394756Z",
        "computer_name": "RACM",
        "details": {
            "RuleName": "DLL",
            "UtcTime": "2024-09-19 07:17:37.037",
            "ProcessGuid": "{cec53bf7-b354-66ea-df7d-000000000800}",
            "ProcessId": "19920",
            "Image": "C:\\Windows\\system32\\svchost.exe",
            "TargetFilename": "C:\\Program Files\\WindowsApps\\Microsoft.OutlookForWindows_1.2024.911.200_x64__8wekyb3d8bbwe\\msvcp140_atomic_wait.dll",
            "CreationUtcTime": "2024-09-19 07:17:37.037",
            "User": "NT AUTHORITY\\SYSTEM"
        }
    },
    {
        "event_id": 11,
        "description": "File creation time changed",
        "time_generated": "2024-09-19T07:17:37.0392294Z",
        "computer_name": "RACM",
        "details": {
            "RuleName": "DLL",
            "UtcTime": "2024-09-19 07:17:37.037",
            "ProcessGuid": "{cec53bf7-b354-66ea-df7d-000000000800}",
            "ProcessId": "19920",
            "Image": "C:\\Windows\\system32\\svchost.exe",
            "TargetFilename": "C:\\Program Files\\WindowsApps\\Microsoft.OutlookForWindows_1.2024.911.200_x64__8wekyb3d8bbwe\\msvcp140_2.dll",
            "CreationUtcTime": "2024-09-19 07:17:37.037",
            "User": "NT AUTHORITY\\SYSTEM"
        }
    },
