    {
        "event_id": 11,
        "description": "File creation time changed",
        "time_generated": "2024-09-17T11:45:42.8188465Z",
        "computer_name": "RACM",
        "details": {
            "RuleName": "DLL",
            "UtcTime": "2024-09-17 11:45:42.817",
            "ProcessGuid": "{cec53bf7-6be6-66e9-3957-000000000800}",
            "ProcessId": "11528",
            "Image": "C:\\Windows\\SoftwareDistribution\\Download\\Install\\UpdatePlatform.amd64fre.exe",
            "TargetFilename": "C:\\Windows\\SystemTemp\\E8B0C1F9-1346-44F4-AFD7-3BE9EF7357B6\\MpSenseComm.dll",
            "CreationUtcTime": "2024-09-17 11:45:42.813",
            "User": "NT AUTHORITY\\SYSTEM"
        }
    },
    {
        "event_id": 11,
        "description": "File creation time changed",
        "time_generated": "2024-09-17T11:45:42.7948533Z",
        "computer_name": "RACM",
        "details": {
            "RuleName": "DLL",
            "UtcTime": "2024-09-17 11:45:42.793",
            "ProcessGuid": "{cec53bf7-6be6-66e9-3957-000000000800}",
            "ProcessId": "11528",
            "Image": "C:\\Windows\\SoftwareDistribution\\Download\\Install\\UpdatePlatform.amd64fre.exe",
            "TargetFilename": "C:\\Windows\\SystemTemp\\E8B0C1F9-1346-44F4-AFD7-3BE9EF7357B6\\MpRtp.dll",
            "CreationUtcTime": "2024-09-17 11:45:42.793",
            "User": "NT AUTHORITY\\SYSTEM"
        }
    },
    {
        "event_id": 11,
        "description": "File creation time changed",
        "time_generated": "2024-09-17T11:45:42.7821010Z",
        "computer_name": "RACM",
        "details": {
            "RuleName": "DLL",
            "UtcTime": "2024-09-17 11:45:42.781",
            "ProcessGuid": "{cec53bf7-6be6-66e9-3957-000000000800}",
            "ProcessId": "11528",
            "Image": "C:\\Windows\\SoftwareDistribution\\Download\\Install\\UpdatePlatform.amd64fre.exe",
            "TargetFilename": "C:\\Windows\\SystemTemp\\E8B0C1F9-1346-44F4-AFD7-3BE9EF7357B6\\MpOAV.dll",
            "CreationUtcTime": "2024-09-17 11:45:42.777",
            "User": "NT AUTHORITY\\SYSTEM"
        }
    },
    {
        "event_id": 11,
        "description": "File creation time changed",
        "time_generated": "2024-09-17T11:45:42.7751607Z",
        "computer_name": "RACM",
        "details": {
            "RuleName": "DLL",
            "UtcTime": "2024-09-17 11:45:42.773",
            "ProcessGuid": "{cec53bf7-6be6-66e9-3957-000000000800}",
            "ProcessId": "11528",
            "Image": "C:\\Windows\\SoftwareDistribution\\Download\\Install\\UpdatePlatform.amd64fre.exe",
            "TargetFilename": "C:\\Windows\\SystemTemp\\E8B0C1F9-1346-44F4-AFD7-3BE9EF7357B6\\MpEvMsg.dll",
            "CreationUtcTime": "2024-09-17 11:45:42.773",
            "User": "NT AUTHORITY\\SYSTEM"
        }
    },
    {
        "event_id": 11,
        "description": "File creation time changed",
        "time_generated": "2024-09-17T11:45:42.7398846Z",
        "computer_name": "RACM",
        "details": {
            "RuleName": "DLL",
            "UtcTime": "2024-09-17 11:45:42.738",
            "ProcessGuid": "{cec53bf7-6be6-66e9-3957-000000000800}",
            "ProcessId": "11528",
            "Image": "C:\\Windows\\SoftwareDistribution\\Download\\Install\\UpdatePlatform.amd64fre.exe",
            "TargetFilename": "C:\\Windows\\SystemTemp\\E8B0C1F9-1346-44F4-AFD7-3BE9EF7357B6\\MpDlp.dll",
            "CreationUtcTime": "2024-09-17 11:45:42.738",
            "User": "NT AUTHORITY\\SYSTEM"
        }
    },
    {
        "event_id": 11,
        "description": "File creation time changed",
        "time_generated": "2024-09-17T11:45:42.7329022Z",
        "computer_name": "RACM",
        "details": {
            "RuleName": "DLL",
            "UtcTime": "2024-09-17 11:45:42.730",
            "ProcessGuid": "{cec53bf7-6be6-66e9-3957-000000000800}",
            "ProcessId": "11528",
            "Image": "C:\\Windows\\SoftwareDistribution\\Download\\Install\\UpdatePlatform.amd64fre.exe",
            "TargetFilename": "C:\\Windows\\SystemTemp\\E8B0C1F9-1346-44F4-AFD7-3BE9EF7357B6\\MpDetoursCopyAccelerator.dll",
            "CreationUtcTime": "2024-09-17 11:45:42.730",
            "User": "NT AUTHORITY\\SYSTEM"
        }
    },
    {
        "event_id": 11,
        "description": "File creation time changed",
        "time_generated": "2024-09-17T11:45:42.7219342Z",
        "computer_name": "RACM",
        "details": {
            "RuleName": "DLL",
            "UtcTime": "2024-09-17 11:45:42.718",
            "ProcessGuid": "{cec53bf7-6be6-66e9-3957-000000000800}",
            "ProcessId": "11528",
            "Image": "C:\\Windows\\SoftwareDistribution\\Download\\Install\\UpdatePlatform.amd64fre.exe",
            "TargetFilename": "C:\\Windows\\SystemTemp\\E8B0C1F9-1346-44F4-AFD7-3BE9EF7357B6\\MpDetours.dll",
            "CreationUtcTime": "2024-09-17 11:45:42.718",
            "User": "NT AUTHORITY\\SYSTEM"
        }
    },
    {
        "event_id": 11,
        "description": "File creation time changed",
        "time_generated": "2024-09-17T11:45:42.7094382Z",
        "computer_name": "RACM",
        "details": {
            "RuleName": "DLL",
            "UtcTime": "2024-09-17 11:45:42.706",
            "ProcessGuid": "{cec53bf7-6be6-66e9-3957-000000000800}",
            "ProcessId": "11528",
            "Image": "C:\\Windows\\SoftwareDistribution\\Download\\Install\\UpdatePlatform.amd64fre.exe",
            "TargetFilename": "C:\\Windows\\SystemTemp\\E8B0C1F9-1346-44F4-AFD7-3BE9EF7357B6\\MpCommu.dll",
            "CreationUtcTime": "2024-09-17 11:45:42.706",
            "User": "NT AUTHORITY\\SYSTEM"
        }
    },
    {
        "event_id": 11,
        "description": "File creation time changed",
        "time_generated": "2024-09-17T11:45:42.6814478Z",
        "computer_name": "RACM",
        "details": {
            "RuleName": "DLL",
            "UtcTime": "2024-09-17 11:45:42.678",
            "ProcessGuid": "{cec53bf7-6be6-66e9-3957-000000000800}",
            "ProcessId": "11528",
            "Image": "C:\\Windows\\SoftwareDistribution\\Download\\Install\\UpdatePlatform.amd64fre.exe",
            "TargetFilename": "C:\\Windows\\SystemTemp\\E8B0C1F9-1346-44F4-AFD7-3BE9EF7357B6\\MpClient.dll",
            "CreationUtcTime": "2024-09-17 11:45:42.678",
            "User": "NT AUTHORITY\\SYSTEM"
        }
    },
    {
        "event_id": 11,
        "description": "File creation time changed",
        "time_generated": "2024-09-17T11:45:42.6517610Z",
        "computer_name": "RACM",
        "details": {
            "RuleName": "DLL",
            "UtcTime": "2024-09-17 11:45:42.650",
            "ProcessGuid": "{cec53bf7-6be6-66e9-3957-000000000800}",
            "ProcessId": "11528",
            "Image": "C:\\Windows\\SoftwareDistribution\\Download\\Install\\UpdatePlatform.amd64fre.exe",
            "TargetFilename": "C:\\Windows\\SystemTemp\\E8B0C1F9-1346-44F4-AFD7-3BE9EF7357B6\\MpAzSubmit.dll",
            "CreationUtcTime": "2024-09-17 11:45:42.650",
            "User": "NT AUTHORITY\\SYSTEM"
        }
    },
    {
        "event_id": 11,
        "description": "File creation time changed",
        "time_generated": "2024-09-17T11:45:42.6435318Z",
        "computer_name": "RACM",
        "details": {
            "RuleName": "DLL",
            "UtcTime": "2024-09-17 11:45:42.641",
            "ProcessGuid": "{cec53bf7-6be6-66e9-3957-000000000800}",
            "ProcessId": "11528",
            "Image": "C:\\Windows\\SoftwareDistribution\\Download\\Install\\UpdatePlatform.amd64fre.exe",
            "TargetFilename": "C:\\Windows\\SystemTemp\\E8B0C1F9-1346-44F4-AFD7-3BE9EF7357B6\\MpAsDesc.dll",
            "CreationUtcTime": "2024-09-17 11:45:42.641",
            "User": "NT AUTHORITY\\SYSTEM"
        }
    },
    {
        "event_id": 11,
        "description": "File creation time changed",
        "time_generated": "2024-09-17T11:45:42.6289125Z",
        "computer_name": "RACM",
        "details": {
            "RuleName": "DLL",
            "UtcTime": "2024-09-17 11:45:42.625",
            "ProcessGuid": "{cec53bf7-6be6-66e9-3957-000000000800}",
            "ProcessId": "11528",
            "Image": "C:\\Windows\\SoftwareDistribution\\Download\\Install\\UpdatePlatform.amd64fre.exe",
            "TargetFilename": "C:\\Windows\\SystemTemp\\E8B0C1F9-1346-44F4-AFD7-3BE9EF7357B6\\DefenderCSP.dll",
            "CreationUtcTime": "2024-09-17 11:45:42.625",
            "User": "NT AUTHORITY\\SYSTEM"
        }
    },
    {
        "event_id": 11,
        "description": "File creation time changed",
        "time_generated": "2024-09-17T11:45:42.1880242Z",
        "computer_name": "RACM",
        "details": {
            "RuleName": "EXE",
            "UtcTime": "2024-09-17 11:45:42.186",
            "ProcessGuid": "{cec53bf7-6bdf-66e9-3557-000000000800}",
            "ProcessId": "24388",
            "Image": "C:\\Windows\\system32\\svchost.exe",
            "TargetFilename": "C:\\Windows\\SoftwareDistribution\\Download\\Install\\UpdatePlatform.amd64fre.exe",
            "CreationUtcTime": "2024-09-17 11:45:42.186",
            "User": "NT AUTHORITY\\SYSTEM"
        }
    },
    {
        "event_id": 11,
        "description": "File creation time changed",
        "time_generated": "2024-09-17T11:41:00.2483821Z",
        "computer_name": "RACM",
        "details": {
            "RuleName": "-",
            "UtcTime": "2024-09-17 11:41:00.247",
            "ProcessGuid": "{cec53bf7-6ac9-66e9-9956-000000000800}",
            "ProcessId": "5844",
            "Image": "C:\\Users\\raulr\\AppData\\Local\\Programs\\Python\\Python312\\python.exe",
            "TargetFilename": "C:\\Users\\raulr\\AppData\\Local\\Programs\\Python\\Python312\\Lib\\site-packages\\win32comext\\axscript\\test\\debugTest.vbs",
            "CreationUtcTime": "2024-09-17 11:41:00.247",
            "User": "RACM\\raulr"
        }
    },
    {
        "event_id": 11,
        "description": "File creation time changed",
        "time_generated": "2024-09-17T11:41:00.1916241Z",
        "computer_name": "RACM",
        "details": {
            "RuleName": "-",
            "UtcTime": "2024-09-17 11:41:00.191",
            "ProcessGuid": "{cec53bf7-6ac9-66e9-9956-000000000800}",
            "ProcessId": "5844",
            "Image": "C:\\Users\\raulr\\AppData\\Local\\Programs\\Python\\Python312\\python.exe",
            "TargetFilename": "C:\\Users\\raulr\\AppData\\Local\\Programs\\Python\\Python312\\Lib\\site-packages\\win32com\\test\\testInterp.vbs",
            "CreationUtcTime": "2024-09-17 11:41:00.191",
            "User": "RACM\\raulr"
        }
    },
    {
        "event_id": 11,
        "description": "File creation time changed",
        "time_generated": "2024-09-17T11:41:00.1884340Z",
        "computer_name": "RACM",
        "details": {
            "RuleName": "-",
            "UtcTime": "2024-09-17 11:41:00.188",
            "ProcessGuid": "{cec53bf7-6ac9-66e9-9956-000000000800}",
            "ProcessId": "5844",
            "Image": "C:\\Users\\raulr\\AppData\\Local\\Programs\\Python\\Python312\\python.exe",
            "TargetFilename": "C:\\Users\\raulr\\AppData\\Local\\Programs\\Python\\Python312\\Lib\\site-packages\\win32com\\test\\testDictionary.vbs",
            "CreationUtcTime": "2024-09-17 11:41:00.188",
            "User": "RACM\\raulr"
        }
    },
    {
        "event_id": 11,
        "description": "File creation time changed",
        "time_generated": "2024-09-17T11:41:00.1787041Z",
        "computer_name": "RACM",
        "details": {
            "RuleName": "-",
            "UtcTime": "2024-09-17 11:41:00.174",
            "ProcessGuid": "{cec53bf7-6ac9-66e9-9956-000000000800}",
            "ProcessId": "5844",
            "Image": "C:\\Users\\raulr\\AppData\\Local\\Programs\\Python\\Python312\\python.exe",
            "TargetFilename": "C:\\Users\\raulr\\AppData\\Local\\Programs\\Python\\Python312\\Lib\\site-packages\\win32com\\test\\Testpys.sct",
            "CreationUtcTime": "2024-09-17 11:41:00.174",
            "User": "RACM\\raulr"
        }
    },
    {
        "event_id": 11,
        "description": "File creation time changed",
        "time_generated": "2024-09-17T11:41:00.0124930Z",
        "computer_name": "RACM",
        "details": {
            "RuleName": "EXE",
            "UtcTime": "2024-09-17 11:41:00.008",
            "ProcessGuid": "{cec53bf7-6ac9-66e9-9956-000000000800}",
            "ProcessId": "5844",
            "Image": "C:\\Users\\raulr\\AppData\\Local\\Programs\\Python\\Python312\\python.exe",
            "TargetFilename": "C:\\Users\\raulr\\AppData\\Local\\Programs\\Python\\Python312\\Lib\\site-packages\\win32\\pythonservice.exe",
            "CreationUtcTime": "2024-09-17 11:41:00.008",
            "User": "RACM\\raulr"
        }
    },
    {
        "event_id": 11,
        "description": "File creation time changed",
        "time_generated": "2024-09-17T11:41:00.0115402Z",
        "computer_name": "RACM",
        "details": {
            "RuleName": "DLL",
            "UtcTime": "2024-09-17 11:41:00.008",
            "ProcessGuid": "{cec53bf7-6ac9-66e9-9956-000000000800}",
            "ProcessId": "5844",
            "Image": "C:\\Users\\raulr\\AppData\\Local\\Programs\\Python\\Python312\\python.exe",
            "TargetFilename": "C:\\Users\\raulr\\AppData\\Local\\Programs\\Python\\Python312\\Lib\\site-packages\\win32\\perfmondata.dll",
            "CreationUtcTime": "2024-09-17 11:41:00.008",
            "User": "RACM\\raulr"
        }
    },
    {
        "event_id": 11,
        "description": "File creation time changed",
        "time_generated": "2024-09-17T11:41:00.0040975Z",
        "computer_name": "RACM",
        "details": {
            "RuleName": "DLL",
            "UtcTime": "2024-09-17 11:41:00.000",
            "ProcessGuid": "{cec53bf7-6ac9-66e9-9956-000000000800}",
            "ProcessId": "5844",
            "Image": "C:\\Users\\raulr\\AppData\\Local\\Programs\\Python\\Python312\\python.exe",
            "TargetFilename": "C:\\Users\\raulr\\AppData\\Local\\Programs\\Python\\Python312\\Lib\\site-packages\\pywin32_system32\\pywintypes312.dll",
            "CreationUtcTime": "2024-09-17 11:41:00.000",
            "User": "RACM\\raulr"
        }
    },
    {
        "event_id": 11,
        "description": "File creation time changed",
        "time_generated": "2024-09-17T11:40:59.9993127Z",
        "computer_name": "RACM",
        "details": {
            "RuleName": "DLL",
            "UtcTime": "2024-09-17 11:40:59.997",
            "ProcessGuid": "{cec53bf7-6ac9-66e9-9956-000000000800}",
            "ProcessId": "5844",
            "Image": "C:\\Users\\raulr\\AppData\\Local\\Programs\\Python\\Python312\\python.exe",
            "TargetFilename": "C:\\Users\\raulr\\AppData\\Local\\Programs\\Python\\Python312\\Lib\\site-packages\\pywin32_system32\\pythoncom312.dll",
            "CreationUtcTime": "2024-09-17 11:40:59.997",
            "User": "RACM\\raulr"
        }
    },
    {
        "event_id": 11,
        "description": "File creation time changed",
        "time_generated": "2024-09-17T11:40:59.9069505Z",
        "computer_name": "RACM",
        "details": {
            "RuleName": "DLL",
            "UtcTime": "2024-09-17 11:40:59.904",
            "ProcessGuid": "{cec53bf7-6ac9-66e9-9956-000000000800}",
            "ProcessId": "5844",
            "Image": "C:\\Users\\raulr\\AppData\\Local\\Programs\\Python\\Python312\\python.exe",
            "TargetFilename": "C:\\Users\\raulr\\AppData\\Local\\Programs\\Python\\Python312\\Lib\\site-packages\\pythonwin\\scintilla.dll",
            "CreationUtcTime": "2024-09-17 11:40:59.885",
            "User": "RACM\\raulr"
        }
    },
    {
        "event_id": 11,
        "description": "File creation time changed",
        "time_generated": "2024-09-17T11:40:59.8529676Z",
        "computer_name": "RACM",
        "details": {
            "RuleName": "DLL",
            "UtcTime": "2024-09-17 11:40:59.852",
            "ProcessGuid": "{cec53bf7-6ac9-66e9-9956-000000000800}",
            "ProcessId": "5844",
            "Image": "C:\\Users\\raulr\\AppData\\Local\\Programs\\Python\\Python312\\python.exe",
            "TargetFilename": "C:\\Users\\raulr\\AppData\\Local\\Programs\\Python\\Python312\\Lib\\site-packages\\pythonwin\\mfc140u.dll",
            "CreationUtcTime": "2024-09-17 11:40:59.852",
            "User": "RACM\\raulr"
        }
    },
    {
        "event_id": 11,
        "description": "File creation time changed",
        "time_generated": "2024-09-17T11:40:59.8501876Z",
        "computer_name": "RACM",
        "details": {
            "RuleName": "EXE",
            "UtcTime": "2024-09-17 11:40:59.849",
            "ProcessGuid": "{cec53bf7-6ac9-66e9-9956-000000000800}",
            "ProcessId": "5844",
            "Image": "C:\\Users\\raulr\\AppData\\Local\\Programs\\Python\\Python312\\python.exe",
            "TargetFilename": "C:\\Users\\raulr\\AppData\\Local\\Programs\\Python\\Python312\\Lib\\site-packages\\pythonwin\\Pythonwin.exe",
            "CreationUtcTime": "2024-09-17 11:40:59.849",
            "User": "RACM\\raulr"
        }
    },
    {
        "event_id": 11,
        "description": "File creation time changed",
        "time_generated": "2024-09-17T11:40:59.8348230Z",
        "computer_name": "RACM",
        "details": {
            "RuleName": "DLL",
            "UtcTime": "2024-09-17 11:40:59.834",
            "ProcessGuid": "{cec53bf7-6ac9-66e9-9956-000000000800}",
            "ProcessId": "5844",
            "Image": "C:\\Users\\raulr\\AppData\\Local\\Programs\\Python\\Python312\\python.exe",
            "TargetFilename": "C:\\Users\\raulr\\AppData\\Local\\Programs\\Python\\Python312\\Lib\\site-packages\\isapi\\PyISAPI_loader.dll",
            "CreationUtcTime": "2024-09-17 11:40:59.834",
            "User": "RACM\\raulr"
        }
    },
    {
        "event_id": 11,
        "description": "File creation time changed",
        "time_generated": "2024-09-17T11:40:59.7919711Z",
        "computer_name": "RACM",
        "details": {
            "RuleName": "-",
            "UtcTime": "2024-09-17 11:40:59.790",
            "ProcessGuid": "{cec53bf7-6ac9-66e9-9956-000000000800}",
            "ProcessId": "5844",
            "Image": "C:\\Users\\raulr\\AppData\\Local\\Programs\\Python\\Python312\\python.exe",
            "TargetFilename": "C:\\Users\\raulr\\AppData\\Local\\Programs\\Python\\Python312\\Lib\\site-packages\\PyWin32.chm",
            "CreationUtcTime": "2024-09-17 11:40:59.790",
            "User": "RACM\\raulr"
        }
    },
    {
        "event_id": 11,
        "description": "File creation time changed",
        "time_generated": "2024-09-17T11:37:57.4504224Z",
        "computer_name": "RACM",
        "details": {
            "RuleName": "-",
            "UtcTime": "2024-09-17 11:37:57.449",
            "ProcessGuid": "{cec53bf7-6a15-66e9-3756-000000000800}",
            "ProcessId": "19000",
            "Image": "C:\\Windows\\System32\\WindowsPowerShell\\v1.0\\powershell.exe",
            "TargetFilename": "C:\\Users\\raulr\\AppData\\Local\\Temp\\__PSScriptPolicyTest_ykpz3yu5.lxt.ps1",
            "CreationUtcTime": "2024-09-17 11:37:57.449",
            "User": "RACM\\raulr"
        }
    },
    {
        "event_id": 11,
        "description": "File creation time changed",
        "time_generated": "2024-09-17T11:36:12.8568577Z",
        "computer_name": "RACM",
        "details": {
            "RuleName": "-",
            "UtcTime": "2024-09-17 11:36:12.855",
            "ProcessGuid": "{cec53bf7-69aa-66e9-aa55-000000000800}",
            "ProcessId": "23980",
            "Image": "C:\\Users\\raulr\\AppData\\Local\\Programs\\Python\\Python312\\python.exe",
            "TargetFilename": "C:\\Users\\raulr\\AppData\\Local\\Programs\\Python\\Python312\\Lib\\site-packages\\win32comext\\axscript\\test\\debugTest.vbs",
            "CreationUtcTime": "2024-09-17 11:36:12.855",
            "User": "RACM\\raulr"
        }
    },
    {
        "event_id": 11,
        "description": "File creation time changed",
        "time_generated": "2024-09-17T11:36:12.7888298Z",
        "computer_name": "RACM",
        "details": {
            "RuleName": "-",
            "UtcTime": "2024-09-17 11:36:12.786",
            "ProcessGuid": "{cec53bf7-69aa-66e9-aa55-000000000800}",
            "ProcessId": "23980",
            "Image": "C:\\Users\\raulr\\AppData\\Local\\Programs\\Python\\Python312\\python.exe",
            "TargetFilename": "C:\\Users\\raulr\\AppData\\Local\\Programs\\Python\\Python312\\Lib\\site-packages\\win32com\\test\\testInterp.vbs",
            "CreationUtcTime": "2024-09-17 11:36:12.786",
            "User": "RACM\\raulr"
        }
    },
    {
        "event_id": 11,
        "description": "File creation time changed",
        "time_generated": "2024-09-17T11:36:12.7843867Z",
        "computer_name": "RACM",
        "details": {
            "RuleName": "-",
            "UtcTime": "2024-09-17 11:36:12.783",
            "ProcessGuid": "{cec53bf7-69aa-66e9-aa55-000000000800}",
            "ProcessId": "23980",
            "Image": "C:\\Users\\raulr\\AppData\\Local\\Programs\\Python\\Python312\\python.exe",
            "TargetFilename": "C:\\Users\\raulr\\AppData\\Local\\Programs\\Python\\Python312\\Lib\\site-packages\\win32com\\test\\testDictionary.vbs",
            "CreationUtcTime": "2024-09-17 11:36:12.783",
            "User": "RACM\\raulr"
        }
    },
    {
        "event_id": 11,
        "description": "File creation time changed",
        "time_generated": "2024-09-17T11:36:12.7722408Z",
        "computer_name": "RACM",
        "details": {
            "RuleName": "-",
            "UtcTime": "2024-09-17 11:36:12.771",
            "ProcessGuid": "{cec53bf7-69aa-66e9-aa55-000000000800}",
            "ProcessId": "23980",
            "Image": "C:\\Users\\raulr\\AppData\\Local\\Programs\\Python\\Python312\\python.exe",
            "TargetFilename": "C:\\Users\\raulr\\AppData\\Local\\Programs\\Python\\Python312\\Lib\\site-packages\\win32com\\test\\Testpys.sct",
            "CreationUtcTime": "2024-09-17 11:36:12.771",
            "User": "RACM\\raulr"
        }
    },
    {
        "event_id": 11,
        "description": "File creation time changed",
        "time_generated": "2024-09-17T11:36:12.5622603Z",
        "computer_name": "RACM",
        "details": {
            "RuleName": "EXE",
            "UtcTime": "2024-09-17 11:36:12.561",
            "ProcessGuid": "{cec53bf7-69aa-66e9-aa55-000000000800}",
            "ProcessId": "23980",
            "Image": "C:\\Users\\raulr\\AppData\\Local\\Programs\\Python\\Python312\\python.exe",
            "TargetFilename": "C:\\Users\\raulr\\AppData\\Local\\Programs\\Python\\Python312\\Lib\\site-packages\\win32\\pythonservice.exe",
            "CreationUtcTime": "2024-09-17 11:36:12.561",
            "User": "RACM\\raulr"
        }
    },
    {
        "event_id": 11,
        "description": "File creation time changed",
        "time_generated": "2024-09-17T11:36:12.5615249Z",
        "computer_name": "RACM",
        "details": {
            "RuleName": "DLL",
            "UtcTime": "2024-09-17 11:36:12.557",
            "ProcessGuid": "{cec53bf7-69aa-66e9-aa55-000000000800}",
            "ProcessId": "23980",
            "Image": "C:\\Users\\raulr\\AppData\\Local\\Programs\\Python\\Python312\\python.exe",
            "TargetFilename": "C:\\Users\\raulr\\AppData\\Local\\Programs\\Python\\Python312\\Lib\\site-packages\\win32\\perfmondata.dll",
            "CreationUtcTime": "2024-09-17 11:36:12.557",
            "User": "RACM\\raulr"
        }
    },
    {
        "event_id": 11,
        "description": "File creation time changed",
        "time_generated": "2024-09-17T11:36:12.5548683Z",
        "computer_name": "RACM",
        "details": {
            "RuleName": "DLL",
            "UtcTime": "2024-09-17 11:36:12.553",
            "ProcessGuid": "{cec53bf7-69aa-66e9-aa55-000000000800}",
            "ProcessId": "23980",
            "Image": "C:\\Users\\raulr\\AppData\\Local\\Programs\\Python\\Python312\\python.exe",
            "TargetFilename": "C:\\Users\\raulr\\AppData\\Local\\Programs\\Python\\Python312\\Lib\\site-packages\\pywin32_system32\\pywintypes312.dll",
            "CreationUtcTime": "2024-09-17 11:36:12.553",
            "User": "RACM\\raulr"
        }
    },
    {
        "event_id": 11,
        "description": "File creation time changed",
        "time_generated": "2024-09-17T11:36:12.5496813Z",
        "computer_name": "RACM",
        "details": {
            "RuleName": "DLL",
            "UtcTime": "2024-09-17 11:36:12.549",
            "ProcessGuid": "{cec53bf7-69aa-66e9-aa55-000000000800}",
            "ProcessId": "23980",
            "Image": "C:\\Users\\raulr\\AppData\\Local\\Programs\\Python\\Python312\\python.exe",
            "TargetFilename": "C:\\Users\\raulr\\AppData\\Local\\Programs\\Python\\Python312\\Lib\\site-packages\\pywin32_system32\\pythoncom312.dll",
            "CreationUtcTime": "2024-09-17 11:36:12.549",
            "User": "RACM\\raulr"
        }
    },
    {
        "event_id": 11,
        "description": "File creation time changed",
        "time_generated": "2024-09-17T11:36:12.4485538Z",
        "computer_name": "RACM",
        "details": {
            "RuleName": "DLL",
            "UtcTime": "2024-09-17 11:36:12.448",
            "ProcessGuid": "{cec53bf7-69aa-66e9-aa55-000000000800}",
            "ProcessId": "23980",
            "Image": "C:\\Users\\raulr\\AppData\\Local\\Programs\\Python\\Python312\\python.exe",
            "TargetFilename": "C:\\Users\\raulr\\AppData\\Local\\Programs\\Python\\Python312\\Lib\\site-packages\\pythonwin\\scintilla.dll",
            "CreationUtcTime": "2024-09-17 11:36:12.440",
            "User": "RACM\\raulr"
        }
    },
    {
        "event_id": 11,
        "description": "File creation time changed",
        "time_generated": "2024-09-17T11:36:12.4033221Z",
        "computer_name": "RACM",
        "details": {
            "RuleName": "DLL",
            "UtcTime": "2024-09-17 11:36:12.403",
            "ProcessGuid": "{cec53bf7-69aa-66e9-aa55-000000000800}",
            "ProcessId": "23980",
            "Image": "C:\\Users\\raulr\\AppData\\Local\\Programs\\Python\\Python312\\python.exe",
            "TargetFilename": "C:\\Users\\raulr\\AppData\\Local\\Programs\\Python\\Python312\\Lib\\site-packages\\pythonwin\\mfc140u.dll",
            "CreationUtcTime": "2024-09-17 11:36:12.399",
            "User": "RACM\\raulr"
        }
    },
    {
        "event_id": 11,
        "description": "File creation time changed",
        "time_generated": "2024-09-17T11:36:12.4007107Z",
        "computer_name": "RACM",
        "details": {
            "RuleName": "EXE",
            "UtcTime": "2024-09-17 11:36:12.399",
            "ProcessGuid": "{cec53bf7-69aa-66e9-aa55-000000000800}",
            "ProcessId": "23980",
            "Image": "C:\\Users\\raulr\\AppData\\Local\\Programs\\Python\\Python312\\python.exe",
            "TargetFilename": "C:\\Users\\raulr\\AppData\\Local\\Programs\\Python\\Python312\\Lib\\site-packages\\pythonwin\\Pythonwin.exe",
            "CreationUtcTime": "2024-09-17 11:36:12.399",
            "User": "RACM\\raulr"
        }
    },
    {
        "event_id": 11,
        "description": "File creation time changed",
        "time_generated": "2024-09-17T11:36:12.3882321Z",
        "computer_name": "RACM",
        "details": {
            "RuleName": "DLL",
            "UtcTime": "2024-09-17 11:36:12.387",
            "ProcessGuid": "{cec53bf7-69aa-66e9-aa55-000000000800}",
            "ProcessId": "23980",
            "Image": "C:\\Users\\raulr\\AppData\\Local\\Programs\\Python\\Python312\\python.exe",
            "TargetFilename": "C:\\Users\\raulr\\AppData\\Local\\Programs\\Python\\Python312\\Lib\\site-packages\\isapi\\PyISAPI_loader.dll",
            "CreationUtcTime": "2024-09-17 11:36:12.387",
            "User": "RACM\\raulr"
        }
    },
    {
        "event_id": 11,
        "description": "File creation time changed",
        "time_generated": "2024-09-17T11:36:12.3504594Z",
        "computer_name": "RACM",
        "details": {
            "RuleName": "-",
            "UtcTime": "2024-09-17 11:36:12.350",
            "ProcessGuid": "{cec53bf7-69aa-66e9-aa55-000000000800}",
            "ProcessId": "23980",
            "Image": "C:\\Users\\raulr\\AppData\\Local\\Programs\\Python\\Python312\\python.exe",
            "TargetFilename": "C:\\Users\\raulr\\AppData\\Local\\Programs\\Python\\Python312\\Lib\\site-packages\\PyWin32.chm",
            "CreationUtcTime": "2024-09-17 11:36:12.350",
            "User": "RACM\\raulr"
        }
    },
    {
        "event_id": 11,
        "description": "File creation time changed",
        "time_generated": "2024-09-17T11:27:45.0649053Z",
        "computer_name": "RACM",
        "details": {
            "RuleName": "EXE",
            "UtcTime": "2024-09-17 11:27:45.064",
            "ProcessGuid": "{cec53bf7-66ba-66e9-2e53-000000000800}",
            "ProcessId": "6228",
            "Image": "C:\\Windows\\system32\\svchost.exe",
            "TargetFilename": "C:\\Users\\raulr\\AppData\\Local\\Microsoft\\WindowsApps\\Microsoft.WindowsNotepad_8wekyb3d8bbwe\\notepad.exe",
            "CreationUtcTime": "2024-09-17 11:27:45.064",
            "User": "NT AUTHORITY\\SYSTEM"
        }
    },
    {
        "event_id": 11,
        "description": "File creation time changed",
        "time_generated": "2024-09-17T11:27:45.0642833Z",
        "computer_name": "RACM",
        "details": {
            "RuleName": "EXE",
            "UtcTime": "2024-09-17 11:27:45.063",
            "ProcessGuid": "{cec53bf7-66ba-66e9-2e53-000000000800}",
            "ProcessId": "6228",
            "Image": "C:\\Windows\\system32\\svchost.exe",
            "TargetFilename": "C:\\Users\\raulr\\AppData\\Local\\Microsoft\\WindowsApps\\notepad.exe",
            "CreationUtcTime": "2024-09-10 14:48:29.840",
            "User": "NT AUTHORITY\\SYSTEM"
        }
    },
    {
        "event_id": 11,
        "description": "File creation time changed",
        "time_generated": "2024-09-17T11:27:44.4118667Z",
        "computer_name": "RACM",
        "details": {
            "RuleName": "DLL",
            "UtcTime": "2024-09-17 11:27:44.408",
            "ProcessGuid": "{cec53bf7-66ba-66e9-2e53-000000000800}",
            "ProcessId": "6228",
            "Image": "C:\\Windows\\system32\\svchost.exe",
            "TargetFilename": "C:\\Program Files\\WindowsApps\\MicrosoftWindows.Client.WebExperience_524.24900.10.0_x64__cw5n1h2txyewy\\Widgets.dll",
            "CreationUtcTime": "2024-09-17 11:27:44.408",
            "User": "NT AUTHORITY\\SYSTEM"
        }
    },
    {
        "event_id": 11,
        "description": "File creation time changed",
        "time_generated": "2024-09-17T11:27:44.4114333Z",
        "computer_name": "RACM",
        "details": {
            "RuleName": "DLL",
            "UtcTime": "2024-09-17 11:27:44.408",
            "ProcessGuid": "{cec53bf7-66ba-66e9-2e53-000000000800}",
            "ProcessId": "6228",
            "Image": "C:\\Windows\\system32\\svchost.exe",
            "TargetFilename": "C:\\Program Files\\WindowsApps\\MicrosoftWindows.Client.WebExperience_524.24900.10.0_x64__cw5n1h2txyewy\\WidgetBoardView.dll",
            "CreationUtcTime": "2024-09-17 11:27:44.408",
            "User": "NT AUTHORITY\\SYSTEM"
        }
    },
    {
        "event_id": 11,
        "description": "File creation time changed",
        "time_generated": "2024-09-17T11:27:44.4108668Z",
        "computer_name": "RACM",
        "details": {
            "RuleName": "EXE",
            "UtcTime": "2024-09-17 11:27:44.408",
            "ProcessGuid": "{cec53bf7-66ba-66e9-2e53-000000000800}",
            "ProcessId": "6228",
            "Image": "C:\\Windows\\system32\\svchost.exe",
            "TargetFilename": "C:\\Program Files\\WindowsApps\\MicrosoftWindows.Client.WebExperience_524.24900.10.0_x64__cw5n1h2txyewy\\WidgetBoard.exe",
            "CreationUtcTime": "2024-09-17 11:27:44.408",
            "User": "NT AUTHORITY\\SYSTEM"
        }
    },
    {
        "event_id": 11,
        "description": "File creation time changed",
        "time_generated": "2024-09-17T11:27:44.4104179Z",
        "computer_name": "RACM",
        "details": {
            "RuleName": "DLL",
            "UtcTime": "2024-09-17 11:27:44.408",
            "ProcessGuid": "{cec53bf7-66ba-66e9-2e53-000000000800}",
            "ProcessId": "6228",
            "Image": "C:\\Windows\\system32\\svchost.exe",
            "TargetFilename": "C:\\Program Files\\WindowsApps\\MicrosoftWindows.Client.WebExperience_524.24900.10.0_x64__cw5n1h2txyewy\\TemplateExpander.dll",
            "CreationUtcTime": "2024-09-17 11:27:44.408",
            "User": "NT AUTHORITY\\SYSTEM"
        }
    },
    {
        "event_id": 11,
        "description": "File creation time changed",
        "time_generated": "2024-09-17T11:27:44.4094992Z",
        "computer_name": "RACM",
        "details": {
            "RuleName": "DLL",
            "UtcTime": "2024-09-17 11:27:44.408",
            "ProcessGuid": "{cec53bf7-66ba-66e9-2e53-000000000800}",
            "ProcessId": "6228",
            "Image": "C:\\Windows\\system32\\svchost.exe",
            "TargetFilename": "C:\\Program Files\\WindowsApps\\MicrosoftWindows.Client.WebExperience_524.24900.10.0_x64__cw5n1h2txyewy\\Microsoft.Windows.Widgets.dll",
            "CreationUtcTime": "2024-09-17 11:27:44.408",
            "User": "NT AUTHORITY\\SYSTEM"
        }
    },
    {
        "event_id": 11,
        "description": "File creation time changed",
        "time_generated": "2024-09-17T11:27:44.4084982Z",
        "computer_name": "RACM",
        "details": {
            "RuleName": "DLL",
            "UtcTime": "2024-09-17 11:27:44.404",
            "ProcessGuid": "{cec53bf7-66ba-66e9-2e53-000000000800}",
            "ProcessId": "6228",
            "Image": "C:\\Windows\\system32\\svchost.exe",
            "TargetFilename": "C:\\Program Files\\WindowsApps\\MicrosoftWindows.Client.WebExperience_524.24900.10.0_x64__cw5n1h2txyewy\\Dashboard\\wv2winrt.dll",
            "CreationUtcTime": "2024-09-17 11:27:44.404",
            "User": "NT AUTHORITY\\SYSTEM"
        }
    },
    {
        "event_id": 11,
        "description": "File creation time changed",
        "time_generated": "2024-09-17T11:27:44.4080905Z",
        "computer_name": "RACM",
        "details": {
            "RuleName": "EXE",
            "UtcTime": "2024-09-17 11:27:44.404",
            "ProcessGuid": "{cec53bf7-66ba-66e9-2e53-000000000800}",
            "ProcessId": "6228",
            "Image": "C:\\Windows\\system32\\svchost.exe",
            "TargetFilename": "C:\\Program Files\\WindowsApps\\MicrosoftWindows.Client.WebExperience_524.24900.10.0_x64__cw5n1h2txyewy\\Dashboard\\Widgets.exe",
            "CreationUtcTime": "2024-09-17 11:27:44.404",
            "User": "NT AUTHORITY\\SYSTEM"
        }
    },
    {
        "event_id": 11,
        "description": "File creation time changed",
        "time_generated": "2024-09-17T11:27:44.4071069Z",
        "computer_name": "RACM",
        "details": {
            "RuleName": "DLL",
            "UtcTime": "2024-09-17 11:27:44.404",
            "ProcessGuid": "{cec53bf7-66ba-66e9-2e53-000000000800}",
            "ProcessId": "6228",
            "Image": "C:\\Windows\\system32\\svchost.exe",
            "TargetFilename": "C:\\Program Files\\WindowsApps\\MicrosoftWindows.Client.WebExperience_524.24900.10.0_x64__cw5n1h2txyewy\\Dashboard\\WidgetPicker.dll",
            "CreationUtcTime": "2024-09-17 11:27:44.404",
            "User": "NT AUTHORITY\\SYSTEM"
        }
    },
    {
        "event_id": 11,
        "description": "File creation time changed",
        "time_generated": "2024-09-17T11:27:44.4068155Z",
        "computer_name": "RACM",
        "details": {
            "RuleName": "DLL",
            "UtcTime": "2024-09-17 11:27:44.404",
            "ProcessGuid": "{cec53bf7-66ba-66e9-2e53-000000000800}",
            "ProcessId": "6228",
            "Image": "C:\\Windows\\system32\\svchost.exe",
            "TargetFilename": "C:\\Program Files\\WindowsApps\\MicrosoftWindows.Client.WebExperience_524.24900.10.0_x64__cw5n1h2txyewy\\Dashboard\\WebView2Loader.dll",
            "CreationUtcTime": "2024-09-17 11:27:44.404",
            "User": "NT AUTHORITY\\SYSTEM"
        }
    },
    {
        "event_id": 11,
        "description": "File creation time changed",
        "time_generated": "2024-09-17T11:27:44.3726295Z",
        "computer_name": "RACM",
        "details": {
            "RuleName": "DLL",
            "UtcTime": "2024-09-17 11:27:44.371",
            "ProcessGuid": "{cec53bf7-66ba-66e9-2e53-000000000800}",
            "ProcessId": "6228",
            "Image": "C:\\Windows\\system32\\svchost.exe",
            "TargetFilename": "C:\\Program Files\\WindowsApps\\MicrosoftWindows.Client.WebExperience_524.24900.10.0_x64__cw5n1h2txyewy\\Dashboard\\Microsoft.Windows.Widgets.dll",
            "CreationUtcTime": "2024-09-17 11:27:44.371",
            "User": "NT AUTHORITY\\SYSTEM"
        }
    },
    {
        "event_id": 11,
        "description": "File creation time changed",
        "time_generated": "2024-09-17T11:27:44.3659570Z",
        "computer_name": "RACM",
        "details": {
            "RuleName": "DLL",
            "UtcTime": "2024-09-17 11:27:44.363",
            "ProcessGuid": "{cec53bf7-66ba-66e9-2e53-000000000800}",
            "ProcessId": "6228",
            "Image": "C:\\Windows\\system32\\svchost.exe",
            "TargetFilename": "C:\\Program Files\\WindowsApps\\MicrosoftWindows.Client.WebExperience_524.24900.10.0_x64__cw5n1h2txyewy\\AdaptiveCards.Rendering.WinUI3.dll",
            "CreationUtcTime": "2024-09-17 11:27:44.363",
            "User": "NT AUTHORITY\\SYSTEM"
        }
    },
    {
        "event_id": 11,
        "description": "File creation time changed",
        "time_generated": "2024-09-17T11:27:44.3655751Z",
        "computer_name": "RACM",
        "details": {
            "RuleName": "DLL",
            "UtcTime": "2024-09-17 11:27:44.363",
            "ProcessGuid": "{cec53bf7-66ba-66e9-2e53-000000000800}",
            "ProcessId": "6228",
            "Image": "C:\\Windows\\system32\\svchost.exe",
            "TargetFilename": "C:\\Program Files\\WindowsApps\\MicrosoftWindows.Client.WebExperience_524.24900.10.0_x64__cw5n1h2txyewy\\AdaptiveCards.ObjectModel.WinUI3.dll",
            "CreationUtcTime": "2024-09-17 11:27:44.363",
            "User": "NT AUTHORITY\\SYSTEM"
        }
    },
    {
        "event_id": 11,
        "description": "File creation time changed",
        "time_generated": "2024-09-17T11:27:41.4344472Z",
        "computer_name": "RACM",
        "details": {
            "RuleName": "DLL",
            "UtcTime": "2024-09-17 11:27:41.433",
            "ProcessGuid": "{cec53bf7-66ba-66e9-2e53-000000000800}",
            "ProcessId": "6228",
            "Image": "C:\\Windows\\system32\\svchost.exe",
            "TargetFilename": "C:\\Program Files\\WindowsApps\\Microsoft.WindowsNotepad_11.2407.9.0_x64__8wekyb3d8bbwe\\Notepad\\riched20.dll",
            "CreationUtcTime": "2024-09-17 11:27:41.433",
            "User": "NT AUTHORITY\\SYSTEM"
        }
    },
    {
        "event_id": 11,
        "description": "File creation time changed",
        "time_generated": "2024-09-17T11:27:41.4338272Z",
        "computer_name": "RACM",
        "details": {
            "RuleName": "DLL",
            "UtcTime": "2024-09-17 11:27:41.432",
            "ProcessGuid": "{cec53bf7-66ba-66e9-2e53-000000000800}",
            "ProcessId": "6228",
            "Image": "C:\\Windows\\system32\\svchost.exe",
            "TargetFilename": "C:\\Program Files\\WindowsApps\\Microsoft.WindowsNotepad_11.2407.9.0_x64__8wekyb3d8bbwe\\Notepad\\NotepadXamlUI.dll",
            "CreationUtcTime": "2024-09-17 11:27:41.432",
            "User": "NT AUTHORITY\\SYSTEM"
        }
    },
    {
        "event_id": 11,
        "description": "File creation time changed",
        "time_generated": "2024-09-17T11:27:41.4335349Z",
        "computer_name": "RACM",
        "details": {
            "RuleName": "EXE",
            "UtcTime": "2024-09-17 11:27:41.432",
            "ProcessGuid": "{cec53bf7-66ba-66e9-2e53-000000000800}",
            "ProcessId": "6228",
            "Image": "C:\\Windows\\system32\\svchost.exe",
            "TargetFilename": "C:\\Program Files\\WindowsApps\\Microsoft.WindowsNotepad_11.2407.9.0_x64__8wekyb3d8bbwe\\Notepad\\Notepad.exe",
            "CreationUtcTime": "2024-09-17 11:27:41.432",
            "User": "NT AUTHORITY\\SYSTEM"
        }
    },
    {
        "event_id": 11,
        "description": "File creation time changed",
        "time_generated": "2024-09-17T11:27:41.4331469Z",
        "computer_name": "RACM",
        "details": {
            "RuleName": "DLL",
            "UtcTime": "2024-09-17 11:27:41.432",
            "ProcessGuid": "{cec53bf7-66ba-66e9-2e53-000000000800}",
            "ProcessId": "6228",
            "Image": "C:\\Windows\\system32\\svchost.exe",
            "TargetFilename": "C:\\Program Files\\WindowsApps\\Microsoft.WindowsNotepad_11.2407.9.0_x64__8wekyb3d8bbwe\\Notepad\\msptls.dll",
            "CreationUtcTime": "2024-09-17 11:27:41.432",
            "User": "NT AUTHORITY\\SYSTEM"
        }
    },
    {
        "event_id": 11,
        "description": "File creation time changed",
        "time_generated": "2024-09-17T11:27:41.4325658Z",
        "computer_name": "RACM",
        "details": {
            "RuleName": "DLL",
            "UtcTime": "2024-09-17 11:27:41.432",
            "ProcessGuid": "{cec53bf7-66ba-66e9-2e53-000000000800}",
            "ProcessId": "6228",
            "Image": "C:\\Windows\\system32\\svchost.exe",
            "TargetFilename": "C:\\Program Files\\WindowsApps\\Microsoft.WindowsNotepad_11.2407.9.0_x64__8wekyb3d8bbwe\\NotepadExplorerCommand\\NotepadExplorerCommand.dll",
            "CreationUtcTime": "2024-09-17 11:27:41.432",
            "User": "NT AUTHORITY\\SYSTEM"
        }
    },
    {
        "event_id": 11,
        "description": "File creation time changed",
        "time_generated": "2024-09-17T11:27:39.4131105Z",
        "computer_name": "RACM",
        "details": {
            "RuleName": "EXE",
            "UtcTime": "2024-09-17 11:27:39.410",
            "ProcessGuid": "{cec53bf7-66ba-66e9-2e53-000000000800}",
            "ProcessId": "6228",
            "Image": "C:\\Windows\\system32\\svchost.exe",
            "TargetFilename": "C:\\Users\\raulr\\AppData\\Local\\Microsoft\\WindowsApps\\Microsoft.XboxGamingOverlay_8wekyb3d8bbwe\\GameBarElevatedFT_Alias.exe",
            "CreationUtcTime": "2024-09-17 11:27:39.410",
            "User": "NT AUTHORITY\\SYSTEM"
        }
    },
    {
        "event_id": 11,
        "description": "File creation time changed",
        "time_generated": "2024-09-17T11:27:39.4109725Z",
        "computer_name": "RACM",
        "details": {
            "RuleName": "EXE",
            "UtcTime": "2024-09-17 11:27:39.410",
            "ProcessGuid": "{cec53bf7-66ba-66e9-2e53-000000000800}",
            "ProcessId": "6228",
            "Image": "C:\\Windows\\system32\\svchost.exe",
            "TargetFilename": "C:\\Users\\raulr\\AppData\\Local\\Microsoft\\WindowsApps\\GameBarElevatedFT_Alias.exe",
            "CreationUtcTime": "2024-09-11 09:15:13.874",
            "User": "NT AUTHORITY\\SYSTEM"
        }
    },
    {
        "event_id": 11,
        "description": "File creation time changed",
        "time_generated": "2024-09-17T11:27:34.8227918Z",
        "computer_name": "RACM",
        "details": {
            "RuleName": "DLL",
            "UtcTime": "2024-09-17 11:27:34.818",
            "ProcessGuid": "{cec53bf7-66ba-66e9-2e53-000000000800}",
            "ProcessId": "6228",
            "Image": "C:\\Windows\\system32\\svchost.exe",
            "TargetFilename": "C:\\Program Files\\WindowsApps\\Microsoft.XboxGamingOverlay_7.224.9031.0_x64__8wekyb3d8bbwe\\Xbox.Experimentation.dll",
            "CreationUtcTime": "2024-09-17 11:27:34.818",
            "User": "NT AUTHORITY\\SYSTEM"
        }
    },
    {
        "event_id": 11,
        "description": "File creation time changed",
        "time_generated": "2024-09-17T11:27:34.8223054Z",
        "computer_name": "RACM",
        "details": {
            "RuleName": "DLL",
            "UtcTime": "2024-09-17 11:27:34.818",
            "ProcessGuid": "{cec53bf7-66ba-66e9-2e53-000000000800}",
            "ProcessId": "6228",
            "Image": "C:\\Windows\\system32\\svchost.exe",
            "TargetFilename": "C:\\Program Files\\WindowsApps\\Microsoft.XboxGamingOverlay_7.224.9031.0_x64__8wekyb3d8bbwe\\OneSettingsClientForwarder.dll",
            "CreationUtcTime": "2024-09-17 11:27:34.818",
            "User": "NT AUTHORITY\\SYSTEM"
        }
    },
    {
        "event_id": 11,
        "description": "File creation time changed",
        "time_generated": "2024-09-17T11:27:34.8215576Z",
        "computer_name": "RACM",
        "details": {
            "RuleName": "DLL",
            "UtcTime": "2024-09-17 11:27:34.818",
            "ProcessGuid": "{cec53bf7-66ba-66e9-2e53-000000000800}",
            "ProcessId": "6228",
            "Image": "C:\\Windows\\system32\\svchost.exe",
            "TargetFilename": "C:\\Program Files\\WindowsApps\\Microsoft.XboxGamingOverlay_7.224.9031.0_x64__8wekyb3d8bbwe\\gamingtelemetrynuget.dll",
            "CreationUtcTime": "2024-09-17 11:27:34.818",
            "User": "NT AUTHORITY\\SYSTEM"
        }
    },
    {
        "event_id": 11,
        "description": "File creation time changed",
        "time_generated": "2024-09-17T11:27:34.8215163Z",
        "computer_name": "RACM",
        "details": {
            "RuleName": "EXE",
            "UtcTime": "2024-09-17 11:27:34.818",
            "ProcessGuid": "{cec53bf7-66ba-66e9-2e53-000000000800}",
            "ProcessId": "6228",
            "Image": "C:\\Windows\\system32\\svchost.exe",
            "TargetFilename": "C:\\Program Files\\WindowsApps\\Microsoft.XboxGamingOverlay_7.224.9031.0_x64__8wekyb3d8bbwe\\GameBarFTServer.exe",
            "CreationUtcTime": "2024-09-17 11:27:34.818",
            "User": "NT AUTHORITY\\SYSTEM"
        }
    },
    {
        "event_id": 11,
        "description": "File creation time changed",
        "time_generated": "2024-09-17T11:27:34.8204082Z",
        "computer_name": "RACM",
        "details": {
            "RuleName": "EXE",
            "UtcTime": "2024-09-17 11:27:34.818",
            "ProcessGuid": "{cec53bf7-66ba-66e9-2e53-000000000800}",
            "ProcessId": "6228",
            "Image": "C:\\Windows\\system32\\svchost.exe",
            "TargetFilename": "C:\\Program Files\\WindowsApps\\Microsoft.XboxGamingOverlay_7.224.9031.0_x64__8wekyb3d8bbwe\\GameBarElevatedFT.exe",
            "CreationUtcTime": "2024-09-17 11:27:34.818",
            "User": "NT AUTHORITY\\SYSTEM"
        }
    },
    {
        "event_id": 11,
        "description": "File creation time changed",
        "time_generated": "2024-09-17T11:27:34.8199191Z",
        "computer_name": "RACM",
        "details": {
            "RuleName": "EXE",
            "UtcTime": "2024-09-17 11:27:34.818",
            "ProcessGuid": "{cec53bf7-66ba-66e9-2e53-000000000800}",
            "ProcessId": "6228",
            "Image": "C:\\Windows\\system32\\svchost.exe",
            "TargetFilename": "C:\\Program Files\\WindowsApps\\Microsoft.XboxGamingOverlay_7.224.9031.0_x64__8wekyb3d8bbwe\\GameBar.exe",
            "CreationUtcTime": "2024-09-17 11:27:34.818",
            "User": "NT AUTHORITY\\SYSTEM"
        }
    },
    {
        "event_id": 11,
        "description": "File creation time changed",
        "time_generated": "2024-09-17T11:27:33.2385383Z",
        "computer_name": "RACM",
        "details": {
            "RuleName": "DLL",
            "UtcTime": "2024-09-17 11:27:33.237",
            "ProcessGuid": "{cec53bf7-66ba-66e9-2e53-000000000800}",
            "ProcessId": "6228",
            "Image": "C:\\Windows\\system32\\svchost.exe",
            "TargetFilename": "C:\\Program Files\\WindowsApps\\Microsoft.HEVCVideoExtension_2.1.2191.0_x64__8wekyb3d8bbwe\\x86\\mfH265Enc.dll",
            "CreationUtcTime": "2024-09-17 11:27:33.237",
            "User": "NT AUTHORITY\\SYSTEM"
        }
    },
    {
        "event_id": 11,
        "description": "File creation time changed",
        "time_generated": "2024-09-17T11:27:33.2379992Z",
        "computer_name": "RACM",
        "details": {
            "RuleName": "DLL",
            "UtcTime": "2024-09-17 11:27:33.237",
            "ProcessGuid": "{cec53bf7-66ba-66e9-2e53-000000000800}",
            "ProcessId": "6228",
            "Image": "C:\\Windows\\system32\\svchost.exe",
            "TargetFilename": "C:\\Program Files\\WindowsApps\\Microsoft.HEVCVideoExtension_2.1.2191.0_x64__8wekyb3d8bbwe\\x86\\HEVCDECODER_STORE.dll",
            "CreationUtcTime": "2024-09-17 11:27:33.237",
            "User": "NT AUTHORITY\\SYSTEM"
        }
    },
