    {
        "event_id": 3,
        "description": "Network connection",
        "time_generated": "2024-09-18T10:27:10.8473905Z",
        "computer_name": "RACM",
        "details": {
            "RuleName": "Usermode",
            "UtcTime": "2024-09-18 10:27:12.854",
            "ProcessGuid": "{cec53bf7-6cb4-66e9-0e58-000000000800}",
            "ProcessId": "15680",
            "Image": "C:\\Users\\raulr\\AppData\\Local\\Programs\\Microsoft VS Code\\Code.exe",
            "User": "RACM\\raulr",
            "Protocol": "tcp",
            "Initiated": "true",
            "SourceIsIpv6": "false",
            "SourceIp": "192.168.60.22",
            "SourceHostname": "-",
            "SourcePort": "62104",
            "SourcePortName": "-",
            "DestinationIsIpv6": "false",
            "DestinationIp": "52.178.17.234",
            "DestinationHostname": "-",
            "DestinationPort": "443",
            "DestinationPortName": "https"
        }
    },
    {
        "event_id": 3,
        "description": "Network connection",
        "time_generated": "2024-09-18T10:27:05.9636881Z",
        "computer_name": "RACM",
        "details": {
            "RuleName": "Usermode",
            "UtcTime": "2024-09-18 10:27:09.025",
            "ProcessGuid": "{cec53bf7-6cb2-66e9-0b58-000000000800}",
            "ProcessId": "11008",
            "Image": "C:\\Users\\raulr\\AppData\\Local\\Programs\\Microsoft VS Code\\Code.exe",
            "User": "RACM\\raulr",
            "Protocol": "udp",
            "Initiated": "true",
            "SourceIsIpv6": "false",
            "SourceIp": "192.168.60.22",
            "SourceHostname": "-",
            "SourcePort": "55402",
            "SourcePortName": "-",
            "DestinationIsIpv6": "false",
            "DestinationIp": "212.128.20.252",
            "DestinationHostname": "ns1.upct.es",
            "DestinationPort": "53",
            "DestinationPortName": "domain"
        }
    },
    {
        "event_id": 3,
        "description": "Network connection",
        "time_generated": "2024-09-18T10:27:05.9636633Z",
        "computer_name": "RACM",
        "details": {
            "RuleName": "Usermode",
            "UtcTime": "2024-09-18 10:27:09.025",
            "ProcessGuid": "{cec53bf7-6cb2-66e9-0b58-000000000800}",
            "ProcessId": "11008",
            "Image": "C:\\Users\\raulr\\AppData\\Local\\Programs\\Microsoft VS Code\\Code.exe",
            "User": "RACM\\raulr",
            "Protocol": "udp",
            "Initiated": "true",
            "SourceIsIpv6": "false",
            "SourceIp": "192.168.60.22",
            "SourceHostname": "-",
            "SourcePort": "50815",
            "SourcePortName": "-",
            "DestinationIsIpv6": "false",
            "DestinationIp": "212.128.20.252",
            "DestinationHostname": "ns1.upct.es",
            "DestinationPort": "53",
            "DestinationPortName": "domain"
        }
    },
    {
        "event_id": 3,
        "description": "Network connection",
        "time_generated": "2024-09-18T10:26:31.3360193Z",
        "computer_name": "RACM",
        "details": {
            "RuleName": "Usermode",
            "UtcTime": "2024-09-18 10:26:33.141",
            "ProcessGuid": "{cec53bf7-6cb4-66e9-0e58-000000000800}",
            "ProcessId": "15680",
            "Image": "C:\\Users\\raulr\\AppData\\Local\\Programs\\Microsoft VS Code\\Code.exe",
            "User": "RACM\\raulr",
            "Protocol": "tcp",
            "Initiated": "true",
            "SourceIsIpv6": "false",
            "SourceIp": "192.168.60.22",
            "SourceHostname": "-",
            "SourcePort": "62101",
            "SourcePortName": "-",
            "DestinationIsIpv6": "false",
            "DestinationIp": "52.168.117.168",
            "DestinationHostname": "-",
            "DestinationPort": "443",
            "DestinationPortName": "https"
        }
    },
    {
        "event_id": 3,
        "description": "Network connection",
        "time_generated": "2024-09-18T10:26:04.0981913Z",
        "computer_name": "RACM",
        "details": {
            "RuleName": "Usermode",
            "UtcTime": "2024-09-18 10:26:07.162",
            "ProcessGuid": "{cec53bf7-6cb4-66e9-0e58-000000000800}",
            "ProcessId": "15680",
            "Image": "C:\\Users\\raulr\\AppData\\Local\\Programs\\Microsoft VS Code\\Code.exe",
            "User": "RACM\\raulr",
            "Protocol": "tcp",
            "Initiated": "true",
            "SourceIsIpv6": "false",
            "SourceIp": "192.168.60.22",
            "SourceHostname": "-",
            "SourcePort": "62099",
            "SourcePortName": "-",
            "DestinationIsIpv6": "false",
            "DestinationIp": "52.168.117.168",
            "DestinationHostname": "-",
            "DestinationPort": "443",
            "DestinationPortName": "https"
        }
    },
    {
        "event_id": 3,
        "description": "Network connection",
        "time_generated": "2024-09-18T10:26:04.0981693Z",
        "computer_name": "RACM",
        "details": {
            "RuleName": "Usermode",
            "UtcTime": "2024-09-18 10:26:06.945",
            "ProcessGuid": "{cec53bf7-6cb2-66e9-0b58-000000000800}",
            "ProcessId": "11008",
            "Image": "C:\\Users\\raulr\\AppData\\Local\\Programs\\Microsoft VS Code\\Code.exe",
            "User": "RACM\\raulr",
            "Protocol": "tcp",
            "Initiated": "true",
            "SourceIsIpv6": "false",
            "SourceIp": "192.168.60.22",
            "SourceHostname": "-",
            "SourcePort": "62098",
            "SourcePortName": "-",
            "DestinationIsIpv6": "false",
            "DestinationIp": "52.168.117.168",
            "DestinationHostname": "-",
            "DestinationPort": "443",
            "DestinationPortName": "https"
        }
    },
    {
        "event_id": 3,
        "description": "Network connection",
        "time_generated": "2024-09-18T10:26:04.0981461Z",
        "computer_name": "RACM",
        "details": {
            "RuleName": "Usermode",
            "UtcTime": "2024-09-18 10:26:06.891",
            "ProcessGuid": "{cec53bf7-6cb2-66e9-0b58-000000000800}",
            "ProcessId": "11008",
            "Image": "C:\\Users\\raulr\\AppData\\Local\\Programs\\Microsoft VS Code\\Code.exe",
            "User": "RACM\\raulr",
            "Protocol": "udp",
            "Initiated": "true",
            "SourceIsIpv6": "false",
            "SourceIp": "192.168.60.22",
            "SourceHostname": "-",
            "SourcePort": "53980",
            "SourcePortName": "-",
            "DestinationIsIpv6": "false",
            "DestinationIp": "212.128.20.252",
            "DestinationHostname": "ns1.upct.es",
            "DestinationPort": "53",
            "DestinationPortName": "domain"
        }
    },
    {
        "event_id": 3,
        "description": "Network connection",
        "time_generated": "2024-09-18T10:26:04.0981164Z",
        "computer_name": "RACM",
        "details": {
            "RuleName": "Usermode",
            "UtcTime": "2024-09-18 10:26:06.891",
            "ProcessGuid": "{cec53bf7-6cb2-66e9-0b58-000000000800}",
            "ProcessId": "11008",
            "Image": "C:\\Users\\raulr\\AppData\\Local\\Programs\\Microsoft VS Code\\Code.exe",
            "User": "RACM\\raulr",
            "Protocol": "udp",
            "Initiated": "true",
            "SourceIsIpv6": "false",
            "SourceIp": "192.168.60.22",
            "SourceHostname": "-",
            "SourcePort": "54655",
            "SourcePortName": "-",
            "DestinationIsIpv6": "false",
            "DestinationIp": "212.128.20.252",
            "DestinationHostname": "ns1.upct.es",
            "DestinationPort": "53",
            "DestinationPortName": "domain"
        }
    },
    {
        "event_id": 3,
        "description": "Network connection",
        "time_generated": "2024-09-18T10:22:31.2926860Z",
        "computer_name": "RACM",
        "details": {
            "RuleName": "Usermode",
            "UtcTime": "2024-09-18 10:22:33.733",
            "ProcessGuid": "{cec53bf7-6cb4-66e9-0e58-000000000800}",
            "ProcessId": "15680",
            "Image": "C:\\Users\\raulr\\AppData\\Local\\Programs\\Microsoft VS Code\\Code.exe",
            "User": "RACM\\raulr",
            "Protocol": "tcp",
            "Initiated": "true",
            "SourceIsIpv6": "false",
            "SourceIp": "192.168.60.22",
            "SourceHostname": "-",
            "SourcePort": "62074",
            "SourcePortName": "-",
            "DestinationIsIpv6": "false",
            "DestinationIp": "51.105.71.136",
            "DestinationHostname": "-",
            "DestinationPort": "443",
            "DestinationPortName": "https"
        }
    },
    {
        "event_id": 3,
        "description": "Network connection",
        "time_generated": "2024-09-18T10:22:19.2171589Z",
        "computer_name": "RACM",
        "details": {
            "RuleName": "Usermode",
            "UtcTime": "2024-09-18 10:22:22.311",
            "ProcessGuid": "{cec53bf7-6cb4-66e9-0e58-000000000800}",
            "ProcessId": "15680",
            "Image": "C:\\Users\\raulr\\AppData\\Local\\Programs\\Microsoft VS Code\\Code.exe",
            "User": "RACM\\raulr",
            "Protocol": "tcp",
            "Initiated": "true",
            "SourceIsIpv6": "false",
            "SourceIp": "192.168.60.22",
            "SourceHostname": "-",
            "SourcePort": "62073",
            "SourcePortName": "-",
            "DestinationIsIpv6": "false",
            "DestinationIp": "104.208.16.91",
            "DestinationHostname": "-",
            "DestinationPort": "443",
            "DestinationPortName": "https"
        }
    },
    {
        "event_id": 3,
        "description": "Network connection",
        "time_generated": "2024-09-18T10:22:00.6829308Z",
        "computer_name": "RACM",
        "details": {
            "RuleName": "Usermode",
            "UtcTime": "2024-09-18 10:22:03.003",
            "ProcessGuid": "{cec53bf7-6cb4-66e9-0e58-000000000800}",
            "ProcessId": "15680",
            "Image": "C:\\Users\\raulr\\AppData\\Local\\Programs\\Microsoft VS Code\\Code.exe",
            "User": "RACM\\raulr",
            "Protocol": "tcp",
            "Initiated": "true",
            "SourceIsIpv6": "false",
            "SourceIp": "192.168.60.22",
            "SourceHostname": "-",
            "SourcePort": "62071",
            "SourcePortName": "-",
            "DestinationIsIpv6": "false",
            "DestinationIp": "20.199.39.224",
            "DestinationHostname": "-",
            "DestinationPort": "443",
            "DestinationPortName": "https"
        }
    },
    {
        "event_id": 3,
        "description": "Network connection",
        "time_generated": "2024-09-18T10:21:59.6494487Z",
        "computer_name": "RACM",
        "details": {
            "RuleName": "Usermode",
            "UtcTime": "2024-09-18 10:22:02.743",
            "ProcessGuid": "{cec53bf7-6cb4-66e9-0e58-000000000800}",
            "ProcessId": "15680",
            "Image": "C:\\Users\\raulr\\AppData\\Local\\Programs\\Microsoft VS Code\\Code.exe",
            "User": "RACM\\raulr",
            "Protocol": "tcp",
            "Initiated": "true",
            "SourceIsIpv6": "false",
            "SourceIp": "192.168.60.22",
            "SourceHostname": "-",
            "SourcePort": "62070",
            "SourcePortName": "-",
            "DestinationIsIpv6": "false",
            "DestinationIp": "20.199.39.224",
            "DestinationHostname": "-",
            "DestinationPort": "443",
            "DestinationPortName": "https"
        }
    },
    {
        "event_id": 3,
        "description": "Network connection",
        "time_generated": "2024-09-18T10:21:59.6494087Z",
        "computer_name": "RACM",
        "details": {
            "RuleName": "Usermode",
            "UtcTime": "2024-09-18 10:22:02.453",
            "ProcessGuid": "{cec53bf7-6cb4-66e9-0e58-000000000800}",
            "ProcessId": "15680",
            "Image": "C:\\Users\\raulr\\AppData\\Local\\Programs\\Microsoft VS Code\\Code.exe",
            "User": "RACM\\raulr",
            "Protocol": "tcp",
            "Initiated": "true",
            "SourceIsIpv6": "false",
            "SourceIp": "192.168.60.22",
            "SourceHostname": "-",
            "SourcePort": "62069",
            "SourcePortName": "-",
            "DestinationIsIpv6": "false",
            "DestinationIp": "20.199.39.224",
            "DestinationHostname": "-",
            "DestinationPort": "443",
            "DestinationPortName": "https"
        }
    },
    {
        "event_id": 3,
        "description": "Network connection",
        "time_generated": "2024-09-18T10:21:36.4881827Z",
        "computer_name": "RACM",
        "details": {
            "RuleName": "Usermode",
            "UtcTime": "2024-09-18 10:21:38.160",
            "ProcessGuid": "{cec53bf7-6cb2-66e9-0b58-000000000800}",
            "ProcessId": "11008",
            "Image": "C:\\Users\\raulr\\AppData\\Local\\Programs\\Microsoft VS Code\\Code.exe",
            "User": "RACM\\raulr",
            "Protocol": "udp",
            "Initiated": "true",
            "SourceIsIpv6": "false",
            "SourceIp": "192.168.60.22",
            "SourceHostname": "-",
            "SourcePort": "57521",
            "SourcePortName": "-",
            "DestinationIsIpv6": "false",
            "DestinationIp": "212.128.20.252",
            "DestinationHostname": "ns1.upct.es",
            "DestinationPort": "53",
            "DestinationPortName": "domain"
        }
    },
    {
        "event_id": 3,
        "description": "Network connection",
        "time_generated": "2024-09-18T10:21:36.4881360Z",
        "computer_name": "RACM",
        "details": {
            "RuleName": "Usermode",
            "UtcTime": "2024-09-18 10:21:38.160",
            "ProcessGuid": "{cec53bf7-6cb2-66e9-0b58-000000000800}",
            "ProcessId": "11008",
            "Image": "C:\\Users\\raulr\\AppData\\Local\\Programs\\Microsoft VS Code\\Code.exe",
            "User": "RACM\\raulr",
            "Protocol": "udp",
            "Initiated": "true",
            "SourceIsIpv6": "false",
            "SourceIp": "192.168.60.22",
            "SourceHostname": "-",
            "SourcePort": "62795",
            "SourcePortName": "-",
            "DestinationIsIpv6": "false",
            "DestinationIp": "212.128.20.252",
            "DestinationHostname": "ns1.upct.es",
            "DestinationPort": "53",
            "DestinationPortName": "domain"
        }
    },
    {
        "event_id": 3,
        "description": "Network connection",
        "time_generated": "2024-09-18T10:21:29.2750990Z",
        "computer_name": "RACM",
        "details": {
            "RuleName": "Usermode",
            "UtcTime": "2024-09-18 10:21:32.442",
            "ProcessGuid": "{cec53bf7-6cb4-66e9-0e58-000000000800}",
            "ProcessId": "15680",
            "Image": "C:\\Users\\raulr\\AppData\\Local\\Programs\\Microsoft VS Code\\Code.exe",
            "User": "RACM\\raulr",
            "Protocol": "tcp",
            "Initiated": "true",
            "SourceIsIpv6": "false",
            "SourceIp": "192.168.60.22",
            "SourceHostname": "-",
            "SourcePort": "62061",
            "SourcePortName": "-",
            "DestinationIsIpv6": "false",
            "DestinationIp": "52.182.143.215",
            "DestinationHostname": "-",
            "DestinationPort": "443",
            "DestinationPortName": "https"
        }
    },
    {
        "event_id": 3,
        "description": "Network connection",
        "time_generated": "2024-09-18T10:20:59.9468330Z",
        "computer_name": "RACM",
        "details": {
            "RuleName": "Usermode",
            "UtcTime": "2024-09-18 10:21:03.282",
            "ProcessGuid": "{cec53bf7-6cb4-66e9-0e58-000000000800}",
            "ProcessId": "15680",
            "Image": "C:\\Users\\raulr\\AppData\\Local\\Programs\\Microsoft VS Code\\Code.exe",
            "User": "RACM\\raulr",
            "Protocol": "tcp",
            "Initiated": "true",
            "SourceIsIpv6": "false",
            "SourceIp": "192.168.60.22",
            "SourceHostname": "-",
            "SourcePort": "62059",
            "SourcePortName": "-",
            "DestinationIsIpv6": "false",
            "DestinationIp": "20.42.73.30",
            "DestinationHostname": "-",
            "DestinationPort": "443",
            "DestinationPortName": "https"
        }
    },
    {
        "event_id": 3,
        "description": "Network connection",
        "time_generated": "2024-09-18T10:20:28.8476194Z",
        "computer_name": "RACM",
        "details": {
            "RuleName": "Usermode",
            "UtcTime": "2024-09-18 10:20:31.129",
            "ProcessGuid": "{cec53bf7-6cb4-66e9-0e58-000000000800}",
            "ProcessId": "15680",
            "Image": "C:\\Users\\raulr\\AppData\\Local\\Programs\\Microsoft VS Code\\Code.exe",
            "User": "RACM\\raulr",
            "Protocol": "tcp",
            "Initiated": "true",
            "SourceIsIpv6": "false",
            "SourceIp": "192.168.60.22",
            "SourceHostname": "-",
            "SourcePort": "62057",
            "SourcePortName": "-",
            "DestinationIsIpv6": "false",
            "DestinationIp": "20.42.73.30",
            "DestinationHostname": "-",
            "DestinationPort": "443",
            "DestinationPortName": "https"
        }
    },
    {
        "event_id": 3,
        "description": "Network connection",
        "time_generated": "2024-09-18T10:20:26.7880167Z",
        "computer_name": "RACM",
        "details": {
            "RuleName": "Usermode",
            "UtcTime": "2024-09-18 10:20:29.397",
            "ProcessGuid": "{cec53bf7-6cb4-66e9-0e58-000000000800}",
            "ProcessId": "15680",
            "Image": "C:\\Users\\raulr\\AppData\\Local\\Programs\\Microsoft VS Code\\Code.exe",
            "User": "RACM\\raulr",
            "Protocol": "tcp",
            "Initiated": "true",
            "SourceIsIpv6": "false",
            "SourceIp": "192.168.60.22",
            "SourceHostname": "-",
            "SourcePort": "62056",
            "SourcePortName": "-",
            "DestinationIsIpv6": "false",
            "DestinationIp": "140.82.114.22",
            "DestinationHostname": "lb-140-82-114-22-iad.github.com",
            "DestinationPort": "443",
            "DestinationPortName": "https"
        }
    },
    {
        "event_id": 3,
        "description": "Network connection",
        "time_generated": "2024-09-18T10:20:12.9540155Z",
        "computer_name": "RACM",
        "details": {
            "RuleName": "Usermode",
            "UtcTime": "2024-09-18 10:20:16.289",
            "ProcessGuid": "{cec53bf7-6cb4-66e9-0e58-000000000800}",
            "ProcessId": "15680",
            "Image": "C:\\Users\\raulr\\AppData\\Local\\Programs\\Microsoft VS Code\\Code.exe",
            "User": "RACM\\raulr",
            "Protocol": "tcp",
            "Initiated": "true",
            "SourceIsIpv6": "false",
            "SourceIp": "192.168.60.22",
            "SourceHostname": "-",
            "SourcePort": "62055",
            "SourcePortName": "-",
            "DestinationIsIpv6": "false",
            "DestinationIp": "51.116.246.104",
            "DestinationHostname": "-",
            "DestinationPort": "443",
            "DestinationPortName": "https"
        }
    },
    {
        "event_id": 3,
        "description": "Network connection",
        "time_generated": "2024-09-18T10:20:12.9538902Z",
        "computer_name": "RACM",
        "details": {
            "RuleName": "Usermode",
            "UtcTime": "2024-09-18 10:20:14.838",
            "ProcessGuid": "{cec53bf7-6cb4-66e9-0e58-000000000800}",
            "ProcessId": "15680",
            "Image": "C:\\Users\\raulr\\AppData\\Local\\Programs\\Microsoft VS Code\\Code.exe",
            "User": "RACM\\raulr",
            "Protocol": "tcp",
            "Initiated": "true",
            "SourceIsIpv6": "false",
            "SourceIp": "192.168.60.22",
            "SourceHostname": "-",
            "SourcePort": "62053",
            "SourcePortName": "-",
            "DestinationIsIpv6": "false",
            "DestinationIp": "13.107.5.93",
            "DestinationHostname": "-",
            "DestinationPort": "443",
            "DestinationPortName": "https"
        }
    },
    {
        "event_id": 3,
        "description": "Network connection",
        "time_generated": "2024-09-18T10:20:11.9353898Z",
        "computer_name": "RACM",
        "details": {
            "RuleName": "Usermode",
            "UtcTime": "2024-09-18 10:20:14.393",
            "ProcessGuid": "{cec53bf7-6cb4-66e9-0e58-000000000800}",
            "ProcessId": "15680",
            "Image": "C:\\Users\\raulr\\AppData\\Local\\Programs\\Microsoft VS Code\\Code.exe",
            "User": "RACM\\raulr",
            "Protocol": "tcp",
            "Initiated": "true",
            "SourceIsIpv6": "false",
            "SourceIp": "192.168.60.22",
            "SourceHostname": "-",
            "SourcePort": "62052",
            "SourcePortName": "-",
            "DestinationIsIpv6": "false",
            "DestinationIp": "140.82.121.5",
            "DestinationHostname": "lb-140-82-121-5-fra.github.com",
            "DestinationPort": "443",
            "DestinationPortName": "https"
        }
    },
    {
        "event_id": 3,
        "description": "Network connection",
        "time_generated": "2024-09-18T10:19:55.9485171Z",
        "computer_name": "RACM",
        "details": {
            "RuleName": "Usermode",
            "UtcTime": "2024-09-18 10:19:58.783",
            "ProcessGuid": "{cec53bf7-6cb2-66e9-0b58-000000000800}",
            "ProcessId": "11008",
            "Image": "C:\\Users\\raulr\\AppData\\Local\\Programs\\Microsoft VS Code\\Code.exe",
            "User": "RACM\\raulr",
            "Protocol": "udp",
            "Initiated": "true",
            "SourceIsIpv6": "false",
            "SourceIp": "192.168.60.22",
            "SourceHostname": "-",
            "SourcePort": "62396",
            "SourcePortName": "-",
            "DestinationIsIpv6": "false",
            "DestinationIp": "212.128.20.252",
            "DestinationHostname": "ns1.upct.es",
            "DestinationPort": "53",
            "DestinationPortName": "domain"
        }
    },
    {
        "event_id": 3,
        "description": "Network connection",
        "time_generated": "2024-09-18T10:19:55.9484933Z",
        "computer_name": "RACM",
        "details": {
            "RuleName": "Usermode",
            "UtcTime": "2024-09-18 10:19:58.783",
            "ProcessGuid": "{cec53bf7-6cb2-66e9-0b58-000000000800}",
            "ProcessId": "11008",
            "Image": "C:\\Users\\raulr\\AppData\\Local\\Programs\\Microsoft VS Code\\Code.exe",
            "User": "RACM\\raulr",
            "Protocol": "udp",
            "Initiated": "true",
            "SourceIsIpv6": "false",
            "SourceIp": "192.168.60.22",
            "SourceHostname": "-",
            "SourcePort": "63342",
            "SourcePortName": "-",
            "DestinationIsIpv6": "false",
            "DestinationIp": "212.128.20.252",
            "DestinationHostname": "ns1.upct.es",
            "DestinationPort": "53",
            "DestinationPortName": "domain"
        }
    },
    {
        "event_id": 3,
        "description": "Network connection",
        "time_generated": "2024-09-18T10:19:27.3959001Z",
        "computer_name": "RACM",
        "details": {
            "RuleName": "Usermode",
            "UtcTime": "2024-09-18 10:19:29.862",
            "ProcessGuid": "{cec53bf7-6cb4-66e9-0e58-000000000800}",
            "ProcessId": "15680",
            "Image": "C:\\Users\\raulr\\AppData\\Local\\Programs\\Microsoft VS Code\\Code.exe",
            "User": "RACM\\raulr",
            "Protocol": "tcp",
            "Initiated": "true",
            "SourceIsIpv6": "false",
            "SourceIp": "192.168.60.22",
            "SourceHostname": "-",
            "SourcePort": "62049",
            "SourcePortName": "-",
            "DestinationIsIpv6": "false",
            "DestinationIp": "51.116.246.104",
            "DestinationHostname": "-",
            "DestinationPort": "443",
            "DestinationPortName": "https"
        }
    },
    {
        "event_id": 3,
        "description": "Network connection",
        "time_generated": "2024-09-18T10:19:18.4291927Z",
        "computer_name": "RACM",
        "details": {
            "RuleName": "Usermode",
            "UtcTime": "2024-09-18 10:19:21.456",
            "ProcessGuid": "{cec53bf7-6cb4-66e9-0e58-000000000800}",
            "ProcessId": "15680",
            "Image": "C:\\Users\\raulr\\AppData\\Local\\Programs\\Microsoft VS Code\\Code.exe",
            "User": "RACM\\raulr",
            "Protocol": "tcp",
            "Initiated": "true",
            "SourceIsIpv6": "false",
            "SourceIp": "192.168.60.22",
            "SourceHostname": "-",
            "SourcePort": "62048",
            "SourcePortName": "-",
            "DestinationIsIpv6": "false",
            "DestinationIp": "20.50.80.209",
            "DestinationHostname": "-",
            "DestinationPort": "443",
            "DestinationPortName": "https"
        }
    },
    {
        "event_id": 3,
        "description": "Network connection",
        "time_generated": "2024-09-18T10:18:42.0662152Z",
        "computer_name": "RACM",
        "details": {
            "RuleName": "Usermode",
            "UtcTime": "2024-09-18 10:18:44.511",
            "ProcessGuid": "{cec53bf7-6cb2-66e9-0b58-000000000800}",
            "ProcessId": "11008",
            "Image": "C:\\Users\\raulr\\AppData\\Local\\Programs\\Microsoft VS Code\\Code.exe",
            "User": "RACM\\raulr",
            "Protocol": "tcp",
            "Initiated": "true",
            "SourceIsIpv6": "false",
            "SourceIp": "192.168.60.22",
            "SourceHostname": "-",
            "SourcePort": "62045",
            "SourcePortName": "-",
            "DestinationIsIpv6": "false",
            "DestinationIp": "20.189.173.18",
            "DestinationHostname": "-",
            "DestinationPort": "443",
            "DestinationPortName": "https"
        }
    },
    {
        "event_id": 3,
        "description": "Network connection",
        "time_generated": "2024-09-18T10:18:41.0338128Z",
        "computer_name": "RACM",
        "details": {
            "RuleName": "Usermode",
            "UtcTime": "2024-09-18 10:18:44.441",
            "ProcessGuid": "{cec53bf7-6cb2-66e9-0b58-000000000800}",
            "ProcessId": "11008",
            "Image": "C:\\Users\\raulr\\AppData\\Local\\Programs\\Microsoft VS Code\\Code.exe",
            "User": "RACM\\raulr",
            "Protocol": "udp",
            "Initiated": "true",
            "SourceIsIpv6": "false",
            "SourceIp": "192.168.60.22",
            "SourceHostname": "-",
            "SourcePort": "57643",
            "SourcePortName": "-",
            "DestinationIsIpv6": "false",
            "DestinationIp": "212.128.20.252",
            "DestinationHostname": "ns1.upct.es",
            "DestinationPort": "53",
            "DestinationPortName": "domain"
        }
    },
    {
        "event_id": 3,
        "description": "Network connection",
        "time_generated": "2024-09-18T10:16:30.6162059Z",
        "computer_name": "RACM",
        "details": {
            "RuleName": "Usermode",
            "UtcTime": "2024-09-18 10:16:32.872",
            "ProcessGuid": "{cec53bf7-6cb4-66e9-0e58-000000000800}",
            "ProcessId": "15680",
            "Image": "C:\\Users\\raulr\\AppData\\Local\\Programs\\Microsoft VS Code\\Code.exe",
            "User": "RACM\\raulr",
            "Protocol": "tcp",
            "Initiated": "true",
            "SourceIsIpv6": "false",
            "SourceIp": "192.168.60.22",
            "SourceHostname": "-",
            "SourcePort": "62030",
            "SourcePortName": "-",
            "DestinationIsIpv6": "false",
            "DestinationIp": "20.42.73.31",
            "DestinationHostname": "-",
            "DestinationPort": "443",
            "DestinationPortName": "https"
        }
    },
    {
        "event_id": 3,
        "description": "Network connection",
        "time_generated": "2024-09-18T10:15:41.0398310Z",
        "computer_name": "RACM",
        "details": {
            "RuleName": "Usermode",
            "UtcTime": "2024-09-18 10:15:44.053",
            "ProcessGuid": "{cec53bf7-6cb4-66e9-0e58-000000000800}",
            "ProcessId": "15680",
            "Image": "C:\\Users\\raulr\\AppData\\Local\\Programs\\Microsoft VS Code\\Code.exe",
            "User": "RACM\\raulr",
            "Protocol": "tcp",
            "Initiated": "true",
            "SourceIsIpv6": "false",
            "SourceIp": "192.168.60.22",
            "SourceHostname": "-",
            "SourcePort": "62024",
            "SourcePortName": "-",
            "DestinationIsIpv6": "false",
            "DestinationIp": "20.42.73.30",
            "DestinationHostname": "-",
            "DestinationPort": "443",
            "DestinationPortName": "https"
        }
    },
    {
        "event_id": 3,
        "description": "Network connection",
        "time_generated": "2024-09-18T10:15:41.0398076Z",
        "computer_name": "RACM",
        "details": {
            "RuleName": "Usermode",
            "UtcTime": "2024-09-18 10:15:43.821",
            "ProcessGuid": "{cec53bf7-6cb2-66e9-0b58-000000000800}",
            "ProcessId": "11008",
            "Image": "C:\\Users\\raulr\\AppData\\Local\\Programs\\Microsoft VS Code\\Code.exe",
            "User": "RACM\\raulr",
            "Protocol": "udp",
            "Initiated": "true",
            "SourceIsIpv6": "false",
            "SourceIp": "192.168.60.22",
            "SourceHostname": "-",
            "SourcePort": "53702",
            "SourcePortName": "-",
            "DestinationIsIpv6": "false",
            "DestinationIp": "212.128.20.252",
            "DestinationHostname": "ns1.upct.es",
            "DestinationPort": "53",
            "DestinationPortName": "domain"
        }
    },
    {
        "event_id": 3,
        "description": "Network connection",
        "time_generated": "2024-09-18T10:15:41.0397959Z",
        "computer_name": "RACM",
        "details": {
            "RuleName": "Usermode",
            "UtcTime": "2024-09-18 10:15:43.821",
            "ProcessGuid": "{cec53bf7-6cb2-66e9-0b58-000000000800}",
            "ProcessId": "11008",
            "Image": "C:\\Users\\raulr\\AppData\\Local\\Programs\\Microsoft VS Code\\Code.exe",
            "User": "RACM\\raulr",
            "Protocol": "udp",
            "Initiated": "true",
            "SourceIsIpv6": "false",
            "SourceIp": "192.168.60.22",
            "SourceHostname": "-",
            "SourcePort": "51094",
            "SourcePortName": "-",
            "DestinationIsIpv6": "false",
            "DestinationIp": "212.128.20.252",
            "DestinationHostname": "ns1.upct.es",
            "DestinationPort": "53",
            "DestinationPortName": "domain"
        }
    },
    {
        "event_id": 3,
        "description": "Network connection",
        "time_generated": "2024-09-18T10:14:17.1388294Z",
        "computer_name": "RACM",
        "details": {
            "RuleName": "Usermode",
            "UtcTime": "2024-09-18 10:14:19.771",
            "ProcessGuid": "{cec53bf7-6cb4-66e9-0e58-000000000800}",
            "ProcessId": "15680",
            "Image": "C:\\Users\\raulr\\AppData\\Local\\Programs\\Microsoft VS Code\\Code.exe",
            "User": "RACM\\raulr",
            "Protocol": "tcp",
            "Initiated": "true",
            "SourceIsIpv6": "false",
            "SourceIp": "192.168.60.22",
            "SourceHostname": "-",
            "SourcePort": "62010",
            "SourcePortName": "-",
            "DestinationIsIpv6": "false",
            "DestinationIp": "104.46.162.226",
            "DestinationHostname": "-",
            "DestinationPort": "443",
            "DestinationPortName": "https"
        }
    },
    {
        "event_id": 3,
        "description": "Network connection",
        "time_generated": "2024-09-18T10:14:17.1387051Z",
        "computer_name": "RACM",
        "details": {
            "RuleName": "Usermode",
            "UtcTime": "2024-09-18 10:14:19.728",
            "ProcessGuid": "{cec53bf7-6cb4-66e9-0e58-000000000800}",
            "ProcessId": "15680",
            "Image": "C:\\Users\\raulr\\AppData\\Local\\Programs\\Microsoft VS Code\\Code.exe",
            "User": "RACM\\raulr",
            "Protocol": "tcp",
            "Initiated": "true",
            "SourceIsIpv6": "false",
            "SourceIp": "192.168.60.22",
            "SourceHostname": "-",
            "SourcePort": "62009",
            "SourcePortName": "-",
            "DestinationIsIpv6": "false",
            "DestinationIp": "104.46.162.226",
            "DestinationHostname": "-",
            "DestinationPort": "443",
            "DestinationPortName": "https"
        }
    },
    {
        "event_id": 3,
        "description": "Network connection",
        "time_generated": "2024-09-18T10:14:16.1274635Z",
        "computer_name": "RACM",
        "details": {
            "RuleName": "Usermode",
            "UtcTime": "2024-09-18 10:14:18.600",
            "ProcessGuid": "{cec53bf7-6cb2-66e9-0b58-000000000800}",
            "ProcessId": "11008",
            "Image": "C:\\Users\\raulr\\AppData\\Local\\Programs\\Microsoft VS Code\\Code.exe",
            "User": "RACM\\raulr",
            "Protocol": "tcp",
            "Initiated": "true",
            "SourceIsIpv6": "false",
            "SourceIp": "192.168.60.22",
            "SourceHostname": "-",
            "SourcePort": "62008",
            "SourcePortName": "-",
            "DestinationIsIpv6": "false",
            "DestinationIp": "104.46.162.226",
            "DestinationHostname": "-",
            "DestinationPort": "443",
            "DestinationPortName": "https"
        }
    },
    {
        "event_id": 3,
        "description": "Network connection",
        "time_generated": "2024-09-18T10:14:16.1274361Z",
        "computer_name": "RACM",
        "details": {
            "RuleName": "Usermode",
            "UtcTime": "2024-09-18 10:14:18.568",
            "ProcessGuid": "{cec53bf7-6cb2-66e9-0b58-000000000800}",
            "ProcessId": "11008",
            "Image": "C:\\Users\\raulr\\AppData\\Local\\Programs\\Microsoft VS Code\\Code.exe",
            "User": "RACM\\raulr",
            "Protocol": "udp",
            "Initiated": "true",
            "SourceIsIpv6": "false",
            "SourceIp": "192.168.60.22",
            "SourceHostname": "-",
            "SourcePort": "56885",
            "SourcePortName": "-",
            "DestinationIsIpv6": "false",
            "DestinationIp": "212.128.20.252",
            "DestinationHostname": "ns1.upct.es",
            "DestinationPort": "53",
            "DestinationPortName": "domain"
        }
    },
    {
        "event_id": 3,
        "description": "Network connection",
        "time_generated": "2024-09-18T10:14:16.1273998Z",
        "computer_name": "RACM",
        "details": {
            "RuleName": "Usermode",
            "UtcTime": "2024-09-18 10:14:18.568",
            "ProcessGuid": "{cec53bf7-6cb2-66e9-0b58-000000000800}",
            "ProcessId": "11008",
            "Image": "C:\\Users\\raulr\\AppData\\Local\\Programs\\Microsoft VS Code\\Code.exe",
            "User": "RACM\\raulr",
            "Protocol": "udp",
            "Initiated": "true",
            "SourceIsIpv6": "false",
            "SourceIp": "192.168.60.22",
            "SourceHostname": "-",
            "SourcePort": "49665",
            "SourcePortName": "-",
            "DestinationIsIpv6": "false",
            "DestinationIp": "212.128.20.252",
            "DestinationHostname": "ns1.upct.es",
            "DestinationPort": "53",
            "DestinationPortName": "domain"
        }
    },
    {
        "event_id": 3,
        "description": "Network connection",
        "time_generated": "2024-09-18T10:14:15.1169124Z",
        "computer_name": "RACM",
        "details": {
            "RuleName": "Usermode",
            "UtcTime": "2024-09-18 10:14:17.715",
            "ProcessGuid": "{cec53bf7-6cb2-66e9-0b58-000000000800}",
            "ProcessId": "11008",
            "Image": "C:\\Users\\raulr\\AppData\\Local\\Programs\\Microsoft VS Code\\Code.exe",
            "User": "RACM\\raulr",
            "Protocol": "tcp",
            "Initiated": "true",
            "SourceIsIpv6": "false",
            "SourceIp": "192.168.60.22",
            "SourceHostname": "-",
            "SourcePort": "62007",
            "SourcePortName": "-",
            "DestinationIsIpv6": "false",
            "DestinationIp": "140.82.113.21",
            "DestinationHostname": "lb-140-82-113-21-iad.github.com",
            "DestinationPort": "443",
            "DestinationPortName": "https"
        }
    },
    {
        "event_id": 3,
        "description": "Network connection",
        "time_generated": "2024-09-18T10:14:15.1167605Z",
        "computer_name": "RACM",
        "details": {
            "RuleName": "Usermode",
            "UtcTime": "2024-09-18 10:14:17.697",
            "ProcessGuid": "{cec53bf7-6cb4-66e9-0e58-000000000800}",
            "ProcessId": "15680",
            "Image": "C:\\Users\\raulr\\AppData\\Local\\Programs\\Microsoft VS Code\\Code.exe",
            "User": "RACM\\raulr",
            "Protocol": "tcp",
            "Initiated": "true",
            "SourceIsIpv6": "false",
            "SourceIp": "192.168.60.22",
            "SourceHostname": "-",
            "SourcePort": "62006",
            "SourcePortName": "-",
            "DestinationIsIpv6": "false",
            "DestinationIp": "140.82.113.21",
            "DestinationHostname": "lb-140-82-113-21-iad.github.com",
            "DestinationPort": "443",
            "DestinationPortName": "https"
        }
    },
    {
        "event_id": 3,
        "description": "Network connection",
        "time_generated": "2024-09-18T10:14:14.3538126Z",
        "computer_name": "RACM",
        "details": {
            "RuleName": "Usermode",
            "UtcTime": "2024-09-18 10:14:17.690",
            "ProcessGuid": "{cec53bf7-6cb2-66e9-0b58-000000000800}",
            "ProcessId": "11008",
            "Image": "C:\\Users\\raulr\\AppData\\Local\\Programs\\Microsoft VS Code\\Code.exe",
            "User": "RACM\\raulr",
            "Protocol": "udp",
            "Initiated": "true",
            "SourceIsIpv6": "false",
            "SourceIp": "192.168.60.22",
            "SourceHostname": "-",
            "SourcePort": "62309",
            "SourcePortName": "-",
            "DestinationIsIpv6": "false",
            "DestinationIp": "212.128.20.252",
            "DestinationHostname": "ns1.upct.es",
            "DestinationPort": "53",
            "DestinationPortName": "domain"
        }
    },
    {
        "event_id": 3,
        "description": "Network connection",
        "time_generated": "2024-09-18T10:14:14.3537890Z",
        "computer_name": "RACM",
        "details": {
            "RuleName": "Usermode",
            "UtcTime": "2024-09-18 10:14:17.690",
            "ProcessGuid": "{cec53bf7-6cb2-66e9-0b58-000000000800}",
            "ProcessId": "11008",
            "Image": "C:\\Users\\raulr\\AppData\\Local\\Programs\\Microsoft VS Code\\Code.exe",
            "User": "RACM\\raulr",
            "Protocol": "udp",
            "Initiated": "true",
            "SourceIsIpv6": "false",
            "SourceIp": "192.168.60.22",
            "SourceHostname": "-",
            "SourcePort": "52608",
            "SourcePortName": "-",
            "DestinationIsIpv6": "false",
            "DestinationIp": "212.128.20.252",
            "DestinationHostname": "ns1.upct.es",
            "DestinationPort": "53",
            "DestinationPortName": "domain"
        }
    },
    {
        "event_id": 3,
        "description": "Network connection",
        "time_generated": "2024-09-18T10:14:14.3537475Z",
        "computer_name": "RACM",
        "details": {
            "RuleName": "Usermode",
            "UtcTime": "2024-09-18 10:14:16.572",
            "ProcessGuid": "{cec53bf7-6cb2-66e9-0b58-000000000800}",
            "ProcessId": "11008",
            "Image": "C:\\Users\\raulr\\AppData\\Local\\Programs\\Microsoft VS Code\\Code.exe",
            "User": "RACM\\raulr",
            "Protocol": "tcp",
            "Initiated": "true",
            "SourceIsIpv6": "false",
            "SourceIp": "192.168.60.22",
            "SourceHostname": "-",
            "SourcePort": "62003",
            "SourcePortName": "-",
            "DestinationIsIpv6": "false",
            "DestinationIp": "140.82.121.6",
            "DestinationHostname": "lb-140-82-121-6-fra.github.com",
            "DestinationPort": "443",
            "DestinationPortName": "https"
        }
    },
    {
        "event_id": 3,
        "description": "Network connection",
        "time_generated": "2024-09-18T10:14:14.1005131Z",
        "computer_name": "RACM",
        "details": {
            "RuleName": "Usermode",
            "UtcTime": "2024-09-18 10:14:16.550",
            "ProcessGuid": "{cec53bf7-6cb2-66e9-0b58-000000000800}",
            "ProcessId": "11008",
            "Image": "C:\\Users\\raulr\\AppData\\Local\\Programs\\Microsoft VS Code\\Code.exe",
            "User": "RACM\\raulr",
            "Protocol": "udp",
            "Initiated": "true",
            "SourceIsIpv6": "false",
            "SourceIp": "192.168.60.22",
            "SourceHostname": "-",
            "SourcePort": "52254",
            "SourcePortName": "-",
            "DestinationIsIpv6": "false",
            "DestinationIp": "212.128.20.252",
            "DestinationHostname": "ns1.upct.es",
            "DestinationPort": "53",
            "DestinationPortName": "domain"
        }
    },
    {
        "event_id": 3,
        "description": "Network connection",
        "time_generated": "2024-09-18T10:14:14.1004782Z",
        "computer_name": "RACM",
        "details": {
            "RuleName": "Usermode",
            "UtcTime": "2024-09-18 10:14:16.550",
            "ProcessGuid": "{cec53bf7-6cb2-66e9-0b58-000000000800}",
            "ProcessId": "11008",
            "Image": "C:\\Users\\raulr\\AppData\\Local\\Programs\\Microsoft VS Code\\Code.exe",
            "User": "RACM\\raulr",
            "Protocol": "udp",
            "Initiated": "true",
            "SourceIsIpv6": "false",
            "SourceIp": "192.168.60.22",
            "SourceHostname": "-",
            "SourcePort": "53873",
            "SourcePortName": "-",
            "DestinationIsIpv6": "false",
            "DestinationIp": "212.128.20.252",
            "DestinationHostname": "ns1.upct.es",
            "DestinationPort": "53",
            "DestinationPortName": "domain"
        }
    },
    {
        "event_id": 3,
        "description": "Network connection",
        "time_generated": "2024-09-18T10:14:10.3015227Z",
        "computer_name": "RACM",
        "details": {
            "RuleName": "Usermode",
            "UtcTime": "2024-09-18 10:14:12.386",
            "ProcessGuid": "{cec53bf7-6cb4-66e9-0e58-000000000800}",
            "ProcessId": "15680",
            "Image": "C:\\Users\\raulr\\AppData\\Local\\Programs\\Microsoft VS Code\\Code.exe",
            "User": "RACM\\raulr",
            "Protocol": "tcp",
            "Initiated": "true",
            "SourceIsIpv6": "false",
            "SourceIp": "192.168.60.22",
            "SourceHostname": "-",
            "SourcePort": "61998",
            "SourcePortName": "-",
            "DestinationIsIpv6": "false",
            "DestinationIp": "20.189.172.33",
            "DestinationHostname": "-",
            "DestinationPort": "443",
            "DestinationPortName": "https"
        }
    },
    {
        "event_id": 3,
        "description": "Network connection",
        "time_generated": "2024-09-18T10:14:09.2869717Z",
        "computer_name": "RACM",
        "details": {
            "RuleName": "Usermode",
            "UtcTime": "2024-09-18 10:14:12.385",
            "ProcessGuid": "{cec53bf7-6cb4-66e9-0e58-000000000800}",
            "ProcessId": "15680",
            "Image": "C:\\Users\\raulr\\AppData\\Local\\Programs\\Microsoft VS Code\\Code.exe",
            "User": "RACM\\raulr",
            "Protocol": "tcp",
            "Initiated": "true",
            "SourceIsIpv6": "false",
            "SourceIp": "192.168.60.22",
            "SourceHostname": "-",
            "SourcePort": "61994",
            "SourcePortName": "-",
            "DestinationIsIpv6": "false",
            "DestinationIp": "20.189.172.33",
            "DestinationHostname": "-",
            "DestinationPort": "443",
            "DestinationPortName": "https"
        }
    },
    {
        "event_id": 3,
        "description": "Network connection",
        "time_generated": "2024-09-18T10:14:09.2869619Z",
        "computer_name": "RACM",
        "details": {
            "RuleName": "Usermode",
            "UtcTime": "2024-09-18 10:14:12.384",
            "ProcessGuid": "{cec53bf7-6cb4-66e9-0e58-000000000800}",
            "ProcessId": "15680",
            "Image": "C:\\Users\\raulr\\AppData\\Local\\Programs\\Microsoft VS Code\\Code.exe",
            "User": "RACM\\raulr",
            "Protocol": "tcp",
            "Initiated": "true",
            "SourceIsIpv6": "false",
            "SourceIp": "192.168.60.22",
            "SourceHostname": "-",
            "SourcePort": "61997",
            "SourcePortName": "-",
            "DestinationIsIpv6": "false",
            "DestinationIp": "20.189.172.33",
            "DestinationHostname": "-",
            "DestinationPort": "443",
            "DestinationPortName": "https"
        }
    },
    {
        "event_id": 3,
        "description": "Network connection",
        "time_generated": "2024-09-18T10:14:09.2869524Z",
        "computer_name": "RACM",
        "details": {
            "RuleName": "Usermode",
            "UtcTime": "2024-09-18 10:14:12.384",
            "ProcessGuid": "{cec53bf7-6cb4-66e9-0e58-000000000800}",
            "ProcessId": "15680",
            "Image": "C:\\Users\\raulr\\AppData\\Local\\Programs\\Microsoft VS Code\\Code.exe",
            "User": "RACM\\raulr",
            "Protocol": "tcp",
            "Initiated": "true",
            "SourceIsIpv6": "false",
            "SourceIp": "192.168.60.22",
            "SourceHostname": "-",
            "SourcePort": "61992",
            "SourcePortName": "-",
            "DestinationIsIpv6": "false",
            "DestinationIp": "20.189.172.33",
            "DestinationHostname": "-",
            "DestinationPort": "443",
            "DestinationPortName": "https"
        }
    },
    {
        "event_id": 3,
        "description": "Network connection",
        "time_generated": "2024-09-18T10:14:09.2869418Z",
        "computer_name": "RACM",
        "details": {
            "RuleName": "Usermode",
            "UtcTime": "2024-09-18 10:14:12.384",
            "ProcessGuid": "{cec53bf7-6cb4-66e9-0e58-000000000800}",
            "ProcessId": "15680",
            "Image": "C:\\Users\\raulr\\AppData\\Local\\Programs\\Microsoft VS Code\\Code.exe",
            "User": "RACM\\raulr",
            "Protocol": "tcp",
            "Initiated": "true",
            "SourceIsIpv6": "false",
            "SourceIp": "192.168.60.22",
            "SourceHostname": "-",
            "SourcePort": "61987",
            "SourcePortName": "-",
            "DestinationIsIpv6": "false",
            "DestinationIp": "20.189.172.33",
            "DestinationHostname": "-",
            "DestinationPort": "443",
            "DestinationPortName": "https"
        }
    },
    {
        "event_id": 3,
        "description": "Network connection",
        "time_generated": "2024-09-18T10:14:09.2869302Z",
        "computer_name": "RACM",
        "details": {
            "RuleName": "Usermode",
            "UtcTime": "2024-09-18 10:14:12.384",
            "ProcessGuid": "{cec53bf7-6cb4-66e9-0e58-000000000800}",
            "ProcessId": "15680",
            "Image": "C:\\Users\\raulr\\AppData\\Local\\Programs\\Microsoft VS Code\\Code.exe",
            "User": "RACM\\raulr",
            "Protocol": "tcp",
            "Initiated": "true",
            "SourceIsIpv6": "false",
            "SourceIp": "192.168.60.22",
            "SourceHostname": "-",
            "SourcePort": "61999",
            "SourcePortName": "-",
            "DestinationIsIpv6": "false",
            "DestinationIp": "20.189.172.33",
            "DestinationHostname": "-",
            "DestinationPort": "443",
            "DestinationPortName": "https"
        }
    },
