    {
        "event_id": 3,
        "description": "Network connection",
        "time_generated": "2024-09-19T11:23:25.1360820Z",
        "computer_name": "RACM",
        "details": {
            "RuleName": "Usermode",
            "UtcTime": "2024-09-19 11:23:30.208",
            "ProcessGuid": "{cec53bf7-6cb4-66e9-0e58-000000000800}",
            "ProcessId": "15680",
            "Image": "C:\\Users\\raulr\\AppData\\Local\\Programs\\Microsoft VS Code\\Code.exe",
            "User": "RACM\\raulr",
            "Protocol": "tcp",
            "Initiated": "true",
            "SourceIsIpv6": "false",
            "SourceIp": "192.168.62.251",
            "SourceHostname": "-",
            "SourcePort": "51002",
            "SourcePortName": "-",
            "DestinationIsIpv6": "false",
            "DestinationIp": "20.189.172.32",
            "DestinationHostname": "-",
            "DestinationPort": "443",
            "DestinationPortName": "https"
        }
    },
    {
        "event_id": 3,
        "description": "Network connection",
        "time_generated": "2024-09-19T11:23:25.1360759Z",
        "computer_name": "RACM",
        "details": {
            "RuleName": "Usermode",
            "UtcTime": "2024-09-19 11:23:30.207",
            "ProcessGuid": "{cec53bf7-6cb4-66e9-0e58-000000000800}",
            "ProcessId": "15680",
            "Image": "C:\\Users\\raulr\\AppData\\Local\\Programs\\Microsoft VS Code\\Code.exe",
            "User": "RACM\\raulr",
            "Protocol": "tcp",
            "Initiated": "true",
            "SourceIsIpv6": "false",
            "SourceIp": "192.168.62.251",
            "SourceHostname": "-",
            "SourcePort": "51008",
            "SourcePortName": "-",
            "DestinationIsIpv6": "false",
            "DestinationIp": "20.189.172.32",
            "DestinationHostname": "-",
            "DestinationPort": "443",
            "DestinationPortName": "https"
        }
    },
    {
        "event_id": 3,
        "description": "Network connection",
        "time_generated": "2024-09-19T11:23:25.1360691Z",
        "computer_name": "RACM",
        "details": {
            "RuleName": "Usermode",
            "UtcTime": "2024-09-19 11:23:30.207",
            "ProcessGuid": "{cec53bf7-6cb4-66e9-0e58-000000000800}",
            "ProcessId": "15680",
            "Image": "C:\\Users\\raulr\\AppData\\Local\\Programs\\Microsoft VS Code\\Code.exe",
            "User": "RACM\\raulr",
            "Protocol": "tcp",
            "Initiated": "true",
            "SourceIsIpv6": "false",
            "SourceIp": "192.168.62.251",
            "SourceHostname": "-",
            "SourcePort": "51001",
            "SourcePortName": "-",
            "DestinationIsIpv6": "false",
            "DestinationIp": "20.189.172.32",
            "DestinationHostname": "-",
            "DestinationPort": "443",
            "DestinationPortName": "https"
        }
    },
    {
        "event_id": 3,
        "description": "Network connection",
        "time_generated": "2024-09-19T11:23:25.1360630Z",
        "computer_name": "RACM",
        "details": {
            "RuleName": "Usermode",
            "UtcTime": "2024-09-19 11:23:30.207",
            "ProcessGuid": "{cec53bf7-6cb4-66e9-0e58-000000000800}",
            "ProcessId": "15680",
            "Image": "C:\\Users\\raulr\\AppData\\Local\\Programs\\Microsoft VS Code\\Code.exe",
            "User": "RACM\\raulr",
            "Protocol": "tcp",
            "Initiated": "true",
            "SourceIsIpv6": "false",
            "SourceIp": "192.168.62.251",
            "SourceHostname": "-",
            "SourcePort": "51005",
            "SourcePortName": "-",
            "DestinationIsIpv6": "false",
            "DestinationIp": "20.189.172.32",
            "DestinationHostname": "-",
            "DestinationPort": "443",
            "DestinationPortName": "https"
        }
    },
    {
        "event_id": 3,
        "description": "Network connection",
        "time_generated": "2024-09-19T11:23:25.1360556Z",
        "computer_name": "RACM",
        "details": {
            "RuleName": "Usermode",
            "UtcTime": "2024-09-19 11:23:30.207",
            "ProcessGuid": "{cec53bf7-6cb4-66e9-0e58-000000000800}",
            "ProcessId": "15680",
            "Image": "C:\\Users\\raulr\\AppData\\Local\\Programs\\Microsoft VS Code\\Code.exe",
            "User": "RACM\\raulr",
            "Protocol": "tcp",
            "Initiated": "true",
            "SourceIsIpv6": "false",
            "SourceIp": "192.168.62.251",
            "SourceHostname": "-",
            "SourcePort": "51007",
            "SourcePortName": "-",
            "DestinationIsIpv6": "false",
            "DestinationIp": "20.189.172.32",
            "DestinationHostname": "-",
            "DestinationPort": "443",
            "DestinationPortName": "https"
        }
    },
    {
        "event_id": 3,
        "description": "Network connection",
        "time_generated": "2024-09-19T11:23:25.1360482Z",
        "computer_name": "RACM",
        "details": {
            "RuleName": "Usermode",
            "UtcTime": "2024-09-19 11:23:30.207",
            "ProcessGuid": "{cec53bf7-6cb4-66e9-0e58-000000000800}",
            "ProcessId": "15680",
            "Image": "C:\\Users\\raulr\\AppData\\Local\\Programs\\Microsoft VS Code\\Code.exe",
            "User": "RACM\\raulr",
            "Protocol": "tcp",
            "Initiated": "true",
            "SourceIsIpv6": "false",
            "SourceIp": "192.168.62.251",
            "SourceHostname": "-",
            "SourcePort": "51012",
            "SourcePortName": "-",
            "DestinationIsIpv6": "false",
            "DestinationIp": "20.189.172.32",
            "DestinationHostname": "-",
            "DestinationPort": "443",
            "DestinationPortName": "https"
        }
    },
    {
        "event_id": 3,
        "description": "Network connection",
        "time_generated": "2024-09-19T11:23:25.1360424Z",
        "computer_name": "RACM",
        "details": {
            "RuleName": "Usermode",
            "UtcTime": "2024-09-19 11:23:30.193",
            "ProcessGuid": "{cec53bf7-6cb4-66e9-0e58-000000000800}",
            "ProcessId": "15680",
            "Image": "C:\\Users\\raulr\\AppData\\Local\\Programs\\Microsoft VS Code\\Code.exe",
            "User": "RACM\\raulr",
            "Protocol": "tcp",
            "Initiated": "true",
            "SourceIsIpv6": "false",
            "SourceIp": "192.168.62.251",
            "SourceHostname": "-",
            "SourcePort": "50996",
            "SourcePortName": "-",
            "DestinationIsIpv6": "false",
            "DestinationIp": "20.189.172.32",
            "DestinationHostname": "-",
            "DestinationPort": "443",
            "DestinationPortName": "https"
        }
    },
    {
        "event_id": 3,
        "description": "Network connection",
        "time_generated": "2024-09-19T11:23:25.1360365Z",
        "computer_name": "RACM",
        "details": {
            "RuleName": "Usermode",
            "UtcTime": "2024-09-19 11:23:30.145",
            "ProcessGuid": "{cec53bf7-6cb4-66e9-0e58-000000000800}",
            "ProcessId": "15680",
            "Image": "C:\\Users\\raulr\\AppData\\Local\\Programs\\Microsoft VS Code\\Code.exe",
            "User": "RACM\\raulr",
            "Protocol": "tcp",
            "Initiated": "true",
            "SourceIsIpv6": "false",
            "SourceIp": "192.168.62.251",
            "SourceHostname": "-",
            "SourcePort": "50995",
            "SourcePortName": "-",
            "DestinationIsIpv6": "false",
            "DestinationIp": "20.189.172.32",
            "DestinationHostname": "-",
            "DestinationPort": "443",
            "DestinationPortName": "https"
        }
    },
    {
        "event_id": 3,
        "description": "Network connection",
        "time_generated": "2024-09-19T11:23:25.1360307Z",
        "computer_name": "RACM",
        "details": {
            "RuleName": "Usermode",
            "UtcTime": "2024-09-19 11:23:30.142",
            "ProcessGuid": "{cec53bf7-6cb4-66e9-0e58-000000000800}",
            "ProcessId": "15680",
            "Image": "C:\\Users\\raulr\\AppData\\Local\\Programs\\Microsoft VS Code\\Code.exe",
            "User": "RACM\\raulr",
            "Protocol": "tcp",
            "Initiated": "true",
            "SourceIsIpv6": "false",
            "SourceIp": "192.168.62.251",
            "SourceHostname": "-",
            "SourcePort": "50990",
            "SourcePortName": "-",
            "DestinationIsIpv6": "false",
            "DestinationIp": "20.189.172.32",
            "DestinationHostname": "-",
            "DestinationPort": "443",
            "DestinationPortName": "https"
        }
    },
    {
        "event_id": 3,
        "description": "Network connection",
        "time_generated": "2024-09-19T11:23:25.1360245Z",
        "computer_name": "RACM",
        "details": {
            "RuleName": "Usermode",
            "UtcTime": "2024-09-19 11:23:30.142",
            "ProcessGuid": "{cec53bf7-6cb4-66e9-0e58-000000000800}",
            "ProcessId": "15680",
            "Image": "C:\\Users\\raulr\\AppData\\Local\\Programs\\Microsoft VS Code\\Code.exe",
            "User": "RACM\\raulr",
            "Protocol": "tcp",
            "Initiated": "true",
            "SourceIsIpv6": "false",
            "SourceIp": "192.168.62.251",
            "SourceHostname": "-",
            "SourcePort": "50994",
            "SourcePortName": "-",
            "DestinationIsIpv6": "false",
            "DestinationIp": "20.189.172.32",
            "DestinationHostname": "-",
            "DestinationPort": "443",
            "DestinationPortName": "https"
        }
    },
    {
        "event_id": 3,
        "description": "Network connection",
        "time_generated": "2024-09-19T11:23:25.1360176Z",
        "computer_name": "RACM",
        "details": {
            "RuleName": "Usermode",
            "UtcTime": "2024-09-19 11:23:30.142",
            "ProcessGuid": "{cec53bf7-6cb4-66e9-0e58-000000000800}",
            "ProcessId": "15680",
            "Image": "C:\\Users\\raulr\\AppData\\Local\\Programs\\Microsoft VS Code\\Code.exe",
            "User": "RACM\\raulr",
            "Protocol": "tcp",
            "Initiated": "true",
            "SourceIsIpv6": "false",
            "SourceIp": "192.168.62.251",
            "SourceHostname": "-",
            "SourcePort": "50992",
            "SourcePortName": "-",
            "DestinationIsIpv6": "false",
            "DestinationIp": "20.189.172.32",
            "DestinationHostname": "-",
            "DestinationPort": "443",
            "DestinationPortName": "https"
        }
    },
    {
        "event_id": 3,
        "description": "Network connection",
        "time_generated": "2024-09-19T11:23:25.1360068Z",
        "computer_name": "RACM",
        "details": {
            "RuleName": "Usermode",
            "UtcTime": "2024-09-19 11:23:30.142",
            "ProcessGuid": "{cec53bf7-6cb4-66e9-0e58-000000000800}",
            "ProcessId": "15680",
            "Image": "C:\\Users\\raulr\\AppData\\Local\\Programs\\Microsoft VS Code\\Code.exe",
            "User": "RACM\\raulr",
            "Protocol": "tcp",
            "Initiated": "true",
            "SourceIsIpv6": "false",
            "SourceIp": "192.168.62.251",
            "SourceHostname": "-",
            "SourcePort": "50993",
            "SourcePortName": "-",
            "DestinationIsIpv6": "false",
            "DestinationIp": "20.189.172.32",
            "DestinationHostname": "-",
            "DestinationPort": "443",
            "DestinationPortName": "https"
        }
    },
    {
        "event_id": 3,
        "description": "Network connection",
        "time_generated": "2024-09-19T11:23:25.1359964Z",
        "computer_name": "RACM",
        "details": {
            "RuleName": "Usermode",
            "UtcTime": "2024-09-19 11:23:30.142",
            "ProcessGuid": "{cec53bf7-6cb4-66e9-0e58-000000000800}",
            "ProcessId": "15680",
            "Image": "C:\\Users\\raulr\\AppData\\Local\\Programs\\Microsoft VS Code\\Code.exe",
            "User": "RACM\\raulr",
            "Protocol": "tcp",
            "Initiated": "true",
            "SourceIsIpv6": "false",
            "SourceIp": "192.168.62.251",
            "SourceHostname": "-",
            "SourcePort": "50991",
            "SourcePortName": "-",
            "DestinationIsIpv6": "false",
            "DestinationIp": "20.189.172.32",
            "DestinationHostname": "-",
            "DestinationPort": "443",
            "DestinationPortName": "https"
        }
    },
    {
        "event_id": 3,
        "description": "Network connection",
        "time_generated": "2024-09-19T11:23:25.1359877Z",
        "computer_name": "RACM",
        "details": {
            "RuleName": "Usermode",
            "UtcTime": "2024-09-19 11:23:30.044",
            "ProcessGuid": "{cec53bf7-6cb4-66e9-0e58-000000000800}",
            "ProcessId": "15680",
            "Image": "C:\\Users\\raulr\\AppData\\Local\\Programs\\Microsoft VS Code\\Code.exe",
            "User": "RACM\\raulr",
            "Protocol": "tcp",
            "Initiated": "true",
            "SourceIsIpv6": "false",
            "SourceIp": "192.168.62.251",
            "SourceHostname": "-",
            "SourcePort": "50969",
            "SourcePortName": "-",
            "DestinationIsIpv6": "false",
            "DestinationIp": "13.107.5.93",
            "DestinationHostname": "-",
            "DestinationPort": "443",
            "DestinationPortName": "https"
        }
    },
    {
        "event_id": 3,
        "description": "Network connection",
        "time_generated": "2024-09-19T11:23:25.1359774Z",
        "computer_name": "RACM",
        "details": {
            "RuleName": "Usermode",
            "UtcTime": "2024-09-19 11:23:30.044",
            "ProcessGuid": "{cec53bf7-6cb4-66e9-0e58-000000000800}",
            "ProcessId": "15680",
            "Image": "C:\\Users\\raulr\\AppData\\Local\\Programs\\Microsoft VS Code\\Code.exe",
            "User": "RACM\\raulr",
            "Protocol": "tcp",
            "Initiated": "true",
            "SourceIsIpv6": "false",
            "SourceIp": "192.168.62.251",
            "SourceHostname": "-",
            "SourcePort": "50966",
            "SourcePortName": "-",
            "DestinationIsIpv6": "false",
            "DestinationIp": "13.107.5.93",
            "DestinationHostname": "-",
            "DestinationPort": "443",
            "DestinationPortName": "https"
        }
    },
    {
        "event_id": 3,
        "description": "Network connection",
        "time_generated": "2024-09-19T11:23:25.1359671Z",
        "computer_name": "RACM",
        "details": {
            "RuleName": "Usermode",
            "UtcTime": "2024-09-19 11:23:30.043",
            "ProcessGuid": "{cec53bf7-6cb4-66e9-0e58-000000000800}",
            "ProcessId": "15680",
            "Image": "C:\\Users\\raulr\\AppData\\Local\\Programs\\Microsoft VS Code\\Code.exe",
            "User": "RACM\\raulr",
            "Protocol": "tcp",
            "Initiated": "true",
            "SourceIsIpv6": "false",
            "SourceIp": "192.168.62.251",
            "SourceHostname": "-",
            "SourcePort": "50968",
            "SourcePortName": "-",
            "DestinationIsIpv6": "false",
            "DestinationIp": "13.107.5.93",
            "DestinationHostname": "-",
            "DestinationPort": "443",
            "DestinationPortName": "https"
        }
    },
    {
        "event_id": 3,
        "description": "Network connection",
        "time_generated": "2024-09-19T11:23:25.1359546Z",
        "computer_name": "RACM",
        "details": {
            "RuleName": "Usermode",
            "UtcTime": "2024-09-19 11:23:30.043",
            "ProcessGuid": "{cec53bf7-6cb4-66e9-0e58-000000000800}",
            "ProcessId": "15680",
            "Image": "C:\\Users\\raulr\\AppData\\Local\\Programs\\Microsoft VS Code\\Code.exe",
            "User": "RACM\\raulr",
            "Protocol": "tcp",
            "Initiated": "true",
            "SourceIsIpv6": "false",
            "SourceIp": "192.168.62.251",
            "SourceHostname": "-",
            "SourcePort": "50965",
            "SourcePortName": "-",
            "DestinationIsIpv6": "false",
            "DestinationIp": "13.107.5.93",
            "DestinationHostname": "-",
            "DestinationPort": "443",
            "DestinationPortName": "https"
        }
    },
    {
        "event_id": 3,
        "description": "Network connection",
        "time_generated": "2024-09-19T11:23:25.1359271Z",
        "computer_name": "RACM",
        "details": {
            "RuleName": "Usermode",
            "UtcTime": "2024-09-19 11:23:30.043",
            "ProcessGuid": "{cec53bf7-6cb4-66e9-0e58-000000000800}",
            "ProcessId": "15680",
            "Image": "C:\\Users\\raulr\\AppData\\Local\\Programs\\Microsoft VS Code\\Code.exe",
            "User": "RACM\\raulr",
            "Protocol": "tcp",
            "Initiated": "true",
            "SourceIsIpv6": "false",
            "SourceIp": "192.168.62.251",
            "SourceHostname": "-",
            "SourcePort": "50967",
            "SourcePortName": "-",
            "DestinationIsIpv6": "false",
            "DestinationIp": "13.107.5.93",
            "DestinationHostname": "-",
            "DestinationPort": "443",
            "DestinationPortName": "https"
        }
    },
    {
        "event_id": 3,
        "description": "Network connection",
        "time_generated": "2024-09-19T11:22:45.7273853Z",
        "computer_name": "RACM",
        "details": {
            "RuleName": "Usermode",
            "UtcTime": "2024-09-19 11:22:50.189",
            "ProcessGuid": "{cec53bf7-6cb2-66e9-0b58-000000000800}",
            "ProcessId": "11008",
            "Image": "C:\\Users\\raulr\\AppData\\Local\\Programs\\Microsoft VS Code\\Code.exe",
            "User": "RACM\\raulr",
            "Protocol": "tcp",
            "Initiated": "true",
            "SourceIsIpv6": "false",
            "SourceIp": "192.168.62.251",
            "SourceHostname": "-",
            "SourcePort": "50961",
            "SourcePortName": "-",
            "DestinationIsIpv6": "false",
            "DestinationIp": "40.79.167.8",
            "DestinationHostname": "-",
            "DestinationPort": "443",
            "DestinationPortName": "https"
        }
    },
    {
        "event_id": 3,
        "description": "Network connection",
        "time_generated": "2024-09-19T11:22:45.7273709Z",
        "computer_name": "RACM",
        "details": {
            "RuleName": "Usermode",
            "UtcTime": "2024-09-19 11:22:50.169",
            "ProcessGuid": "{cec53bf7-6cb2-66e9-0b58-000000000800}",
            "ProcessId": "11008",
            "Image": "C:\\Users\\raulr\\AppData\\Local\\Programs\\Microsoft VS Code\\Code.exe",
            "User": "RACM\\raulr",
            "Protocol": "udp",
            "Initiated": "true",
            "SourceIsIpv6": "false",
            "SourceIp": "192.168.62.251",
            "SourceHostname": "-",
            "SourcePort": "65088",
            "SourcePortName": "-",
            "DestinationIsIpv6": "false",
            "DestinationIp": "212.128.20.252",
            "DestinationHostname": "ns1.upct.es",
            "DestinationPort": "53",
            "DestinationPortName": "domain"
        }
    },
    {
        "event_id": 3,
        "description": "Network connection",
        "time_generated": "2024-09-19T11:22:45.7273559Z",
        "computer_name": "RACM",
        "details": {
            "RuleName": "Usermode",
            "UtcTime": "2024-09-19 11:22:50.169",
            "ProcessGuid": "{cec53bf7-6cb2-66e9-0b58-000000000800}",
            "ProcessId": "11008",
            "Image": "C:\\Users\\raulr\\AppData\\Local\\Programs\\Microsoft VS Code\\Code.exe",
            "User": "RACM\\raulr",
            "Protocol": "udp",
            "Initiated": "true",
            "SourceIsIpv6": "false",
            "SourceIp": "192.168.62.251",
            "SourceHostname": "-",
            "SourcePort": "57045",
            "SourcePortName": "-",
            "DestinationIsIpv6": "false",
            "DestinationIp": "212.128.20.252",
            "DestinationHostname": "ns1.upct.es",
            "DestinationPort": "53",
            "DestinationPortName": "domain"
        }
    },
    {
        "event_id": 3,
        "description": "Network connection",
        "time_generated": "2024-09-19T11:22:43.6263947Z",
        "computer_name": "RACM",
        "details": {
            "RuleName": "Usermode",
            "UtcTime": "2024-09-19 11:22:48.183",
            "ProcessGuid": "{cec53bf7-6cb4-66e9-0e58-000000000800}",
            "ProcessId": "15680",
            "Image": "C:\\Users\\raulr\\AppData\\Local\\Programs\\Microsoft VS Code\\Code.exe",
            "User": "RACM\\raulr",
            "Protocol": "tcp",
            "Initiated": "true",
            "SourceIsIpv6": "false",
            "SourceIp": "192.168.62.251",
            "SourceHostname": "-",
            "SourcePort": "50954",
            "SourcePortName": "-",
            "DestinationIsIpv6": "false",
            "DestinationIp": "20.189.172.32",
            "DestinationHostname": "-",
            "DestinationPort": "443",
            "DestinationPortName": "https"
        }
    },
    {
        "event_id": 3,
        "description": "Network connection",
        "time_generated": "2024-09-19T11:21:28.6829590Z",
        "computer_name": "RACM",
        "details": {
            "RuleName": "Usermode",
            "UtcTime": "2024-09-19 11:21:33.021",
            "ProcessGuid": "{cec53bf7-5613-66e9-2645-000000000800}",
            "ProcessId": "14740",
            "Image": "C:\\Users\\raulr\\AppData\\Local\\GitHubDesktop\\app-3.4.5\\GitHubDesktop.exe",
            "User": "RACM\\raulr",
            "Protocol": "tcp",
            "Initiated": "true",
            "SourceIsIpv6": "false",
            "SourceIp": "192.168.62.251",
            "SourceHostname": "-",
            "SourcePort": "50944",
            "SourcePortName": "-",
            "DestinationIsIpv6": "false",
            "DestinationIp": "140.82.121.6",
            "DestinationHostname": "lb-140-82-121-6-fra.github.com",
            "DestinationPort": "443",
            "DestinationPortName": "https"
        }
    },
    {
        "event_id": 3,
        "description": "Network connection",
        "time_generated": "2024-09-19T11:21:28.6829391Z",
        "computer_name": "RACM",
        "details": {
            "RuleName": "Usermode",
            "UtcTime": "2024-09-19 11:21:33.001",
            "ProcessGuid": "{cec53bf7-5613-66e9-2645-000000000800}",
            "ProcessId": "14740",
            "Image": "C:\\Users\\raulr\\AppData\\Local\\GitHubDesktop\\app-3.4.5\\GitHubDesktop.exe",
            "User": "RACM\\raulr",
            "Protocol": "udp",
            "Initiated": "true",
            "SourceIsIpv6": "false",
            "SourceIp": "192.168.62.251",
            "SourceHostname": "-",
            "SourcePort": "57149",
            "SourcePortName": "-",
            "DestinationIsIpv6": "false",
            "DestinationIp": "212.128.20.252",
            "DestinationHostname": "ns1.upct.es",
            "DestinationPort": "53",
            "DestinationPortName": "domain"
        }
    },
    {
        "event_id": 3,
        "description": "Network connection",
        "time_generated": "2024-09-19T11:21:28.6829171Z",
        "computer_name": "RACM",
        "details": {
            "RuleName": "Usermode",
            "UtcTime": "2024-09-19 11:21:33.000",
            "ProcessGuid": "{cec53bf7-5613-66e9-2645-000000000800}",
            "ProcessId": "14740",
            "Image": "C:\\Users\\raulr\\AppData\\Local\\GitHubDesktop\\app-3.4.5\\GitHubDesktop.exe",
            "User": "RACM\\raulr",
            "Protocol": "udp",
            "Initiated": "true",
            "SourceIsIpv6": "false",
            "SourceIp": "192.168.62.251",
            "SourceHostname": "-",
            "SourcePort": "65190",
            "SourcePortName": "-",
            "DestinationIsIpv6": "false",
            "DestinationIp": "212.128.20.252",
            "DestinationHostname": "ns1.upct.es",
            "DestinationPort": "53",
            "DestinationPortName": "domain"
        }
    },
    {
        "event_id": 3,
        "description": "Network connection",
        "time_generated": "2024-09-19T11:17:48.3078279Z",
        "computer_name": "RACM",
        "details": {
            "RuleName": "Usermode",
            "UtcTime": "2024-09-19 11:17:52.412",
            "ProcessGuid": "{cec53bf7-6cb2-66e9-0b58-000000000800}",
            "ProcessId": "11008",
            "Image": "C:\\Users\\raulr\\AppData\\Local\\Programs\\Microsoft VS Code\\Code.exe",
            "User": "RACM\\raulr",
            "Protocol": "tcp",
            "Initiated": "true",
            "SourceIsIpv6": "false",
            "SourceIp": "192.168.62.251",
            "SourceHostname": "-",
            "SourcePort": "50901",
            "SourcePortName": "-",
            "DestinationIsIpv6": "false",
            "DestinationIp": "20.42.65.84",
            "DestinationHostname": "-",
            "DestinationPort": "443",
            "DestinationPortName": "https"
        }
    },
    {
        "event_id": 3,
        "description": "Network connection",
        "time_generated": "2024-09-19T11:17:48.3078126Z",
        "computer_name": "RACM",
        "details": {
            "RuleName": "Usermode",
            "UtcTime": "2024-09-19 11:17:52.395",
            "ProcessGuid": "{cec53bf7-6cb2-66e9-0b58-000000000800}",
            "ProcessId": "11008",
            "Image": "C:\\Users\\raulr\\AppData\\Local\\Programs\\Microsoft VS Code\\Code.exe",
            "User": "RACM\\raulr",
            "Protocol": "udp",
            "Initiated": "true",
            "SourceIsIpv6": "false",
            "SourceIp": "192.168.62.251",
            "SourceHostname": "-",
            "SourcePort": "51013",
            "SourcePortName": "-",
            "DestinationIsIpv6": "false",
            "DestinationIp": "212.128.20.252",
            "DestinationHostname": "ns1.upct.es",
            "DestinationPort": "53",
            "DestinationPortName": "domain"
        }
    },
    {
        "event_id": 3,
        "description": "Network connection",
        "time_generated": "2024-09-19T11:17:48.3077914Z",
        "computer_name": "RACM",
        "details": {
            "RuleName": "Usermode",
            "UtcTime": "2024-09-19 11:17:52.394",
            "ProcessGuid": "{cec53bf7-6cb2-66e9-0b58-000000000800}",
            "ProcessId": "11008",
            "Image": "C:\\Users\\raulr\\AppData\\Local\\Programs\\Microsoft VS Code\\Code.exe",
            "User": "RACM\\raulr",
            "Protocol": "udp",
            "Initiated": "true",
            "SourceIsIpv6": "false",
            "SourceIp": "192.168.62.251",
            "SourceHostname": "-",
            "SourcePort": "64583",
            "SourcePortName": "-",
            "DestinationIsIpv6": "false",
            "DestinationIp": "212.128.20.252",
            "DestinationHostname": "ns1.upct.es",
            "DestinationPort": "53",
            "DestinationPortName": "domain"
        }
    },
    {
        "event_id": 3,
        "description": "Network connection",
        "time_generated": "2024-09-19T11:17:47.2660024Z",
        "computer_name": "RACM",
        "details": {
            "RuleName": "Usermode",
            "UtcTime": "2024-09-19 11:17:50.430",
            "ProcessGuid": "{cec53bf7-6cb2-66e9-0b58-000000000800}",
            "ProcessId": "11008",
            "Image": "C:\\Users\\raulr\\AppData\\Local\\Programs\\Microsoft VS Code\\Code.exe",
            "User": "RACM\\raulr",
            "Protocol": "tcp",
            "Initiated": "true",
            "SourceIsIpv6": "false",
            "SourceIp": "192.168.62.251",
            "SourceHostname": "-",
            "SourcePort": "50900",
            "SourcePortName": "-",
            "DestinationIsIpv6": "false",
            "DestinationIp": "140.82.112.22",
            "DestinationHostname": "lb-140-82-112-22-iad.github.com",
            "DestinationPort": "443",
            "DestinationPortName": "https"
        }
    },
    {
        "event_id": 3,
        "description": "Network connection",
        "time_generated": "2024-09-19T11:17:46.2254728Z",
        "computer_name": "RACM",
        "details": {
            "RuleName": "Usermode",
            "UtcTime": "2024-09-19 11:17:50.384",
            "ProcessGuid": "{cec53bf7-6cb2-66e9-0b58-000000000800}",
            "ProcessId": "11008",
            "Image": "C:\\Users\\raulr\\AppData\\Local\\Programs\\Microsoft VS Code\\Code.exe",
            "User": "RACM\\raulr",
            "Protocol": "udp",
            "Initiated": "true",
            "SourceIsIpv6": "false",
            "SourceIp": "192.168.62.251",
            "SourceHostname": "-",
            "SourcePort": "50217",
            "SourcePortName": "-",
            "DestinationIsIpv6": "false",
            "DestinationIp": "212.128.20.252",
            "DestinationHostname": "ns1.upct.es",
            "DestinationPort": "53",
            "DestinationPortName": "domain"
        }
    },
    {
        "event_id": 3,
        "description": "Network connection",
        "time_generated": "2024-09-19T11:17:46.2254511Z",
        "computer_name": "RACM",
        "details": {
            "RuleName": "Usermode",
            "UtcTime": "2024-09-19 11:17:50.384",
            "ProcessGuid": "{cec53bf7-6cb2-66e9-0b58-000000000800}",
            "ProcessId": "11008",
            "Image": "C:\\Users\\raulr\\AppData\\Local\\Programs\\Microsoft VS Code\\Code.exe",
            "User": "RACM\\raulr",
            "Protocol": "udp",
            "Initiated": "true",
            "SourceIsIpv6": "false",
            "SourceIp": "192.168.62.251",
            "SourceHostname": "-",
            "SourcePort": "53235",
            "SourcePortName": "-",
            "DestinationIsIpv6": "false",
            "DestinationIp": "212.128.20.252",
            "DestinationHostname": "ns1.upct.es",
            "DestinationPort": "53",
            "DestinationPortName": "domain"
        }
    },
    {
        "event_id": 3,
        "description": "Network connection",
        "time_generated": "2024-09-19T11:17:42.3407174Z",
        "computer_name": "RACM",
        "details": {
            "RuleName": "Usermode",
            "UtcTime": "2024-09-19 11:17:46.245",
            "ProcessGuid": "{cec53bf7-6cb4-66e9-0e58-000000000800}",
            "ProcessId": "15680",
            "Image": "C:\\Users\\raulr\\AppData\\Local\\Programs\\Microsoft VS Code\\Code.exe",
            "User": "RACM\\raulr",
            "Protocol": "tcp",
            "Initiated": "true",
            "SourceIsIpv6": "false",
            "SourceIp": "192.168.62.251",
            "SourceHostname": "-",
            "SourcePort": "50898",
            "SourcePortName": "-",
            "DestinationIsIpv6": "false",
            "DestinationIp": "20.189.172.33",
            "DestinationHostname": "-",
            "DestinationPort": "443",
            "DestinationPortName": "https"
        }
    },
    {
        "event_id": 3,
        "description": "Network connection",
        "time_generated": "2024-09-19T11:16:13.3019532Z",
        "computer_name": "RACM",
        "details": {
            "RuleName": "Usermode",
            "UtcTime": "2024-09-19 11:16:18.023",
            "ProcessGuid": "{cec53bf7-5613-66e9-2645-000000000800}",
            "ProcessId": "14740",
            "Image": "C:\\Users\\raulr\\AppData\\Local\\GitHubDesktop\\app-3.4.5\\GitHubDesktop.exe",
            "User": "RACM\\raulr",
            "Protocol": "tcp",
            "Initiated": "true",
            "SourceIsIpv6": "false",
            "SourceIp": "192.168.62.251",
            "SourceHostname": "-",
            "SourcePort": "50879",
            "SourcePortName": "-",
            "DestinationIsIpv6": "false",
            "DestinationIp": "140.82.121.6",
            "DestinationHostname": "lb-140-82-121-6-fra.github.com",
            "DestinationPort": "443",
            "DestinationPortName": "https"
        }
    },
    {
        "event_id": 3,
        "description": "Network connection",
        "time_generated": "2024-09-19T11:16:13.3019423Z",
        "computer_name": "RACM",
        "details": {
            "RuleName": "Usermode",
            "UtcTime": "2024-09-19 11:16:18.004",
            "ProcessGuid": "{cec53bf7-5613-66e9-2645-000000000800}",
            "ProcessId": "14740",
            "Image": "C:\\Users\\raulr\\AppData\\Local\\GitHubDesktop\\app-3.4.5\\GitHubDesktop.exe",
            "User": "RACM\\raulr",
            "Protocol": "udp",
            "Initiated": "true",
            "SourceIsIpv6": "false",
            "SourceIp": "192.168.62.251",
            "SourceHostname": "-",
            "SourcePort": "54123",
            "SourcePortName": "-",
            "DestinationIsIpv6": "false",
            "DestinationIp": "212.128.20.252",
            "DestinationHostname": "ns1.upct.es",
            "DestinationPort": "53",
            "DestinationPortName": "domain"
        }
    },
    {
        "event_id": 3,
        "description": "Network connection",
        "time_generated": "2024-09-19T11:16:13.3019279Z",
        "computer_name": "RACM",
        "details": {
            "RuleName": "Usermode",
            "UtcTime": "2024-09-19 11:16:18.004",
            "ProcessGuid": "{cec53bf7-5613-66e9-2645-000000000800}",
            "ProcessId": "14740",
            "Image": "C:\\Users\\raulr\\AppData\\Local\\GitHubDesktop\\app-3.4.5\\GitHubDesktop.exe",
            "User": "RACM\\raulr",
            "Protocol": "udp",
            "Initiated": "true",
            "SourceIsIpv6": "false",
            "SourceIp": "192.168.62.251",
            "SourceHostname": "-",
            "SourcePort": "51978",
            "SourcePortName": "-",
            "DestinationIsIpv6": "false",
            "DestinationIp": "212.128.20.252",
            "DestinationHostname": "ns1.upct.es",
            "DestinationPort": "53",
            "DestinationPortName": "domain"
        }
    },
    {
        "event_id": 3,
        "description": "Network connection",
        "time_generated": "2024-09-19T11:14:06.7432827Z",
        "computer_name": "RACM",
        "details": {
            "RuleName": "Usermode",
            "UtcTime": "2024-09-19 11:14:11.561",
            "ProcessGuid": "{cec53bf7-6cb2-66e9-0b58-000000000800}",
            "ProcessId": "11008",
            "Image": "C:\\Users\\raulr\\AppData\\Local\\Programs\\Microsoft VS Code\\Code.exe",
            "User": "RACM\\raulr",
            "Protocol": "udp",
            "Initiated": "true",
            "SourceIsIpv6": "false",
            "SourceIp": "192.168.62.251",
            "SourceHostname": "-",
            "SourcePort": "61217",
            "SourcePortName": "-",
            "DestinationIsIpv6": "false",
            "DestinationIp": "212.128.20.252",
            "DestinationHostname": "ns1.upct.es",
            "DestinationPort": "53",
            "DestinationPortName": "domain"
        }
    },
    {
        "event_id": 3,
        "description": "Network connection",
        "time_generated": "2024-09-19T11:14:06.7432667Z",
        "computer_name": "RACM",
        "details": {
            "RuleName": "Usermode",
            "UtcTime": "2024-09-19 11:14:11.561",
            "ProcessGuid": "{cec53bf7-6cb2-66e9-0b58-000000000800}",
            "ProcessId": "11008",
            "Image": "C:\\Users\\raulr\\AppData\\Local\\Programs\\Microsoft VS Code\\Code.exe",
            "User": "RACM\\raulr",
            "Protocol": "udp",
            "Initiated": "true",
            "SourceIsIpv6": "false",
            "SourceIp": "192.168.62.251",
            "SourceHostname": "-",
            "SourcePort": "65168",
            "SourcePortName": "-",
            "DestinationIsIpv6": "false",
            "DestinationIp": "212.128.20.252",
            "DestinationHostname": "ns1.upct.es",
            "DestinationPort": "53",
            "DestinationPortName": "domain"
        }
    },
    {
        "event_id": 3,
        "description": "Network connection",
        "time_generated": "2024-09-19T11:13:31.6023320Z",
        "computer_name": "RACM",
        "details": {
            "RuleName": "Usermode",
            "UtcTime": "2024-09-19 11:13:35.551",
            "ProcessGuid": "{cec53bf7-6cb2-66e9-0b58-000000000800}",
            "ProcessId": "11008",
            "Image": "C:\\Users\\raulr\\AppData\\Local\\Programs\\Microsoft VS Code\\Code.exe",
            "User": "RACM\\raulr",
            "Protocol": "tcp",
            "Initiated": "true",
            "SourceIsIpv6": "false",
            "SourceIp": "192.168.62.251",
            "SourceHostname": "-",
            "SourcePort": "50861",
            "SourcePortName": "-",
            "DestinationIsIpv6": "false",
            "DestinationIp": "152.199.19.160",
            "DestinationHostname": "-",
            "DestinationPort": "443",
            "DestinationPortName": "https"
        }
    },
    {
        "event_id": 3,
        "description": "Network connection",
        "time_generated": "2024-09-19T11:13:31.6023210Z",
        "computer_name": "RACM",
        "details": {
            "RuleName": "Usermode",
            "UtcTime": "2024-09-19 11:13:35.533",
            "ProcessGuid": "{cec53bf7-6cb2-66e9-0b58-000000000800}",
            "ProcessId": "11008",
            "Image": "C:\\Users\\raulr\\AppData\\Local\\Programs\\Microsoft VS Code\\Code.exe",
            "User": "RACM\\raulr",
            "Protocol": "udp",
            "Initiated": "true",
            "SourceIsIpv6": "false",
            "SourceIp": "192.168.62.251",
            "SourceHostname": "-",
            "SourcePort": "55771",
            "SourcePortName": "-",
            "DestinationIsIpv6": "false",
            "DestinationIp": "212.128.20.252",
            "DestinationHostname": "ns1.upct.es",
            "DestinationPort": "53",
            "DestinationPortName": "domain"
        }
    },
    {
        "event_id": 3,
        "description": "Network connection",
        "time_generated": "2024-09-19T11:13:31.6023054Z",
        "computer_name": "RACM",
        "details": {
            "RuleName": "Usermode",
            "UtcTime": "2024-09-19 11:13:35.533",
            "ProcessGuid": "{cec53bf7-6cb2-66e9-0b58-000000000800}",
            "ProcessId": "11008",
            "Image": "C:\\Users\\raulr\\AppData\\Local\\Programs\\Microsoft VS Code\\Code.exe",
            "User": "RACM\\raulr",
            "Protocol": "udp",
            "Initiated": "true",
            "SourceIsIpv6": "false",
            "SourceIp": "192.168.62.251",
            "SourceHostname": "-",
            "SourcePort": "55951",
            "SourcePortName": "-",
            "DestinationIsIpv6": "false",
            "DestinationIp": "212.128.20.252",
            "DestinationHostname": "ns1.upct.es",
            "DestinationPort": "53",
            "DestinationPortName": "domain"
        }
    },
    {
        "event_id": 3,
        "description": "Network connection",
        "time_generated": "2024-09-19T11:12:59.9595364Z",
        "computer_name": "RACM",
        "details": {
            "RuleName": "Usermode",
            "UtcTime": "2024-09-19 11:13:04.137",
            "ProcessGuid": "{cec53bf7-6cb4-66e9-0e58-000000000800}",
            "ProcessId": "15680",
            "Image": "C:\\Users\\raulr\\AppData\\Local\\Programs\\Microsoft VS Code\\Code.exe",
            "User": "RACM\\raulr",
            "Protocol": "tcp",
            "Initiated": "true",
            "SourceIsIpv6": "false",
            "SourceIp": "192.168.62.251",
            "SourceHostname": "-",
            "SourcePort": "50858",
            "SourcePortName": "-",
            "DestinationIsIpv6": "false",
            "DestinationIp": "140.82.114.21",
            "DestinationHostname": "lb-140-82-114-21-iad.github.com",
            "DestinationPort": "443",
            "DestinationPortName": "https"
        }
    },
    {
        "event_id": 3,
        "description": "Network connection",
        "time_generated": "2024-09-19T11:12:47.9332770Z",
        "computer_name": "RACM",
        "details": {
            "RuleName": "Usermode",
            "UtcTime": "2024-09-19 11:12:51.962",
            "ProcessGuid": "{cec53bf7-6cb4-66e9-0e58-000000000800}",
            "ProcessId": "15680",
            "Image": "C:\\Users\\raulr\\AppData\\Local\\Programs\\Microsoft VS Code\\Code.exe",
            "User": "RACM\\raulr",
            "Protocol": "tcp",
            "Initiated": "true",
            "SourceIsIpv6": "false",
            "SourceIp": "192.168.62.251",
            "SourceHostname": "-",
            "SourcePort": "50856",
            "SourcePortName": "-",
            "DestinationIsIpv6": "false",
            "DestinationIp": "52.182.143.213",
            "DestinationHostname": "-",
            "DestinationPort": "443",
            "DestinationPortName": "https"
        }
    },
    {
        "event_id": 3,
        "description": "Network connection",
        "time_generated": "2024-09-19T11:12:45.8615784Z",
        "computer_name": "RACM",
        "details": {
            "RuleName": "Usermode",
            "UtcTime": "2024-09-19 11:12:49.958",
            "ProcessGuid": "{cec53bf7-6cb2-66e9-0b58-000000000800}",
            "ProcessId": "11008",
            "Image": "C:\\Users\\raulr\\AppData\\Local\\Programs\\Microsoft VS Code\\Code.exe",
            "User": "RACM\\raulr",
            "Protocol": "tcp",
            "Initiated": "true",
            "SourceIsIpv6": "false",
            "SourceIp": "192.168.62.251",
            "SourceHostname": "-",
            "SourcePort": "50855",
            "SourcePortName": "-",
            "DestinationIsIpv6": "false",
            "DestinationIp": "140.82.113.22",
            "DestinationHostname": "lb-140-82-113-22-iad.github.com",
            "DestinationPort": "443",
            "DestinationPortName": "https"
        }
    },
    {
        "event_id": 3,
        "description": "Network connection",
        "time_generated": "2024-09-19T11:12:45.8615656Z",
        "computer_name": "RACM",
        "details": {
            "RuleName": "Usermode",
            "UtcTime": "2024-09-19 11:12:49.943",
            "ProcessGuid": "{cec53bf7-6cb2-66e9-0b58-000000000800}",
            "ProcessId": "11008",
            "Image": "C:\\Users\\raulr\\AppData\\Local\\Programs\\Microsoft VS Code\\Code.exe",
            "User": "RACM\\raulr",
            "Protocol": "udp",
            "Initiated": "true",
            "SourceIsIpv6": "false",
            "SourceIp": "192.168.62.251",
            "SourceHostname": "-",
            "SourcePort": "55459",
            "SourcePortName": "-",
            "DestinationIsIpv6": "false",
            "DestinationIp": "212.128.20.252",
            "DestinationHostname": "ns1.upct.es",
            "DestinationPort": "53",
            "DestinationPortName": "domain"
        }
    },
    {
        "event_id": 3,
        "description": "Network connection",
        "time_generated": "2024-09-19T11:12:45.8615497Z",
        "computer_name": "RACM",
        "details": {
            "RuleName": "Usermode",
            "UtcTime": "2024-09-19 11:12:49.943",
            "ProcessGuid": "{cec53bf7-6cb2-66e9-0b58-000000000800}",
            "ProcessId": "11008",
            "Image": "C:\\Users\\raulr\\AppData\\Local\\Programs\\Microsoft VS Code\\Code.exe",
            "User": "RACM\\raulr",
            "Protocol": "udp",
            "Initiated": "true",
            "SourceIsIpv6": "false",
            "SourceIp": "192.168.62.251",
            "SourceHostname": "-",
            "SourcePort": "61832",
            "SourcePortName": "-",
            "DestinationIsIpv6": "false",
            "DestinationIp": "212.128.20.252",
            "DestinationHostname": "ns1.upct.es",
            "DestinationPort": "53",
            "DestinationPortName": "domain"
        }
    },
    {
        "event_id": 3,
        "description": "Network connection",
        "time_generated": "2024-09-19T11:12:44.8187540Z",
        "computer_name": "RACM",
        "details": {
            "RuleName": "Usermode",
            "UtcTime": "2024-09-19 11:12:49.110",
            "ProcessGuid": "{cec53bf7-6cb2-66e9-0b58-000000000800}",
            "ProcessId": "11008",
            "Image": "C:\\Users\\raulr\\AppData\\Local\\Programs\\Microsoft VS Code\\Code.exe",
            "User": "RACM\\raulr",
            "Protocol": "tcp",
            "Initiated": "true",
            "SourceIsIpv6": "false",
            "SourceIp": "192.168.62.251",
            "SourceHostname": "-",
            "SourcePort": "50853",
            "SourcePortName": "-",
            "DestinationIsIpv6": "false",
            "DestinationIp": "140.82.121.6",
            "DestinationHostname": "lb-140-82-121-6-fra.github.com",
            "DestinationPort": "443",
            "DestinationPortName": "https"
        }
    },
    {
        "event_id": 3,
        "description": "Network connection",
        "time_generated": "2024-09-19T11:12:44.8187406Z",
        "computer_name": "RACM",
        "details": {
            "RuleName": "Usermode",
            "UtcTime": "2024-09-19 11:12:49.093",
            "ProcessGuid": "{cec53bf7-6cb2-66e9-0b58-000000000800}",
            "ProcessId": "11008",
            "Image": "C:\\Users\\raulr\\AppData\\Local\\Programs\\Microsoft VS Code\\Code.exe",
            "User": "RACM\\raulr",
            "Protocol": "udp",
            "Initiated": "true",
            "SourceIsIpv6": "false",
            "SourceIp": "192.168.62.251",
            "SourceHostname": "-",
            "SourcePort": "61031",
            "SourcePortName": "-",
            "DestinationIsIpv6": "false",
            "DestinationIp": "212.128.20.252",
            "DestinationHostname": "ns1.upct.es",
            "DestinationPort": "53",
            "DestinationPortName": "domain"
        }
    },
    {
        "event_id": 3,
        "description": "Network connection",
        "time_generated": "2024-09-19T11:12:44.8187192Z",
        "computer_name": "RACM",
        "details": {
            "RuleName": "Usermode",
            "UtcTime": "2024-09-19 11:12:49.093",
            "ProcessGuid": "{cec53bf7-6cb2-66e9-0b58-000000000800}",
            "ProcessId": "11008",
            "Image": "C:\\Users\\raulr\\AppData\\Local\\Programs\\Microsoft VS Code\\Code.exe",
            "User": "RACM\\raulr",
            "Protocol": "udp",
            "Initiated": "true",
            "SourceIsIpv6": "false",
            "SourceIp": "192.168.62.251",
            "SourceHostname": "-",
            "SourcePort": "60405",
            "SourcePortName": "-",
            "DestinationIsIpv6": "false",
            "DestinationIp": "212.128.20.252",
            "DestinationHostname": "ns1.upct.es",
            "DestinationPort": "53",
            "DestinationPortName": "domain"
        }
    },
    {
        "event_id": 3,
        "description": "Network connection",
        "time_generated": "2024-09-19T11:12:42.7364046Z",
        "computer_name": "RACM",
        "details": {
            "RuleName": "Usermode",
            "UtcTime": "2024-09-19 11:12:47.228",
            "ProcessGuid": "{cec53bf7-6cb4-66e9-0e58-000000000800}",
            "ProcessId": "15680",
            "Image": "C:\\Users\\raulr\\AppData\\Local\\Programs\\Microsoft VS Code\\Code.exe",
            "User": "RACM\\raulr",
            "Protocol": "tcp",
            "Initiated": "true",
            "SourceIsIpv6": "false",
            "SourceIp": "192.168.62.251",
            "SourceHostname": "-",
            "SourcePort": "50851",
            "SourcePortName": "-",
            "DestinationIsIpv6": "false",
            "DestinationIp": "20.189.172.33",
            "DestinationHostname": "-",
            "DestinationPort": "443",
            "DestinationPortName": "https"
        }
    },
    {
        "event_id": 3,
        "description": "Network connection",
        "time_generated": "2024-09-19T11:12:25.7499108Z",
        "computer_name": "RACM",
        "details": {
            "RuleName": "Usermode",
            "UtcTime": "2024-09-19 11:12:30.292",
            "ProcessGuid": "{cec53bf7-6cb2-66e9-0b58-000000000800}",
            "ProcessId": "11008",
            "Image": "C:\\Users\\raulr\\AppData\\Local\\Programs\\Microsoft VS Code\\Code.exe",
            "User": "RACM\\raulr",
            "Protocol": "udp",
            "Initiated": "true",
            "SourceIsIpv6": "false",
            "SourceIp": "192.168.62.251",
            "SourceHostname": "-",
            "SourcePort": "50065",
            "SourcePortName": "-",
            "DestinationIsIpv6": "false",
            "DestinationIp": "212.128.20.252",
            "DestinationHostname": "ns1.upct.es",
            "DestinationPort": "53",
            "DestinationPortName": "domain"
        }
    },
