    {
        "event_id": 3,
        "description": "Network connection",
        "time_generated": "2024-09-18T10:14:09.2869201Z",
        "computer_name": "RACM",
        "details": {
            "RuleName": "Usermode",
            "UtcTime": "2024-09-18 10:14:12.384",
            "ProcessGuid": "{cec53bf7-6cb4-66e9-0e58-000000000800}",
            "ProcessId": "15680",
            "Image": "C:\\Users\\raulr\\AppData\\Local\\Programs\\Microsoft VS Code\\Code.exe",
            "User": "RACM\\raulr",
            "Protocol": "tcp",
            "Initiated": "true",
            "SourceIsIpv6": "false",
            "SourceIp": "192.168.60.22",
            "SourceHostname": "-",
            "SourcePort": "61995",
            "SourcePortName": "-",
            "DestinationIsIpv6": "false",
            "DestinationIp": "20.189.172.33",
            "DestinationHostname": "-",
            "DestinationPort": "443",
            "DestinationPortName": "https"
        }
    },
    {
        "event_id": 3,
        "description": "Network connection",
        "time_generated": "2024-09-18T10:14:09.2869102Z",
        "computer_name": "RACM",
        "details": {
            "RuleName": "Usermode",
            "UtcTime": "2024-09-18 10:14:12.384",
            "ProcessGuid": "{cec53bf7-6cb4-66e9-0e58-000000000800}",
            "ProcessId": "15680",
            "Image": "C:\\Users\\raulr\\AppData\\Local\\Programs\\Microsoft VS Code\\Code.exe",
            "User": "RACM\\raulr",
            "Protocol": "tcp",
            "Initiated": "true",
            "SourceIsIpv6": "false",
            "SourceIp": "192.168.60.22",
            "SourceHostname": "-",
            "SourcePort": "61991",
            "SourcePortName": "-",
            "DestinationIsIpv6": "false",
            "DestinationIp": "20.189.172.33",
            "DestinationHostname": "-",
            "DestinationPort": "443",
            "DestinationPortName": "https"
        }
    },
    {
        "event_id": 3,
        "description": "Network connection",
        "time_generated": "2024-09-18T10:14:09.2868966Z",
        "computer_name": "RACM",
        "details": {
            "RuleName": "Usermode",
            "UtcTime": "2024-09-18 10:14:12.383",
            "ProcessGuid": "{cec53bf7-6cb4-66e9-0e58-000000000800}",
            "ProcessId": "15680",
            "Image": "C:\\Users\\raulr\\AppData\\Local\\Programs\\Microsoft VS Code\\Code.exe",
            "User": "RACM\\raulr",
            "Protocol": "tcp",
            "Initiated": "true",
            "SourceIsIpv6": "false",
            "SourceIp": "192.168.60.22",
            "SourceHostname": "-",
            "SourcePort": "61990",
            "SourcePortName": "-",
            "DestinationIsIpv6": "false",
            "DestinationIp": "20.189.172.33",
            "DestinationHostname": "-",
            "DestinationPort": "443",
            "DestinationPortName": "https"
        }
    },
    {
        "event_id": 3,
        "description": "Network connection",
        "time_generated": "2024-09-18T10:14:09.2868772Z",
        "computer_name": "RACM",
        "details": {
            "RuleName": "Usermode",
            "UtcTime": "2024-09-18 10:14:12.383",
            "ProcessGuid": "{cec53bf7-6cb4-66e9-0e58-000000000800}",
            "ProcessId": "15680",
            "Image": "C:\\Users\\raulr\\AppData\\Local\\Programs\\Microsoft VS Code\\Code.exe",
            "User": "RACM\\raulr",
            "Protocol": "tcp",
            "Initiated": "true",
            "SourceIsIpv6": "false",
            "SourceIp": "192.168.60.22",
            "SourceHostname": "-",
            "SourcePort": "61996",
            "SourcePortName": "-",
            "DestinationIsIpv6": "false",
            "DestinationIp": "20.189.172.33",
            "DestinationHostname": "-",
            "DestinationPort": "443",
            "DestinationPortName": "https"
        }
    },
    {
        "event_id": 3,
        "description": "Network connection",
        "time_generated": "2024-09-18T10:14:09.2868561Z",
        "computer_name": "RACM",
        "details": {
            "RuleName": "Usermode",
            "UtcTime": "2024-09-18 10:14:12.383",
            "ProcessGuid": "{cec53bf7-6cb4-66e9-0e58-000000000800}",
            "ProcessId": "15680",
            "Image": "C:\\Users\\raulr\\AppData\\Local\\Programs\\Microsoft VS Code\\Code.exe",
            "User": "RACM\\raulr",
            "Protocol": "tcp",
            "Initiated": "true",
            "SourceIsIpv6": "false",
            "SourceIp": "192.168.60.22",
            "SourceHostname": "-",
            "SourcePort": "61989",
            "SourcePortName": "-",
            "DestinationIsIpv6": "false",
            "DestinationIp": "20.189.172.33",
            "DestinationHostname": "-",
            "DestinationPort": "443",
            "DestinationPortName": "https"
        }
    },
    {
        "event_id": 3,
        "description": "Network connection",
        "time_generated": "2024-09-18T10:14:09.2868344Z",
        "computer_name": "RACM",
        "details": {
            "RuleName": "Usermode",
            "UtcTime": "2024-09-18 10:14:12.380",
            "ProcessGuid": "{cec53bf7-6cb4-66e9-0e58-000000000800}",
            "ProcessId": "15680",
            "Image": "C:\\Users\\raulr\\AppData\\Local\\Programs\\Microsoft VS Code\\Code.exe",
            "User": "RACM\\raulr",
            "Protocol": "tcp",
            "Initiated": "true",
            "SourceIsIpv6": "false",
            "SourceIp": "192.168.60.22",
            "SourceHostname": "-",
            "SourcePort": "61993",
            "SourcePortName": "-",
            "DestinationIsIpv6": "false",
            "DestinationIp": "20.189.172.33",
            "DestinationHostname": "-",
            "DestinationPort": "443",
            "DestinationPortName": "https"
        }
    },
    {
        "event_id": 3,
        "description": "Network connection",
        "time_generated": "2024-09-18T10:14:09.2867905Z",
        "computer_name": "RACM",
        "details": {
            "RuleName": "Usermode",
            "UtcTime": "2024-09-18 10:14:12.380",
            "ProcessGuid": "{cec53bf7-6cb4-66e9-0e58-000000000800}",
            "ProcessId": "15680",
            "Image": "C:\\Users\\raulr\\AppData\\Local\\Programs\\Microsoft VS Code\\Code.exe",
            "User": "RACM\\raulr",
            "Protocol": "tcp",
            "Initiated": "true",
            "SourceIsIpv6": "false",
            "SourceIp": "192.168.60.22",
            "SourceHostname": "-",
            "SourcePort": "61988",
            "SourcePortName": "-",
            "DestinationIsIpv6": "false",
            "DestinationIp": "20.189.172.33",
            "DestinationHostname": "-",
            "DestinationPort": "443",
            "DestinationPortName": "https"
        }
    },
    {
        "event_id": 3,
        "description": "Network connection",
        "time_generated": "2024-09-18T10:12:38.3908734Z",
        "computer_name": "RACM",
        "details": {
            "RuleName": "Usermode",
            "UtcTime": "2024-09-18 10:12:40.622",
            "ProcessGuid": "{cec53bf7-a793-66ea-7e77-000000000800}",
            "ProcessId": "25292",
            "Image": "C:\\Users\\raulr\\AppData\\Local\\GitHubDesktop\\Update.exe",
            "User": "RACM\\raulr",
            "Protocol": "tcp",
            "Initiated": "true",
            "SourceIsIpv6": "false",
            "SourceIp": "192.168.60.22",
            "SourceHostname": "-",
            "SourcePort": "61968",
            "SourcePortName": "-",
            "DestinationIsIpv6": "false",
            "DestinationIp": "140.82.112.21",
            "DestinationHostname": "lb-140-82-112-21-iad.github.com",
            "DestinationPort": "443",
            "DestinationPortName": "https"
        }
    },
    {
        "event_id": 3,
        "description": "Network connection",
        "time_generated": "2024-09-18T10:12:37.3783323Z",
        "computer_name": "RACM",
        "details": {
            "RuleName": "Usermode",
            "UtcTime": "2024-09-18 10:12:40.393",
            "ProcessGuid": "{cec53bf7-5613-66e9-2645-000000000800}",
            "ProcessId": "14740",
            "Image": "C:\\Users\\raulr\\AppData\\Local\\GitHubDesktop\\app-3.4.5\\GitHubDesktop.exe",
            "User": "RACM\\raulr",
            "Protocol": "tcp",
            "Initiated": "true",
            "SourceIsIpv6": "false",
            "SourceIp": "192.168.60.22",
            "SourceHostname": "-",
            "SourcePort": "61967",
            "SourcePortName": "-",
            "DestinationIsIpv6": "false",
            "DestinationIp": "140.82.112.21",
            "DestinationHostname": "lb-140-82-112-21-iad.github.com",
            "DestinationPort": "443",
            "DestinationPortName": "https"
        }
    },
    {
        "event_id": 3,
        "description": "Network connection",
        "time_generated": "2024-09-18T10:12:37.3783038Z",
        "computer_name": "RACM",
        "details": {
            "RuleName": "Usermode",
            "UtcTime": "2024-09-18 10:12:40.297",
            "ProcessGuid": "{cec53bf7-5613-66e9-2645-000000000800}",
            "ProcessId": "14740",
            "Image": "C:\\Users\\raulr\\AppData\\Local\\GitHubDesktop\\app-3.4.5\\GitHubDesktop.exe",
            "User": "RACM\\raulr",
            "Protocol": "udp",
            "Initiated": "true",
            "SourceIsIpv6": "false",
            "SourceIp": "192.168.60.22",
            "SourceHostname": "-",
            "SourcePort": "63216",
            "SourcePortName": "-",
            "DestinationIsIpv6": "false",
            "DestinationIp": "212.128.20.252",
            "DestinationHostname": "ns1.upct.es",
            "DestinationPort": "53",
            "DestinationPortName": "domain"
        }
    },
    {
        "event_id": 3,
        "description": "Network connection",
        "time_generated": "2024-09-18T10:12:37.3782606Z",
        "computer_name": "RACM",
        "details": {
            "RuleName": "Usermode",
            "UtcTime": "2024-09-18 10:12:40.297",
            "ProcessGuid": "{cec53bf7-5613-66e9-2645-000000000800}",
            "ProcessId": "14740",
            "Image": "C:\\Users\\raulr\\AppData\\Local\\GitHubDesktop\\app-3.4.5\\GitHubDesktop.exe",
            "User": "RACM\\raulr",
            "Protocol": "udp",
            "Initiated": "true",
            "SourceIsIpv6": "false",
            "SourceIp": "192.168.60.22",
            "SourceHostname": "-",
            "SourcePort": "62835",
            "SourcePortName": "-",
            "DestinationIsIpv6": "false",
            "DestinationIp": "212.128.20.252",
            "DestinationHostname": "ns1.upct.es",
            "DestinationPort": "53",
            "DestinationPortName": "domain"
        }
    },
    {
        "event_id": 3,
        "description": "Network connection",
        "time_generated": "2024-09-18T10:11:34.5386097Z",
        "computer_name": "RACM",
        "details": {
            "RuleName": "Usermode",
            "UtcTime": "2024-09-18 10:11:36.768",
            "ProcessGuid": "{cec53bf7-6cb2-66e9-0b58-000000000800}",
            "ProcessId": "11008",
            "Image": "C:\\Users\\raulr\\AppData\\Local\\Programs\\Microsoft VS Code\\Code.exe",
            "User": "RACM\\raulr",
            "Protocol": "tcp",
            "Initiated": "true",
            "SourceIsIpv6": "false",
            "SourceIp": "192.168.60.22",
            "SourceHostname": "-",
            "SourcePort": "61958",
            "SourcePortName": "-",
            "DestinationIsIpv6": "false",
            "DestinationIp": "20.189.173.11",
            "DestinationHostname": "-",
            "DestinationPort": "443",
            "DestinationPortName": "https"
        }
    },
    {
        "event_id": 3,
        "description": "Network connection",
        "time_generated": "2024-09-18T10:11:34.5385951Z",
        "computer_name": "RACM",
        "details": {
            "RuleName": "Usermode",
            "UtcTime": "2024-09-18 10:11:36.749",
            "ProcessGuid": "{cec53bf7-6cb2-66e9-0b58-000000000800}",
            "ProcessId": "11008",
            "Image": "C:\\Users\\raulr\\AppData\\Local\\Programs\\Microsoft VS Code\\Code.exe",
            "User": "RACM\\raulr",
            "Protocol": "udp",
            "Initiated": "true",
            "SourceIsIpv6": "false",
            "SourceIp": "192.168.60.22",
            "SourceHostname": "-",
            "SourcePort": "58156",
            "SourcePortName": "-",
            "DestinationIsIpv6": "false",
            "DestinationIp": "212.128.20.252",
            "DestinationHostname": "ns1.upct.es",
            "DestinationPort": "53",
            "DestinationPortName": "domain"
        }
    },
    {
        "event_id": 3,
        "description": "Network connection",
        "time_generated": "2024-09-18T10:11:34.5385529Z",
        "computer_name": "RACM",
        "details": {
            "RuleName": "Usermode",
            "UtcTime": "2024-09-18 10:11:36.748",
            "ProcessGuid": "{cec53bf7-6cb2-66e9-0b58-000000000800}",
            "ProcessId": "11008",
            "Image": "C:\\Users\\raulr\\AppData\\Local\\Programs\\Microsoft VS Code\\Code.exe",
            "User": "RACM\\raulr",
            "Protocol": "udp",
            "Initiated": "true",
            "SourceIsIpv6": "false",
            "SourceIp": "192.168.60.22",
            "SourceHostname": "-",
            "SourcePort": "50331",
            "SourcePortName": "-",
            "DestinationIsIpv6": "false",
            "DestinationIp": "212.128.20.252",
            "DestinationHostname": "ns1.upct.es",
            "DestinationPort": "53",
            "DestinationPortName": "domain"
        }
    },
    {
        "event_id": 3,
        "description": "Network connection",
        "time_generated": "2024-09-18T10:11:30.4552079Z",
        "computer_name": "RACM",
        "details": {
            "RuleName": "Usermode",
            "UtcTime": "2024-09-18 10:11:33.775",
            "ProcessGuid": "{cec53bf7-6cb4-66e9-0e58-000000000800}",
            "ProcessId": "15680",
            "Image": "C:\\Users\\raulr\\AppData\\Local\\Programs\\Microsoft VS Code\\Code.exe",
            "User": "RACM\\raulr",
            "Protocol": "tcp",
            "Initiated": "true",
            "SourceIsIpv6": "false",
            "SourceIp": "192.168.60.22",
            "SourceHostname": "-",
            "SourcePort": "61952",
            "SourcePortName": "-",
            "DestinationIsIpv6": "false",
            "DestinationIp": "13.107.5.93",
            "DestinationHostname": "-",
            "DestinationPort": "443",
            "DestinationPortName": "https"
        }
    },
    {
        "event_id": 3,
        "description": "Network connection",
        "time_generated": "2024-09-18T10:11:30.4551944Z",
        "computer_name": "RACM",
        "details": {
            "RuleName": "Usermode",
            "UtcTime": "2024-09-18 10:11:33.774",
            "ProcessGuid": "{cec53bf7-6cb4-66e9-0e58-000000000800}",
            "ProcessId": "15680",
            "Image": "C:\\Users\\raulr\\AppData\\Local\\Programs\\Microsoft VS Code\\Code.exe",
            "User": "RACM\\raulr",
            "Protocol": "tcp",
            "Initiated": "true",
            "SourceIsIpv6": "false",
            "SourceIp": "192.168.60.22",
            "SourceHostname": "-",
            "SourcePort": "61950",
            "SourcePortName": "-",
            "DestinationIsIpv6": "false",
            "DestinationIp": "13.107.5.93",
            "DestinationHostname": "-",
            "DestinationPort": "443",
            "DestinationPortName": "https"
        }
    },
    {
        "event_id": 3,
        "description": "Network connection",
        "time_generated": "2024-09-18T10:11:30.4551705Z",
        "computer_name": "RACM",
        "details": {
            "RuleName": "Usermode",
            "UtcTime": "2024-09-18 10:11:33.772",
            "ProcessGuid": "{cec53bf7-6cb4-66e9-0e58-000000000800}",
            "ProcessId": "15680",
            "Image": "C:\\Users\\raulr\\AppData\\Local\\Programs\\Microsoft VS Code\\Code.exe",
            "User": "RACM\\raulr",
            "Protocol": "tcp",
            "Initiated": "true",
            "SourceIsIpv6": "false",
            "SourceIp": "192.168.60.22",
            "SourceHostname": "-",
            "SourcePort": "61949",
            "SourcePortName": "-",
            "DestinationIsIpv6": "false",
            "DestinationIp": "13.107.5.93",
            "DestinationHostname": "-",
            "DestinationPort": "443",
            "DestinationPortName": "https"
        }
    },
    {
        "event_id": 3,
        "description": "Network connection",
        "time_generated": "2024-09-18T10:11:30.4551483Z",
        "computer_name": "RACM",
        "details": {
            "RuleName": "Usermode",
            "UtcTime": "2024-09-18 10:11:33.771",
            "ProcessGuid": "{cec53bf7-6cb4-66e9-0e58-000000000800}",
            "ProcessId": "15680",
            "Image": "C:\\Users\\raulr\\AppData\\Local\\Programs\\Microsoft VS Code\\Code.exe",
            "User": "RACM\\raulr",
            "Protocol": "tcp",
            "Initiated": "true",
            "SourceIsIpv6": "false",
            "SourceIp": "192.168.60.22",
            "SourceHostname": "-",
            "SourcePort": "61951",
            "SourcePortName": "-",
            "DestinationIsIpv6": "false",
            "DestinationIp": "13.107.5.93",
            "DestinationHostname": "-",
            "DestinationPort": "443",
            "DestinationPortName": "https"
        }
    },
    {
        "event_id": 3,
        "description": "Network connection",
        "time_generated": "2024-09-18T10:11:30.4551277Z",
        "computer_name": "RACM",
        "details": {
            "RuleName": "Usermode",
            "UtcTime": "2024-09-18 10:11:33.771",
            "ProcessGuid": "{cec53bf7-6cb4-66e9-0e58-000000000800}",
            "ProcessId": "15680",
            "Image": "C:\\Users\\raulr\\AppData\\Local\\Programs\\Microsoft VS Code\\Code.exe",
            "User": "RACM\\raulr",
            "Protocol": "tcp",
            "Initiated": "true",
            "SourceIsIpv6": "false",
            "SourceIp": "192.168.60.22",
            "SourceHostname": "-",
            "SourcePort": "61948",
            "SourcePortName": "-",
            "DestinationIsIpv6": "false",
            "DestinationIp": "13.107.5.93",
            "DestinationHostname": "-",
            "DestinationPort": "443",
            "DestinationPortName": "https"
        }
    },
    {
        "event_id": 3,
        "description": "Network connection",
        "time_generated": "2024-09-18T10:11:30.4551008Z",
        "computer_name": "RACM",
        "details": {
            "RuleName": "Usermode",
            "UtcTime": "2024-09-18 10:11:33.766",
            "ProcessGuid": "{cec53bf7-6cb2-66e9-0b58-000000000800}",
            "ProcessId": "11008",
            "Image": "C:\\Users\\raulr\\AppData\\Local\\Programs\\Microsoft VS Code\\Code.exe",
            "User": "RACM\\raulr",
            "Protocol": "tcp",
            "Initiated": "true",
            "SourceIsIpv6": "false",
            "SourceIp": "192.168.60.22",
            "SourceHostname": "-",
            "SourcePort": "61947",
            "SourcePortName": "-",
            "DestinationIsIpv6": "false",
            "DestinationIp": "13.107.246.43",
            "DestinationHostname": "-",
            "DestinationPort": "443",
            "DestinationPortName": "https"
        }
    },
    {
        "event_id": 3,
        "description": "Network connection",
        "time_generated": "2024-09-18T10:11:30.4550712Z",
        "computer_name": "RACM",
        "details": {
            "RuleName": "Usermode",
            "UtcTime": "2024-09-18 10:11:33.721",
            "ProcessGuid": "{cec53bf7-6cb2-66e9-0b58-000000000800}",
            "ProcessId": "11008",
            "Image": "C:\\Users\\raulr\\AppData\\Local\\Programs\\Microsoft VS Code\\Code.exe",
            "User": "RACM\\raulr",
            "Protocol": "udp",
            "Initiated": "true",
            "SourceIsIpv6": "false",
            "SourceIp": "192.168.60.22",
            "SourceHostname": "-",
            "SourcePort": "57816",
            "SourcePortName": "-",
            "DestinationIsIpv6": "false",
            "DestinationIp": "212.128.20.252",
            "DestinationHostname": "ns1.upct.es",
            "DestinationPort": "53",
            "DestinationPortName": "domain"
        }
    },
    {
        "event_id": 3,
        "description": "Network connection",
        "time_generated": "2024-09-18T10:11:30.4550309Z",
        "computer_name": "RACM",
        "details": {
            "RuleName": "Usermode",
            "UtcTime": "2024-09-18 10:11:33.721",
            "ProcessGuid": "{cec53bf7-6cb2-66e9-0b58-000000000800}",
            "ProcessId": "11008",
            "Image": "C:\\Users\\raulr\\AppData\\Local\\Programs\\Microsoft VS Code\\Code.exe",
            "User": "RACM\\raulr",
            "Protocol": "udp",
            "Initiated": "true",
            "SourceIsIpv6": "false",
            "SourceIp": "192.168.60.22",
            "SourceHostname": "-",
            "SourcePort": "56690",
            "SourcePortName": "-",
            "DestinationIsIpv6": "false",
            "DestinationIp": "212.128.20.252",
            "DestinationHostname": "ns1.upct.es",
            "DestinationPort": "53",
            "DestinationPortName": "domain"
        }
    },
    {
        "event_id": 3,
        "description": "Network connection",
        "time_generated": "2024-09-18T10:09:45.7282432Z",
        "computer_name": "RACM",
        "details": {
            "RuleName": "Usermode",
            "UtcTime": "2024-09-18 10:09:49.148",
            "ProcessGuid": "{cec53bf7-5613-66e9-2645-000000000800}",
            "ProcessId": "14740",
            "Image": "C:\\Users\\raulr\\AppData\\Local\\GitHubDesktop\\app-3.4.5\\GitHubDesktop.exe",
            "User": "RACM\\raulr",
            "Protocol": "tcp",
            "Initiated": "true",
            "SourceIsIpv6": "false",
            "SourceIp": "192.168.60.22",
            "SourceHostname": "-",
            "SourcePort": "61938",
            "SourcePortName": "-",
            "DestinationIsIpv6": "false",
            "DestinationIp": "140.82.113.26",
            "DestinationHostname": "lb-140-82-113-26-iad.github.com",
            "DestinationPort": "443",
            "DestinationPortName": "https"
        }
    },
    {
        "event_id": 3,
        "description": "Network connection",
        "time_generated": "2024-09-18T10:09:45.4648496Z",
        "computer_name": "RACM",
        "details": {
            "RuleName": "Usermode",
            "UtcTime": "2024-09-18 10:09:48.858",
            "ProcessGuid": "{cec53bf7-5613-66e9-2645-000000000800}",
            "ProcessId": "14740",
            "Image": "C:\\Users\\raulr\\AppData\\Local\\GitHubDesktop\\app-3.4.5\\GitHubDesktop.exe",
            "User": "RACM\\raulr",
            "Protocol": "tcp",
            "Initiated": "true",
            "SourceIsIpv6": "false",
            "SourceIp": "192.168.60.22",
            "SourceHostname": "-",
            "SourcePort": "61927",
            "SourcePortName": "-",
            "DestinationIsIpv6": "false",
            "DestinationIp": "140.82.121.6",
            "DestinationHostname": "lb-140-82-121-6-fra.github.com",
            "DestinationPort": "443",
            "DestinationPortName": "https"
        }
    },
    {
        "event_id": 3,
        "description": "Network connection",
        "time_generated": "2024-09-18T10:09:45.2005010Z",
        "computer_name": "RACM",
        "details": {
            "RuleName": "Usermode",
            "UtcTime": "2024-09-18 10:09:48.764",
            "ProcessGuid": "{cec53bf7-5613-66e9-2645-000000000800}",
            "ProcessId": "14740",
            "Image": "C:\\Users\\raulr\\AppData\\Local\\GitHubDesktop\\app-3.4.5\\GitHubDesktop.exe",
            "User": "RACM\\raulr",
            "Protocol": "udp",
            "Initiated": "true",
            "SourceIsIpv6": "false",
            "SourceIp": "192.168.60.22",
            "SourceHostname": "-",
            "SourcePort": "56148",
            "SourcePortName": "-",
            "DestinationIsIpv6": "false",
            "DestinationIp": "212.128.20.252",
            "DestinationHostname": "ns1.upct.es",
            "DestinationPort": "53",
            "DestinationPortName": "domain"
        }
    },
    {
        "event_id": 3,
        "description": "Network connection",
        "time_generated": "2024-09-18T10:09:45.2004863Z",
        "computer_name": "RACM",
        "details": {
            "RuleName": "Usermode",
            "UtcTime": "2024-09-18 10:09:48.764",
            "ProcessGuid": "{cec53bf7-5613-66e9-2645-000000000800}",
            "ProcessId": "14740",
            "Image": "C:\\Users\\raulr\\AppData\\Local\\GitHubDesktop\\app-3.4.5\\GitHubDesktop.exe",
            "User": "RACM\\raulr",
            "Protocol": "udp",
            "Initiated": "true",
            "SourceIsIpv6": "false",
            "SourceIp": "192.168.60.22",
            "SourceHostname": "-",
            "SourcePort": "50953",
            "SourcePortName": "-",
            "DestinationIsIpv6": "false",
            "DestinationIp": "212.128.20.252",
            "DestinationHostname": "ns1.upct.es",
            "DestinationPort": "53",
            "DestinationPortName": "domain"
        }
    },
    {
        "event_id": 3,
        "description": "Network connection",
        "time_generated": "2024-09-18T10:09:44.4236951Z",
        "computer_name": "RACM",
        "details": {
            "RuleName": "Usermode",
            "UtcTime": "2024-09-18 10:09:48.007",
            "ProcessGuid": "{cec53bf7-5613-66e9-2645-000000000800}",
            "ProcessId": "14740",
            "Image": "C:\\Users\\raulr\\AppData\\Local\\GitHubDesktop\\app-3.4.5\\GitHubDesktop.exe",
            "User": "RACM\\raulr",
            "Protocol": "tcp",
            "Initiated": "true",
            "SourceIsIpv6": "false",
            "SourceIp": "192.168.60.22",
            "SourceHostname": "-",
            "SourcePort": "61904",
            "SourcePortName": "-",
            "DestinationIsIpv6": "false",
            "DestinationIp": "140.82.113.26",
            "DestinationHostname": "lb-140-82-113-26-iad.github.com",
            "DestinationPort": "443",
            "DestinationPortName": "https"
        }
    },
    {
        "event_id": 3,
        "description": "Network connection",
        "time_generated": "2024-09-18T10:09:36.5351675Z",
        "computer_name": "RACM",
        "details": {
            "RuleName": "Usermode",
            "UtcTime": "2024-09-18 10:09:39.065",
            "ProcessGuid": "{cec53bf7-5613-66e9-2645-000000000800}",
            "ProcessId": "14740",
            "Image": "C:\\Users\\raulr\\AppData\\Local\\GitHubDesktop\\app-3.4.5\\GitHubDesktop.exe",
            "User": "RACM\\raulr",
            "Protocol": "tcp",
            "Initiated": "true",
            "SourceIsIpv6": "false",
            "SourceIp": "192.168.60.22",
            "SourceHostname": "-",
            "SourcePort": "61869",
            "SourcePortName": "-",
            "DestinationIsIpv6": "false",
            "DestinationIp": "140.82.113.26",
            "DestinationHostname": "lb-140-82-113-26-iad.github.com",
            "DestinationPort": "443",
            "DestinationPortName": "https"
        }
    },
    {
        "event_id": 3,
        "description": "Network connection",
        "time_generated": "2024-09-18T10:09:31.4799804Z",
        "computer_name": "RACM",
        "details": {
            "RuleName": "Usermode",
            "UtcTime": "2024-09-18 10:09:34.036",
            "ProcessGuid": "{cec53bf7-5613-66e9-2645-000000000800}",
            "ProcessId": "14740",
            "Image": "C:\\Users\\raulr\\AppData\\Local\\GitHubDesktop\\app-3.4.5\\GitHubDesktop.exe",
            "User": "RACM\\raulr",
            "Protocol": "tcp",
            "Initiated": "true",
            "SourceIsIpv6": "false",
            "SourceIp": "192.168.60.22",
            "SourceHostname": "-",
            "SourcePort": "61850",
            "SourcePortName": "-",
            "DestinationIsIpv6": "false",
            "DestinationIp": "140.82.113.26",
            "DestinationHostname": "lb-140-82-113-26-iad.github.com",
            "DestinationPort": "443",
            "DestinationPortName": "https"
        }
    },
    {
        "event_id": 3,
        "description": "Network connection",
        "time_generated": "2024-09-18T10:09:28.4372195Z",
        "computer_name": "RACM",
        "details": {
            "RuleName": "Usermode",
            "UtcTime": "2024-09-18 10:09:31.017",
            "ProcessGuid": "{cec53bf7-5613-66e9-2645-000000000800}",
            "ProcessId": "14740",
            "Image": "C:\\Users\\raulr\\AppData\\Local\\GitHubDesktop\\app-3.4.5\\GitHubDesktop.exe",
            "User": "RACM\\raulr",
            "Protocol": "tcp",
            "Initiated": "true",
            "SourceIsIpv6": "false",
            "SourceIp": "192.168.60.22",
            "SourceHostname": "-",
            "SourcePort": "61848",
            "SourcePortName": "-",
            "DestinationIsIpv6": "false",
            "DestinationIp": "140.82.113.26",
            "DestinationHostname": "lb-140-82-113-26-iad.github.com",
            "DestinationPort": "443",
            "DestinationPortName": "https"
        }
    },
    {
        "event_id": 3,
        "description": "Network connection",
        "time_generated": "2024-09-18T10:09:27.4152608Z",
        "computer_name": "RACM",
        "details": {
            "RuleName": "Usermode",
            "UtcTime": "2024-09-18 10:09:29.350",
            "ProcessGuid": "{cec53bf7-5613-66e9-2645-000000000800}",
            "ProcessId": "14740",
            "Image": "C:\\Users\\raulr\\AppData\\Local\\GitHubDesktop\\app-3.4.5\\GitHubDesktop.exe",
            "User": "RACM\\raulr",
            "Protocol": "tcp",
            "Initiated": "true",
            "SourceIsIpv6": "false",
            "SourceIp": "192.168.60.22",
            "SourceHostname": "-",
            "SourcePort": "61847",
            "SourcePortName": "-",
            "DestinationIsIpv6": "false",
            "DestinationIp": "140.82.113.26",
            "DestinationHostname": "lb-140-82-113-26-iad.github.com",
            "DestinationPort": "443",
            "DestinationPortName": "https"
        }
    },
    {
        "event_id": 3,
        "description": "Network connection",
        "time_generated": "2024-09-18T10:09:27.4152431Z",
        "computer_name": "RACM",
        "details": {
            "RuleName": "Usermode",
            "UtcTime": "2024-09-18 10:09:29.004",
            "ProcessGuid": "{cec53bf7-5613-66e9-2645-000000000800}",
            "ProcessId": "14740",
            "Image": "C:\\Users\\raulr\\AppData\\Local\\GitHubDesktop\\app-3.4.5\\GitHubDesktop.exe",
            "User": "RACM\\raulr",
            "Protocol": "udp",
            "Initiated": "true",
            "SourceIsIpv6": "false",
            "SourceIp": "192.168.60.22",
            "SourceHostname": "-",
            "SourcePort": "51266",
            "SourcePortName": "-",
            "DestinationIsIpv6": "false",
            "DestinationIp": "212.128.20.252",
            "DestinationHostname": "ns1.upct.es",
            "DestinationPort": "53",
            "DestinationPortName": "domain"
        }
    },
    {
        "event_id": 3,
        "description": "Network connection",
        "time_generated": "2024-09-18T10:09:27.4152144Z",
        "computer_name": "RACM",
        "details": {
            "RuleName": "Usermode",
            "UtcTime": "2024-09-18 10:09:29.004",
            "ProcessGuid": "{cec53bf7-5613-66e9-2645-000000000800}",
            "ProcessId": "14740",
            "Image": "C:\\Users\\raulr\\AppData\\Local\\GitHubDesktop\\app-3.4.5\\GitHubDesktop.exe",
            "User": "RACM\\raulr",
            "Protocol": "udp",
            "Initiated": "true",
            "SourceIsIpv6": "false",
            "SourceIp": "192.168.60.22",
            "SourceHostname": "-",
            "SourcePort": "60456",
            "SourcePortName": "-",
            "DestinationIsIpv6": "false",
            "DestinationIp": "212.128.20.252",
            "DestinationHostname": "ns1.upct.es",
            "DestinationPort": "53",
            "DestinationPortName": "domain"
        }
    },
    {
        "event_id": 3,
        "description": "Network connection",
        "time_generated": "2024-09-18T09:59:32.6782064Z",
        "computer_name": "RACM",
        "details": {
            "RuleName": "Usermode",
            "UtcTime": "2024-09-18 09:59:35.006",
            "ProcessGuid": "{cec53bf7-5613-66e9-2645-000000000800}",
            "ProcessId": "14740",
            "Image": "C:\\Users\\raulr\\AppData\\Local\\GitHubDesktop\\app-3.4.5\\GitHubDesktop.exe",
            "User": "RACM\\raulr",
            "Protocol": "tcp",
            "Initiated": "true",
            "SourceIsIpv6": "false",
            "SourceIp": "192.168.60.22",
            "SourceHostname": "-",
            "SourcePort": "61790",
            "SourcePortName": "-",
            "DestinationIsIpv6": "false",
            "DestinationIp": "140.82.113.25",
            "DestinationHostname": "lb-140-82-113-25-iad.github.com",
            "DestinationPort": "443",
            "DestinationPortName": "https"
        }
    },
    {
        "event_id": 3,
        "description": "Network connection",
        "time_generated": "2024-09-18T09:59:29.6090448Z",
        "computer_name": "RACM",
        "details": {
            "RuleName": "Usermode",
            "UtcTime": "2024-09-18 09:59:31.587",
            "ProcessGuid": "{cec53bf7-6cb4-66e9-0e58-000000000800}",
            "ProcessId": "15680",
            "Image": "C:\\Users\\raulr\\AppData\\Local\\Programs\\Microsoft VS Code\\Code.exe",
            "User": "RACM\\raulr",
            "Protocol": "tcp",
            "Initiated": "true",
            "SourceIsIpv6": "false",
            "SourceIp": "192.168.60.22",
            "SourceHostname": "-",
            "SourcePort": "61789",
            "SourcePortName": "-",
            "DestinationIsIpv6": "false",
            "DestinationIp": "140.82.113.22",
            "DestinationHostname": "lb-140-82-113-22-iad.github.com",
            "DestinationPort": "443",
            "DestinationPortName": "https"
        }
    },
    {
        "event_id": 3,
        "description": "Network connection",
        "time_generated": "2024-09-18T09:59:25.6614694Z",
        "computer_name": "RACM",
        "details": {
            "RuleName": "Usermode",
            "UtcTime": "2024-09-18 09:59:28.694",
            "ProcessGuid": "{cec53bf7-6cb2-66e9-0b58-000000000800}",
            "ProcessId": "11008",
            "Image": "C:\\Users\\raulr\\AppData\\Local\\Programs\\Microsoft VS Code\\Code.exe",
            "User": "RACM\\raulr",
            "Protocol": "tcp",
            "Initiated": "true",
            "SourceIsIpv6": "false",
            "SourceIp": "192.168.60.22",
            "SourceHostname": "-",
            "SourcePort": "61713",
            "SourcePortName": "-",
            "DestinationIsIpv6": "false",
            "DestinationIp": "52.168.117.169",
            "DestinationHostname": "-",
            "DestinationPort": "443",
            "DestinationPortName": "https"
        }
    },
    {
        "event_id": 3,
        "description": "Network connection",
        "time_generated": "2024-09-18T09:59:25.6610808Z",
        "computer_name": "RACM",
        "details": {
            "RuleName": "Usermode",
            "UtcTime": "2024-09-18 09:59:27.726",
            "ProcessGuid": "{cec53bf7-6cb4-66e9-0e58-000000000800}",
            "ProcessId": "15680",
            "Image": "C:\\Users\\raulr\\AppData\\Local\\Programs\\Microsoft VS Code\\Code.exe",
            "User": "RACM\\raulr",
            "Protocol": "tcp",
            "Initiated": "true",
            "SourceIsIpv6": "false",
            "SourceIp": "192.168.60.22",
            "SourceHostname": "-",
            "SourcePort": "61707",
            "SourcePortName": "-",
            "DestinationIsIpv6": "false",
            "DestinationIp": "52.168.117.169",
            "DestinationHostname": "-",
            "DestinationPort": "443",
            "DestinationPortName": "https"
        }
    },
    {
        "event_id": 3,
        "description": "Network connection",
        "time_generated": "2024-09-18T09:59:24.6380356Z",
        "computer_name": "RACM",
        "details": {
            "RuleName": "Usermode",
            "UtcTime": "2024-09-18 09:59:27.340",
            "ProcessGuid": "{cec53bf7-6cb4-66e9-0e58-000000000800}",
            "ProcessId": "15680",
            "Image": "C:\\Users\\raulr\\AppData\\Local\\Programs\\Microsoft VS Code\\Code.exe",
            "User": "RACM\\raulr",
            "Protocol": "tcp",
            "Initiated": "true",
            "SourceIsIpv6": "false",
            "SourceIp": "192.168.60.22",
            "SourceHostname": "-",
            "SourcePort": "61731",
            "SourcePortName": "-",
            "DestinationIsIpv6": "false",
            "DestinationIp": "140.82.113.22",
            "DestinationHostname": "lb-140-82-113-22-iad.github.com",
            "DestinationPort": "443",
            "DestinationPortName": "https"
        }
    },
    {
        "event_id": 3,
        "description": "Network connection",
        "time_generated": "2024-09-18T09:59:23.5861839Z",
        "computer_name": "RACM",
        "details": {
            "RuleName": "Usermode",
            "UtcTime": "2024-09-18 09:59:26.008",
            "ProcessGuid": "{cec53bf7-5613-66e9-2645-000000000800}",
            "ProcessId": "14740",
            "Image": "C:\\Users\\raulr\\AppData\\Local\\GitHubDesktop\\app-3.4.5\\GitHubDesktop.exe",
            "User": "RACM\\raulr",
            "Protocol": "tcp",
            "Initiated": "true",
            "SourceIsIpv6": "false",
            "SourceIp": "192.168.60.22",
            "SourceHostname": "-",
            "SourcePort": "61723",
            "SourcePortName": "-",
            "DestinationIsIpv6": "false",
            "DestinationIp": "140.82.113.25",
            "DestinationHostname": "lb-140-82-113-25-iad.github.com",
            "DestinationPort": "443",
            "DestinationPortName": "https"
        }
    },
    {
        "event_id": 3,
        "description": "Network connection",
        "time_generated": "2024-09-18T09:59:23.5861000Z",
        "computer_name": "RACM",
        "details": {
            "RuleName": "Usermode",
            "UtcTime": "2024-09-18 09:59:25.707",
            "ProcessGuid": "{cec53bf7-6cb2-66e9-0b58-000000000800}",
            "ProcessId": "11008",
            "Image": "C:\\Users\\raulr\\AppData\\Local\\Programs\\Microsoft VS Code\\Code.exe",
            "User": "RACM\\raulr",
            "Protocol": "tcp",
            "Initiated": "true",
            "SourceIsIpv6": "false",
            "SourceIp": "192.168.60.22",
            "SourceHostname": "-",
            "SourcePort": "61700",
            "SourcePortName": "-",
            "DestinationIsIpv6": "false",
            "DestinationIp": "140.82.121.6",
            "DestinationHostname": "lb-140-82-121-6-fra.github.com",
            "DestinationPort": "443",
            "DestinationPortName": "https"
        }
    },
    {
        "event_id": 3,
        "description": "Network connection",
        "time_generated": "2024-09-18T09:59:22.5783340Z",
        "computer_name": "RACM",
        "details": {
            "RuleName": "Usermode",
            "UtcTime": "2024-09-18 09:59:25.619",
            "ProcessGuid": "{cec53bf7-6cb2-66e9-0b58-000000000800}",
            "ProcessId": "11008",
            "Image": "C:\\Users\\raulr\\AppData\\Local\\Programs\\Microsoft VS Code\\Code.exe",
            "User": "RACM\\raulr",
            "Protocol": "tcp",
            "Initiated": "true",
            "SourceIsIpv6": "false",
            "SourceIp": "192.168.60.22",
            "SourceHostname": "-",
            "SourcePort": "61699",
            "SourcePortName": "-",
            "DestinationIsIpv6": "false",
            "DestinationIp": "52.168.117.169",
            "DestinationHostname": "-",
            "DestinationPort": "443",
            "DestinationPortName": "https"
        }
    },
    {
        "event_id": 3,
        "description": "Network connection",
        "time_generated": "2024-09-18T09:59:19.5355916Z",
        "computer_name": "RACM",
        "details": {
            "RuleName": "Usermode",
            "UtcTime": "2024-09-18 09:59:22.342",
            "ProcessGuid": "{cec53bf7-6cb2-66e9-0b58-000000000800}",
            "ProcessId": "11008",
            "Image": "C:\\Users\\raulr\\AppData\\Local\\Programs\\Microsoft VS Code\\Code.exe",
            "User": "RACM\\raulr",
            "Protocol": "tcp",
            "Initiated": "true",
            "SourceIsIpv6": "false",
            "SourceIp": "192.168.60.22",
            "SourceHostname": "-",
            "SourcePort": "61705",
            "SourcePortName": "-",
            "DestinationIsIpv6": "false",
            "DestinationIp": "140.82.114.22",
            "DestinationHostname": "lb-140-82-114-22-iad.github.com",
            "DestinationPort": "443",
            "DestinationPortName": "https"
        }
    },
    {
        "event_id": 3,
        "description": "Network connection",
        "time_generated": "2024-09-18T09:59:18.5209638Z",
        "computer_name": "RACM",
        "details": {
            "RuleName": "Usermode",
            "UtcTime": "2024-09-18 09:59:21.006",
            "ProcessGuid": "{cec53bf7-5613-66e9-2645-000000000800}",
            "ProcessId": "14740",
            "Image": "C:\\Users\\raulr\\AppData\\Local\\GitHubDesktop\\app-3.4.5\\GitHubDesktop.exe",
            "User": "RACM\\raulr",
            "Protocol": "tcp",
            "Initiated": "true",
            "SourceIsIpv6": "false",
            "SourceIp": "192.168.60.22",
            "SourceHostname": "-",
            "SourcePort": "61708",
            "SourcePortName": "-",
            "DestinationIsIpv6": "false",
            "DestinationIp": "140.82.113.25",
            "DestinationHostname": "lb-140-82-113-25-iad.github.com",
            "DestinationPort": "443",
            "DestinationPortName": "https"
        }
    },
    {
        "event_id": 3,
        "description": "Network connection",
        "time_generated": "2024-09-18T09:59:17.4966783Z",
        "computer_name": "RACM",
        "details": {
            "RuleName": "Usermode",
            "UtcTime": "2024-09-18 09:59:20.291",
            "ProcessGuid": "{cec53bf7-6cb2-66e9-0b58-000000000800}",
            "ProcessId": "11008",
            "Image": "C:\\Users\\raulr\\AppData\\Local\\Programs\\Microsoft VS Code\\Code.exe",
            "User": "RACM\\raulr",
            "Protocol": "tcp",
            "Initiated": "true",
            "SourceIsIpv6": "false",
            "SourceIp": "192.168.60.22",
            "SourceHostname": "-",
            "SourcePort": "61704",
            "SourcePortName": "-",
            "DestinationIsIpv6": "false",
            "DestinationIp": "52.168.117.169",
            "DestinationHostname": "-",
            "DestinationPort": "443",
            "DestinationPortName": "https"
        }
    },
    {
        "event_id": 3,
        "description": "Network connection",
        "time_generated": "2024-09-18T09:59:17.4966384Z",
        "computer_name": "RACM",
        "details": {
            "RuleName": "Usermode",
            "UtcTime": "2024-09-18 09:59:20.078",
            "ProcessGuid": "{cec53bf7-6cb2-66e9-0b58-000000000800}",
            "ProcessId": "11008",
            "Image": "C:\\Users\\raulr\\AppData\\Local\\Programs\\Microsoft VS Code\\Code.exe",
            "User": "RACM\\raulr",
            "Protocol": "tcp",
            "Initiated": "true",
            "SourceIsIpv6": "false",
            "SourceIp": "192.168.60.22",
            "SourceHostname": "-",
            "SourcePort": "61703",
            "SourcePortName": "-",
            "DestinationIsIpv6": "false",
            "DestinationIp": "140.82.114.22",
            "DestinationHostname": "lb-140-82-114-22-iad.github.com",
            "DestinationPort": "443",
            "DestinationPortName": "https"
        }
    },
    {
        "event_id": 3,
        "description": "Network connection",
        "time_generated": "2024-09-18T09:59:16.4805872Z",
        "computer_name": "RACM",
        "details": {
            "RuleName": "Usermode",
            "UtcTime": "2024-09-18 09:59:19.048",
            "ProcessGuid": "{cec53bf7-6cb2-66e9-0b58-000000000800}",
            "ProcessId": "11008",
            "Image": "C:\\Users\\raulr\\AppData\\Local\\Programs\\Microsoft VS Code\\Code.exe",
            "User": "RACM\\raulr",
            "Protocol": "udp",
            "Initiated": "true",
            "SourceIsIpv6": "false",
            "SourceIp": "192.168.60.22",
            "SourceHostname": "-",
            "SourcePort": "56124",
            "SourcePortName": "-",
            "DestinationIsIpv6": "false",
            "DestinationIp": "212.128.20.252",
            "DestinationHostname": "ns1.upct.es",
            "DestinationPort": "53",
            "DestinationPortName": "domain"
        }
    },
    {
        "event_id": 3,
        "description": "Network connection",
        "time_generated": "2024-09-18T09:59:16.4805750Z",
        "computer_name": "RACM",
        "details": {
            "RuleName": "Usermode",
            "UtcTime": "2024-09-18 09:59:19.048",
            "ProcessGuid": "{cec53bf7-6cb2-66e9-0b58-000000000800}",
            "ProcessId": "11008",
            "Image": "C:\\Users\\raulr\\AppData\\Local\\Programs\\Microsoft VS Code\\Code.exe",
            "User": "RACM\\raulr",
            "Protocol": "udp",
            "Initiated": "true",
            "SourceIsIpv6": "false",
            "SourceIp": "192.168.60.22",
            "SourceHostname": "-",
            "SourcePort": "59242",
            "SourcePortName": "-",
            "DestinationIsIpv6": "false",
            "DestinationIp": "212.128.20.252",
            "DestinationHostname": "ns1.upct.es",
            "DestinationPort": "53",
            "DestinationPortName": "domain"
        }
    },
    {
        "event_id": 3,
        "description": "Network connection",
        "time_generated": "2024-09-18T09:59:16.4805085Z",
        "computer_name": "RACM",
        "details": {
            "RuleName": "Usermode",
            "UtcTime": "2024-09-18 09:59:18.960",
            "ProcessGuid": "{cec53bf7-6cb2-66e9-0b58-000000000800}",
            "ProcessId": "11008",
            "Image": "C:\\Users\\raulr\\AppData\\Local\\Programs\\Microsoft VS Code\\Code.exe",
            "User": "RACM\\raulr",
            "Protocol": "tcp",
            "Initiated": "true",
            "SourceIsIpv6": "false",
            "SourceIp": "192.168.60.22",
            "SourceHostname": "-",
            "SourcePort": "61702",
            "SourcePortName": "-",
            "DestinationIsIpv6": "false",
            "DestinationIp": "140.82.121.6",
            "DestinationHostname": "lb-140-82-121-6-fra.github.com",
            "DestinationPort": "443",
            "DestinationPortName": "https"
        }
    },
    {
        "event_id": 3,
        "description": "Network connection",
        "time_generated": "2024-09-18T09:59:16.4804792Z",
        "computer_name": "RACM",
        "details": {
            "RuleName": "Usermode",
            "UtcTime": "2024-09-18 09:59:18.866",
            "ProcessGuid": "{cec53bf7-6cb2-66e9-0b58-000000000800}",
            "ProcessId": "11008",
            "Image": "C:\\Users\\raulr\\AppData\\Local\\Programs\\Microsoft VS Code\\Code.exe",
            "User": "RACM\\raulr",
            "Protocol": "tcp",
            "Initiated": "true",
            "SourceIsIpv6": "false",
            "SourceIp": "192.168.60.22",
            "SourceHostname": "-",
            "SourcePort": "61701",
            "SourcePortName": "-",
            "DestinationIsIpv6": "false",
            "DestinationIp": "52.168.117.169",
            "DestinationHostname": "-",
            "DestinationPort": "443",
            "DestinationPortName": "https"
        }
    },
    {
        "event_id": 3,
        "description": "Network connection",
        "time_generated": "2024-09-18T09:59:15.4690937Z",
        "computer_name": "RACM",
        "details": {
            "RuleName": "Usermode",
            "UtcTime": "2024-09-18 09:59:18.570",
            "ProcessGuid": "{cec53bf7-6cb2-66e9-0b58-000000000800}",
            "ProcessId": "11008",
            "Image": "C:\\Users\\raulr\\AppData\\Local\\Programs\\Microsoft VS Code\\Code.exe",
            "User": "RACM\\raulr",
            "Protocol": "tcp",
            "Initiated": "true",
            "SourceIsIpv6": "false",
            "SourceIp": "192.168.60.22",
            "SourceHostname": "-",
            "SourcePort": "61698",
            "SourcePortName": "-",
            "DestinationIsIpv6": "false",
            "DestinationIp": "140.82.121.6",
            "DestinationHostname": "lb-140-82-121-6-fra.github.com",
            "DestinationPort": "443",
            "DestinationPortName": "https"
        }
    },
