    {
        "event_id": 3,
        "description": "Network connection",
        "time_generated": "2024-09-19T09:23:30.0658347Z",
        "computer_name": "RACM",
        "details": {
            "RuleName": "Usermode",
            "UtcTime": "2024-09-19 09:23:33.834",
            "ProcessGuid": "{cec53bf7-6cb2-66e9-0b58-000000000800}",
            "ProcessId": "11008",
            "Image": "C:\\Users\\raulr\\AppData\\Local\\Programs\\Microsoft VS Code\\Code.exe",
            "User": "RACM\\raulr",
            "Protocol": "tcp",
            "Initiated": "true",
            "SourceIsIpv6": "false",
            "SourceIp": "192.168.62.251",
            "SourceHostname": "-",
            "SourcePort": "65136",
            "SourcePortName": "-",
            "DestinationIsIpv6": "false",
            "DestinationIp": "104.208.16.95",
            "DestinationHostname": "-",
            "DestinationPort": "443",
            "DestinationPortName": "https"
        }
    },
    {
        "event_id": 3,
        "description": "Network connection",
        "time_generated": "2024-09-19T09:23:30.0658197Z",
        "computer_name": "RACM",
        "details": {
            "RuleName": "Usermode",
            "UtcTime": "2024-09-19 09:23:33.834",
            "ProcessGuid": "{cec53bf7-6cb2-66e9-0b58-000000000800}",
            "ProcessId": "11008",
            "Image": "C:\\Users\\raulr\\AppData\\Local\\Programs\\Microsoft VS Code\\Code.exe",
            "User": "RACM\\raulr",
            "Protocol": "tcp",
            "Initiated": "true",
            "SourceIsIpv6": "false",
            "SourceIp": "192.168.62.251",
            "SourceHostname": "-",
            "SourcePort": "65134",
            "SourcePortName": "-",
            "DestinationIsIpv6": "false",
            "DestinationIp": "152.199.19.160",
            "DestinationHostname": "-",
            "DestinationPort": "443",
            "DestinationPortName": "https"
        }
    },
    {
        "event_id": 3,
        "description": "Network connection",
        "time_generated": "2024-09-19T09:23:30.0658057Z",
        "computer_name": "RACM",
        "details": {
            "RuleName": "Usermode",
            "UtcTime": "2024-09-19 09:23:33.826",
            "ProcessGuid": "{cec53bf7-6cb2-66e9-0b58-000000000800}",
            "ProcessId": "11008",
            "Image": "C:\\Users\\raulr\\AppData\\Local\\Programs\\Microsoft VS Code\\Code.exe",
            "User": "RACM\\raulr",
            "Protocol": "tcp",
            "Initiated": "true",
            "SourceIsIpv6": "false",
            "SourceIp": "192.168.62.251",
            "SourceHostname": "-",
            "SourcePort": "65133",
            "SourcePortName": "-",
            "DestinationIsIpv6": "false",
            "DestinationIp": "140.82.113.21",
            "DestinationHostname": "lb-140-82-113-21-iad.github.com",
            "DestinationPort": "443",
            "DestinationPortName": "https"
        }
    },
    {
        "event_id": 3,
        "description": "Network connection",
        "time_generated": "2024-09-19T09:23:30.0657899Z",
        "computer_name": "RACM",
        "details": {
            "RuleName": "Usermode",
            "UtcTime": "2024-09-19 09:23:33.808",
            "ProcessGuid": "{cec53bf7-5613-66e9-2645-000000000800}",
            "ProcessId": "14740",
            "Image": "C:\\Users\\raulr\\AppData\\Local\\GitHubDesktop\\app-3.4.5\\GitHubDesktop.exe",
            "User": "RACM\\raulr",
            "Protocol": "udp",
            "Initiated": "true",
            "SourceIsIpv6": "false",
            "SourceIp": "192.168.62.251",
            "SourceHostname": "-",
            "SourcePort": "61578",
            "SourcePortName": "-",
            "DestinationIsIpv6": "false",
            "DestinationIp": "212.128.20.252",
            "DestinationHostname": "ns1.upct.es",
            "DestinationPort": "53",
            "DestinationPortName": "domain"
        }
    },
    {
        "event_id": 3,
        "description": "Network connection",
        "time_generated": "2024-09-19T09:23:30.0657793Z",
        "computer_name": "RACM",
        "details": {
            "RuleName": "Usermode",
            "UtcTime": "2024-09-19 09:23:33.808",
            "ProcessGuid": "{cec53bf7-5613-66e9-2645-000000000800}",
            "ProcessId": "14740",
            "Image": "C:\\Users\\raulr\\AppData\\Local\\GitHubDesktop\\app-3.4.5\\GitHubDesktop.exe",
            "User": "RACM\\raulr",
            "Protocol": "udp",
            "Initiated": "true",
            "SourceIsIpv6": "false",
            "SourceIp": "192.168.62.251",
            "SourceHostname": "-",
            "SourcePort": "57881",
            "SourcePortName": "-",
            "DestinationIsIpv6": "false",
            "DestinationIp": "212.128.20.252",
            "DestinationHostname": "ns1.upct.es",
            "DestinationPort": "53",
            "DestinationPortName": "domain"
        }
    },
    {
        "event_id": 3,
        "description": "Network connection",
        "time_generated": "2024-09-19T09:23:30.0657671Z",
        "computer_name": "RACM",
        "details": {
            "RuleName": "Usermode",
            "UtcTime": "2024-09-19 09:23:33.806",
            "ProcessGuid": "{cec53bf7-5613-66e9-2645-000000000800}",
            "ProcessId": "14740",
            "Image": "C:\\Users\\raulr\\AppData\\Local\\GitHubDesktop\\app-3.4.5\\GitHubDesktop.exe",
            "User": "RACM\\raulr",
            "Protocol": "udp",
            "Initiated": "true",
            "SourceIsIpv6": "false",
            "SourceIp": "192.168.62.251",
            "SourceHostname": "-",
            "SourcePort": "53979",
            "SourcePortName": "-",
            "DestinationIsIpv6": "false",
            "DestinationIp": "212.128.20.252",
            "DestinationHostname": "ns1.upct.es",
            "DestinationPort": "53",
            "DestinationPortName": "domain"
        }
    },
    {
        "event_id": 3,
        "description": "Network connection",
        "time_generated": "2024-09-19T09:23:30.0657555Z",
        "computer_name": "RACM",
        "details": {
            "RuleName": "Usermode",
            "UtcTime": "2024-09-19 09:23:33.806",
            "ProcessGuid": "{cec53bf7-5613-66e9-2645-000000000800}",
            "ProcessId": "14740",
            "Image": "C:\\Users\\raulr\\AppData\\Local\\GitHubDesktop\\app-3.4.5\\GitHubDesktop.exe",
            "User": "RACM\\raulr",
            "Protocol": "udp",
            "Initiated": "true",
            "SourceIsIpv6": "false",
            "SourceIp": "192.168.62.251",
            "SourceHostname": "-",
            "SourcePort": "51168",
            "SourcePortName": "-",
            "DestinationIsIpv6": "false",
            "DestinationIp": "212.128.20.252",
            "DestinationHostname": "ns1.upct.es",
            "DestinationPort": "53",
            "DestinationPortName": "domain"
        }
    },
    {
        "event_id": 3,
        "description": "Network connection",
        "time_generated": "2024-09-19T09:23:30.0657272Z",
        "computer_name": "RACM",
        "details": {
            "RuleName": "Usermode",
            "UtcTime": "2024-09-19 09:23:33.806",
            "ProcessGuid": "{cec53bf7-6cb2-66e9-0b58-000000000800}",
            "ProcessId": "11008",
            "Image": "C:\\Users\\raulr\\AppData\\Local\\Programs\\Microsoft VS Code\\Code.exe",
            "User": "RACM\\raulr",
            "Protocol": "udp",
            "Initiated": "true",
            "SourceIsIpv6": "false",
            "SourceIp": "192.168.62.251",
            "SourceHostname": "-",
            "SourcePort": "51694",
            "SourcePortName": "-",
            "DestinationIsIpv6": "false",
            "DestinationIp": "212.128.20.252",
            "DestinationHostname": "ns1.upct.es",
            "DestinationPort": "53",
            "DestinationPortName": "domain"
        }
    },
    {
        "event_id": 3,
        "description": "Network connection",
        "time_generated": "2024-09-19T09:23:30.0657024Z",
        "computer_name": "RACM",
        "details": {
            "RuleName": "Usermode",
            "UtcTime": "2024-09-19 09:23:33.806",
            "ProcessGuid": "{cec53bf7-6cb2-66e9-0b58-000000000800}",
            "ProcessId": "11008",
            "Image": "C:\\Users\\raulr\\AppData\\Local\\Programs\\Microsoft VS Code\\Code.exe",
            "User": "RACM\\raulr",
            "Protocol": "udp",
            "Initiated": "true",
            "SourceIsIpv6": "false",
            "SourceIp": "192.168.62.251",
            "SourceHostname": "-",
            "SourcePort": "55222",
            "SourcePortName": "-",
            "DestinationIsIpv6": "false",
            "DestinationIp": "212.128.20.252",
            "DestinationHostname": "ns1.upct.es",
            "DestinationPort": "53",
            "DestinationPortName": "domain"
        }
    },
    {
        "event_id": 3,
        "description": "Network connection",
        "time_generated": "2024-09-19T09:23:30.0656924Z",
        "computer_name": "RACM",
        "details": {
            "RuleName": "Usermode",
            "UtcTime": "2024-09-19 09:23:33.806",
            "ProcessGuid": "{cec53bf7-6cb2-66e9-0b58-000000000800}",
            "ProcessId": "11008",
            "Image": "C:\\Users\\raulr\\AppData\\Local\\Programs\\Microsoft VS Code\\Code.exe",
            "User": "RACM\\raulr",
            "Protocol": "udp",
            "Initiated": "true",
            "SourceIsIpv6": "false",
            "SourceIp": "192.168.62.251",
            "SourceHostname": "-",
            "SourcePort": "53344",
            "SourcePortName": "-",
            "DestinationIsIpv6": "false",
            "DestinationIp": "212.128.20.252",
            "DestinationHostname": "ns1.upct.es",
            "DestinationPort": "53",
            "DestinationPortName": "domain"
        }
    },
    {
        "event_id": 3,
        "description": "Network connection",
        "time_generated": "2024-09-19T09:23:30.0656829Z",
        "computer_name": "RACM",
        "details": {
            "RuleName": "Usermode",
            "UtcTime": "2024-09-19 09:23:33.805",
            "ProcessGuid": "{cec53bf7-6cb2-66e9-0b58-000000000800}",
            "ProcessId": "11008",
            "Image": "C:\\Users\\raulr\\AppData\\Local\\Programs\\Microsoft VS Code\\Code.exe",
            "User": "RACM\\raulr",
            "Protocol": "udp",
            "Initiated": "true",
            "SourceIsIpv6": "false",
            "SourceIp": "192.168.62.251",
            "SourceHostname": "-",
            "SourcePort": "55925",
            "SourcePortName": "-",
            "DestinationIsIpv6": "false",
            "DestinationIp": "212.128.20.252",
            "DestinationHostname": "ns1.upct.es",
            "DestinationPort": "53",
            "DestinationPortName": "domain"
        }
    },
    {
        "event_id": 3,
        "description": "Network connection",
        "time_generated": "2024-09-19T09:23:30.0656727Z",
        "computer_name": "RACM",
        "details": {
            "RuleName": "Usermode",
            "UtcTime": "2024-09-19 09:23:33.805",
            "ProcessGuid": "{cec53bf7-6cb2-66e9-0b58-000000000800}",
            "ProcessId": "11008",
            "Image": "C:\\Users\\raulr\\AppData\\Local\\Programs\\Microsoft VS Code\\Code.exe",
            "User": "RACM\\raulr",
            "Protocol": "udp",
            "Initiated": "true",
            "SourceIsIpv6": "false",
            "SourceIp": "192.168.62.251",
            "SourceHostname": "-",
            "SourcePort": "63485",
            "SourcePortName": "-",
            "DestinationIsIpv6": "false",
            "DestinationIp": "212.128.20.252",
            "DestinationHostname": "ns1.upct.es",
            "DestinationPort": "53",
            "DestinationPortName": "domain"
        }
    },
    {
        "event_id": 3,
        "description": "Network connection",
        "time_generated": "2024-09-19T09:23:30.0656618Z",
        "computer_name": "RACM",
        "details": {
            "RuleName": "Usermode",
            "UtcTime": "2024-09-19 09:23:33.805",
            "ProcessGuid": "{cec53bf7-6cb2-66e9-0b58-000000000800}",
            "ProcessId": "11008",
            "Image": "C:\\Users\\raulr\\AppData\\Local\\Programs\\Microsoft VS Code\\Code.exe",
            "User": "RACM\\raulr",
            "Protocol": "udp",
            "Initiated": "true",
            "SourceIsIpv6": "false",
            "SourceIp": "192.168.62.251",
            "SourceHostname": "-",
            "SourcePort": "52447",
            "SourcePortName": "-",
            "DestinationIsIpv6": "false",
            "DestinationIp": "212.128.20.252",
            "DestinationHostname": "ns1.upct.es",
            "DestinationPort": "53",
            "DestinationPortName": "domain"
        }
    },
    {
        "event_id": 3,
        "description": "Network connection",
        "time_generated": "2024-09-19T09:23:30.0655968Z",
        "computer_name": "RACM",
        "details": {
            "RuleName": "Usermode",
            "UtcTime": "2024-09-19 09:23:33.787",
            "ProcessGuid": "{cec53bf7-6cb2-66e9-0b58-000000000800}",
            "ProcessId": "11008",
            "Image": "C:\\Users\\raulr\\AppData\\Local\\Programs\\Microsoft VS Code\\Code.exe",
            "User": "RACM\\raulr",
            "Protocol": "udp",
            "Initiated": "true",
            "SourceIsIpv6": "false",
            "SourceIp": "192.168.62.251",
            "SourceHostname": "-",
            "SourcePort": "54913",
            "SourcePortName": "-",
            "DestinationIsIpv6": "false",
            "DestinationIp": "212.128.20.252",
            "DestinationHostname": "ns1.upct.es",
            "DestinationPort": "53",
            "DestinationPortName": "domain"
        }
    },
    {
        "event_id": 3,
        "description": "Network connection",
        "time_generated": "2024-09-19T09:23:30.0655835Z",
        "computer_name": "RACM",
        "details": {
            "RuleName": "Usermode",
            "UtcTime": "2024-09-19 09:23:33.787",
            "ProcessGuid": "{cec53bf7-6cb2-66e9-0b58-000000000800}",
            "ProcessId": "11008",
            "Image": "C:\\Users\\raulr\\AppData\\Local\\Programs\\Microsoft VS Code\\Code.exe",
            "User": "RACM\\raulr",
            "Protocol": "udp",
            "Initiated": "true",
            "SourceIsIpv6": "false",
            "SourceIp": "192.168.62.251",
            "SourceHostname": "-",
            "SourcePort": "49762",
            "SourcePortName": "-",
            "DestinationIsIpv6": "false",
            "DestinationIp": "212.128.20.252",
            "DestinationHostname": "ns1.upct.es",
            "DestinationPort": "53",
            "DestinationPortName": "domain"
        }
    },
    {
        "event_id": 3,
        "description": "Network connection",
        "time_generated": "2024-09-19T09:23:28.4858253Z",
        "computer_name": "RACM",
        "details": {
            "RuleName": "Usermode",
            "UtcTime": "2024-09-19 09:23:33.601",
            "ProcessGuid": "{cec53bf7-6cb4-66e9-0e58-000000000800}",
            "ProcessId": "15680",
            "Image": "C:\\Users\\raulr\\AppData\\Local\\Programs\\Microsoft VS Code\\Code.exe",
            "User": "RACM\\raulr",
            "Protocol": "tcp",
            "Initiated": "true",
            "SourceIsIpv6": "false",
            "SourceIp": "192.168.62.251",
            "SourceHostname": "-",
            "SourcePort": "65106",
            "SourcePortName": "-",
            "DestinationIsIpv6": "false",
            "DestinationIp": "20.189.172.33",
            "DestinationHostname": "-",
            "DestinationPort": "443",
            "DestinationPortName": "https"
        }
    },
    {
        "event_id": 3,
        "description": "Network connection",
        "time_generated": "2024-09-19T09:23:27.9704653Z",
        "computer_name": "RACM",
        "details": {
            "RuleName": "Usermode",
            "UtcTime": "2024-09-19 09:23:32.587",
            "ProcessGuid": "{cec53bf7-6cb4-66e9-0e58-000000000800}",
            "ProcessId": "15680",
            "Image": "C:\\Users\\raulr\\AppData\\Local\\Programs\\Microsoft VS Code\\Code.exe",
            "User": "RACM\\raulr",
            "Protocol": "tcp",
            "Initiated": "true",
            "SourceIsIpv6": "false",
            "SourceIp": "192.168.62.251",
            "SourceHostname": "-",
            "SourcePort": "65098",
            "SourcePortName": "-",
            "DestinationIsIpv6": "false",
            "DestinationIp": "20.189.172.33",
            "DestinationHostname": "-",
            "DestinationPort": "443",
            "DestinationPortName": "https"
        }
    },
    {
        "event_id": 3,
        "description": "Network connection",
        "time_generated": "2024-09-19T09:23:27.9704616Z",
        "computer_name": "RACM",
        "details": {
            "RuleName": "Usermode",
            "UtcTime": "2024-09-19 09:23:32.587",
            "ProcessGuid": "{cec53bf7-6cb4-66e9-0e58-000000000800}",
            "ProcessId": "15680",
            "Image": "C:\\Users\\raulr\\AppData\\Local\\Programs\\Microsoft VS Code\\Code.exe",
            "User": "RACM\\raulr",
            "Protocol": "tcp",
            "Initiated": "true",
            "SourceIsIpv6": "false",
            "SourceIp": "192.168.62.251",
            "SourceHostname": "-",
            "SourcePort": "65097",
            "SourcePortName": "-",
            "DestinationIsIpv6": "false",
            "DestinationIp": "20.189.172.33",
            "DestinationHostname": "-",
            "DestinationPort": "443",
            "DestinationPortName": "https"
        }
    },
    {
        "event_id": 3,
        "description": "Network connection",
        "time_generated": "2024-09-19T09:23:27.9704577Z",
        "computer_name": "RACM",
        "details": {
            "RuleName": "Usermode",
            "UtcTime": "2024-09-19 09:23:32.586",
            "ProcessGuid": "{cec53bf7-6cb4-66e9-0e58-000000000800}",
            "ProcessId": "15680",
            "Image": "C:\\Users\\raulr\\AppData\\Local\\Programs\\Microsoft VS Code\\Code.exe",
            "User": "RACM\\raulr",
            "Protocol": "tcp",
            "Initiated": "true",
            "SourceIsIpv6": "false",
            "SourceIp": "192.168.62.251",
            "SourceHostname": "-",
            "SourcePort": "65096",
            "SourcePortName": "-",
            "DestinationIsIpv6": "false",
            "DestinationIp": "20.189.172.33",
            "DestinationHostname": "-",
            "DestinationPort": "443",
            "DestinationPortName": "https"
        }
    },
    {
        "event_id": 3,
        "description": "Network connection",
        "time_generated": "2024-09-19T09:23:27.9704542Z",
        "computer_name": "RACM",
        "details": {
            "RuleName": "Usermode",
            "UtcTime": "2024-09-19 09:23:32.586",
            "ProcessGuid": "{cec53bf7-6cb4-66e9-0e58-000000000800}",
            "ProcessId": "15680",
            "Image": "C:\\Users\\raulr\\AppData\\Local\\Programs\\Microsoft VS Code\\Code.exe",
            "User": "RACM\\raulr",
            "Protocol": "tcp",
            "Initiated": "true",
            "SourceIsIpv6": "false",
            "SourceIp": "192.168.62.251",
            "SourceHostname": "-",
            "SourcePort": "65095",
            "SourcePortName": "-",
            "DestinationIsIpv6": "false",
            "DestinationIp": "20.189.172.33",
            "DestinationHostname": "-",
            "DestinationPort": "443",
            "DestinationPortName": "https"
        }
    },
    {
        "event_id": 3,
        "description": "Network connection",
        "time_generated": "2024-09-19T09:23:27.9704506Z",
        "computer_name": "RACM",
        "details": {
            "RuleName": "Usermode",
            "UtcTime": "2024-09-19 09:23:32.586",
            "ProcessGuid": "{cec53bf7-6cb4-66e9-0e58-000000000800}",
            "ProcessId": "15680",
            "Image": "C:\\Users\\raulr\\AppData\\Local\\Programs\\Microsoft VS Code\\Code.exe",
            "User": "RACM\\raulr",
            "Protocol": "tcp",
            "Initiated": "true",
            "SourceIsIpv6": "false",
            "SourceIp": "192.168.62.251",
            "SourceHostname": "-",
            "SourcePort": "65094",
            "SourcePortName": "-",
            "DestinationIsIpv6": "false",
            "DestinationIp": "20.189.172.33",
            "DestinationHostname": "-",
            "DestinationPort": "443",
            "DestinationPortName": "https"
        }
    },
    {
        "event_id": 3,
        "description": "Network connection",
        "time_generated": "2024-09-19T09:23:27.9704468Z",
        "computer_name": "RACM",
        "details": {
            "RuleName": "Usermode",
            "UtcTime": "2024-09-19 09:23:32.586",
            "ProcessGuid": "{cec53bf7-6cb4-66e9-0e58-000000000800}",
            "ProcessId": "15680",
            "Image": "C:\\Users\\raulr\\AppData\\Local\\Programs\\Microsoft VS Code\\Code.exe",
            "User": "RACM\\raulr",
            "Protocol": "tcp",
            "Initiated": "true",
            "SourceIsIpv6": "false",
            "SourceIp": "192.168.62.251",
            "SourceHostname": "-",
            "SourcePort": "65093",
            "SourcePortName": "-",
            "DestinationIsIpv6": "false",
            "DestinationIp": "20.189.172.33",
            "DestinationHostname": "-",
            "DestinationPort": "443",
            "DestinationPortName": "https"
        }
    },
    {
        "event_id": 3,
        "description": "Network connection",
        "time_generated": "2024-09-19T09:23:27.9704422Z",
        "computer_name": "RACM",
        "details": {
            "RuleName": "Usermode",
            "UtcTime": "2024-09-19 09:23:32.586",
            "ProcessGuid": "{cec53bf7-6cb4-66e9-0e58-000000000800}",
            "ProcessId": "15680",
            "Image": "C:\\Users\\raulr\\AppData\\Local\\Programs\\Microsoft VS Code\\Code.exe",
            "User": "RACM\\raulr",
            "Protocol": "tcp",
            "Initiated": "true",
            "SourceIsIpv6": "false",
            "SourceIp": "192.168.62.251",
            "SourceHostname": "-",
            "SourcePort": "65092",
            "SourcePortName": "-",
            "DestinationIsIpv6": "false",
            "DestinationIp": "20.189.172.33",
            "DestinationHostname": "-",
            "DestinationPort": "443",
            "DestinationPortName": "https"
        }
    },
    {
        "event_id": 3,
        "description": "Network connection",
        "time_generated": "2024-09-19T09:23:27.9704361Z",
        "computer_name": "RACM",
        "details": {
            "RuleName": "Usermode",
            "UtcTime": "2024-09-19 09:23:32.586",
            "ProcessGuid": "{cec53bf7-6cb4-66e9-0e58-000000000800}",
            "ProcessId": "15680",
            "Image": "C:\\Users\\raulr\\AppData\\Local\\Programs\\Microsoft VS Code\\Code.exe",
            "User": "RACM\\raulr",
            "Protocol": "tcp",
            "Initiated": "true",
            "SourceIsIpv6": "false",
            "SourceIp": "192.168.62.251",
            "SourceHostname": "-",
            "SourcePort": "65091",
            "SourcePortName": "-",
            "DestinationIsIpv6": "false",
            "DestinationIp": "20.189.172.33",
            "DestinationHostname": "-",
            "DestinationPort": "443",
            "DestinationPortName": "https"
        }
    },
    {
        "event_id": 3,
        "description": "Network connection",
        "time_generated": "2024-09-19T09:07:55.3404675Z",
        "computer_name": "RACM",
        "details": {
            "RuleName": "Usermode",
            "UtcTime": "2024-09-19 09:07:59.459",
            "ProcessGuid": "{cec53bf7-6cb4-66e9-0e58-000000000800}",
            "ProcessId": "15680",
            "Image": "C:\\Users\\raulr\\AppData\\Local\\Programs\\Microsoft VS Code\\Code.exe",
            "User": "RACM\\raulr",
            "Protocol": "tcp",
            "Initiated": "true",
            "SourceIsIpv6": "false",
            "SourceIp": "192.168.62.251",
            "SourceHostname": "-",
            "SourcePort": "65044",
            "SourcePortName": "-",
            "DestinationIsIpv6": "false",
            "DestinationIp": "140.82.113.21",
            "DestinationHostname": "lb-140-82-113-21-iad.github.com",
            "DestinationPort": "443",
            "DestinationPortName": "https"
        }
    },
    {
        "event_id": 3,
        "description": "Network connection",
        "time_generated": "2024-09-19T09:07:42.4900847Z",
        "computer_name": "RACM",
        "details": {
            "RuleName": "Usermode",
            "UtcTime": "2024-09-19 09:07:47.322",
            "ProcessGuid": "{cec53bf7-6cb4-66e9-0e58-000000000800}",
            "ProcessId": "15680",
            "Image": "C:\\Users\\raulr\\AppData\\Local\\Programs\\Microsoft VS Code\\Code.exe",
            "User": "RACM\\raulr",
            "Protocol": "tcp",
            "Initiated": "true",
            "SourceIsIpv6": "false",
            "SourceIp": "192.168.62.251",
            "SourceHostname": "-",
            "SourcePort": "65042",
            "SourcePortName": "-",
            "DestinationIsIpv6": "false",
            "DestinationIp": "20.44.10.122",
            "DestinationHostname": "-",
            "DestinationPort": "443",
            "DestinationPortName": "https"
        }
    },
    {
        "event_id": 3,
        "description": "Network connection",
        "time_generated": "2024-09-19T09:07:41.4374218Z",
        "computer_name": "RACM",
        "details": {
            "RuleName": "Usermode",
            "UtcTime": "2024-09-19 09:07:45.356",
            "ProcessGuid": "{cec53bf7-6cb2-66e9-0b58-000000000800}",
            "ProcessId": "11008",
            "Image": "C:\\Users\\raulr\\AppData\\Local\\Programs\\Microsoft VS Code\\Code.exe",
            "User": "RACM\\raulr",
            "Protocol": "tcp",
            "Initiated": "true",
            "SourceIsIpv6": "false",
            "SourceIp": "192.168.62.251",
            "SourceHostname": "-",
            "SourcePort": "65041",
            "SourcePortName": "-",
            "DestinationIsIpv6": "false",
            "DestinationIp": "140.82.113.21",
            "DestinationHostname": "lb-140-82-113-21-iad.github.com",
            "DestinationPort": "443",
            "DestinationPortName": "https"
        }
    },
    {
        "event_id": 3,
        "description": "Network connection",
        "time_generated": "2024-09-19T09:07:41.4374097Z",
        "computer_name": "RACM",
        "details": {
            "RuleName": "Usermode",
            "UtcTime": "2024-09-19 09:07:45.305",
            "ProcessGuid": "{cec53bf7-6cb2-66e9-0b58-000000000800}",
            "ProcessId": "11008",
            "Image": "C:\\Users\\raulr\\AppData\\Local\\Programs\\Microsoft VS Code\\Code.exe",
            "User": "RACM\\raulr",
            "Protocol": "udp",
            "Initiated": "true",
            "SourceIsIpv6": "false",
            "SourceIp": "192.168.62.251",
            "SourceHostname": "-",
            "SourcePort": "52216",
            "SourcePortName": "-",
            "DestinationIsIpv6": "false",
            "DestinationIp": "212.128.20.252",
            "DestinationHostname": "ns1.upct.es",
            "DestinationPort": "53",
            "DestinationPortName": "domain"
        }
    },
    {
        "event_id": 3,
        "description": "Network connection",
        "time_generated": "2024-09-19T09:07:41.4373939Z",
        "computer_name": "RACM",
        "details": {
            "RuleName": "Usermode",
            "UtcTime": "2024-09-19 09:07:45.305",
            "ProcessGuid": "{cec53bf7-6cb2-66e9-0b58-000000000800}",
            "ProcessId": "11008",
            "Image": "C:\\Users\\raulr\\AppData\\Local\\Programs\\Microsoft VS Code\\Code.exe",
            "User": "RACM\\raulr",
            "Protocol": "udp",
            "Initiated": "true",
            "SourceIsIpv6": "false",
            "SourceIp": "192.168.62.251",
            "SourceHostname": "-",
            "SourcePort": "56219",
            "SourcePortName": "-",
            "DestinationIsIpv6": "false",
            "DestinationIp": "212.128.20.252",
            "DestinationHostname": "ns1.upct.es",
            "DestinationPort": "53",
            "DestinationPortName": "domain"
        }
    },
    {
        "event_id": 3,
        "description": "Network connection",
        "time_generated": "2024-09-19T09:07:40.3845833Z",
        "computer_name": "RACM",
        "details": {
            "RuleName": "Usermode",
            "UtcTime": "2024-09-19 09:07:44.540",
            "ProcessGuid": "{cec53bf7-6cb2-66e9-0b58-000000000800}",
            "ProcessId": "11008",
            "Image": "C:\\Users\\raulr\\AppData\\Local\\Programs\\Microsoft VS Code\\Code.exe",
            "User": "RACM\\raulr",
            "Protocol": "tcp",
            "Initiated": "true",
            "SourceIsIpv6": "false",
            "SourceIp": "192.168.62.251",
            "SourceHostname": "-",
            "SourcePort": "65039",
            "SourcePortName": "-",
            "DestinationIsIpv6": "false",
            "DestinationIp": "20.44.10.122",
            "DestinationHostname": "-",
            "DestinationPort": "443",
            "DestinationPortName": "https"
        }
    },
    {
        "event_id": 3,
        "description": "Network connection",
        "time_generated": "2024-09-19T09:07:40.3845749Z",
        "computer_name": "RACM",
        "details": {
            "RuleName": "Usermode",
            "UtcTime": "2024-09-19 09:07:44.494",
            "ProcessGuid": "{cec53bf7-6cb2-66e9-0b58-000000000800}",
            "ProcessId": "11008",
            "Image": "C:\\Users\\raulr\\AppData\\Local\\Programs\\Microsoft VS Code\\Code.exe",
            "User": "RACM\\raulr",
            "Protocol": "udp",
            "Initiated": "true",
            "SourceIsIpv6": "false",
            "SourceIp": "192.168.62.251",
            "SourceHostname": "-",
            "SourcePort": "53742",
            "SourcePortName": "-",
            "DestinationIsIpv6": "false",
            "DestinationIp": "212.128.20.252",
            "DestinationHostname": "ns1.upct.es",
            "DestinationPort": "53",
            "DestinationPortName": "domain"
        }
    },
    {
        "event_id": 3,
        "description": "Network connection",
        "time_generated": "2024-09-19T09:07:40.3845681Z",
        "computer_name": "RACM",
        "details": {
            "RuleName": "Usermode",
            "UtcTime": "2024-09-19 09:07:44.494",
            "ProcessGuid": "{cec53bf7-6cb2-66e9-0b58-000000000800}",
            "ProcessId": "11008",
            "Image": "C:\\Users\\raulr\\AppData\\Local\\Programs\\Microsoft VS Code\\Code.exe",
            "User": "RACM\\raulr",
            "Protocol": "udp",
            "Initiated": "true",
            "SourceIsIpv6": "false",
            "SourceIp": "192.168.62.251",
            "SourceHostname": "-",
            "SourcePort": "59092",
            "SourcePortName": "-",
            "DestinationIsIpv6": "false",
            "DestinationIp": "212.128.20.252",
            "DestinationHostname": "ns1.upct.es",
            "DestinationPort": "53",
            "DestinationPortName": "domain"
        }
    },
    {
        "event_id": 3,
        "description": "Network connection",
        "time_generated": "2024-09-19T09:07:40.3845606Z",
        "computer_name": "RACM",
        "details": {
            "RuleName": "Usermode",
            "UtcTime": "2024-09-19 09:07:44.447",
            "ProcessGuid": "{cec53bf7-6cb2-66e9-0b58-000000000800}",
            "ProcessId": "11008",
            "Image": "C:\\Users\\raulr\\AppData\\Local\\Programs\\Microsoft VS Code\\Code.exe",
            "User": "RACM\\raulr",
            "Protocol": "tcp",
            "Initiated": "true",
            "SourceIsIpv6": "false",
            "SourceIp": "192.168.62.251",
            "SourceHostname": "-",
            "SourcePort": "65038",
            "SourcePortName": "-",
            "DestinationIsIpv6": "false",
            "DestinationIp": "140.82.121.6",
            "DestinationHostname": "lb-140-82-121-6-fra.github.com",
            "DestinationPort": "443",
            "DestinationPortName": "https"
        }
    },
    {
        "event_id": 3,
        "description": "Network connection",
        "time_generated": "2024-09-19T09:07:40.3845465Z",
        "computer_name": "RACM",
        "details": {
            "RuleName": "Usermode",
            "UtcTime": "2024-09-19 09:07:44.418",
            "ProcessGuid": "{cec53bf7-6cb2-66e9-0b58-000000000800}",
            "ProcessId": "11008",
            "Image": "C:\\Users\\raulr\\AppData\\Local\\Programs\\Microsoft VS Code\\Code.exe",
            "User": "RACM\\raulr",
            "Protocol": "udp",
            "Initiated": "true",
            "SourceIsIpv6": "false",
            "SourceIp": "192.168.62.251",
            "SourceHostname": "-",
            "SourcePort": "60616",
            "SourcePortName": "-",
            "DestinationIsIpv6": "false",
            "DestinationIp": "212.128.20.252",
            "DestinationHostname": "ns1.upct.es",
            "DestinationPort": "53",
            "DestinationPortName": "domain"
        }
    },
    {
        "event_id": 3,
        "description": "Network connection",
        "time_generated": "2024-09-19T09:07:40.3845317Z",
        "computer_name": "RACM",
        "details": {
            "RuleName": "Usermode",
            "UtcTime": "2024-09-19 09:07:44.418",
            "ProcessGuid": "{cec53bf7-6cb2-66e9-0b58-000000000800}",
            "ProcessId": "11008",
            "Image": "C:\\Users\\raulr\\AppData\\Local\\Programs\\Microsoft VS Code\\Code.exe",
            "User": "RACM\\raulr",
            "Protocol": "udp",
            "Initiated": "true",
            "SourceIsIpv6": "false",
            "SourceIp": "192.168.62.251",
            "SourceHostname": "-",
            "SourcePort": "58183",
            "SourcePortName": "-",
            "DestinationIsIpv6": "false",
            "DestinationIp": "212.128.20.252",
            "DestinationHostname": "ns1.upct.es",
            "DestinationPort": "53",
            "DestinationPortName": "domain"
        }
    },
    {
        "event_id": 3,
        "description": "Network connection",
        "time_generated": "2024-09-19T09:07:38.2941363Z",
        "computer_name": "RACM",
        "details": {
            "RuleName": "Usermode",
            "UtcTime": "2024-09-19 09:07:42.547",
            "ProcessGuid": "{cec53bf7-6cb4-66e9-0e58-000000000800}",
            "ProcessId": "15680",
            "Image": "C:\\Users\\raulr\\AppData\\Local\\Programs\\Microsoft VS Code\\Code.exe",
            "User": "RACM\\raulr",
            "Protocol": "tcp",
            "Initiated": "true",
            "SourceIsIpv6": "false",
            "SourceIp": "192.168.62.251",
            "SourceHostname": "-",
            "SourcePort": "65037",
            "SourcePortName": "-",
            "DestinationIsIpv6": "false",
            "DestinationIp": "20.189.172.32",
            "DestinationHostname": "-",
            "DestinationPort": "443",
            "DestinationPortName": "https"
        }
    },
    {
        "event_id": 3,
        "description": "Network connection",
        "time_generated": "2024-09-19T09:07:30.3345434Z",
        "computer_name": "RACM",
        "details": {
            "RuleName": "Usermode",
            "UtcTime": "2024-09-19 09:07:35.036",
            "ProcessGuid": "{cec53bf7-5613-66e9-2645-000000000800}",
            "ProcessId": "14740",
            "Image": "C:\\Users\\raulr\\AppData\\Local\\GitHubDesktop\\app-3.4.5\\GitHubDesktop.exe",
            "User": "RACM\\raulr",
            "Protocol": "tcp",
            "Initiated": "true",
            "SourceIsIpv6": "false",
            "SourceIp": "192.168.62.251",
            "SourceHostname": "-",
            "SourcePort": "65031",
            "SourcePortName": "-",
            "DestinationIsIpv6": "false",
            "DestinationIp": "140.82.114.25",
            "DestinationHostname": "lb-140-82-114-25-iad.github.com",
            "DestinationPort": "443",
            "DestinationPortName": "https"
        }
    },
    {
        "event_id": 3,
        "description": "Network connection",
        "time_generated": "2024-09-19T09:07:30.3345209Z",
        "computer_name": "RACM",
        "details": {
            "RuleName": "Usermode",
            "UtcTime": "2024-09-19 09:07:35.016",
            "ProcessGuid": "{cec53bf7-5613-66e9-2645-000000000800}",
            "ProcessId": "14740",
            "Image": "C:\\Users\\raulr\\AppData\\Local\\GitHubDesktop\\app-3.4.5\\GitHubDesktop.exe",
            "User": "RACM\\raulr",
            "Protocol": "udp",
            "Initiated": "true",
            "SourceIsIpv6": "false",
            "SourceIp": "192.168.62.251",
            "SourceHostname": "-",
            "SourcePort": "52007",
            "SourcePortName": "-",
            "DestinationIsIpv6": "false",
            "DestinationIp": "212.128.20.9",
            "DestinationHostname": "ns2.upct.es",
            "DestinationPort": "53",
            "DestinationPortName": "domain"
        }
    },
    {
        "event_id": 3,
        "description": "Network connection",
        "time_generated": "2024-09-19T09:07:30.3344957Z",
        "computer_name": "RACM",
        "details": {
            "RuleName": "Usermode",
            "UtcTime": "2024-09-19 09:07:35.015",
            "ProcessGuid": "{cec53bf7-5613-66e9-2645-000000000800}",
            "ProcessId": "14740",
            "Image": "C:\\Users\\raulr\\AppData\\Local\\GitHubDesktop\\app-3.4.5\\GitHubDesktop.exe",
            "User": "RACM\\raulr",
            "Protocol": "udp",
            "Initiated": "true",
            "SourceIsIpv6": "false",
            "SourceIp": "192.168.62.251",
            "SourceHostname": "-",
            "SourcePort": "65255",
            "SourcePortName": "-",
            "DestinationIsIpv6": "false",
            "DestinationIp": "212.128.20.9",
            "DestinationHostname": "ns2.upct.es",
            "DestinationPort": "53",
            "DestinationPortName": "domain"
        }
    },
    {
        "event_id": 3,
        "description": "Network connection",
        "time_generated": "2024-09-19T09:06:34.0022169Z",
        "computer_name": "RACM",
        "details": {
            "RuleName": "Usermode",
            "UtcTime": "2024-09-19 09:06:38.034",
            "ProcessGuid": "{cec53bf7-6cb4-66e9-0e58-000000000800}",
            "ProcessId": "15680",
            "Image": "C:\\Users\\raulr\\AppData\\Local\\Programs\\Microsoft VS Code\\Code.exe",
            "User": "RACM\\raulr",
            "Protocol": "tcp",
            "Initiated": "true",
            "SourceIsIpv6": "false",
            "SourceIp": "192.168.62.251",
            "SourceHostname": "-",
            "SourcePort": "65019",
            "SourcePortName": "-",
            "DestinationIsIpv6": "false",
            "DestinationIp": "20.189.172.33",
            "DestinationHostname": "-",
            "DestinationPort": "443",
            "DestinationPortName": "https"
        }
    },
    {
        "event_id": 3,
        "description": "Network connection",
        "time_generated": "2024-09-19T09:06:26.9343851Z",
        "computer_name": "RACM",
        "details": {
            "RuleName": "Usermode",
            "UtcTime": "2024-09-19 09:06:31.029",
            "ProcessGuid": "{cec53bf7-5613-66e9-2645-000000000800}",
            "ProcessId": "14740",
            "Image": "C:\\Users\\raulr\\AppData\\Local\\GitHubDesktop\\app-3.4.5\\GitHubDesktop.exe",
            "User": "RACM\\raulr",
            "Protocol": "tcp",
            "Initiated": "true",
            "SourceIsIpv6": "false",
            "SourceIp": "192.168.62.251",
            "SourceHostname": "-",
            "SourcePort": "65017",
            "SourcePortName": "-",
            "DestinationIsIpv6": "false",
            "DestinationIp": "140.82.112.26",
            "DestinationHostname": "lb-140-82-112-26-iad.github.com",
            "DestinationPort": "443",
            "DestinationPortName": "https"
        }
    },
    {
        "event_id": 3,
        "description": "Network connection",
        "time_generated": "2024-09-19T09:06:26.9343729Z",
        "computer_name": "RACM",
        "details": {
            "RuleName": "Usermode",
            "UtcTime": "2024-09-19 09:06:31.008",
            "ProcessGuid": "{cec53bf7-5613-66e9-2645-000000000800}",
            "ProcessId": "14740",
            "Image": "C:\\Users\\raulr\\AppData\\Local\\GitHubDesktop\\app-3.4.5\\GitHubDesktop.exe",
            "User": "RACM\\raulr",
            "Protocol": "udp",
            "Initiated": "true",
            "SourceIsIpv6": "false",
            "SourceIp": "192.168.62.251",
            "SourceHostname": "-",
            "SourcePort": "52367",
            "SourcePortName": "-",
            "DestinationIsIpv6": "false",
            "DestinationIp": "212.128.20.9",
            "DestinationHostname": "ns2.upct.es",
            "DestinationPort": "53",
            "DestinationPortName": "domain"
        }
    },
    {
        "event_id": 3,
        "description": "Network connection",
        "time_generated": "2024-09-19T09:06:26.9343505Z",
        "computer_name": "RACM",
        "details": {
            "RuleName": "Usermode",
            "UtcTime": "2024-09-19 09:06:31.007",
            "ProcessGuid": "{cec53bf7-5613-66e9-2645-000000000800}",
            "ProcessId": "14740",
            "Image": "C:\\Users\\raulr\\AppData\\Local\\GitHubDesktop\\app-3.4.5\\GitHubDesktop.exe",
            "User": "RACM\\raulr",
            "Protocol": "udp",
            "Initiated": "true",
            "SourceIsIpv6": "false",
            "SourceIp": "192.168.62.251",
            "SourceHostname": "-",
            "SourcePort": "51351",
            "SourcePortName": "-",
            "DestinationIsIpv6": "false",
            "DestinationIp": "212.128.20.9",
            "DestinationHostname": "ns2.upct.es",
            "DestinationPort": "53",
            "DestinationPortName": "domain"
        }
    },
    {
        "event_id": 3,
        "description": "Network connection",
        "time_generated": "2024-09-19T09:05:26.4278493Z",
        "computer_name": "RACM",
        "details": {
            "RuleName": "Usermode",
            "UtcTime": "2024-09-19 09:05:31.009",
            "ProcessGuid": "{cec53bf7-5613-66e9-2645-000000000800}",
            "ProcessId": "14740",
            "Image": "C:\\Users\\raulr\\AppData\\Local\\GitHubDesktop\\app-3.4.5\\GitHubDesktop.exe",
            "User": "RACM\\raulr",
            "Protocol": "tcp",
            "Initiated": "true",
            "SourceIsIpv6": "false",
            "SourceIp": "192.168.62.251",
            "SourceHostname": "-",
            "SourcePort": "65003",
            "SourcePortName": "-",
            "DestinationIsIpv6": "false",
            "DestinationIp": "140.82.113.25",
            "DestinationHostname": "lb-140-82-113-25-iad.github.com",
            "DestinationPort": "443",
            "DestinationPortName": "https"
        }
    },
    {
        "event_id": 3,
        "description": "Network connection",
        "time_generated": "2024-09-19T09:05:26.4278405Z",
        "computer_name": "RACM",
        "details": {
            "RuleName": "Usermode",
            "UtcTime": "2024-09-19 09:05:30.988",
            "ProcessGuid": "{cec53bf7-5613-66e9-2645-000000000800}",
            "ProcessId": "14740",
            "Image": "C:\\Users\\raulr\\AppData\\Local\\GitHubDesktop\\app-3.4.5\\GitHubDesktop.exe",
            "User": "RACM\\raulr",
            "Protocol": "udp",
            "Initiated": "true",
            "SourceIsIpv6": "false",
            "SourceIp": "192.168.62.251",
            "SourceHostname": "-",
            "SourcePort": "63341",
            "SourcePortName": "-",
            "DestinationIsIpv6": "false",
            "DestinationIp": "212.128.20.9",
            "DestinationHostname": "ns2.upct.es",
            "DestinationPort": "53",
            "DestinationPortName": "domain"
        }
    },
    {
        "event_id": 3,
        "description": "Network connection",
        "time_generated": "2024-09-19T09:05:26.4278179Z",
        "computer_name": "RACM",
        "details": {
            "RuleName": "Usermode",
            "UtcTime": "2024-09-19 09:05:30.988",
            "ProcessGuid": "{cec53bf7-5613-66e9-2645-000000000800}",
            "ProcessId": "14740",
            "Image": "C:\\Users\\raulr\\AppData\\Local\\GitHubDesktop\\app-3.4.5\\GitHubDesktop.exe",
            "User": "RACM\\raulr",
            "Protocol": "udp",
            "Initiated": "true",
            "SourceIsIpv6": "false",
            "SourceIp": "192.168.62.251",
            "SourceHostname": "-",
            "SourcePort": "63577",
            "SourcePortName": "-",
            "DestinationIsIpv6": "false",
            "DestinationIp": "212.128.20.9",
            "DestinationHostname": "ns2.upct.es",
            "DestinationPort": "53",
            "DestinationPortName": "domain"
        }
    },
    {
        "event_id": 3,
        "description": "Network connection",
        "time_generated": "2024-09-19T09:05:22.4930942Z",
        "computer_name": "RACM",
        "details": {
            "RuleName": "Usermode",
            "UtcTime": "2024-09-19 09:05:27.042",
            "ProcessGuid": "{cec53bf7-5613-66e9-2645-000000000800}",
            "ProcessId": "14740",
            "Image": "C:\\Users\\raulr\\AppData\\Local\\GitHubDesktop\\app-3.4.5\\GitHubDesktop.exe",
            "User": "RACM\\raulr",
            "Protocol": "tcp",
            "Initiated": "true",
            "SourceIsIpv6": "false",
            "SourceIp": "192.168.62.251",
            "SourceHostname": "-",
            "SourcePort": "65002",
            "SourcePortName": "-",
            "DestinationIsIpv6": "false",
            "DestinationIp": "140.82.121.6",
            "DestinationHostname": "lb-140-82-121-6-fra.github.com",
            "DestinationPort": "443",
            "DestinationPortName": "https"
        }
    },
    {
        "event_id": 3,
        "description": "Network connection",
        "time_generated": "2024-09-19T09:05:22.4930803Z",
        "computer_name": "RACM",
        "details": {
            "RuleName": "Usermode",
            "UtcTime": "2024-09-19 09:05:27.000",
            "ProcessGuid": "{cec53bf7-5613-66e9-2645-000000000800}",
            "ProcessId": "14740",
            "Image": "C:\\Users\\raulr\\AppData\\Local\\GitHubDesktop\\app-3.4.5\\GitHubDesktop.exe",
            "User": "RACM\\raulr",
            "Protocol": "udp",
            "Initiated": "true",
            "SourceIsIpv6": "false",
            "SourceIp": "192.168.62.251",
            "SourceHostname": "-",
            "SourcePort": "50273",
            "SourcePortName": "-",
            "DestinationIsIpv6": "false",
            "DestinationIp": "212.128.20.9",
            "DestinationHostname": "ns2.upct.es",
            "DestinationPort": "53",
            "DestinationPortName": "domain"
        }
    },
    {
        "event_id": 3,
        "description": "Network connection",
        "time_generated": "2024-09-19T09:05:22.4930571Z",
        "computer_name": "RACM",
        "details": {
            "RuleName": "Usermode",
            "UtcTime": "2024-09-19 09:05:26.999",
            "ProcessGuid": "{cec53bf7-5613-66e9-2645-000000000800}",
            "ProcessId": "14740",
            "Image": "C:\\Users\\raulr\\AppData\\Local\\GitHubDesktop\\app-3.4.5\\GitHubDesktop.exe",
            "User": "RACM\\raulr",
            "Protocol": "udp",
            "Initiated": "true",
            "SourceIsIpv6": "false",
            "SourceIp": "192.168.62.251",
            "SourceHostname": "-",
            "SourcePort": "49665",
            "SourcePortName": "-",
            "DestinationIsIpv6": "false",
            "DestinationIp": "212.128.20.9",
            "DestinationHostname": "ns2.upct.es",
            "DestinationPort": "53",
            "DestinationPortName": "domain"
        }
    },
    {
        "event_id": 3,
        "description": "Network connection",
        "time_generated": "2024-09-19T09:04:04.4820172Z",
        "computer_name": "RACM",
        "details": {
            "RuleName": "Usermode",
            "UtcTime": "2024-09-19 09:04:09.156",
            "ProcessGuid": "{cec53bf7-5613-66e9-2645-000000000800}",
            "ProcessId": "14740",
            "Image": "C:\\Users\\raulr\\AppData\\Local\\GitHubDesktop\\app-3.4.5\\GitHubDesktop.exe",
            "User": "RACM\\raulr",
            "Protocol": "tcp",
            "Initiated": "true",
            "SourceIsIpv6": "false",
            "SourceIp": "192.168.62.251",
            "SourceHostname": "-",
            "SourcePort": "64973",
            "SourcePortName": "-",
            "DestinationIsIpv6": "false",
            "DestinationIp": "140.82.112.26",
            "DestinationHostname": "lb-140-82-112-26-iad.github.com",
            "DestinationPort": "443",
            "DestinationPortName": "https"
        }
    },
