    {
        "event_id": 3,
        "description": "Network connection",
        "time_generated": "2024-09-19T07:56:02.1883871Z",
        "computer_name": "RACM",
        "details": {
            "RuleName": "Usermode",
            "UtcTime": "2024-09-19 07:56:05.889",
            "ProcessGuid": "{cec53bf7-5613-66e9-2645-000000000800}",
            "ProcessId": "14740",
            "Image": "C:\\Users\\raulr\\AppData\\Local\\GitHubDesktop\\app-3.4.5\\GitHubDesktop.exe",
            "User": "RACM\\raulr",
            "Protocol": "tcp",
            "Initiated": "true",
            "SourceIsIpv6": "false",
            "SourceIp": "192.168.62.251",
            "SourceHostname": "-",
            "SourcePort": "64029",
            "SourcePortName": "-",
            "DestinationIsIpv6": "false",
            "DestinationIp": "140.82.112.26",
            "DestinationHostname": "lb-140-82-112-26-iad.github.com",
            "DestinationPort": "443",
            "DestinationPortName": "https"
        }
    },
    {
        "event_id": 3,
        "description": "Network connection",
        "time_generated": "2024-09-19T07:56:02.1883643Z",
        "computer_name": "RACM",
        "details": {
            "RuleName": "Usermode",
            "UtcTime": "2024-09-19 07:56:05.561",
            "ProcessGuid": "{cec53bf7-5613-66e9-2645-000000000800}",
            "ProcessId": "14740",
            "Image": "C:\\Users\\raulr\\AppData\\Local\\GitHubDesktop\\app-3.4.5\\GitHubDesktop.exe",
            "User": "RACM\\raulr",
            "Protocol": "tcp",
            "Initiated": "true",
            "SourceIsIpv6": "false",
            "SourceIp": "192.168.62.251",
            "SourceHostname": "-",
            "SourcePort": "64028",
            "SourcePortName": "-",
            "DestinationIsIpv6": "false",
            "DestinationIp": "140.82.121.6",
            "DestinationHostname": "lb-140-82-121-6-fra.github.com",
            "DestinationPort": "443",
            "DestinationPortName": "https"
        }
    },
    {
        "event_id": 3,
        "description": "Network connection",
        "time_generated": "2024-09-19T07:56:02.1883380Z",
        "computer_name": "RACM",
        "details": {
            "RuleName": "Usermode",
            "UtcTime": "2024-09-19 07:56:05.522",
            "ProcessGuid": "{cec53bf7-5613-66e9-2645-000000000800}",
            "ProcessId": "14740",
            "Image": "C:\\Users\\raulr\\AppData\\Local\\GitHubDesktop\\app-3.4.5\\GitHubDesktop.exe",
            "User": "RACM\\raulr",
            "Protocol": "udp",
            "Initiated": "true",
            "SourceIsIpv6": "false",
            "SourceIp": "192.168.62.251",
            "SourceHostname": "-",
            "SourcePort": "56171",
            "SourcePortName": "-",
            "DestinationIsIpv6": "false",
            "DestinationIp": "212.128.20.9",
            "DestinationHostname": "ns2.upct.es",
            "DestinationPort": "53",
            "DestinationPortName": "domain"
        }
    },
    {
        "event_id": 3,
        "description": "Network connection",
        "time_generated": "2024-09-19T07:56:02.1882994Z",
        "computer_name": "RACM",
        "details": {
            "RuleName": "Usermode",
            "UtcTime": "2024-09-19 07:56:05.521",
            "ProcessGuid": "{cec53bf7-5613-66e9-2645-000000000800}",
            "ProcessId": "14740",
            "Image": "C:\\Users\\raulr\\AppData\\Local\\GitHubDesktop\\app-3.4.5\\GitHubDesktop.exe",
            "User": "RACM\\raulr",
            "Protocol": "udp",
            "Initiated": "true",
            "SourceIsIpv6": "false",
            "SourceIp": "192.168.62.251",
            "SourceHostname": "-",
            "SourcePort": "52370",
            "SourcePortName": "-",
            "DestinationIsIpv6": "false",
            "DestinationIp": "212.128.20.9",
            "DestinationHostname": "ns2.upct.es",
            "DestinationPort": "53",
            "DestinationPortName": "domain"
        }
    },
    {
        "event_id": 3,
        "description": "Network connection",
        "time_generated": "2024-09-19T07:56:00.1280095Z",
        "computer_name": "RACM",
        "details": {
            "RuleName": "Usermode",
            "UtcTime": "2024-09-19 07:56:05.042",
            "ProcessGuid": "{cec53bf7-5613-66e9-2645-000000000800}",
            "ProcessId": "14740",
            "Image": "C:\\Users\\raulr\\AppData\\Local\\GitHubDesktop\\app-3.4.5\\GitHubDesktop.exe",
            "User": "RACM\\raulr",
            "Protocol": "tcp",
            "Initiated": "true",
            "SourceIsIpv6": "false",
            "SourceIp": "192.168.62.251",
            "SourceHostname": "-",
            "SourcePort": "64027",
            "SourcePortName": "-",
            "DestinationIsIpv6": "false",
            "DestinationIp": "140.82.112.26",
            "DestinationHostname": "lb-140-82-112-26-iad.github.com",
            "DestinationPort": "443",
            "DestinationPortName": "https"
        }
    },
    {
        "event_id": 3,
        "description": "Network connection",
        "time_generated": "2024-09-19T07:56:00.1279795Z",
        "computer_name": "RACM",
        "details": {
            "RuleName": "Usermode",
            "UtcTime": "2024-09-19 07:56:05.005",
            "ProcessGuid": "{cec53bf7-5613-66e9-2645-000000000800}",
            "ProcessId": "14740",
            "Image": "C:\\Users\\raulr\\AppData\\Local\\GitHubDesktop\\app-3.4.5\\GitHubDesktop.exe",
            "User": "RACM\\raulr",
            "Protocol": "udp",
            "Initiated": "true",
            "SourceIsIpv6": "false",
            "SourceIp": "192.168.62.251",
            "SourceHostname": "-",
            "SourcePort": "58455",
            "SourcePortName": "-",
            "DestinationIsIpv6": "false",
            "DestinationIp": "212.128.20.9",
            "DestinationHostname": "ns2.upct.es",
            "DestinationPort": "53",
            "DestinationPortName": "domain"
        }
    },
    {
        "event_id": 3,
        "description": "Network connection",
        "time_generated": "2024-09-19T07:56:00.1279394Z",
        "computer_name": "RACM",
        "details": {
            "RuleName": "Usermode",
            "UtcTime": "2024-09-19 07:56:05.005",
            "ProcessGuid": "{cec53bf7-5613-66e9-2645-000000000800}",
            "ProcessId": "14740",
            "Image": "C:\\Users\\raulr\\AppData\\Local\\GitHubDesktop\\app-3.4.5\\GitHubDesktop.exe",
            "User": "RACM\\raulr",
            "Protocol": "udp",
            "Initiated": "true",
            "SourceIsIpv6": "false",
            "SourceIp": "192.168.62.251",
            "SourceHostname": "-",
            "SourcePort": "59191",
            "SourcePortName": "-",
            "DestinationIsIpv6": "false",
            "DestinationIp": "212.128.20.9",
            "DestinationHostname": "ns2.upct.es",
            "DestinationPort": "53",
            "DestinationPortName": "domain"
        }
    },
    {
        "event_id": 3,
        "description": "Network connection",
        "time_generated": "2024-09-19T07:52:52.5984895Z",
        "computer_name": "RACM",
        "details": {
            "RuleName": "Usermode",
            "UtcTime": "2024-09-19 07:52:56.555",
            "ProcessGuid": "{cec53bf7-6cb4-66e9-0e58-000000000800}",
            "ProcessId": "15680",
            "Image": "C:\\Users\\raulr\\AppData\\Local\\Programs\\Microsoft VS Code\\Code.exe",
            "User": "RACM\\raulr",
            "Protocol": "tcp",
            "Initiated": "true",
            "SourceIsIpv6": "false",
            "SourceIp": "192.168.62.251",
            "SourceHostname": "-",
            "SourcePort": "64014",
            "SourcePortName": "-",
            "DestinationIsIpv6": "false",
            "DestinationIp": "140.82.114.22",
            "DestinationHostname": "lb-140-82-114-22-iad.github.com",
            "DestinationPort": "443",
            "DestinationPortName": "https"
        }
    },
    {
        "event_id": 3,
        "description": "Network connection",
        "time_generated": "2024-09-19T07:52:40.5373100Z",
        "computer_name": "RACM",
        "details": {
            "RuleName": "Usermode",
            "UtcTime": "2024-09-19 07:52:44.449",
            "ProcessGuid": "{cec53bf7-6cb4-66e9-0e58-000000000800}",
            "ProcessId": "15680",
            "Image": "C:\\Users\\raulr\\AppData\\Local\\Programs\\Microsoft VS Code\\Code.exe",
            "User": "RACM\\raulr",
            "Protocol": "tcp",
            "Initiated": "true",
            "SourceIsIpv6": "false",
            "SourceIp": "192.168.62.251",
            "SourceHostname": "-",
            "SourcePort": "64013",
            "SourcePortName": "-",
            "DestinationIsIpv6": "false",
            "DestinationIp": "104.208.16.91",
            "DestinationHostname": "-",
            "DestinationPort": "443",
            "DestinationPortName": "https"
        }
    },
    {
        "event_id": 3,
        "description": "Network connection",
        "time_generated": "2024-09-19T07:52:39.5192078Z",
        "computer_name": "RACM",
        "details": {
            "RuleName": "Usermode",
            "UtcTime": "2024-09-19 07:52:43.547",
            "ProcessGuid": "{cec53bf7-6cb2-66e9-0b58-000000000800}",
            "ProcessId": "11008",
            "Image": "C:\\Users\\raulr\\AppData\\Local\\Programs\\Microsoft VS Code\\Code.exe",
            "User": "RACM\\raulr",
            "Protocol": "udp",
            "Initiated": "true",
            "SourceIsIpv6": "false",
            "SourceIp": "192.168.62.251",
            "SourceHostname": "-",
            "SourcePort": "63886",
            "SourcePortName": "-",
            "DestinationIsIpv6": "false",
            "DestinationIp": "212.128.20.252",
            "DestinationHostname": "ns1.upct.es",
            "DestinationPort": "53",
            "DestinationPortName": "domain"
        }
    },
    {
        "event_id": 3,
        "description": "Network connection",
        "time_generated": "2024-09-19T07:52:39.5191905Z",
        "computer_name": "RACM",
        "details": {
            "RuleName": "Usermode",
            "UtcTime": "2024-09-19 07:52:43.546",
            "ProcessGuid": "{cec53bf7-6cb2-66e9-0b58-000000000800}",
            "ProcessId": "11008",
            "Image": "C:\\Users\\raulr\\AppData\\Local\\Programs\\Microsoft VS Code\\Code.exe",
            "User": "RACM\\raulr",
            "Protocol": "udp",
            "Initiated": "true",
            "SourceIsIpv6": "false",
            "SourceIp": "192.168.62.251",
            "SourceHostname": "-",
            "SourcePort": "57761",
            "SourcePortName": "-",
            "DestinationIsIpv6": "false",
            "DestinationIp": "212.128.20.252",
            "DestinationHostname": "ns1.upct.es",
            "DestinationPort": "53",
            "DestinationPortName": "domain"
        }
    },
    {
        "event_id": 3,
        "description": "Network connection",
        "time_generated": "2024-09-19T07:52:38.4767152Z",
        "computer_name": "RACM",
        "details": {
            "RuleName": "Usermode",
            "UtcTime": "2024-09-19 07:52:42.508",
            "ProcessGuid": "{cec53bf7-6cb4-66e9-0e58-000000000800}",
            "ProcessId": "15680",
            "Image": "C:\\Users\\raulr\\AppData\\Local\\Programs\\Microsoft VS Code\\Code.exe",
            "User": "RACM\\raulr",
            "Protocol": "tcp",
            "Initiated": "true",
            "SourceIsIpv6": "false",
            "SourceIp": "192.168.62.251",
            "SourceHostname": "-",
            "SourcePort": "64012",
            "SourcePortName": "-",
            "DestinationIsIpv6": "false",
            "DestinationIp": "20.189.172.32",
            "DestinationHostname": "-",
            "DestinationPort": "443",
            "DestinationPortName": "https"
        }
    },
    {
        "event_id": 3,
        "description": "Network connection",
        "time_generated": "2024-09-19T07:52:38.4766679Z",
        "computer_name": "RACM",
        "details": {
            "RuleName": "Usermode",
            "UtcTime": "2024-09-19 07:52:42.464",
            "ProcessGuid": "{cec53bf7-6cb2-66e9-0b58-000000000800}",
            "ProcessId": "11008",
            "Image": "C:\\Users\\raulr\\AppData\\Local\\Programs\\Microsoft VS Code\\Code.exe",
            "User": "RACM\\raulr",
            "Protocol": "tcp",
            "Initiated": "true",
            "SourceIsIpv6": "false",
            "SourceIp": "192.168.62.251",
            "SourceHostname": "-",
            "SourcePort": "64011",
            "SourcePortName": "-",
            "DestinationIsIpv6": "false",
            "DestinationIp": "140.82.113.22",
            "DestinationHostname": "lb-140-82-113-22-iad.github.com",
            "DestinationPort": "443",
            "DestinationPortName": "https"
        }
    },
    {
        "event_id": 3,
        "description": "Network connection",
        "time_generated": "2024-09-19T07:52:38.4766513Z",
        "computer_name": "RACM",
        "details": {
            "RuleName": "Usermode",
            "UtcTime": "2024-09-19 07:52:42.443",
            "ProcessGuid": "{cec53bf7-6cb2-66e9-0b58-000000000800}",
            "ProcessId": "11008",
            "Image": "C:\\Users\\raulr\\AppData\\Local\\Programs\\Microsoft VS Code\\Code.exe",
            "User": "RACM\\raulr",
            "Protocol": "udp",
            "Initiated": "true",
            "SourceIsIpv6": "false",
            "SourceIp": "192.168.62.251",
            "SourceHostname": "-",
            "SourcePort": "57990",
            "SourcePortName": "-",
            "DestinationIsIpv6": "false",
            "DestinationIp": "212.128.20.252",
            "DestinationHostname": "ns1.upct.es",
            "DestinationPort": "53",
            "DestinationPortName": "domain"
        }
    },
    {
        "event_id": 3,
        "description": "Network connection",
        "time_generated": "2024-09-19T07:52:38.4766272Z",
        "computer_name": "RACM",
        "details": {
            "RuleName": "Usermode",
            "UtcTime": "2024-09-19 07:52:42.443",
            "ProcessGuid": "{cec53bf7-6cb2-66e9-0b58-000000000800}",
            "ProcessId": "11008",
            "Image": "C:\\Users\\raulr\\AppData\\Local\\Programs\\Microsoft VS Code\\Code.exe",
            "User": "RACM\\raulr",
            "Protocol": "udp",
            "Initiated": "true",
            "SourceIsIpv6": "false",
            "SourceIp": "192.168.62.251",
            "SourceHostname": "-",
            "SourcePort": "51535",
            "SourcePortName": "-",
            "DestinationIsIpv6": "false",
            "DestinationIp": "212.128.20.252",
            "DestinationHostname": "ns1.upct.es",
            "DestinationPort": "53",
            "DestinationPortName": "domain"
        }
    },
    {
        "event_id": 3,
        "description": "Network connection",
        "time_generated": "2024-09-19T07:52:37.4516340Z",
        "computer_name": "RACM",
        "details": {
            "RuleName": "Usermode",
            "UtcTime": "2024-09-19 07:52:41.552",
            "ProcessGuid": "{cec53bf7-6cb2-66e9-0b58-000000000800}",
            "ProcessId": "11008",
            "Image": "C:\\Users\\raulr\\AppData\\Local\\Programs\\Microsoft VS Code\\Code.exe",
            "User": "RACM\\raulr",
            "Protocol": "tcp",
            "Initiated": "true",
            "SourceIsIpv6": "false",
            "SourceIp": "192.168.62.251",
            "SourceHostname": "-",
            "SourcePort": "64009",
            "SourcePortName": "-",
            "DestinationIsIpv6": "false",
            "DestinationIp": "140.82.121.6",
            "DestinationHostname": "lb-140-82-121-6-fra.github.com",
            "DestinationPort": "443",
            "DestinationPortName": "https"
        }
    },
    {
        "event_id": 3,
        "description": "Network connection",
        "time_generated": "2024-09-19T07:52:37.4516134Z",
        "computer_name": "RACM",
        "details": {
            "RuleName": "Usermode",
            "UtcTime": "2024-09-19 07:52:41.530",
            "ProcessGuid": "{cec53bf7-6cb2-66e9-0b58-000000000800}",
            "ProcessId": "11008",
            "Image": "C:\\Users\\raulr\\AppData\\Local\\Programs\\Microsoft VS Code\\Code.exe",
            "User": "RACM\\raulr",
            "Protocol": "udp",
            "Initiated": "true",
            "SourceIsIpv6": "false",
            "SourceIp": "192.168.62.251",
            "SourceHostname": "-",
            "SourcePort": "65290",
            "SourcePortName": "-",
            "DestinationIsIpv6": "false",
            "DestinationIp": "212.128.20.252",
            "DestinationHostname": "ns1.upct.es",
            "DestinationPort": "53",
            "DestinationPortName": "domain"
        }
    },
    {
        "event_id": 3,
        "description": "Network connection",
        "time_generated": "2024-09-19T07:52:37.4515919Z",
        "computer_name": "RACM",
        "details": {
            "RuleName": "Usermode",
            "UtcTime": "2024-09-19 07:52:41.529",
            "ProcessGuid": "{cec53bf7-6cb2-66e9-0b58-000000000800}",
            "ProcessId": "11008",
            "Image": "C:\\Users\\raulr\\AppData\\Local\\Programs\\Microsoft VS Code\\Code.exe",
            "User": "RACM\\raulr",
            "Protocol": "udp",
            "Initiated": "true",
            "SourceIsIpv6": "false",
            "SourceIp": "192.168.62.251",
            "SourceHostname": "-",
            "SourcePort": "60743",
            "SourcePortName": "-",
            "DestinationIsIpv6": "false",
            "DestinationIp": "212.128.20.252",
            "DestinationHostname": "ns1.upct.es",
            "DestinationPort": "53",
            "DestinationPortName": "domain"
        }
    },
    {
        "event_id": 3,
        "description": "Network connection",
        "time_generated": "2024-09-19T07:52:09.3425745Z",
        "computer_name": "RACM",
        "details": {
            "RuleName": "Usermode",
            "UtcTime": "2024-09-19 07:52:13.523",
            "ProcessGuid": "{cec53bf7-6cb4-66e9-0e58-000000000800}",
            "ProcessId": "15680",
            "Image": "C:\\Users\\raulr\\AppData\\Local\\Programs\\Microsoft VS Code\\Code.exe",
            "User": "RACM\\raulr",
            "Protocol": "tcp",
            "Initiated": "true",
            "SourceIsIpv6": "false",
            "SourceIp": "192.168.62.251",
            "SourceHostname": "-",
            "SourcePort": "64006",
            "SourcePortName": "-",
            "DestinationIsIpv6": "false",
            "DestinationIp": "104.208.16.91",
            "DestinationHostname": "-",
            "DestinationPort": "443",
            "DestinationPortName": "https"
        }
    },
    {
        "event_id": 3,
        "description": "Network connection",
        "time_generated": "2024-09-19T07:51:39.9351278Z",
        "computer_name": "RACM",
        "details": {
            "RuleName": "Usermode",
            "UtcTime": "2024-09-19 07:51:44.268",
            "ProcessGuid": "{cec53bf7-6cb4-66e9-0e58-000000000800}",
            "ProcessId": "15680",
            "Image": "C:\\Users\\raulr\\AppData\\Local\\Programs\\Microsoft VS Code\\Code.exe",
            "User": "RACM\\raulr",
            "Protocol": "tcp",
            "Initiated": "true",
            "SourceIsIpv6": "false",
            "SourceIp": "192.168.62.251",
            "SourceHostname": "-",
            "SourcePort": "64003",
            "SourcePortName": "-",
            "DestinationIsIpv6": "false",
            "DestinationIp": "52.182.143.208",
            "DestinationHostname": "-",
            "DestinationPort": "443",
            "DestinationPortName": "https"
        }
    },
    {
        "event_id": 3,
        "description": "Network connection",
        "time_generated": "2024-09-19T07:51:30.8866433Z",
        "computer_name": "RACM",
        "details": {
            "RuleName": "Usermode",
            "UtcTime": "2024-09-19 07:51:35.416",
            "ProcessGuid": "{cec53bf7-6cb4-66e9-0e58-000000000800}",
            "ProcessId": "15680",
            "Image": "C:\\Users\\raulr\\AppData\\Local\\Programs\\Microsoft VS Code\\Code.exe",
            "User": "RACM\\raulr",
            "Protocol": "tcp",
            "Initiated": "true",
            "SourceIsIpv6": "false",
            "SourceIp": "192.168.62.251",
            "SourceHostname": "-",
            "SourcePort": "64001",
            "SourcePortName": "-",
            "DestinationIsIpv6": "false",
            "DestinationIp": "20.189.172.32",
            "DestinationHostname": "-",
            "DestinationPort": "443",
            "DestinationPortName": "https"
        }
    },
    {
        "event_id": 3,
        "description": "Network connection",
        "time_generated": "2024-09-19T07:51:26.7643318Z",
        "computer_name": "RACM",
        "details": {
            "RuleName": "Usermode",
            "UtcTime": "2024-09-19 07:51:30.759",
            "ProcessGuid": "{cec53bf7-d7e4-66eb-4988-000000000800}",
            "ProcessId": "17028",
            "Image": "C:\\Users\\raulr\\AppData\\Local\\Programs\\Python\\Python312\\python.exe",
            "User": "RACM\\raulr",
            "Protocol": "tcp",
            "Initiated": "true",
            "SourceIsIpv6": "false",
            "SourceIp": "192.168.62.251",
            "SourceHostname": "-",
            "SourcePort": "63999",
            "SourcePortName": "-",
            "DestinationIsIpv6": "false",
            "DestinationIp": "185.199.111.153",
            "DestinationHostname": "cdn-185-199-111-153.github.com",
            "DestinationPort": "443",
            "DestinationPortName": "https"
        }
    },
    {
        "event_id": 3,
        "description": "Network connection",
        "time_generated": "2024-09-19T07:51:25.7206378Z",
        "computer_name": "RACM",
        "details": {
            "RuleName": "Usermode",
            "UtcTime": "2024-09-19 07:51:30.567",
            "ProcessGuid": "{cec53bf7-d7e4-66eb-4988-000000000800}",
            "ProcessId": "17028",
            "Image": "C:\\Users\\raulr\\AppData\\Local\\Programs\\Python\\Python312\\python.exe",
            "User": "RACM\\raulr",
            "Protocol": "tcp",
            "Initiated": "true",
            "SourceIsIpv6": "false",
            "SourceIp": "192.168.62.251",
            "SourceHostname": "-",
            "SourcePort": "63998",
            "SourcePortName": "-",
            "DestinationIsIpv6": "false",
            "DestinationIp": "185.199.111.153",
            "DestinationHostname": "cdn-185-199-111-153.github.com",
            "DestinationPort": "443",
            "DestinationPortName": "https"
        }
    },
    {
        "event_id": 3,
        "description": "Network connection",
        "time_generated": "2024-09-19T07:51:25.7206269Z",
        "computer_name": "RACM",
        "details": {
            "RuleName": "Usermode",
            "UtcTime": "2024-09-19 07:51:30.366",
            "ProcessGuid": "{cec53bf7-d7e4-66eb-4988-000000000800}",
            "ProcessId": "17028",
            "Image": "C:\\Users\\raulr\\AppData\\Local\\Programs\\Python\\Python312\\python.exe",
            "User": "RACM\\raulr",
            "Protocol": "tcp",
            "Initiated": "true",
            "SourceIsIpv6": "false",
            "SourceIp": "192.168.62.251",
            "SourceHostname": "-",
            "SourcePort": "63997",
            "SourcePortName": "-",
            "DestinationIsIpv6": "false",
            "DestinationIp": "185.199.111.153",
            "DestinationHostname": "cdn-185-199-111-153.github.com",
            "DestinationPort": "443",
            "DestinationPortName": "https"
        }
    },
    {
        "event_id": 3,
        "description": "Network connection",
        "time_generated": "2024-09-19T07:51:25.7206154Z",
        "computer_name": "RACM",
        "details": {
            "RuleName": "Usermode",
            "UtcTime": "2024-09-19 07:51:30.164",
            "ProcessGuid": "{cec53bf7-d7e4-66eb-4988-000000000800}",
            "ProcessId": "17028",
            "Image": "C:\\Users\\raulr\\AppData\\Local\\Programs\\Python\\Python312\\python.exe",
            "User": "RACM\\raulr",
            "Protocol": "tcp",
            "Initiated": "true",
            "SourceIsIpv6": "false",
            "SourceIp": "192.168.62.251",
            "SourceHostname": "-",
            "SourcePort": "63996",
            "SourcePortName": "-",
            "DestinationIsIpv6": "false",
            "DestinationIp": "185.199.111.153",
            "DestinationHostname": "cdn-185-199-111-153.github.com",
            "DestinationPort": "443",
            "DestinationPortName": "https"
        }
    },
    {
        "event_id": 3,
        "description": "Network connection",
        "time_generated": "2024-09-19T07:51:25.7206040Z",
        "computer_name": "RACM",
        "details": {
            "RuleName": "Usermode",
            "UtcTime": "2024-09-19 07:51:29.960",
            "ProcessGuid": "{cec53bf7-d7e4-66eb-4988-000000000800}",
            "ProcessId": "17028",
            "Image": "C:\\Users\\raulr\\AppData\\Local\\Programs\\Python\\Python312\\python.exe",
            "User": "RACM\\raulr",
            "Protocol": "tcp",
            "Initiated": "true",
            "SourceIsIpv6": "false",
            "SourceIp": "192.168.62.251",
            "SourceHostname": "-",
            "SourcePort": "63995",
            "SourcePortName": "-",
            "DestinationIsIpv6": "false",
            "DestinationIp": "185.199.111.153",
            "DestinationHostname": "cdn-185-199-111-153.github.com",
            "DestinationPort": "443",
            "DestinationPortName": "https"
        }
    },
    {
        "event_id": 3,
        "description": "Network connection",
        "time_generated": "2024-09-19T07:51:25.7205793Z",
        "computer_name": "RACM",
        "details": {
            "RuleName": "Usermode",
            "UtcTime": "2024-09-19 07:51:29.758",
            "ProcessGuid": "{cec53bf7-d7e4-66eb-4988-000000000800}",
            "ProcessId": "17028",
            "Image": "C:\\Users\\raulr\\AppData\\Local\\Programs\\Python\\Python312\\python.exe",
            "User": "RACM\\raulr",
            "Protocol": "tcp",
            "Initiated": "true",
            "SourceIsIpv6": "false",
            "SourceIp": "192.168.62.251",
            "SourceHostname": "-",
            "SourcePort": "63994",
            "SourcePortName": "-",
            "DestinationIsIpv6": "false",
            "DestinationIp": "185.199.111.153",
            "DestinationHostname": "cdn-185-199-111-153.github.com",
            "DestinationPort": "443",
            "DestinationPortName": "https"
        }
    },
    {
        "event_id": 3,
        "description": "Network connection",
        "time_generated": "2024-09-19T07:51:24.6969659Z",
        "computer_name": "RACM",
        "details": {
            "RuleName": "Usermode",
            "UtcTime": "2024-09-19 07:51:29.535",
            "ProcessGuid": "{cec53bf7-d7e4-66eb-4988-000000000800}",
            "ProcessId": "17028",
            "Image": "C:\\Users\\raulr\\AppData\\Local\\Programs\\Python\\Python312\\python.exe",
            "User": "RACM\\raulr",
            "Protocol": "tcp",
            "Initiated": "true",
            "SourceIsIpv6": "false",
            "SourceIp": "192.168.62.251",
            "SourceHostname": "-",
            "SourcePort": "63993",
            "SourcePortName": "-",
            "DestinationIsIpv6": "false",
            "DestinationIp": "185.199.111.153",
            "DestinationHostname": "cdn-185-199-111-153.github.com",
            "DestinationPort": "443",
            "DestinationPortName": "https"
        }
    },
    {
        "event_id": 3,
        "description": "Network connection",
        "time_generated": "2024-09-19T07:51:24.6969528Z",
        "computer_name": "RACM",
        "details": {
            "RuleName": "Usermode",
            "UtcTime": "2024-09-19 07:51:29.343",
            "ProcessGuid": "{cec53bf7-d7e4-66eb-4988-000000000800}",
            "ProcessId": "17028",
            "Image": "C:\\Users\\raulr\\AppData\\Local\\Programs\\Python\\Python312\\python.exe",
            "User": "RACM\\raulr",
            "Protocol": "tcp",
            "Initiated": "true",
            "SourceIsIpv6": "false",
            "SourceIp": "192.168.62.251",
            "SourceHostname": "-",
            "SourcePort": "63992",
            "SourcePortName": "-",
            "DestinationIsIpv6": "false",
            "DestinationIp": "185.199.111.153",
            "DestinationHostname": "cdn-185-199-111-153.github.com",
            "DestinationPort": "443",
            "DestinationPortName": "https"
        }
    },
    {
        "event_id": 3,
        "description": "Network connection",
        "time_generated": "2024-09-19T07:51:24.6969300Z",
        "computer_name": "RACM",
        "details": {
            "RuleName": "Usermode",
            "UtcTime": "2024-09-19 07:51:29.143",
            "ProcessGuid": "{cec53bf7-d7e4-66eb-4988-000000000800}",
            "ProcessId": "17028",
            "Image": "C:\\Users\\raulr\\AppData\\Local\\Programs\\Python\\Python312\\python.exe",
            "User": "RACM\\raulr",
            "Protocol": "tcp",
            "Initiated": "true",
            "SourceIsIpv6": "false",
            "SourceIp": "192.168.62.251",
            "SourceHostname": "-",
            "SourcePort": "63991",
            "SourcePortName": "-",
            "DestinationIsIpv6": "false",
            "DestinationIp": "185.199.111.153",
            "DestinationHostname": "cdn-185-199-111-153.github.com",
            "DestinationPort": "443",
            "DestinationPortName": "https"
        }
    },
    {
        "event_id": 3,
        "description": "Network connection",
        "time_generated": "2024-09-19T07:51:24.6969044Z",
        "computer_name": "RACM",
        "details": {
            "RuleName": "Usermode",
            "UtcTime": "2024-09-19 07:51:28.959",
            "ProcessGuid": "{cec53bf7-d7e4-66eb-4988-000000000800}",
            "ProcessId": "17028",
            "Image": "C:\\Users\\raulr\\AppData\\Local\\Programs\\Python\\Python312\\python.exe",
            "User": "RACM\\raulr",
            "Protocol": "tcp",
            "Initiated": "true",
            "SourceIsIpv6": "false",
            "SourceIp": "192.168.62.251",
            "SourceHostname": "-",
            "SourcePort": "63990",
            "SourcePortName": "-",
            "DestinationIsIpv6": "false",
            "DestinationIp": "185.199.111.153",
            "DestinationHostname": "cdn-185-199-111-153.github.com",
            "DestinationPort": "443",
            "DestinationPortName": "https"
        }
    },
    {
        "event_id": 3,
        "description": "Network connection",
        "time_generated": "2024-09-19T07:51:24.6968803Z",
        "computer_name": "RACM",
        "details": {
            "RuleName": "Usermode",
            "UtcTime": "2024-09-19 07:51:28.766",
            "ProcessGuid": "{cec53bf7-d7e4-66eb-4988-000000000800}",
            "ProcessId": "17028",
            "Image": "C:\\Users\\raulr\\AppData\\Local\\Programs\\Python\\Python312\\python.exe",
            "User": "RACM\\raulr",
            "Protocol": "tcp",
            "Initiated": "true",
            "SourceIsIpv6": "false",
            "SourceIp": "192.168.62.251",
            "SourceHostname": "-",
            "SourcePort": "63989",
            "SourcePortName": "-",
            "DestinationIsIpv6": "false",
            "DestinationIp": "185.199.111.153",
            "DestinationHostname": "cdn-185-199-111-153.github.com",
            "DestinationPort": "443",
            "DestinationPortName": "https"
        }
    },
    {
        "event_id": 3,
        "description": "Network connection",
        "time_generated": "2024-09-19T07:51:24.6968428Z",
        "computer_name": "RACM",
        "details": {
            "RuleName": "Usermode",
            "UtcTime": "2024-09-19 07:51:28.571",
            "ProcessGuid": "{cec53bf7-d7e4-66eb-4988-000000000800}",
            "ProcessId": "17028",
            "Image": "C:\\Users\\raulr\\AppData\\Local\\Programs\\Python\\Python312\\python.exe",
            "User": "RACM\\raulr",
            "Protocol": "tcp",
            "Initiated": "true",
            "SourceIsIpv6": "false",
            "SourceIp": "192.168.62.251",
            "SourceHostname": "-",
            "SourcePort": "63988",
            "SourcePortName": "-",
            "DestinationIsIpv6": "false",
            "DestinationIp": "185.199.111.153",
            "DestinationHostname": "cdn-185-199-111-153.github.com",
            "DestinationPort": "443",
            "DestinationPortName": "https"
        }
    },
    {
        "event_id": 3,
        "description": "Network connection",
        "time_generated": "2024-09-19T07:51:23.6572220Z",
        "computer_name": "RACM",
        "details": {
            "RuleName": "Usermode",
            "UtcTime": "2024-09-19 07:51:28.370",
            "ProcessGuid": "{cec53bf7-d7e4-66eb-4988-000000000800}",
            "ProcessId": "17028",
            "Image": "C:\\Users\\raulr\\AppData\\Local\\Programs\\Python\\Python312\\python.exe",
            "User": "RACM\\raulr",
            "Protocol": "tcp",
            "Initiated": "true",
            "SourceIsIpv6": "false",
            "SourceIp": "192.168.62.251",
            "SourceHostname": "-",
            "SourcePort": "63987",
            "SourcePortName": "-",
            "DestinationIsIpv6": "false",
            "DestinationIp": "185.199.111.153",
            "DestinationHostname": "cdn-185-199-111-153.github.com",
            "DestinationPort": "443",
            "DestinationPortName": "https"
        }
    },
    {
        "event_id": 3,
        "description": "Network connection",
        "time_generated": "2024-09-19T07:51:23.6571997Z",
        "computer_name": "RACM",
        "details": {
            "RuleName": "Usermode",
            "UtcTime": "2024-09-19 07:51:28.183",
            "ProcessGuid": "{cec53bf7-d7e4-66eb-4988-000000000800}",
            "ProcessId": "17028",
            "Image": "C:\\Users\\raulr\\AppData\\Local\\Programs\\Python\\Python312\\python.exe",
            "User": "RACM\\raulr",
            "Protocol": "tcp",
            "Initiated": "true",
            "SourceIsIpv6": "false",
            "SourceIp": "192.168.62.251",
            "SourceHostname": "-",
            "SourcePort": "63986",
            "SourcePortName": "-",
            "DestinationIsIpv6": "false",
            "DestinationIp": "185.199.111.153",
            "DestinationHostname": "cdn-185-199-111-153.github.com",
            "DestinationPort": "443",
            "DestinationPortName": "https"
        }
    },
    {
        "event_id": 3,
        "description": "Network connection",
        "time_generated": "2024-09-19T07:51:23.6571762Z",
        "computer_name": "RACM",
        "details": {
            "RuleName": "Usermode",
            "UtcTime": "2024-09-19 07:51:27.991",
            "ProcessGuid": "{cec53bf7-d7e4-66eb-4988-000000000800}",
            "ProcessId": "17028",
            "Image": "C:\\Users\\raulr\\AppData\\Local\\Programs\\Python\\Python312\\python.exe",
            "User": "RACM\\raulr",
            "Protocol": "tcp",
            "Initiated": "true",
            "SourceIsIpv6": "false",
            "SourceIp": "192.168.62.251",
            "SourceHostname": "-",
            "SourcePort": "63985",
            "SourcePortName": "-",
            "DestinationIsIpv6": "false",
            "DestinationIp": "185.199.111.153",
            "DestinationHostname": "cdn-185-199-111-153.github.com",
            "DestinationPort": "443",
            "DestinationPortName": "https"
        }
    },
    {
        "event_id": 3,
        "description": "Network connection",
        "time_generated": "2024-09-19T07:51:23.6571521Z",
        "computer_name": "RACM",
        "details": {
            "RuleName": "Usermode",
            "UtcTime": "2024-09-19 07:51:27.805",
            "ProcessGuid": "{cec53bf7-d7e4-66eb-4988-000000000800}",
            "ProcessId": "17028",
            "Image": "C:\\Users\\raulr\\AppData\\Local\\Programs\\Python\\Python312\\python.exe",
            "User": "RACM\\raulr",
            "Protocol": "tcp",
            "Initiated": "true",
            "SourceIsIpv6": "false",
            "SourceIp": "192.168.62.251",
            "SourceHostname": "-",
            "SourcePort": "63984",
            "SourcePortName": "-",
            "DestinationIsIpv6": "false",
            "DestinationIp": "185.199.111.153",
            "DestinationHostname": "cdn-185-199-111-153.github.com",
            "DestinationPort": "443",
            "DestinationPortName": "https"
        }
    },
    {
        "event_id": 3,
        "description": "Network connection",
        "time_generated": "2024-09-19T07:51:23.6571014Z",
        "computer_name": "RACM",
        "details": {
            "RuleName": "Usermode",
            "UtcTime": "2024-09-19 07:51:27.614",
            "ProcessGuid": "{cec53bf7-d7e4-66eb-4988-000000000800}",
            "ProcessId": "17028",
            "Image": "C:\\Users\\raulr\\AppData\\Local\\Programs\\Python\\Python312\\python.exe",
            "User": "RACM\\raulr",
            "Protocol": "tcp",
            "Initiated": "true",
            "SourceIsIpv6": "false",
            "SourceIp": "192.168.62.251",
            "SourceHostname": "-",
            "SourcePort": "63983",
            "SourcePortName": "-",
            "DestinationIsIpv6": "false",
            "DestinationIp": "185.199.111.153",
            "DestinationHostname": "cdn-185-199-111-153.github.com",
            "DestinationPort": "443",
            "DestinationPortName": "https"
        }
    },
    {
        "event_id": 3,
        "description": "Network connection",
        "time_generated": "2024-09-19T07:51:22.6261320Z",
        "computer_name": "RACM",
        "details": {
            "RuleName": "Usermode",
            "UtcTime": "2024-09-19 07:51:27.418",
            "ProcessGuid": "{cec53bf7-d7e4-66eb-4988-000000000800}",
            "ProcessId": "17028",
            "Image": "C:\\Users\\raulr\\AppData\\Local\\Programs\\Python\\Python312\\python.exe",
            "User": "RACM\\raulr",
            "Protocol": "tcp",
            "Initiated": "true",
            "SourceIsIpv6": "false",
            "SourceIp": "192.168.62.251",
            "SourceHostname": "-",
            "SourcePort": "63982",
            "SourcePortName": "-",
            "DestinationIsIpv6": "false",
            "DestinationIp": "185.199.111.153",
            "DestinationHostname": "cdn-185-199-111-153.github.com",
            "DestinationPort": "443",
            "DestinationPortName": "https"
        }
    },
    {
        "event_id": 3,
        "description": "Network connection",
        "time_generated": "2024-09-19T07:51:22.6261202Z",
        "computer_name": "RACM",
        "details": {
            "RuleName": "Usermode",
            "UtcTime": "2024-09-19 07:51:27.217",
            "ProcessGuid": "{cec53bf7-d7e4-66eb-4988-000000000800}",
            "ProcessId": "17028",
            "Image": "C:\\Users\\raulr\\AppData\\Local\\Programs\\Python\\Python312\\python.exe",
            "User": "RACM\\raulr",
            "Protocol": "tcp",
            "Initiated": "true",
            "SourceIsIpv6": "false",
            "SourceIp": "192.168.62.251",
            "SourceHostname": "-",
            "SourcePort": "63981",
            "SourcePortName": "-",
            "DestinationIsIpv6": "false",
            "DestinationIp": "185.199.111.153",
            "DestinationHostname": "cdn-185-199-111-153.github.com",
            "DestinationPort": "443",
            "DestinationPortName": "https"
        }
    },
    {
        "event_id": 3,
        "description": "Network connection",
        "time_generated": "2024-09-19T07:51:22.6261072Z",
        "computer_name": "RACM",
        "details": {
            "RuleName": "Usermode",
            "UtcTime": "2024-09-19 07:51:27.014",
            "ProcessGuid": "{cec53bf7-d7e4-66eb-4988-000000000800}",
            "ProcessId": "17028",
            "Image": "C:\\Users\\raulr\\AppData\\Local\\Programs\\Python\\Python312\\python.exe",
            "User": "RACM\\raulr",
            "Protocol": "tcp",
            "Initiated": "true",
            "SourceIsIpv6": "false",
            "SourceIp": "192.168.62.251",
            "SourceHostname": "-",
            "SourcePort": "63980",
            "SourcePortName": "-",
            "DestinationIsIpv6": "false",
            "DestinationIp": "185.199.111.153",
            "DestinationHostname": "cdn-185-199-111-153.github.com",
            "DestinationPort": "443",
            "DestinationPortName": "https"
        }
    },
    {
        "event_id": 3,
        "description": "Network connection",
        "time_generated": "2024-09-19T07:51:22.6260847Z",
        "computer_name": "RACM",
        "details": {
            "RuleName": "Usermode",
            "UtcTime": "2024-09-19 07:51:26.804",
            "ProcessGuid": "{cec53bf7-d7e4-66eb-4988-000000000800}",
            "ProcessId": "17028",
            "Image": "C:\\Users\\raulr\\AppData\\Local\\Programs\\Python\\Python312\\python.exe",
            "User": "RACM\\raulr",
            "Protocol": "tcp",
            "Initiated": "true",
            "SourceIsIpv6": "false",
            "SourceIp": "192.168.62.251",
            "SourceHostname": "-",
            "SourcePort": "63979",
            "SourcePortName": "-",
            "DestinationIsIpv6": "false",
            "DestinationIp": "185.199.111.153",
            "DestinationHostname": "cdn-185-199-111-153.github.com",
            "DestinationPort": "443",
            "DestinationPortName": "https"
        }
    },
    {
        "event_id": 3,
        "description": "Network connection",
        "time_generated": "2024-09-19T07:51:21.6032679Z",
        "computer_name": "RACM",
        "details": {
            "RuleName": "Usermode",
            "UtcTime": "2024-09-19 07:51:26.606",
            "ProcessGuid": "{cec53bf7-d7e4-66eb-4988-000000000800}",
            "ProcessId": "17028",
            "Image": "C:\\Users\\raulr\\AppData\\Local\\Programs\\Python\\Python312\\python.exe",
            "User": "RACM\\raulr",
            "Protocol": "tcp",
            "Initiated": "true",
            "SourceIsIpv6": "false",
            "SourceIp": "192.168.62.251",
            "SourceHostname": "-",
            "SourcePort": "63978",
            "SourcePortName": "-",
            "DestinationIsIpv6": "false",
            "DestinationIp": "185.199.111.153",
            "DestinationHostname": "cdn-185-199-111-153.github.com",
            "DestinationPort": "443",
            "DestinationPortName": "https"
        }
    },
    {
        "event_id": 3,
        "description": "Network connection",
        "time_generated": "2024-09-19T07:51:21.6032468Z",
        "computer_name": "RACM",
        "details": {
            "RuleName": "Usermode",
            "UtcTime": "2024-09-19 07:51:26.420",
            "ProcessGuid": "{cec53bf7-d7e4-66eb-4988-000000000800}",
            "ProcessId": "17028",
            "Image": "C:\\Users\\raulr\\AppData\\Local\\Programs\\Python\\Python312\\python.exe",
            "User": "RACM\\raulr",
            "Protocol": "tcp",
            "Initiated": "true",
            "SourceIsIpv6": "false",
            "SourceIp": "192.168.62.251",
            "SourceHostname": "-",
            "SourcePort": "63977",
            "SourcePortName": "-",
            "DestinationIsIpv6": "false",
            "DestinationIp": "185.199.111.153",
            "DestinationHostname": "cdn-185-199-111-153.github.com",
            "DestinationPort": "443",
            "DestinationPortName": "https"
        }
    },
    {
        "event_id": 3,
        "description": "Network connection",
        "time_generated": "2024-09-19T07:51:21.6032224Z",
        "computer_name": "RACM",
        "details": {
            "RuleName": "Usermode",
            "UtcTime": "2024-09-19 07:51:26.206",
            "ProcessGuid": "{cec53bf7-d7e4-66eb-4988-000000000800}",
            "ProcessId": "17028",
            "Image": "C:\\Users\\raulr\\AppData\\Local\\Programs\\Python\\Python312\\python.exe",
            "User": "RACM\\raulr",
            "Protocol": "tcp",
            "Initiated": "true",
            "SourceIsIpv6": "false",
            "SourceIp": "192.168.62.251",
            "SourceHostname": "-",
            "SourcePort": "63976",
            "SourcePortName": "-",
            "DestinationIsIpv6": "false",
            "DestinationIp": "185.199.111.153",
            "DestinationHostname": "cdn-185-199-111-153.github.com",
            "DestinationPort": "443",
            "DestinationPortName": "https"
        }
    },
    {
        "event_id": 3,
        "description": "Network connection",
        "time_generated": "2024-09-19T07:51:21.6031942Z",
        "computer_name": "RACM",
        "details": {
            "RuleName": "Usermode",
            "UtcTime": "2024-09-19 07:51:26.004",
            "ProcessGuid": "{cec53bf7-d7e4-66eb-4988-000000000800}",
            "ProcessId": "17028",
            "Image": "C:\\Users\\raulr\\AppData\\Local\\Programs\\Python\\Python312\\python.exe",
            "User": "RACM\\raulr",
            "Protocol": "tcp",
            "Initiated": "true",
            "SourceIsIpv6": "false",
            "SourceIp": "192.168.62.251",
            "SourceHostname": "-",
            "SourcePort": "63975",
            "SourcePortName": "-",
            "DestinationIsIpv6": "false",
            "DestinationIp": "185.199.111.153",
            "DestinationHostname": "cdn-185-199-111-153.github.com",
            "DestinationPort": "443",
            "DestinationPortName": "https"
        }
    },
    {
        "event_id": 3,
        "description": "Network connection",
        "time_generated": "2024-09-19T07:51:21.6031400Z",
        "computer_name": "RACM",
        "details": {
            "RuleName": "Usermode",
            "UtcTime": "2024-09-19 07:51:25.802",
            "ProcessGuid": "{cec53bf7-d7e4-66eb-4988-000000000800}",
            "ProcessId": "17028",
            "Image": "C:\\Users\\raulr\\AppData\\Local\\Programs\\Python\\Python312\\python.exe",
            "User": "RACM\\raulr",
            "Protocol": "tcp",
            "Initiated": "true",
            "SourceIsIpv6": "false",
            "SourceIp": "192.168.62.251",
            "SourceHostname": "-",
            "SourcePort": "63974",
            "SourcePortName": "-",
            "DestinationIsIpv6": "false",
            "DestinationIp": "185.199.111.153",
            "DestinationHostname": "cdn-185-199-111-153.github.com",
            "DestinationPort": "443",
            "DestinationPortName": "https"
        }
    },
    {
        "event_id": 3,
        "description": "Network connection",
        "time_generated": "2024-09-19T07:51:20.8332044Z",
        "computer_name": "RACM",
        "details": {
            "RuleName": "Usermode",
            "UtcTime": "2024-09-19 07:51:25.606",
            "ProcessGuid": "{cec53bf7-d7e4-66eb-4988-000000000800}",
            "ProcessId": "17028",
            "Image": "C:\\Users\\raulr\\AppData\\Local\\Programs\\Python\\Python312\\python.exe",
            "User": "RACM\\raulr",
            "Protocol": "tcp",
            "Initiated": "true",
            "SourceIsIpv6": "false",
            "SourceIp": "192.168.62.251",
            "SourceHostname": "-",
            "SourcePort": "63973",
            "SourcePortName": "-",
            "DestinationIsIpv6": "false",
            "DestinationIp": "185.199.111.153",
            "DestinationHostname": "cdn-185-199-111-153.github.com",
            "DestinationPort": "443",
            "DestinationPortName": "https"
        }
    },
    {
        "event_id": 3,
        "description": "Network connection",
        "time_generated": "2024-09-19T07:51:20.8331926Z",
        "computer_name": "RACM",
        "details": {
            "RuleName": "Usermode",
            "UtcTime": "2024-09-19 07:51:25.402",
            "ProcessGuid": "{cec53bf7-d7e4-66eb-4988-000000000800}",
            "ProcessId": "17028",
            "Image": "C:\\Users\\raulr\\AppData\\Local\\Programs\\Python\\Python312\\python.exe",
            "User": "RACM\\raulr",
            "Protocol": "tcp",
            "Initiated": "true",
            "SourceIsIpv6": "false",
            "SourceIp": "192.168.62.251",
            "SourceHostname": "-",
            "SourcePort": "63972",
            "SourcePortName": "-",
            "DestinationIsIpv6": "false",
            "DestinationIp": "185.199.111.153",
            "DestinationHostname": "cdn-185-199-111-153.github.com",
            "DestinationPort": "443",
            "DestinationPortName": "https"
        }
    },
