    {
        "event_id": 3,
        "description": "Network connection",
        "time_generated": "2024-09-19T07:19:22.1683805Z",
        "computer_name": "RACM",
        "details": {
            "RuleName": "Usermode",
            "UtcTime": "2024-09-19 07:19:25.899",
            "ProcessGuid": "{cec53bf7-6cb4-66e9-0e58-000000000800}",
            "ProcessId": "15680",
            "Image": "C:\\Users\\raulr\\AppData\\Local\\Programs\\Microsoft VS Code\\Code.exe",
            "User": "RACM\\raulr",
            "Protocol": "tcp",
            "Initiated": "true",
            "SourceIsIpv6": "false",
            "SourceIp": "192.168.62.251",
            "SourceHostname": "-",
            "SourcePort": "63288",
            "SourcePortName": "-",
            "DestinationIsIpv6": "false",
            "DestinationIp": "13.89.179.8",
            "DestinationHostname": "-",
            "DestinationPort": "443",
            "DestinationPortName": "https"
        }
    },
    {
        "event_id": 3,
        "description": "Network connection",
        "time_generated": "2024-09-19T07:17:58.7453256Z",
        "computer_name": "RACM",
        "details": {
            "RuleName": "Usermode",
            "UtcTime": "2024-09-19 07:18:03.214",
            "ProcessGuid": "{cec53bf7-6cb4-66e9-0e58-000000000800}",
            "ProcessId": "15680",
            "Image": "C:\\Users\\raulr\\AppData\\Local\\Programs\\Microsoft VS Code\\Code.exe",
            "User": "RACM\\raulr",
            "Protocol": "tcp",
            "Initiated": "true",
            "SourceIsIpv6": "false",
            "SourceIp": "192.168.62.251",
            "SourceHostname": "-",
            "SourcePort": "63251",
            "SourcePortName": "-",
            "DestinationIsIpv6": "false",
            "DestinationIp": "20.189.173.7",
            "DestinationHostname": "-",
            "DestinationPort": "443",
            "DestinationPortName": "https"
        }
    },
    {
        "event_id": 3,
        "description": "Network connection",
        "time_generated": "2024-09-19T07:17:35.6107146Z",
        "computer_name": "RACM",
        "details": {
            "RuleName": "Usermode",
            "UtcTime": "2024-09-19 07:17:40.384",
            "ProcessGuid": "{cec53bf7-6cb2-66e9-0b58-000000000800}",
            "ProcessId": "11008",
            "Image": "C:\\Users\\raulr\\AppData\\Local\\Programs\\Microsoft VS Code\\Code.exe",
            "User": "RACM\\raulr",
            "Protocol": "tcp",
            "Initiated": "true",
            "SourceIsIpv6": "false",
            "SourceIp": "192.168.62.251",
            "SourceHostname": "-",
            "SourcePort": "63223",
            "SourcePortName": "-",
            "DestinationIsIpv6": "false",
            "DestinationIp": "152.199.19.160",
            "DestinationHostname": "-",
            "DestinationPort": "443",
            "DestinationPortName": "https"
        }
    },
    {
        "event_id": 3,
        "description": "Network connection",
        "time_generated": "2024-09-19T07:17:35.6107096Z",
        "computer_name": "RACM",
        "details": {
            "RuleName": "Usermode",
            "UtcTime": "2024-09-19 07:17:40.372",
            "ProcessGuid": "{cec53bf7-6cb2-66e9-0b58-000000000800}",
            "ProcessId": "11008",
            "Image": "C:\\Users\\raulr\\AppData\\Local\\Programs\\Microsoft VS Code\\Code.exe",
            "User": "RACM\\raulr",
            "Protocol": "tcp",
            "Initiated": "true",
            "SourceIsIpv6": "false",
            "SourceIp": "192.168.62.251",
            "SourceHostname": "-",
            "SourcePort": "63222",
            "SourcePortName": "-",
            "DestinationIsIpv6": "false",
            "DestinationIp": "152.199.19.160",
            "DestinationHostname": "-",
            "DestinationPort": "443",
            "DestinationPortName": "https"
        }
    },
    {
        "event_id": 3,
        "description": "Network connection",
        "time_generated": "2024-09-19T07:17:35.6106939Z",
        "computer_name": "RACM",
        "details": {
            "RuleName": "Usermode",
            "UtcTime": "2024-09-19 07:17:40.357",
            "ProcessGuid": "{cec53bf7-6cb2-66e9-0b58-000000000800}",
            "ProcessId": "11008",
            "Image": "C:\\Users\\raulr\\AppData\\Local\\Programs\\Microsoft VS Code\\Code.exe",
            "User": "RACM\\raulr",
            "Protocol": "udp",
            "Initiated": "true",
            "SourceIsIpv6": "false",
            "SourceIp": "192.168.62.251",
            "SourceHostname": "-",
            "SourcePort": "65032",
            "SourcePortName": "-",
            "DestinationIsIpv6": "false",
            "DestinationIp": "212.128.20.252",
            "DestinationHostname": "ns1.upct.es",
            "DestinationPort": "53",
            "DestinationPortName": "domain"
        }
    },
    {
        "event_id": 3,
        "description": "Network connection",
        "time_generated": "2024-09-19T07:17:35.6106852Z",
        "computer_name": "RACM",
        "details": {
            "RuleName": "Usermode",
            "UtcTime": "2024-09-19 07:17:40.357",
            "ProcessGuid": "{cec53bf7-6cb2-66e9-0b58-000000000800}",
            "ProcessId": "11008",
            "Image": "C:\\Users\\raulr\\AppData\\Local\\Programs\\Microsoft VS Code\\Code.exe",
            "User": "RACM\\raulr",
            "Protocol": "udp",
            "Initiated": "true",
            "SourceIsIpv6": "false",
            "SourceIp": "192.168.62.251",
            "SourceHostname": "-",
            "SourcePort": "57737",
            "SourcePortName": "-",
            "DestinationIsIpv6": "false",
            "DestinationIp": "212.128.20.252",
            "DestinationHostname": "ns1.upct.es",
            "DestinationPort": "53",
            "DestinationPortName": "domain"
        }
    },
    {
        "event_id": 3,
        "description": "Network connection",
        "time_generated": "2024-09-19T07:17:25.5845755Z",
        "computer_name": "RACM",
        "details": {
            "RuleName": "Usermode",
            "UtcTime": "2024-09-19 07:17:30.358",
            "ProcessGuid": "{cec53bf7-6cb4-66e9-0e58-000000000800}",
            "ProcessId": "15680",
            "Image": "C:\\Users\\raulr\\AppData\\Local\\Programs\\Microsoft VS Code\\Code.exe",
            "User": "RACM\\raulr",
            "Protocol": "tcp",
            "Initiated": "true",
            "SourceIsIpv6": "false",
            "SourceIp": "192.168.62.251",
            "SourceHostname": "-",
            "SourcePort": "63208",
            "SourcePortName": "-",
            "DestinationIsIpv6": "false",
            "DestinationIp": "20.199.39.224",
            "DestinationHostname": "-",
            "DestinationPort": "443",
            "DestinationPortName": "https"
        }
    },
    {
        "event_id": 3,
        "description": "Network connection",
        "time_generated": "2024-09-19T07:17:25.5845532Z",
        "computer_name": "RACM",
        "details": {
            "RuleName": "Usermode",
            "UtcTime": "2024-09-19 07:17:30.209",
            "ProcessGuid": "{cec53bf7-6cb4-66e9-0e58-000000000800}",
            "ProcessId": "15680",
            "Image": "C:\\Users\\raulr\\AppData\\Local\\Programs\\Microsoft VS Code\\Code.exe",
            "User": "RACM\\raulr",
            "Protocol": "tcp",
            "Initiated": "true",
            "SourceIsIpv6": "false",
            "SourceIp": "192.168.62.251",
            "SourceHostname": "-",
            "SourcePort": "63207",
            "SourcePortName": "-",
            "DestinationIsIpv6": "false",
            "DestinationIp": "140.82.113.21",
            "DestinationHostname": "lb-140-82-113-21-iad.github.com",
            "DestinationPort": "443",
            "DestinationPortName": "https"
        }
    },
    {
        "event_id": 3,
        "description": "Network connection",
        "time_generated": "2024-09-19T07:17:25.5845053Z",
        "computer_name": "RACM",
        "details": {
            "RuleName": "Usermode",
            "UtcTime": "2024-09-19 07:17:29.741",
            "ProcessGuid": "{cec53bf7-6cb4-66e9-0e58-000000000800}",
            "ProcessId": "15680",
            "Image": "C:\\Users\\raulr\\AppData\\Local\\Programs\\Microsoft VS Code\\Code.exe",
            "User": "RACM\\raulr",
            "Protocol": "tcp",
            "Initiated": "true",
            "SourceIsIpv6": "false",
            "SourceIp": "192.168.62.251",
            "SourceHostname": "-",
            "SourcePort": "63205",
            "SourcePortName": "-",
            "DestinationIsIpv6": "false",
            "DestinationIp": "20.199.39.224",
            "DestinationHostname": "-",
            "DestinationPort": "443",
            "DestinationPortName": "https"
        }
    },
    {
        "event_id": 3,
        "description": "Network connection",
        "time_generated": "2024-09-19T07:17:24.5582530Z",
        "computer_name": "RACM",
        "details": {
            "RuleName": "Usermode",
            "UtcTime": "2024-09-19 07:17:29.124",
            "ProcessGuid": "{cec53bf7-6cb4-66e9-0e58-000000000800}",
            "ProcessId": "15680",
            "Image": "C:\\Users\\raulr\\AppData\\Local\\Programs\\Microsoft VS Code\\Code.exe",
            "User": "RACM\\raulr",
            "Protocol": "tcp",
            "Initiated": "true",
            "SourceIsIpv6": "false",
            "SourceIp": "192.168.62.251",
            "SourceHostname": "-",
            "SourcePort": "63204",
            "SourcePortName": "-",
            "DestinationIsIpv6": "false",
            "DestinationIp": "20.189.173.5",
            "DestinationHostname": "-",
            "DestinationPort": "443",
            "DestinationPortName": "https"
        }
    },
    {
        "event_id": 3,
        "description": "Network connection",
        "time_generated": "2024-09-19T07:17:24.5581261Z",
        "computer_name": "RACM",
        "details": {
            "RuleName": "Usermode",
            "UtcTime": "2024-09-19 07:17:28.288",
            "ProcessGuid": "{cec53bf7-6cb4-66e9-0e58-000000000800}",
            "ProcessId": "15680",
            "Image": "C:\\Users\\raulr\\AppData\\Local\\Programs\\Microsoft VS Code\\Code.exe",
            "User": "RACM\\raulr",
            "Protocol": "tcp",
            "Initiated": "true",
            "SourceIsIpv6": "false",
            "SourceIp": "192.168.62.251",
            "SourceHostname": "-",
            "SourcePort": "63202",
            "SourcePortName": "-",
            "DestinationIsIpv6": "false",
            "DestinationIp": "13.107.5.93",
            "DestinationHostname": "-",
            "DestinationPort": "443",
            "DestinationPortName": "https"
        }
    },
    {
        "event_id": 3,
        "description": "Network connection",
        "time_generated": "2024-09-19T07:17:24.5580832Z",
        "computer_name": "RACM",
        "details": {
            "RuleName": "Usermode",
            "UtcTime": "2024-09-19 07:17:28.286",
            "ProcessGuid": "{cec53bf7-6cb4-66e9-0e58-000000000800}",
            "ProcessId": "15680",
            "Image": "C:\\Users\\raulr\\AppData\\Local\\Programs\\Microsoft VS Code\\Code.exe",
            "User": "RACM\\raulr",
            "Protocol": "tcp",
            "Initiated": "true",
            "SourceIsIpv6": "false",
            "SourceIp": "192.168.62.251",
            "SourceHostname": "-",
            "SourcePort": "63203",
            "SourcePortName": "-",
            "DestinationIsIpv6": "false",
            "DestinationIp": "140.82.121.6",
            "DestinationHostname": "lb-140-82-121-6-fra.github.com",
            "DestinationPort": "443",
            "DestinationPortName": "https"
        }
    },
    {
        "event_id": 3,
        "description": "Network connection",
        "time_generated": "2024-09-19T07:16:45.6100724Z",
        "computer_name": "RACM",
        "details": {
            "RuleName": "Usermode",
            "UtcTime": "2024-09-19 07:16:50.047",
            "ProcessGuid": "{cec53bf7-6cb2-66e9-0b58-000000000800}",
            "ProcessId": "11008",
            "Image": "C:\\Users\\raulr\\AppData\\Local\\Programs\\Microsoft VS Code\\Code.exe",
            "User": "RACM\\raulr",
            "Protocol": "tcp",
            "Initiated": "true",
            "SourceIsIpv6": "false",
            "SourceIp": "192.168.62.251",
            "SourceHostname": "-",
            "SourcePort": "63176",
            "SourcePortName": "-",
            "DestinationIsIpv6": "false",
            "DestinationIp": "20.42.65.84",
            "DestinationHostname": "-",
            "DestinationPort": "443",
            "DestinationPortName": "https"
        }
    },
    {
        "event_id": 3,
        "description": "Network connection",
        "time_generated": "2024-09-19T07:16:45.6100637Z",
        "computer_name": "RACM",
        "details": {
            "RuleName": "Usermode",
            "UtcTime": "2024-09-19 07:16:50.022",
            "ProcessGuid": "{cec53bf7-6cb2-66e9-0b58-000000000800}",
            "ProcessId": "11008",
            "Image": "C:\\Users\\raulr\\AppData\\Local\\Programs\\Microsoft VS Code\\Code.exe",
            "User": "RACM\\raulr",
            "Protocol": "udp",
            "Initiated": "true",
            "SourceIsIpv6": "false",
            "SourceIp": "192.168.62.251",
            "SourceHostname": "-",
            "SourcePort": "57531",
            "SourcePortName": "-",
            "DestinationIsIpv6": "false",
            "DestinationIp": "212.128.20.252",
            "DestinationHostname": "ns1.upct.es",
            "DestinationPort": "53",
            "DestinationPortName": "domain"
        }
    },
    {
        "event_id": 3,
        "description": "Network connection",
        "time_generated": "2024-09-19T07:16:45.6100537Z",
        "computer_name": "RACM",
        "details": {
            "RuleName": "Usermode",
            "UtcTime": "2024-09-19 07:16:50.021",
            "ProcessGuid": "{cec53bf7-6cb2-66e9-0b58-000000000800}",
            "ProcessId": "11008",
            "Image": "C:\\Users\\raulr\\AppData\\Local\\Programs\\Microsoft VS Code\\Code.exe",
            "User": "RACM\\raulr",
            "Protocol": "udp",
            "Initiated": "true",
            "SourceIsIpv6": "false",
            "SourceIp": "192.168.62.251",
            "SourceHostname": "-",
            "SourcePort": "54212",
            "SourcePortName": "-",
            "DestinationIsIpv6": "false",
            "DestinationIp": "212.128.20.252",
            "DestinationHostname": "ns1.upct.es",
            "DestinationPort": "53",
            "DestinationPortName": "domain"
        }
    },
    {
        "event_id": 3,
        "description": "Network connection",
        "time_generated": "2024-09-19T07:16:03.4129232Z",
        "computer_name": "RACM",
        "details": {
            "RuleName": "Usermode",
            "UtcTime": "2024-09-19 07:16:08.158",
            "ProcessGuid": "{cec53bf7-6cb4-66e9-0e58-000000000800}",
            "ProcessId": "15680",
            "Image": "C:\\Users\\raulr\\AppData\\Local\\Programs\\Microsoft VS Code\\Code.exe",
            "User": "RACM\\raulr",
            "Protocol": "tcp",
            "Initiated": "true",
            "SourceIsIpv6": "false",
            "SourceIp": "192.168.62.251",
            "SourceHostname": "-",
            "SourcePort": "63136",
            "SourcePortName": "-",
            "DestinationIsIpv6": "false",
            "DestinationIp": "40.79.197.35",
            "DestinationHostname": "-",
            "DestinationPort": "443",
            "DestinationPortName": "https"
        }
    },
    {
        "event_id": 3,
        "description": "Network connection",
        "time_generated": "2024-09-19T07:13:58.2390490Z",
        "computer_name": "RACM",
        "details": {
            "RuleName": "Usermode",
            "UtcTime": "2024-09-19 07:14:02.376",
            "ProcessGuid": "{cec53bf7-5613-66e9-2645-000000000800}",
            "ProcessId": "14740",
            "Image": "C:\\Users\\raulr\\AppData\\Local\\GitHubDesktop\\app-3.4.5\\GitHubDesktop.exe",
            "User": "RACM\\raulr",
            "Protocol": "tcp",
            "Initiated": "true",
            "SourceIsIpv6": "false",
            "SourceIp": "192.168.62.251",
            "SourceHostname": "-",
            "SourcePort": "62904",
            "SourcePortName": "-",
            "DestinationIsIpv6": "false",
            "DestinationIp": "140.82.114.26",
            "DestinationHostname": "lb-140-82-114-26-iad.github.com",
            "DestinationPort": "443",
            "DestinationPortName": "https"
        }
    },
    {
        "event_id": 3,
        "description": "Network connection",
        "time_generated": "2024-09-19T07:13:58.2390374Z",
        "computer_name": "RACM",
        "details": {
            "RuleName": "Usermode",
            "UtcTime": "2024-09-19 07:14:02.310",
            "ProcessGuid": "{cec53bf7-5613-66e9-2645-000000000800}",
            "ProcessId": "14740",
            "Image": "C:\\Users\\raulr\\AppData\\Local\\GitHubDesktop\\app-3.4.5\\GitHubDesktop.exe",
            "User": "RACM\\raulr",
            "Protocol": "udp",
            "Initiated": "true",
            "SourceIsIpv6": "false",
            "SourceIp": "192.168.62.251",
            "SourceHostname": "-",
            "SourcePort": "63111",
            "SourcePortName": "-",
            "DestinationIsIpv6": "false",
            "DestinationIp": "212.128.20.9",
            "DestinationHostname": "ns2.upct.es",
            "DestinationPort": "53",
            "DestinationPortName": "domain"
        }
    },
    {
        "event_id": 3,
        "description": "Network connection",
        "time_generated": "2024-09-19T07:13:58.2390255Z",
        "computer_name": "RACM",
        "details": {
            "RuleName": "Usermode",
            "UtcTime": "2024-09-19 07:14:02.310",
            "ProcessGuid": "{cec53bf7-5613-66e9-2645-000000000800}",
            "ProcessId": "14740",
            "Image": "C:\\Users\\raulr\\AppData\\Local\\GitHubDesktop\\app-3.4.5\\GitHubDesktop.exe",
            "User": "RACM\\raulr",
            "Protocol": "udp",
            "Initiated": "true",
            "SourceIsIpv6": "false",
            "SourceIp": "192.168.62.251",
            "SourceHostname": "-",
            "SourcePort": "62188",
            "SourcePortName": "-",
            "DestinationIsIpv6": "false",
            "DestinationIp": "212.128.20.9",
            "DestinationHostname": "ns2.upct.es",
            "DestinationPort": "53",
            "DestinationPortName": "domain"
        }
    },
    {
        "event_id": 3,
        "description": "Network connection",
        "time_generated": "2024-09-19T07:13:58.2389518Z",
        "computer_name": "RACM",
        "details": {
            "RuleName": "Usermode",
            "UtcTime": "2024-09-19 07:14:02.000",
            "ProcessGuid": "{cec53bf7-5613-66e9-2645-000000000800}",
            "ProcessId": "14740",
            "Image": "C:\\Users\\raulr\\AppData\\Local\\GitHubDesktop\\app-3.4.5\\GitHubDesktop.exe",
            "User": "RACM\\raulr",
            "Protocol": "tcp",
            "Initiated": "true",
            "SourceIsIpv6": "false",
            "SourceIp": "192.168.62.251",
            "SourceHostname": "-",
            "SourcePort": "62903",
            "SourcePortName": "-",
            "DestinationIsIpv6": "false",
            "DestinationIp": "140.82.121.5",
            "DestinationHostname": "lb-140-82-121-5-fra.github.com",
            "DestinationPort": "443",
            "DestinationPortName": "https"
        }
    },
    {
        "event_id": 3,
        "description": "Network connection",
        "time_generated": "2024-09-19T07:13:52.1060811Z",
        "computer_name": "RACM",
        "details": {
            "RuleName": "Usermode",
            "UtcTime": "2024-09-19 07:13:57.059",
            "ProcessGuid": "{cec53bf7-5613-66e9-2645-000000000800}",
            "ProcessId": "14740",
            "Image": "C:\\Users\\raulr\\AppData\\Local\\GitHubDesktop\\app-3.4.5\\GitHubDesktop.exe",
            "User": "RACM\\raulr",
            "Protocol": "tcp",
            "Initiated": "true",
            "SourceIsIpv6": "false",
            "SourceIp": "192.168.62.251",
            "SourceHostname": "-",
            "SourcePort": "62847",
            "SourcePortName": "-",
            "DestinationIsIpv6": "false",
            "DestinationIp": "140.82.121.5",
            "DestinationHostname": "lb-140-82-121-5-fra.github.com",
            "DestinationPort": "443",
            "DestinationPortName": "https"
        }
    },
    {
        "event_id": 3,
        "description": "Network connection",
        "time_generated": "2024-09-19T07:13:52.1060650Z",
        "computer_name": "RACM",
        "details": {
            "RuleName": "Usermode",
            "UtcTime": "2024-09-19 07:13:57.043",
            "ProcessGuid": "{cec53bf7-5613-66e9-2645-000000000800}",
            "ProcessId": "14740",
            "Image": "C:\\Users\\raulr\\AppData\\Local\\GitHubDesktop\\app-3.4.5\\GitHubDesktop.exe",
            "User": "RACM\\raulr",
            "Protocol": "udp",
            "Initiated": "true",
            "SourceIsIpv6": "false",
            "SourceIp": "192.168.62.251",
            "SourceHostname": "-",
            "SourcePort": "62725",
            "SourcePortName": "-",
            "DestinationIsIpv6": "false",
            "DestinationIp": "212.128.20.9",
            "DestinationHostname": "ns2.upct.es",
            "DestinationPort": "53",
            "DestinationPortName": "domain"
        }
    },
    {
        "event_id": 3,
        "description": "Network connection",
        "time_generated": "2024-09-19T07:13:52.1060568Z",
        "computer_name": "RACM",
        "details": {
            "RuleName": "Usermode",
            "UtcTime": "2024-09-19 07:13:57.042",
            "ProcessGuid": "{cec53bf7-5613-66e9-2645-000000000800}",
            "ProcessId": "14740",
            "Image": "C:\\Users\\raulr\\AppData\\Local\\GitHubDesktop\\app-3.4.5\\GitHubDesktop.exe",
            "User": "RACM\\raulr",
            "Protocol": "udp",
            "Initiated": "true",
            "SourceIsIpv6": "false",
            "SourceIp": "192.168.62.251",
            "SourceHostname": "-",
            "SourcePort": "54291",
            "SourcePortName": "-",
            "DestinationIsIpv6": "false",
            "DestinationIp": "212.128.20.9",
            "DestinationHostname": "ns2.upct.es",
            "DestinationPort": "53",
            "DestinationPortName": "domain"
        }
    },
    {
        "event_id": 3,
        "description": "Network connection",
        "time_generated": "2024-09-19T07:13:50.0569861Z",
        "computer_name": "RACM",
        "details": {
            "RuleName": "Usermode",
            "UtcTime": "2024-09-19 07:13:53.677",
            "ProcessGuid": "{cec53bf7-5613-66e9-2645-000000000800}",
            "ProcessId": "14740",
            "Image": "C:\\Users\\raulr\\AppData\\Local\\GitHubDesktop\\app-3.4.5\\GitHubDesktop.exe",
            "User": "RACM\\raulr",
            "Protocol": "tcp",
            "Initiated": "true",
            "SourceIsIpv6": "false",
            "SourceIp": "192.168.62.251",
            "SourceHostname": "-",
            "SourcePort": "62824",
            "SourcePortName": "-",
            "DestinationIsIpv6": "false",
            "DestinationIp": "140.82.121.5",
            "DestinationHostname": "lb-140-82-121-5-fra.github.com",
            "DestinationPort": "443",
            "DestinationPortName": "https"
        }
    },
    {
        "event_id": 3,
        "description": "Network connection",
        "time_generated": "2024-09-19T07:13:50.0569774Z",
        "computer_name": "RACM",
        "details": {
            "RuleName": "Usermode",
            "UtcTime": "2024-09-19 07:13:53.642",
            "ProcessGuid": "{cec53bf7-5613-66e9-2645-000000000800}",
            "ProcessId": "14740",
            "Image": "C:\\Users\\raulr\\AppData\\Local\\GitHubDesktop\\app-3.4.5\\GitHubDesktop.exe",
            "User": "RACM\\raulr",
            "Protocol": "udp",
            "Initiated": "true",
            "SourceIsIpv6": "false",
            "SourceIp": "192.168.62.251",
            "SourceHostname": "-",
            "SourcePort": "63063",
            "SourcePortName": "-",
            "DestinationIsIpv6": "false",
            "DestinationIp": "212.128.20.9",
            "DestinationHostname": "ns2.upct.es",
            "DestinationPort": "53",
            "DestinationPortName": "domain"
        }
    },
    {
        "event_id": 3,
        "description": "Network connection",
        "time_generated": "2024-09-19T07:13:50.0569688Z",
        "computer_name": "RACM",
        "details": {
            "RuleName": "Usermode",
            "UtcTime": "2024-09-19 07:13:53.642",
            "ProcessGuid": "{cec53bf7-5613-66e9-2645-000000000800}",
            "ProcessId": "14740",
            "Image": "C:\\Users\\raulr\\AppData\\Local\\GitHubDesktop\\app-3.4.5\\GitHubDesktop.exe",
            "User": "RACM\\raulr",
            "Protocol": "udp",
            "Initiated": "true",
            "SourceIsIpv6": "false",
            "SourceIp": "192.168.62.251",
            "SourceHostname": "-",
            "SourcePort": "54539",
            "SourcePortName": "-",
            "DestinationIsIpv6": "false",
            "DestinationIp": "212.128.20.9",
            "DestinationHostname": "ns2.upct.es",
            "DestinationPort": "53",
            "DestinationPortName": "domain"
        }
    },
    {
        "event_id": 3,
        "description": "Network connection",
        "time_generated": "2024-09-19T07:13:14.4813502Z",
        "computer_name": "RACM",
        "details": {
            "RuleName": "Usermode",
            "UtcTime": "2024-09-19 07:13:18.446",
            "ProcessGuid": "{cec53bf7-6cb2-66e9-0b58-000000000800}",
            "ProcessId": "11008",
            "Image": "C:\\Users\\raulr\\AppData\\Local\\Programs\\Microsoft VS Code\\Code.exe",
            "User": "RACM\\raulr",
            "Protocol": "udp",
            "Initiated": "true",
            "SourceIsIpv6": "false",
            "SourceIp": "169.254.89.206",
            "SourceHostname": "RACM",
            "SourcePort": "49406",
            "SourcePortName": "-",
            "DestinationIsIpv6": "false",
            "DestinationIp": "212.128.20.252",
            "DestinationHostname": "ns1.upct.es",
            "DestinationPort": "53",
            "DestinationPortName": "domain"
        }
    },
    {
        "event_id": 3,
        "description": "Network connection",
        "time_generated": "2024-09-19T07:13:14.4813374Z",
        "computer_name": "RACM",
        "details": {
            "RuleName": "Usermode",
            "UtcTime": "2024-09-19 07:13:18.445",
            "ProcessGuid": "{cec53bf7-6cb2-66e9-0b58-000000000800}",
            "ProcessId": "11008",
            "Image": "C:\\Users\\raulr\\AppData\\Local\\Programs\\Microsoft VS Code\\Code.exe",
            "User": "RACM\\raulr",
            "Protocol": "udp",
            "Initiated": "true",
            "SourceIsIpv6": "false",
            "SourceIp": "169.254.89.206",
            "SourceHostname": "RACM",
            "SourcePort": "65078",
            "SourcePortName": "-",
            "DestinationIsIpv6": "false",
            "DestinationIp": "212.128.20.252",
            "DestinationHostname": "ns1.upct.es",
            "DestinationPort": "53",
            "DestinationPortName": "domain"
        }
    },
    {
        "event_id": 3,
        "description": "Network connection",
        "time_generated": "2024-09-19T07:13:12.4479585Z",
        "computer_name": "RACM",
        "details": {
            "RuleName": "Usermode",
            "UtcTime": "2024-09-19 07:13:17.223",
            "ProcessGuid": "{cec53bf7-6cb2-66e9-0b58-000000000800}",
            "ProcessId": "11008",
            "Image": "C:\\Users\\raulr\\AppData\\Local\\Programs\\Microsoft VS Code\\Code.exe",
            "User": "RACM\\raulr",
            "Protocol": "udp",
            "Initiated": "true",
            "SourceIsIpv6": "false",
            "SourceIp": "169.254.89.206",
            "SourceHostname": "RACM",
            "SourcePort": "59104",
            "SourcePortName": "-",
            "DestinationIsIpv6": "false",
            "DestinationIp": "212.128.20.252",
            "DestinationHostname": "ns1.upct.es",
            "DestinationPort": "53",
            "DestinationPortName": "domain"
        }
    },
    {
        "event_id": 3,
        "description": "Network connection",
        "time_generated": "2024-09-19T07:13:12.4479501Z",
        "computer_name": "RACM",
        "details": {
            "RuleName": "Usermode",
            "UtcTime": "2024-09-19 07:13:17.222",
            "ProcessGuid": "{cec53bf7-6cb2-66e9-0b58-000000000800}",
            "ProcessId": "11008",
            "Image": "C:\\Users\\raulr\\AppData\\Local\\Programs\\Microsoft VS Code\\Code.exe",
            "User": "RACM\\raulr",
            "Protocol": "udp",
            "Initiated": "true",
            "SourceIsIpv6": "false",
            "SourceIp": "169.254.89.206",
            "SourceHostname": "RACM",
            "SourcePort": "63528",
            "SourcePortName": "-",
            "DestinationIsIpv6": "false",
            "DestinationIp": "212.128.20.252",
            "DestinationHostname": "ns1.upct.es",
            "DestinationPort": "53",
            "DestinationPortName": "domain"
        }
    },
    {
        "event_id": 3,
        "description": "Network connection",
        "time_generated": "2024-09-19T07:13:11.4345767Z",
        "computer_name": "RACM",
        "details": {
            "RuleName": "Usermode",
            "UtcTime": "2024-09-19 07:13:15.192",
            "ProcessGuid": "{cec53bf7-6cb2-66e9-0b58-000000000800}",
            "ProcessId": "11008",
            "Image": "C:\\Users\\raulr\\AppData\\Local\\Programs\\Microsoft VS Code\\Code.exe",
            "User": "RACM\\raulr",
            "Protocol": "udp",
            "Initiated": "true",
            "SourceIsIpv6": "false",
            "SourceIp": "169.254.89.206",
            "SourceHostname": "RACM",
            "SourcePort": "62587",
            "SourcePortName": "-",
            "DestinationIsIpv6": "false",
            "DestinationIp": "212.128.20.9",
            "DestinationHostname": "ns2.upct.es",
            "DestinationPort": "53",
            "DestinationPortName": "domain"
        }
    },
    {
        "event_id": 3,
        "description": "Network connection",
        "time_generated": "2024-09-19T07:13:11.4345675Z",
        "computer_name": "RACM",
        "details": {
            "RuleName": "Usermode",
            "UtcTime": "2024-09-19 07:13:15.192",
            "ProcessGuid": "{cec53bf7-6cb2-66e9-0b58-000000000800}",
            "ProcessId": "11008",
            "Image": "C:\\Users\\raulr\\AppData\\Local\\Programs\\Microsoft VS Code\\Code.exe",
            "User": "RACM\\raulr",
            "Protocol": "udp",
            "Initiated": "true",
            "SourceIsIpv6": "false",
            "SourceIp": "169.254.89.206",
            "SourceHostname": "RACM",
            "SourcePort": "65369",
            "SourcePortName": "-",
            "DestinationIsIpv6": "false",
            "DestinationIp": "212.128.20.9",
            "DestinationHostname": "ns2.upct.es",
            "DestinationPort": "53",
            "DestinationPortName": "domain"
        }
    },
    {
        "event_id": 3,
        "description": "Network connection",
        "time_generated": "2024-09-19T07:13:10.4217511Z",
        "computer_name": "RACM",
        "details": {
            "RuleName": "Usermode",
            "UtcTime": "2024-09-19 07:13:15.065",
            "ProcessGuid": "{cec53bf7-5613-66e9-2645-000000000800}",
            "ProcessId": "14740",
            "Image": "C:\\Users\\raulr\\AppData\\Local\\GitHubDesktop\\app-3.4.5\\GitHubDesktop.exe",
            "User": "RACM\\raulr",
            "Protocol": "udp",
            "Initiated": "true",
            "SourceIsIpv6": "false",
            "SourceIp": "169.254.89.206",
            "SourceHostname": "RACM",
            "SourcePort": "64384",
            "SourcePortName": "-",
            "DestinationIsIpv6": "false",
            "DestinationIp": "212.128.20.252",
            "DestinationHostname": "ns1.upct.es",
            "DestinationPort": "53",
            "DestinationPortName": "domain"
        }
    },
    {
        "event_id": 3,
        "description": "Network connection",
        "time_generated": "2024-09-19T07:13:10.4217455Z",
        "computer_name": "RACM",
        "details": {
            "RuleName": "Usermode",
            "UtcTime": "2024-09-19 07:13:15.063",
            "ProcessGuid": "{cec53bf7-5613-66e9-2645-000000000800}",
            "ProcessId": "14740",
            "Image": "C:\\Users\\raulr\\AppData\\Local\\GitHubDesktop\\app-3.4.5\\GitHubDesktop.exe",
            "User": "RACM\\raulr",
            "Protocol": "udp",
            "Initiated": "true",
            "SourceIsIpv6": "false",
            "SourceIp": "169.254.89.206",
            "SourceHostname": "RACM",
            "SourcePort": "58371",
            "SourcePortName": "-",
            "DestinationIsIpv6": "false",
            "DestinationIp": "212.128.20.252",
            "DestinationHostname": "ns1.upct.es",
            "DestinationPort": "53",
            "DestinationPortName": "domain"
        }
    },
    {
        "event_id": 3,
        "description": "Network connection",
        "time_generated": "2024-09-19T07:13:10.4216983Z",
        "computer_name": "RACM",
        "details": {
            "RuleName": "Usermode",
            "UtcTime": "2024-09-19 07:13:14.167",
            "ProcessGuid": "{cec53bf7-6cb2-66e9-0b58-000000000800}",
            "ProcessId": "11008",
            "Image": "C:\\Users\\raulr\\AppData\\Local\\Programs\\Microsoft VS Code\\Code.exe",
            "User": "RACM\\raulr",
            "Protocol": "udp",
            "Initiated": "true",
            "SourceIsIpv6": "false",
            "SourceIp": "169.254.89.206",
            "SourceHostname": "RACM",
            "SourcePort": "65388",
            "SourcePortName": "-",
            "DestinationIsIpv6": "false",
            "DestinationIp": "212.128.20.252",
            "DestinationHostname": "ns1.upct.es",
            "DestinationPort": "53",
            "DestinationPortName": "domain"
        }
    },
    {
        "event_id": 3,
        "description": "Network connection",
        "time_generated": "2024-09-19T07:13:10.4216885Z",
        "computer_name": "RACM",
        "details": {
            "RuleName": "Usermode",
            "UtcTime": "2024-09-19 07:13:14.166",
            "ProcessGuid": "{cec53bf7-6cb2-66e9-0b58-000000000800}",
            "ProcessId": "11008",
            "Image": "C:\\Users\\raulr\\AppData\\Local\\Programs\\Microsoft VS Code\\Code.exe",
            "User": "RACM\\raulr",
            "Protocol": "udp",
            "Initiated": "true",
            "SourceIsIpv6": "false",
            "SourceIp": "169.254.89.206",
            "SourceHostname": "RACM",
            "SourcePort": "61193",
            "SourcePortName": "-",
            "DestinationIsIpv6": "false",
            "DestinationIp": "212.128.20.252",
            "DestinationHostname": "ns1.upct.es",
            "DestinationPort": "53",
            "DestinationPortName": "domain"
        }
    },
    {
        "event_id": 3,
        "description": "Network connection",
        "time_generated": "2024-09-19T07:13:08.3823553Z",
        "computer_name": "RACM",
        "details": {
            "RuleName": "Usermode",
            "UtcTime": "2024-09-19 07:13:13.153",
            "ProcessGuid": "{cec53bf7-6cb2-66e9-0b58-000000000800}",
            "ProcessId": "11008",
            "Image": "C:\\Users\\raulr\\AppData\\Local\\Programs\\Microsoft VS Code\\Code.exe",
            "User": "RACM\\raulr",
            "Protocol": "udp",
            "Initiated": "true",
            "SourceIsIpv6": "false",
            "SourceIp": "169.254.89.206",
            "SourceHostname": "RACM",
            "SourcePort": "51696",
            "SourcePortName": "-",
            "DestinationIsIpv6": "false",
            "DestinationIp": "212.128.20.9",
            "DestinationHostname": "ns2.upct.es",
            "DestinationPort": "53",
            "DestinationPortName": "domain"
        }
    },
    {
        "event_id": 3,
        "description": "Network connection",
        "time_generated": "2024-09-19T07:13:08.3823472Z",
        "computer_name": "RACM",
        "details": {
            "RuleName": "Usermode",
            "UtcTime": "2024-09-19 07:13:13.153",
            "ProcessGuid": "{cec53bf7-6cb2-66e9-0b58-000000000800}",
            "ProcessId": "11008",
            "Image": "C:\\Users\\raulr\\AppData\\Local\\Programs\\Microsoft VS Code\\Code.exe",
            "User": "RACM\\raulr",
            "Protocol": "udp",
            "Initiated": "true",
            "SourceIsIpv6": "false",
            "SourceIp": "169.254.89.206",
            "SourceHostname": "RACM",
            "SourcePort": "65002",
            "SourcePortName": "-",
            "DestinationIsIpv6": "false",
            "DestinationIp": "212.128.20.9",
            "DestinationHostname": "ns2.upct.es",
            "DestinationPort": "53",
            "DestinationPortName": "domain"
        }
    },
    {
        "event_id": 3,
        "description": "Network connection",
        "time_generated": "2024-09-19T07:13:08.3823378Z",
        "computer_name": "RACM",
        "details": {
            "RuleName": "Usermode",
            "UtcTime": "2024-09-19 07:13:13.029",
            "ProcessGuid": "{cec53bf7-5613-66e9-2645-000000000800}",
            "ProcessId": "14740",
            "Image": "C:\\Users\\raulr\\AppData\\Local\\GitHubDesktop\\app-3.4.5\\GitHubDesktop.exe",
            "User": "RACM\\raulr",
            "Protocol": "udp",
            "Initiated": "true",
            "SourceIsIpv6": "false",
            "SourceIp": "169.254.89.206",
            "SourceHostname": "RACM",
            "SourcePort": "49978",
            "SourcePortName": "-",
            "DestinationIsIpv6": "false",
            "DestinationIp": "212.128.20.9",
            "DestinationHostname": "ns2.upct.es",
            "DestinationPort": "53",
            "DestinationPortName": "domain"
        }
    },
    {
        "event_id": 3,
        "description": "Network connection",
        "time_generated": "2024-09-19T07:13:08.3823269Z",
        "computer_name": "RACM",
        "details": {
            "RuleName": "Usermode",
            "UtcTime": "2024-09-19 07:13:13.028",
            "ProcessGuid": "{cec53bf7-5613-66e9-2645-000000000800}",
            "ProcessId": "14740",
            "Image": "C:\\Users\\raulr\\AppData\\Local\\GitHubDesktop\\app-3.4.5\\GitHubDesktop.exe",
            "User": "RACM\\raulr",
            "Protocol": "udp",
            "Initiated": "true",
            "SourceIsIpv6": "false",
            "SourceIp": "169.254.89.206",
            "SourceHostname": "RACM",
            "SourcePort": "50565",
            "SourcePortName": "-",
            "DestinationIsIpv6": "false",
            "DestinationIp": "212.128.20.9",
            "DestinationHostname": "ns2.upct.es",
            "DestinationPort": "53",
            "DestinationPortName": "domain"
        }
    },
    {
        "event_id": 3,
        "description": "Network connection",
        "time_generated": "2024-09-19T07:13:07.3593551Z",
        "computer_name": "RACM",
        "details": {
            "RuleName": "Usermode",
            "UtcTime": "2024-09-19 07:13:12.013",
            "ProcessGuid": "{cec53bf7-5613-66e9-2645-000000000800}",
            "ProcessId": "14740",
            "Image": "C:\\Users\\raulr\\AppData\\Local\\GitHubDesktop\\app-3.4.5\\GitHubDesktop.exe",
            "User": "RACM\\raulr",
            "Protocol": "udp",
            "Initiated": "true",
            "SourceIsIpv6": "false",
            "SourceIp": "169.254.89.206",
            "SourceHostname": "RACM",
            "SourcePort": "63852",
            "SourcePortName": "-",
            "DestinationIsIpv6": "false",
            "DestinationIp": "212.128.20.252",
            "DestinationHostname": "ns1.upct.es",
            "DestinationPort": "53",
            "DestinationPortName": "domain"
        }
    },
    {
        "event_id": 3,
        "description": "Network connection",
        "time_generated": "2024-09-19T07:13:07.3593435Z",
        "computer_name": "RACM",
        "details": {
            "RuleName": "Usermode",
            "UtcTime": "2024-09-19 07:13:12.013",
            "ProcessGuid": "{cec53bf7-5613-66e9-2645-000000000800}",
            "ProcessId": "14740",
            "Image": "C:\\Users\\raulr\\AppData\\Local\\GitHubDesktop\\app-3.4.5\\GitHubDesktop.exe",
            "User": "RACM\\raulr",
            "Protocol": "udp",
            "Initiated": "true",
            "SourceIsIpv6": "false",
            "SourceIp": "169.254.89.206",
            "SourceHostname": "RACM",
            "SourcePort": "58871",
            "SourcePortName": "-",
            "DestinationIsIpv6": "false",
            "DestinationIp": "212.128.20.252",
            "DestinationHostname": "ns1.upct.es",
            "DestinationPort": "53",
            "DestinationPortName": "domain"
        }
    },
    {
        "event_id": 3,
        "description": "Network connection",
        "time_generated": "2024-09-19T07:13:07.3592191Z",
        "computer_name": "RACM",
        "details": {
            "RuleName": "Usermode",
            "UtcTime": "2024-09-19 07:13:11.001",
            "ProcessGuid": "{cec53bf7-5613-66e9-2645-000000000800}",
            "ProcessId": "14740",
            "Image": "C:\\Users\\raulr\\AppData\\Local\\GitHubDesktop\\app-3.4.5\\GitHubDesktop.exe",
            "User": "RACM\\raulr",
            "Protocol": "udp",
            "Initiated": "true",
            "SourceIsIpv6": "false",
            "SourceIp": "169.254.89.206",
            "SourceHostname": "RACM",
            "SourcePort": "51011",
            "SourcePortName": "-",
            "DestinationIsIpv6": "false",
            "DestinationIp": "212.128.20.9",
            "DestinationHostname": "ns2.upct.es",
            "DestinationPort": "53",
            "DestinationPortName": "domain"
        }
    },
    {
        "event_id": 3,
        "description": "Network connection",
        "time_generated": "2024-09-19T07:13:07.3591931Z",
        "computer_name": "RACM",
        "details": {
            "RuleName": "Usermode",
            "UtcTime": "2024-09-19 07:13:11.001",
            "ProcessGuid": "{cec53bf7-5613-66e9-2645-000000000800}",
            "ProcessId": "14740",
            "Image": "C:\\Users\\raulr\\AppData\\Local\\GitHubDesktop\\app-3.4.5\\GitHubDesktop.exe",
            "User": "RACM\\raulr",
            "Protocol": "udp",
            "Initiated": "true",
            "SourceIsIpv6": "false",
            "SourceIp": "169.254.89.206",
            "SourceHostname": "RACM",
            "SourcePort": "50597",
            "SourcePortName": "-",
            "DestinationIsIpv6": "false",
            "DestinationIp": "212.128.20.9",
            "DestinationHostname": "ns2.upct.es",
            "DestinationPort": "53",
            "DestinationPortName": "domain"
        }
    },
    {
        "event_id": 3,
        "description": "Network connection",
        "time_generated": "2024-09-19T07:13:04.3102634Z",
        "computer_name": "RACM",
        "details": {
            "RuleName": "Usermode",
            "UtcTime": "2024-09-19 07:13:08.584",
            "ProcessGuid": "{cec53bf7-6cb2-66e9-0b58-000000000800}",
            "ProcessId": "11008",
            "Image": "C:\\Users\\raulr\\AppData\\Local\\Programs\\Microsoft VS Code\\Code.exe",
            "User": "RACM\\raulr",
            "Protocol": "udp",
            "Initiated": "true",
            "SourceIsIpv6": "false",
            "SourceIp": "169.254.89.206",
            "SourceHostname": "RACM",
            "SourcePort": "51318",
            "SourcePortName": "-",
            "DestinationIsIpv6": "false",
            "DestinationIp": "212.128.20.252",
            "DestinationHostname": "ns1.upct.es",
            "DestinationPort": "53",
            "DestinationPortName": "domain"
        }
    },
    {
        "event_id": 3,
        "description": "Network connection",
        "time_generated": "2024-09-19T07:13:04.3102563Z",
        "computer_name": "RACM",
        "details": {
            "RuleName": "Usermode",
            "UtcTime": "2024-09-19 07:13:08.584",
            "ProcessGuid": "{cec53bf7-6cb2-66e9-0b58-000000000800}",
            "ProcessId": "11008",
            "Image": "C:\\Users\\raulr\\AppData\\Local\\Programs\\Microsoft VS Code\\Code.exe",
            "User": "RACM\\raulr",
            "Protocol": "udp",
            "Initiated": "true",
            "SourceIsIpv6": "false",
            "SourceIp": "169.254.89.206",
            "SourceHostname": "RACM",
            "SourcePort": "55097",
            "SourcePortName": "-",
            "DestinationIsIpv6": "false",
            "DestinationIp": "212.128.20.252",
            "DestinationHostname": "ns1.upct.es",
            "DestinationPort": "53",
            "DestinationPortName": "domain"
        }
    },
    {
        "event_id": 3,
        "description": "Network connection",
        "time_generated": "2024-09-19T07:13:02.5413413Z",
        "computer_name": "RACM",
        "details": {
            "RuleName": "Usermode",
            "UtcTime": "2024-09-19 07:13:06.563",
            "ProcessGuid": "{cec53bf7-6cb2-66e9-0b58-000000000800}",
            "ProcessId": "11008",
            "Image": "C:\\Users\\raulr\\AppData\\Local\\Programs\\Microsoft VS Code\\Code.exe",
            "User": "RACM\\raulr",
            "Protocol": "udp",
            "Initiated": "true",
            "SourceIsIpv6": "false",
            "SourceIp": "169.254.89.206",
            "SourceHostname": "RACM",
            "SourcePort": "52270",
            "SourcePortName": "-",
            "DestinationIsIpv6": "false",
            "DestinationIp": "212.128.20.9",
            "DestinationHostname": "ns2.upct.es",
            "DestinationPort": "53",
            "DestinationPortName": "domain"
        }
    },
    {
        "event_id": 3,
        "description": "Network connection",
        "time_generated": "2024-09-19T07:13:02.5413340Z",
        "computer_name": "RACM",
        "details": {
            "RuleName": "Usermode",
            "UtcTime": "2024-09-19 07:13:06.562",
            "ProcessGuid": "{cec53bf7-6cb2-66e9-0b58-000000000800}",
            "ProcessId": "11008",
            "Image": "C:\\Users\\raulr\\AppData\\Local\\Programs\\Microsoft VS Code\\Code.exe",
            "User": "RACM\\raulr",
            "Protocol": "udp",
            "Initiated": "true",
            "SourceIsIpv6": "false",
            "SourceIp": "169.254.89.206",
            "SourceHostname": "RACM",
            "SourcePort": "63246",
            "SourcePortName": "-",
            "DestinationIsIpv6": "false",
            "DestinationIp": "212.128.20.9",
            "DestinationHostname": "ns2.upct.es",
            "DestinationPort": "53",
            "DestinationPortName": "domain"
        }
    },
    {
        "event_id": 3,
        "description": "Network connection",
        "time_generated": "2024-09-19T07:13:01.5094931Z",
        "computer_name": "RACM",
        "details": {
            "RuleName": "Usermode",
            "UtcTime": "2024-09-19 07:13:05.551",
            "ProcessGuid": "{cec53bf7-6cb2-66e9-0b58-000000000800}",
            "ProcessId": "11008",
            "Image": "C:\\Users\\raulr\\AppData\\Local\\Programs\\Microsoft VS Code\\Code.exe",
            "User": "RACM\\raulr",
            "Protocol": "udp",
            "Initiated": "true",
            "SourceIsIpv6": "false",
            "SourceIp": "169.254.89.206",
            "SourceHostname": "RACM",
            "SourcePort": "56150",
            "SourcePortName": "-",
            "DestinationIsIpv6": "false",
            "DestinationIp": "212.128.20.252",
            "DestinationHostname": "ns1.upct.es",
            "DestinationPort": "53",
            "DestinationPortName": "domain"
        }
    },
    {
        "event_id": 3,
        "description": "Network connection",
        "time_generated": "2024-09-19T07:13:01.5094858Z",
        "computer_name": "RACM",
        "details": {
            "RuleName": "Usermode",
            "UtcTime": "2024-09-19 07:13:05.551",
            "ProcessGuid": "{cec53bf7-6cb2-66e9-0b58-000000000800}",
            "ProcessId": "11008",
            "Image": "C:\\Users\\raulr\\AppData\\Local\\Programs\\Microsoft VS Code\\Code.exe",
            "User": "RACM\\raulr",
            "Protocol": "udp",
            "Initiated": "true",
            "SourceIsIpv6": "false",
            "SourceIp": "169.254.89.206",
            "SourceHostname": "RACM",
            "SourcePort": "61802",
            "SourcePortName": "-",
            "DestinationIsIpv6": "false",
            "DestinationIp": "212.128.20.252",
            "DestinationHostname": "ns1.upct.es",
            "DestinationPort": "53",
            "DestinationPortName": "domain"
        }
    },
