    {
        "event_id": 13,
        "description": "Registry value set",
        "time_generated": "2024-09-19T20:14:56.6570539Z",
        "computer_name": "RACM",
        "details": {
            "RuleName": "T1031,T1050",
            "EventType": "SetValue",
            "UtcTime": "2024-09-19 20:14:56.652",
            "ProcessGuid": "{cec53bf7-a5cb-66e2-0a00-000000000800}",
            "ProcessId": "1192",
            "Image": "C:\\Windows\\system32\\services.exe",
            "TargetObject": "HKLM\\System\\CurrentControlSet\\Services\\dmwappushservice\\Start",
            "Details": "DWORD (0x00000002)",
            "User": "NT AUTHORITY\\SYSTEM"
        }
    },
    {
        "event_id": 13,
        "description": "Registry value set",
        "time_generated": "2024-09-19T20:14:56.5721928Z",
        "computer_name": "RACM",
        "details": {
            "RuleName": "InvDB-DriverVer",
            "EventType": "SetValue",
            "UtcTime": "2024-09-19 20:14:56.571",
            "ProcessGuid": "{cec53bf7-a5e3-66e2-1101-000000000800}",
            "ProcessId": "10856",
            "Image": "C:\\Windows\\system32\\svchost.exe",
            "TargetObject": "\\REGISTRY\\A\\{d2474bbd-2d4b-bc13-38d3-d061fb3de330}\\Root\\InventoryDevicePnp\\pci/ven_10ec&dev_8168&subsys_208f1043&rev_15/01000000684ce00000\\DriverVerVersion",
            "Details": "1.0.0.14",
            "User": "NT AUTHORITY\\SYSTEM"
        }
    },
    {
        "event_id": 13,
        "description": "Registry value set",
        "time_generated": "2024-09-19T20:14:56.5214549Z",
        "computer_name": "RACM",
        "details": {
            "RuleName": "T1042",
            "EventType": "SetValue",
            "UtcTime": "2024-09-19 18:16:49.335",
            "ProcessGuid": "{cec53bf7-4ce9-66ec-d2ae-000000000800}",
            "ProcessId": "14088",
            "Image": "C:\\Windows\\Explorer.EXE",
            "TargetObject": "HKU\\S-1-5-21-3110158002-99556644-4000773028-1001\\Software\\Microsoft\\Windows\\CurrentVersion\\Explorer\\FileExts\\.exe\\OpenWithProgids\\exefile",
            "Details": "Binary Data",
            "User": "RACM\\raulr"
        }
    },
    {
        "event_id": 13,
        "description": "Registry value set",
        "time_generated": "2024-09-19T16:10:20.9319234Z",
        "computer_name": "RACM",
        "details": {
            "RuleName": "InvDB-Pub",
            "EventType": "SetValue",
            "UtcTime": "2024-09-19 16:10:20.928",
            "ProcessGuid": "{cec53bf7-4ce9-66ec-d2ae-000000000800}",
            "ProcessId": "14088",
            "Image": "C:\\Windows\\Explorer.EXE",
            "TargetObject": "HKU\\S-1-5-21-3110158002-99556644-4000773028-1001\\Control Panel\\NotifyIconSettings\\13870712299665522705\\Publisher",
            "Details": "Microsoft Windows",
            "User": "RACM\\raulr"
        }
    },
    {
        "event_id": 13,
        "description": "Registry value set",
        "time_generated": "2024-09-19T16:10:20.9184653Z",
        "computer_name": "RACM",
        "details": {
            "RuleName": "InvDB-Pub",
            "EventType": "SetValue",
            "UtcTime": "2024-09-19 16:10:20.918",
            "ProcessGuid": "{cec53bf7-4ce9-66ec-d2ae-000000000800}",
            "ProcessId": "14088",
            "Image": "C:\\Windows\\Explorer.EXE",
            "TargetObject": "HKU\\S-1-5-21-3110158002-99556644-4000773028-1001\\Control Panel\\NotifyIconSettings\\11561120760775771840\\Publisher",
            "Details": "Microsoft Windows",
            "User": "RACM\\raulr"
        }
    },
    {
        "event_id": 13,
        "description": "Registry value set",
        "time_generated": "2024-09-19T16:10:15.3325225Z",
        "computer_name": "RACM",
        "details": {
            "RuleName": "InvDB-DriverVer",
            "EventType": "SetValue",
            "UtcTime": "2024-09-19 16:10:15.325",
            "ProcessGuid": "{cec53bf7-a5e3-66e2-1101-000000000800}",
            "ProcessId": "10856",
            "Image": "C:\\Windows\\system32\\svchost.exe",
            "TargetObject": "\\REGISTRY\\A\\{d2474bbd-2d4b-bc13-38d3-d061fb3de330}\\Root\\InventoryDevicePnp\\pci/ven_10ec&dev_8168&subsys_208f1043&rev_15/01000000684ce00000\\DriverVerVersion",
            "Details": "1.0.0.14",
            "User": "NT AUTHORITY\\SYSTEM"
        }
    },
    {
        "event_id": 13,
        "description": "Registry value set",
        "time_generated": "2024-09-19T11:47:37.4112645Z",
        "computer_name": "RACM",
        "details": {
            "RuleName": "-",
            "EventType": "SetValue",
            "UtcTime": "2024-09-19 11:47:37.405",
            "ProcessGuid": "{cec53bf7-a5cc-66e2-1a00-000000000800}",
            "ProcessId": "1996",
            "Image": "C:\\Windows\\System32\\svchost.exe",
            "TargetObject": "HKLM\\SOFTWARE\\Microsoft\\Windows NT\\CurrentVersion\\NetworkList\\Profiles\\{205E0406-CD0D-457D-90D9-2100569497F3}\\DateLastConnected",
            "Details": "Binary Data",
            "User": "NT AUTHORITY\\Servicio de red"
        }
    },
    {
        "event_id": 13,
        "description": "Registry value set",
        "time_generated": "2024-09-19T11:26:40.5580375Z",
        "computer_name": "RACM",
        "details": {
            "RuleName": "InvDB-Ver",
            "EventType": "SetValue",
            "UtcTime": "2024-09-19 11:26:40.557",
            "ProcessGuid": "{cec53bf7-a5cc-66e2-4f00-000000000800}",
            "ProcessId": "4424",
            "Image": "C:\\Windows\\System32\\svchost.exe",
            "TargetObject": "\\REGISTRY\\A\\{d2474bbd-2d4b-bc13-38d3-d061fb3de330}\\Root\\InventoryApplicationFile\\am_delta_patch_1|53b1d9c93a5298b9\\BinProductVersion",
            "Details": "1.419.56.0",
            "User": "NT AUTHORITY\\SYSTEM"
        }
    },
    {
        "event_id": 13,
        "description": "Registry value set",
        "time_generated": "2024-09-19T11:26:40.5579607Z",
        "computer_name": "RACM",
        "details": {
            "RuleName": "InvDB-CompileTimeClaim",
            "EventType": "SetValue",
            "UtcTime": "2024-09-19 11:26:40.557",
            "ProcessGuid": "{cec53bf7-a5cc-66e2-4f00-000000000800}",
            "ProcessId": "4424",
            "Image": "C:\\Windows\\System32\\svchost.exe",
            "TargetObject": "\\REGISTRY\\A\\{d2474bbd-2d4b-bc13-38d3-d061fb3de330}\\Root\\InventoryApplicationFile\\am_delta_patch_1|53b1d9c93a5298b9\\LinkDate",
            "Details": "09/19/2024 04:48:25",
            "User": "NT AUTHORITY\\SYSTEM"
        }
    },
    {
        "event_id": 13,
        "description": "Registry value set",
        "time_generated": "2024-09-19T11:26:40.5575237Z",
        "computer_name": "RACM",
        "details": {
            "RuleName": "InvDB-Pub",
            "EventType": "SetValue",
            "UtcTime": "2024-09-19 11:26:40.556",
            "ProcessGuid": "{cec53bf7-a5cc-66e2-4f00-000000000800}",
            "ProcessId": "4424",
            "Image": "C:\\Windows\\System32\\svchost.exe",
            "TargetObject": "\\REGISTRY\\A\\{d2474bbd-2d4b-bc13-38d3-d061fb3de330}\\Root\\InventoryApplicationFile\\am_delta_patch_1|53b1d9c93a5298b9\\Publisher",
            "Details": "microsoft corporation",
            "User": "NT AUTHORITY\\SYSTEM"
        }
    },
    {
        "event_id": 13,
        "description": "Registry value set",
        "time_generated": "2024-09-19T11:26:40.5572283Z",
        "computer_name": "RACM",
        "details": {
            "RuleName": "InvDB-Path",
            "EventType": "SetValue",
            "UtcTime": "2024-09-19 11:26:40.556",
            "ProcessGuid": "{cec53bf7-a5cc-66e2-4f00-000000000800}",
            "ProcessId": "4424",
            "Image": "C:\\Windows\\System32\\svchost.exe",
            "TargetObject": "\\REGISTRY\\A\\{d2474bbd-2d4b-bc13-38d3-d061fb3de330}\\Root\\InventoryApplicationFile\\am_delta_patch_1|53b1d9c93a5298b9\\LowerCaseLongPath",
            "Details": "c:\\windows\\softwaredistribution\\download\\install\\am_delta_patch_1.419.50.0.exe",
            "User": "NT AUTHORITY\\SYSTEM"
        }
    },
    {
        "event_id": 13,
        "description": "Registry value set",
        "time_generated": "2024-09-19T11:12:15.8784952Z",
        "computer_name": "RACM",
        "details": {
            "RuleName": "T1031,T1050",
            "EventType": "SetValue",
            "UtcTime": "2024-09-19 11:12:15.877",
            "ProcessGuid": "{cec53bf7-070f-66ec-60a9-000000000800}",
            "ProcessId": "23732",
            "Image": "C:\\Windows\\system32\\reg.exe",
            "TargetObject": "HKLM\\System\\CurrentControlSet\\Services\\CAR202203001Test\\Start",
            "Details": "DWORD (0x00000004)",
            "User": "RACM\\raulr"
        }
    },
    {
        "event_id": 13,
        "description": "Registry value set",
        "time_generated": "2024-09-19T11:10:08.2535797Z",
        "computer_name": "RACM",
        "details": {
            "RuleName": "InvDB",
            "EventType": "SetValue",
            "UtcTime": "2024-09-19 11:10:08.252",
            "ProcessGuid": "{cec53bf7-a5e3-66e2-1101-000000000800}",
            "ProcessId": "10856",
            "Image": "C:\\Windows\\system32\\svchost.exe",
            "TargetObject": "HKU\\S-1-5-21-3110158002-99556644-4000773028-1001\\Software\\Microsoft\\Windows NT\\CurrentVersion\\AppCompatFlags\\Compatibility Assistant\\Store\\C:\\Program Files\\Git\\git-bash.exe",
            "Details": "Binary Data",
            "User": "NT AUTHORITY\\SYSTEM"
        }
    },
    {
        "event_id": 13,
        "description": "Registry value set",
        "time_generated": "2024-09-19T11:01:01.8026987Z",
        "computer_name": "RACM",
        "details": {
            "RuleName": "T1031,T1050",
            "EventType": "SetValue",
            "UtcTime": "2024-09-19 11:01:01.801",
            "ProcessGuid": "{cec53bf7-a5cb-66e2-0a00-000000000800}",
            "ProcessId": "1192",
            "Image": "C:\\Windows\\system32\\services.exe",
            "TargetObject": "HKLM\\System\\CurrentControlSet\\Services\\dmwappushservice\\Start",
            "Details": "DWORD (0x00000002)",
            "User": "NT AUTHORITY\\SYSTEM"
        }
    },
    {
        "event_id": 13,
        "description": "Registry value set",
        "time_generated": "2024-09-19T10:31:43.2977822Z",
        "computer_name": "RACM",
        "details": {
            "RuleName": "InvDB",
            "EventType": "SetValue",
            "UtcTime": "2024-09-19 10:31:43.296",
            "ProcessGuid": "{cec53bf7-a5e3-66e2-1101-000000000800}",
            "ProcessId": "10856",
            "Image": "C:\\Windows\\system32\\svchost.exe",
            "TargetObject": "HKU\\S-1-5-21-3110158002-99556644-4000773028-1001\\Software\\Microsoft\\Windows NT\\CurrentVersion\\AppCompatFlags\\Compatibility Assistant\\Store\\C:\\Program Files\\Git\\git-bash.exe",
            "Details": "Binary Data",
            "User": "NT AUTHORITY\\SYSTEM"
        }
    },
    {
        "event_id": 13,
        "description": "Registry value set",
        "time_generated": "2024-09-19T10:13:27.3786012Z",
        "computer_name": "RACM",
        "details": {
            "RuleName": "InvDB",
            "EventType": "SetValue",
            "UtcTime": "2024-09-19 10:13:27.377",
            "ProcessGuid": "{cec53bf7-a5e3-66e2-1101-000000000800}",
            "ProcessId": "10856",
            "Image": "C:\\Windows\\system32\\svchost.exe",
            "TargetObject": "HKU\\S-1-5-21-3110158002-99556644-4000773028-1001\\Software\\Microsoft\\Windows NT\\CurrentVersion\\AppCompatFlags\\Compatibility Assistant\\Store\\C:\\Program Files\\Git\\git-bash.exe",
            "Details": "Binary Data",
            "User": "NT AUTHORITY\\SYSTEM"
        }
    },
    {
        "event_id": 13,
        "description": "Registry value set",
        "time_generated": "2024-09-19T09:35:51.8495433Z",
        "computer_name": "RACM",
        "details": {
            "RuleName": "InvDB",
            "EventType": "SetValue",
            "UtcTime": "2024-09-19 09:35:51.848",
            "ProcessGuid": "{cec53bf7-a5e3-66e2-1101-000000000800}",
            "ProcessId": "10856",
            "Image": "C:\\Windows\\system32\\svchost.exe",
            "TargetObject": "HKU\\S-1-5-21-3110158002-99556644-4000773028-1001\\Software\\Microsoft\\Windows NT\\CurrentVersion\\AppCompatFlags\\Compatibility Assistant\\Store\\C:\\Program Files\\Git\\git-bash.exe",
            "Details": "Binary Data",
            "User": "NT AUTHORITY\\SYSTEM"
        }
    },
    {
        "event_id": 13,
        "description": "Registry value set",
        "time_generated": "2024-09-19T09:23:27.6573686Z",
        "computer_name": "RACM",
        "details": {
            "RuleName": "-",
            "EventType": "SetValue",
            "UtcTime": "2024-09-19 09:23:27.656",
            "ProcessGuid": "{cec53bf7-a5cc-66e2-1a00-000000000800}",
            "ProcessId": "1996",
            "Image": "C:\\Windows\\System32\\svchost.exe",
            "TargetObject": "HKLM\\SOFTWARE\\Microsoft\\Windows NT\\CurrentVersion\\NetworkList\\Profiles\\{205E0406-CD0D-457D-90D9-2100569497F3}\\DateLastConnected",
            "Details": "Binary Data",
            "User": "NT AUTHORITY\\Servicio de red"
        }
    },
    {
        "event_id": 13,
        "description": "Registry value set",
        "time_generated": "2024-09-19T09:23:27.4356813Z",
        "computer_name": "RACM",
        "details": {
            "RuleName": "-",
            "EventType": "SetValue",
            "UtcTime": "2024-09-19 09:23:27.435",
            "ProcessGuid": "{cec53bf7-a5dc-66e2-dc00-000000000800}",
            "ProcessId": "7508",
            "Image": "C:\\Windows\\system32\\svchost.exe",
            "TargetObject": "HKLM\\SOFTWARE\\Microsoft\\Windows\\CurrentVersion\\Authentication\\Credential Providers\\{D6886603-9D2F-4EB2-B667-1971041FA96B}\\S-1-5-21-3110158002-99556644-4000773028-1001\\NgcFirst\\ConsecutiveSwitchCount",
            "Details": "DWORD (0x00000000)",
            "User": "NT AUTHORITY\\SYSTEM"
        }
    },
    {
        "event_id": 13,
        "description": "Registry value set",
        "time_generated": "2024-09-19T09:23:27.4259986Z",
        "computer_name": "RACM",
        "details": {
            "RuleName": "-",
            "EventType": "SetValue",
            "UtcTime": "2024-09-19 09:23:27.425",
            "ProcessGuid": "{cec53bf7-e8ff-66eb-3790-000000000800}",
            "ProcessId": "25476",
            "Image": "C:\\Windows\\System32\\LogonUI.exe",
            "TargetObject": "HKLM\\SOFTWARE\\Microsoft\\Windows\\CurrentVersion\\Authentication\\LogonUI\\LastLoggedOnUser",
            "Details": ".\\raulr",
            "User": "NT AUTHORITY\\SYSTEM"
        }
    },
    {
        "event_id": 13,
        "description": "Registry value set",
        "time_generated": "2024-09-19T09:23:26.4918124Z",
        "computer_name": "RACM",
        "details": {
            "RuleName": "InvDB-Pub",
            "EventType": "SetValue",
            "UtcTime": "2024-09-19 09:23:26.490",
            "ProcessGuid": "{cec53bf7-4c91-66e9-c93d-000000000800}",
            "ProcessId": "6900",
            "Image": "C:\\Windows\\Explorer.EXE",
            "TargetObject": "HKU\\S-1-5-21-3110158002-99556644-4000773028-1001\\Control Panel\\NotifyIconSettings\\11561120760775771840\\Publisher",
            "Details": "Microsoft Windows",
            "User": "RACM\\raulr"
        }
    },
    {
        "event_id": 13,
        "description": "Registry value set",
        "time_generated": "2024-09-19T09:23:25.6729823Z",
        "computer_name": "RACM",
        "details": {
            "RuleName": "-",
            "EventType": "SetValue",
            "UtcTime": "2024-09-19 09:23:25.672",
            "ProcessGuid": "{cec53bf7-e8ff-66eb-3790-000000000800}",
            "ProcessId": "25476",
            "Image": "C:\\Windows\\System32\\LogonUI.exe",
            "TargetObject": "HKU\\.DEFAULT\\Keyboard Layout\\Substitutes\\00000c0a",
            "Details": "0000040a",
            "User": "NT AUTHORITY\\SYSTEM"
        }
    },
    {
        "event_id": 13,
        "description": "Registry value set",
        "time_generated": "2024-09-19T09:23:25.6729543Z",
        "computer_name": "RACM",
        "details": {
            "RuleName": "-",
            "EventType": "SetValue",
            "UtcTime": "2024-09-19 09:23:25.672",
            "ProcessGuid": "{cec53bf7-e8ff-66eb-3790-000000000800}",
            "ProcessId": "25476",
            "Image": "C:\\Windows\\System32\\LogonUI.exe",
            "TargetObject": "HKU\\.DEFAULT\\Keyboard Layout\\Preload\\1",
            "Details": "00000c0a",
            "User": "NT AUTHORITY\\SYSTEM"
        }
    },
    {
        "event_id": 12,
        "description": "Registry object added",
        "time_generated": "2024-09-19T09:23:25.6729304Z",
        "computer_name": "RACM",
        "details": {
            "RuleName": "-",
            "EventType": "DeleteValue",
            "UtcTime": "2024-09-19 09:23:25.672",
            "ProcessGuid": "{cec53bf7-e8ff-66eb-3790-000000000800}",
            "ProcessId": "25476",
            "Image": "C:\\Windows\\System32\\LogonUI.exe",
            "TargetObject": "HKU\\.DEFAULT\\Keyboard Layout\\Substitutes\\00000c0a",
            "User": "NT AUTHORITY\\SYSTEM"
        }
    },
    {
        "event_id": 12,
        "description": "Registry object added",
        "time_generated": "2024-09-19T09:23:25.6729011Z",
        "computer_name": "RACM",
        "details": {
            "RuleName": "-",
            "EventType": "DeleteValue",
            "UtcTime": "2024-09-19 09:23:25.672",
            "ProcessGuid": "{cec53bf7-e8ff-66eb-3790-000000000800}",
            "ProcessId": "25476",
            "Image": "C:\\Windows\\System32\\LogonUI.exe",
            "TargetObject": "HKU\\.DEFAULT\\Keyboard Layout\\Preload\\1",
            "User": "NT AUTHORITY\\SYSTEM"
        }
    },
    {
        "event_id": 13,
        "description": "Registry value set",
        "time_generated": "2024-09-19T08:41:54.4776697Z",
        "computer_name": "RACM",
        "details": {
            "RuleName": "T1031,T1050",
            "EventType": "SetValue",
            "UtcTime": "2024-09-19 08:41:54.476",
            "ProcessGuid": "{cec53bf7-e3d2-66eb-ca8b-000000000800}",
            "ProcessId": "7220",
            "Image": "C:\\Windows\\system32\\reg.exe",
            "TargetObject": "HKLM\\System\\CurrentControlSet\\Services\\CAR202203001Test\\Start",
            "Details": "DWORD (0x00000004)",
            "User": "RACM\\raulr"
        }
    },
    {
        "event_id": 13,
        "description": "Registry value set",
        "time_generated": "2024-09-19T08:26:05.0298400Z",
        "computer_name": "RACM",
        "details": {
            "RuleName": "InvDB-Ver",
            "EventType": "SetValue",
            "UtcTime": "2024-09-19 08:26:05.028",
            "ProcessGuid": "{cec53bf7-a5cc-66e2-4f00-000000000800}",
            "ProcessId": "4424",
            "Image": "C:\\Windows\\System32\\svchost.exe",
            "TargetObject": "\\REGISTRY\\A\\{d2474bbd-2d4b-bc13-38d3-d061fb3de330}\\Root\\InventoryApplicationFile\\conhost.exe|a73bcd1ef9353f3e\\BinProductVersion",
            "Details": "10.0.22621.3672",
            "User": "NT AUTHORITY\\SYSTEM"
        }
    },
    {
        "event_id": 13,
        "description": "Registry value set",
        "time_generated": "2024-09-19T08:26:05.0297642Z",
        "computer_name": "RACM",
        "details": {
            "RuleName": "InvDB-CompileTimeClaim",
            "EventType": "SetValue",
            "UtcTime": "2024-09-19 08:26:05.028",
            "ProcessGuid": "{cec53bf7-a5cc-66e2-4f00-000000000800}",
            "ProcessId": "4424",
            "Image": "C:\\Windows\\System32\\svchost.exe",
            "TargetObject": "\\REGISTRY\\A\\{d2474bbd-2d4b-bc13-38d3-d061fb3de330}\\Root\\InventoryApplicationFile\\conhost.exe|a73bcd1ef9353f3e\\LinkDate",
            "Details": "09/15/2088 16:23:26",
            "User": "NT AUTHORITY\\SYSTEM"
        }
    },
    {
        "event_id": 13,
        "description": "Registry value set",
        "time_generated": "2024-09-19T08:26:05.0293034Z",
        "computer_name": "RACM",
        "details": {
            "RuleName": "InvDB-Pub",
            "EventType": "SetValue",
            "UtcTime": "2024-09-19 08:26:05.028",
            "ProcessGuid": "{cec53bf7-a5cc-66e2-4f00-000000000800}",
            "ProcessId": "4424",
            "Image": "C:\\Windows\\System32\\svchost.exe",
            "TargetObject": "\\REGISTRY\\A\\{d2474bbd-2d4b-bc13-38d3-d061fb3de330}\\Root\\InventoryApplicationFile\\conhost.exe|a73bcd1ef9353f3e\\Publisher",
            "Details": "microsoft corporation",
            "User": "NT AUTHORITY\\SYSTEM"
        }
    },
    {
        "event_id": 13,
        "description": "Registry value set",
        "time_generated": "2024-09-19T08:26:05.0289179Z",
        "computer_name": "RACM",
        "details": {
            "RuleName": "InvDB-Path",
            "EventType": "SetValue",
            "UtcTime": "2024-09-19 08:26:05.028",
            "ProcessGuid": "{cec53bf7-a5cc-66e2-4f00-000000000800}",
            "ProcessId": "4424",
            "Image": "C:\\Windows\\System32\\svchost.exe",
            "TargetObject": "\\REGISTRY\\A\\{d2474bbd-2d4b-bc13-38d3-d061fb3de330}\\Root\\InventoryApplicationFile\\conhost.exe|a73bcd1ef9353f3e\\LowerCaseLongPath",
            "Details": "c:\\windows\\system32\\conhost.exe",
            "User": "NT AUTHORITY\\SYSTEM"
        }
    },
    {
        "event_id": 13,
        "description": "Registry value set",
        "time_generated": "2024-09-19T08:23:19.4191351Z",
        "computer_name": "RACM",
        "details": {
            "RuleName": "T1031,T1050",
            "EventType": "SetValue",
            "UtcTime": "2024-09-19 08:23:19.418",
            "ProcessGuid": "{cec53bf7-df77-66eb-f98a-000000000800}",
            "ProcessId": "13568",
            "Image": "C:\\Windows\\system32\\reg.exe",
            "TargetObject": "HKLM\\System\\CurrentControlSet\\Services\\CAR202203001Test\\Start",
            "Details": "DWORD (0x00000004)",
            "User": "RACM\\raulr"
        }
    },
    {
        "event_id": 13,
        "description": "Registry value set",
        "time_generated": "2024-09-19T08:22:11.4492736Z",
        "computer_name": "RACM",
        "details": {
            "RuleName": "InvDB",
            "EventType": "SetValue",
            "UtcTime": "2024-09-19 08:22:11.448",
            "ProcessGuid": "{cec53bf7-a5e3-66e2-1101-000000000800}",
            "ProcessId": "10856",
            "Image": "C:\\Windows\\system32\\svchost.exe",
            "TargetObject": "HKU\\S-1-5-21-3110158002-99556644-4000773028-1001\\Software\\Microsoft\\Windows NT\\CurrentVersion\\AppCompatFlags\\Compatibility Assistant\\Store\\C:\\Program Files\\Git\\git-bash.exe",
            "Details": "Binary Data",
            "User": "NT AUTHORITY\\SYSTEM"
        }
    },
    {
        "event_id": 13,
        "description": "Registry value set",
        "time_generated": "2024-09-19T08:13:31.3826305Z",
        "computer_name": "RACM",
        "details": {
            "RuleName": "Tamper-Winlogon",
            "EventType": "SetValue",
            "UtcTime": "2024-09-19 08:13:31.382",
            "ProcessGuid": "{cec53bf7-dccb-66eb-d389-000000000800}",
            "ProcessId": "17860",
            "Image": "C:\\Windows\\servicing\\TrustedInstaller.exe",
            "TargetObject": "HKLM\\System\\CurrentControlSet\\Control\\Winlogon\\Notifications\\Components\\TrustedInstaller\\Events",
            "Details": "(Empty)",
            "User": "NT AUTHORITY\\SYSTEM"
        }
    },
    {
        "event_id": 13,
        "description": "Registry value set",
        "time_generated": "2024-09-19T08:13:14.4930030Z",
        "computer_name": "RACM",
        "details": {
            "RuleName": "InvDB-DriverVer",
            "EventType": "SetValue",
            "UtcTime": "2024-09-19 08:13:14.491",
            "ProcessGuid": "{cec53bf7-a5e3-66e2-1101-000000000800}",
            "ProcessId": "10856",
            "Image": "C:\\Windows\\system32\\svchost.exe",
            "TargetObject": "\\REGISTRY\\A\\{d2474bbd-2d4b-bc13-38d3-d061fb3de330}\\Root\\InventoryDevicePnp\\swd/mmdevapi/{0.0.0.00000000}.{9db7123f-3cde-4d0c-9f9a-1671e78ff1f6}\\DriverVerVersion",
            "Details": "10.0.22621.1",
            "User": "NT AUTHORITY\\SYSTEM"
        }
    },
    {
        "event_id": 13,
        "description": "Registry value set",
        "time_generated": "2024-09-19T08:12:45.8375526Z",
        "computer_name": "RACM",
        "details": {
            "RuleName": "Tamper-Winlogon",
            "EventType": "SetValue",
            "UtcTime": "2024-09-19 08:12:45.836",
            "ProcessGuid": "{cec53bf7-dccb-66eb-d389-000000000800}",
            "ProcessId": "17860",
            "Image": "C:\\Windows\\servicing\\TrustedInstaller.exe",
            "TargetObject": "HKLM\\System\\CurrentControlSet\\Control\\Winlogon\\Notifications\\Components\\TrustedInstaller\\Events",
            "Details": "CreateSession",
            "User": "NT AUTHORITY\\SYSTEM"
        }
    },
    {
        "event_id": 13,
        "description": "Registry value set",
        "time_generated": "2024-09-19T08:12:41.4871931Z",
        "computer_name": "RACM",
        "details": {
            "RuleName": "Tamper-Winlogon",
            "EventType": "SetValue",
            "UtcTime": "2024-09-19 08:12:41.486",
            "ProcessGuid": "{cec53bf7-dccb-66eb-d389-000000000800}",
            "ProcessId": "17860",
            "Image": "C:\\Windows\\servicing\\TrustedInstaller.exe",
            "TargetObject": "HKLM\\System\\CurrentControlSet\\Control\\Winlogon\\Notifications\\Components\\TrustedInstaller\\Events",
            "Details": "(Empty)",
            "User": "NT AUTHORITY\\SYSTEM"
        }
    },
    {
        "event_id": 13,
        "description": "Registry value set",
        "time_generated": "2024-09-19T08:12:39.3841316Z",
        "computer_name": "RACM",
        "details": {
            "RuleName": "Tamper-Winlogon",
            "EventType": "SetValue",
            "UtcTime": "2024-09-19 08:12:39.383",
            "ProcessGuid": "{cec53bf7-dccb-66eb-d389-000000000800}",
            "ProcessId": "17860",
            "Image": "C:\\Windows\\servicing\\TrustedInstaller.exe",
            "TargetObject": "HKLM\\System\\CurrentControlSet\\Control\\Winlogon\\Notifications\\Components\\TrustedInstaller\\Events",
            "Details": "CreateSession",
            "User": "NT AUTHORITY\\SYSTEM"
        }
    },
    {
        "event_id": 13,
        "description": "Registry value set",
        "time_generated": "2024-09-19T08:12:39.3646764Z",
        "computer_name": "RACM",
        "details": {
            "RuleName": "Tamper-Winlogon",
            "EventType": "SetValue",
            "UtcTime": "2024-09-19 08:12:39.364",
            "ProcessGuid": "{cec53bf7-dccb-66eb-d389-000000000800}",
            "ProcessId": "17860",
            "Image": "C:\\Windows\\servicing\\TrustedInstaller.exe",
            "TargetObject": "HKLM\\System\\CurrentControlSet\\Control\\Winlogon\\Notifications\\Components\\TrustedInstaller\\Events",
            "Details": "(Empty)",
            "User": "NT AUTHORITY\\SYSTEM"
        }
    },
    {
        "event_id": 13,
        "description": "Registry value set",
        "time_generated": "2024-09-19T08:12:35.8109869Z",
        "computer_name": "RACM",
        "details": {
            "RuleName": "InvDB-DriverVer",
            "EventType": "SetValue",
            "UtcTime": "2024-09-19 08:12:35.809",
            "ProcessGuid": "{cec53bf7-a5e3-66e2-1101-000000000800}",
            "ProcessId": "10856",
            "Image": "C:\\Windows\\system32\\svchost.exe",
            "TargetObject": "\\REGISTRY\\A\\{d2474bbd-2d4b-bc13-38d3-d061fb3de330}\\Root\\InventoryDevicePnp\\usb/vid_0bda&pid_8153/001000000\\DriverVerVersion",
            "Details": "10.38.117.2020",
            "User": "NT AUTHORITY\\SYSTEM"
        }
    },
    {
        "event_id": 13,
        "description": "Registry value set",
        "time_generated": "2024-09-19T08:12:29.0797973Z",
        "computer_name": "RACM",
        "details": {
            "RuleName": "-",
            "EventType": "SetValue",
            "UtcTime": "2024-09-19 08:12:29.079",
            "ProcessGuid": "{cec53bf7-dce5-66eb-f089-000000000800}",
            "ProcessId": "23208",
            "Image": "C:\\Windows\\system32\\taskhostw.exe",
            "TargetObject": "HKU\\S-1-5-21-3110158002-99556644-4000773028-1001\\Software\\Microsoft\\Windows\\CurrentVersion\\Shell Extensions\\Cached\\{FBF23B40-E3F0-101B-8488-00AA003E56F8} {000214FA-0000-0000-C000-000000000046} 0xFFFF",
            "Details": "Binary Data",
            "User": "RACM\\raulr"
        }
    },
    {
        "event_id": 13,
        "description": "Registry value set",
        "time_generated": "2024-09-19T08:12:26.2937558Z",
        "computer_name": "RACM",
        "details": {
            "RuleName": "Tamper-Winlogon",
            "EventType": "SetValue",
            "UtcTime": "2024-09-19 08:12:26.293",
            "ProcessGuid": "{cec53bf7-dccb-66eb-d389-000000000800}",
            "ProcessId": "17860",
            "Image": "C:\\Windows\\servicing\\TrustedInstaller.exe",
            "TargetObject": "HKLM\\System\\CurrentControlSet\\Control\\Winlogon\\Notifications\\Components\\TrustedInstaller\\Events",
            "Details": "CreateSession",
            "User": "NT AUTHORITY\\SYSTEM"
        }
    },
    {
        "event_id": 13,
        "description": "Registry value set",
        "time_generated": "2024-09-19T08:12:24.6682620Z",
        "computer_name": "RACM",
        "details": {
            "RuleName": "Tamper-Winlogon",
            "EventType": "SetValue",
            "UtcTime": "2024-09-19 08:12:24.667",
            "ProcessGuid": "{cec53bf7-dccb-66eb-d389-000000000800}",
            "ProcessId": "17860",
            "Image": "C:\\Windows\\servicing\\TrustedInstaller.exe",
            "TargetObject": "HKLM\\System\\CurrentControlSet\\Control\\Winlogon\\Notifications\\Components\\TrustedInstaller\\Events",
            "Details": "(Empty)",
            "User": "NT AUTHORITY\\SYSTEM"
        }
    },
    {
        "event_id": 13,
        "description": "Registry value set",
        "time_generated": "2024-09-19T08:12:21.2336898Z",
        "computer_name": "RACM",
        "details": {
            "RuleName": "Tamper-Winlogon",
            "EventType": "SetValue",
            "UtcTime": "2024-09-19 08:12:21.233",
            "ProcessGuid": "{cec53bf7-dccb-66eb-d389-000000000800}",
            "ProcessId": "17860",
            "Image": "C:\\Windows\\servicing\\TrustedInstaller.exe",
            "TargetObject": "HKLM\\System\\CurrentControlSet\\Control\\Winlogon\\Notifications\\Components\\TrustedInstaller\\Events",
            "Details": "CreateSession",
            "User": "NT AUTHORITY\\SYSTEM"
        }
    },
    {
        "event_id": 13,
        "description": "Registry value set",
        "time_generated": "2024-09-19T07:51:08.0268274Z",
        "computer_name": "RACM",
        "details": {
            "RuleName": "InvDB-Ver",
            "EventType": "SetValue",
            "UtcTime": "2024-09-19 07:51:08.025",
            "ProcessGuid": "{cec53bf7-a5e3-66e2-1101-000000000800}",
            "ProcessId": "10856",
            "Image": "C:\\Windows\\system32\\svchost.exe",
            "TargetObject": "\\REGISTRY\\A\\{d2474bbd-2d4b-bc13-38d3-d061fb3de330}\\Root\\InventoryApplicationFile\\sysmon64.exe|ffd3dd3baf015332\\BinProductVersion",
            "Details": "15.15.0.0",
            "User": "NT AUTHORITY\\SYSTEM"
        }
    },
    {
        "event_id": 13,
        "description": "Registry value set",
        "time_generated": "2024-09-19T07:51:08.0266796Z",
        "computer_name": "RACM",
        "details": {
            "RuleName": "InvDB-CompileTimeClaim",
            "EventType": "SetValue",
            "UtcTime": "2024-09-19 07:51:08.025",
            "ProcessGuid": "{cec53bf7-a5e3-66e2-1101-000000000800}",
            "ProcessId": "10856",
            "Image": "C:\\Windows\\system32\\svchost.exe",
            "TargetObject": "\\REGISTRY\\A\\{d2474bbd-2d4b-bc13-38d3-d061fb3de330}\\Root\\InventoryApplicationFile\\sysmon64.exe|ffd3dd3baf015332\\LinkDate",
            "Details": "07/22/2024 15:32:48",
            "User": "NT AUTHORITY\\SYSTEM"
        }
    },
    {
        "event_id": 13,
        "description": "Registry value set",
        "time_generated": "2024-09-19T07:51:08.0261983Z",
        "computer_name": "RACM",
        "details": {
            "RuleName": "InvDB-Pub",
            "EventType": "SetValue",
            "UtcTime": "2024-09-19 07:51:08.025",
            "ProcessGuid": "{cec53bf7-a5e3-66e2-1101-000000000800}",
            "ProcessId": "10856",
            "Image": "C:\\Windows\\system32\\svchost.exe",
            "TargetObject": "\\REGISTRY\\A\\{d2474bbd-2d4b-bc13-38d3-d061fb3de330}\\Root\\InventoryApplicationFile\\sysmon64.exe|ffd3dd3baf015332\\Publisher",
            "Details": "sysinternals - www.sysinternals.com",
            "User": "NT AUTHORITY\\SYSTEM"
        }
    },
    {
        "event_id": 13,
        "description": "Registry value set",
        "time_generated": "2024-09-19T07:51:08.0259230Z",
        "computer_name": "RACM",
        "details": {
            "RuleName": "InvDB-Path",
            "EventType": "SetValue",
            "UtcTime": "2024-09-19 07:51:08.025",
            "ProcessGuid": "{cec53bf7-a5e3-66e2-1101-000000000800}",
            "ProcessId": "10856",
            "Image": "C:\\Windows\\system32\\svchost.exe",
            "TargetObject": "\\REGISTRY\\A\\{d2474bbd-2d4b-bc13-38d3-d061fb3de330}\\Root\\InventoryApplicationFile\\sysmon64.exe|ffd3dd3baf015332\\LowerCaseLongPath",
            "Details": "c:\\users\\raulr\\documents\\github\\autodiagnostictools\\carmitre_module\\sysmon64.exe",
            "User": "NT AUTHORITY\\SYSTEM"
        }
    },
    {
        "event_id": 13,
        "description": "Registry value set",
        "time_generated": "2024-09-19T07:51:02.9670506Z",
        "computer_name": "RACM",
        "details": {
            "RuleName": "Alert,Sysinternals Tool Used",
            "EventType": "SetValue",
            "UtcTime": "2024-09-19 07:51:02.964",
            "ProcessGuid": "{cec53bf7-d7e6-66eb-a788-000000000800}",
            "ProcessId": "8916",
            "Image": "C:\\Users\\raulr\\Documents\\GitHub\\autodiagnostictools\\carmitre_module\\Sysmon64.exe",
            "TargetObject": "HKU\\S-1-5-21-3110158002-99556644-4000773028-1001\\Software\\Sysinternals\\System Monitor\\EulaAccepted",
            "Details": "DWORD (0x00000001)",
            "User": "RACM\\raulr"
        }
    },
    {
        "event_id": 13,
        "description": "Registry value set",
        "time_generated": "2024-09-19T07:32:01.1097941Z",
        "computer_name": "RACM",
        "details": {
            "RuleName": "InvDB-Ver",
            "EventType": "SetValue",
            "UtcTime": "2024-09-19 07:32:01.107",
            "ProcessGuid": "{cec53bf7-a5e3-66e2-1101-000000000800}",
            "ProcessId": "10856",
            "Image": "C:\\Windows\\system32\\svchost.exe",
            "TargetObject": "\\REGISTRY\\A\\{d2474bbd-2d4b-bc13-38d3-d061fb3de330}\\Root\\InventoryApplicationFile\\sysmon64.exe|ffd3dd3baf015332\\BinProductVersion",
            "Details": "15.15.0.0",
            "User": "NT AUTHORITY\\SYSTEM"
        }
    },
    {
        "event_id": 13,
        "description": "Registry value set",
        "time_generated": "2024-09-19T07:32:01.1096197Z",
        "computer_name": "RACM",
        "details": {
            "RuleName": "InvDB-CompileTimeClaim",
            "EventType": "SetValue",
            "UtcTime": "2024-09-19 07:32:01.107",
            "ProcessGuid": "{cec53bf7-a5e3-66e2-1101-000000000800}",
            "ProcessId": "10856",
            "Image": "C:\\Windows\\system32\\svchost.exe",
            "TargetObject": "\\REGISTRY\\A\\{d2474bbd-2d4b-bc13-38d3-d061fb3de330}\\Root\\InventoryApplicationFile\\sysmon64.exe|ffd3dd3baf015332\\LinkDate",
            "Details": "07/22/2024 15:32:48",
            "User": "NT AUTHORITY\\SYSTEM"
        }
    },
    {
        "event_id": 13,
        "description": "Registry value set",
        "time_generated": "2024-09-19T07:32:01.1087418Z",
        "computer_name": "RACM",
        "details": {
            "RuleName": "InvDB-Pub",
            "EventType": "SetValue",
            "UtcTime": "2024-09-19 07:32:01.107",
            "ProcessGuid": "{cec53bf7-a5e3-66e2-1101-000000000800}",
            "ProcessId": "10856",
            "Image": "C:\\Windows\\system32\\svchost.exe",
            "TargetObject": "\\REGISTRY\\A\\{d2474bbd-2d4b-bc13-38d3-d061fb3de330}\\Root\\InventoryApplicationFile\\sysmon64.exe|ffd3dd3baf015332\\Publisher",
            "Details": "sysinternals - www.sysinternals.com",
            "User": "NT AUTHORITY\\SYSTEM"
        }
    },
    {
        "event_id": 13,
        "description": "Registry value set",
        "time_generated": "2024-09-19T07:32:01.1083996Z",
        "computer_name": "RACM",
        "details": {
            "RuleName": "InvDB-Path",
            "EventType": "SetValue",
            "UtcTime": "2024-09-19 07:32:01.107",
            "ProcessGuid": "{cec53bf7-a5e3-66e2-1101-000000000800}",
            "ProcessId": "10856",
            "Image": "C:\\Windows\\system32\\svchost.exe",
            "TargetObject": "\\REGISTRY\\A\\{d2474bbd-2d4b-bc13-38d3-d061fb3de330}\\Root\\InventoryApplicationFile\\sysmon64.exe|ffd3dd3baf015332\\LowerCaseLongPath",
            "Details": "c:\\users\\raulr\\documents\\github\\autodiagnostictools\\carmitre_module\\sysmon64.exe",
            "User": "NT AUTHORITY\\SYSTEM"
        }
    },
    {
        "event_id": 13,
        "description": "Registry value set",
        "time_generated": "2024-09-19T07:31:56.0638771Z",
        "computer_name": "RACM",
        "details": {
            "RuleName": "Alert,Sysinternals Tool Used",
            "EventType": "SetValue",
            "UtcTime": "2024-09-19 07:31:56.062",
            "ProcessGuid": "{cec53bf7-d36b-66eb-df83-000000000800}",
            "ProcessId": "25164",
            "Image": "C:\\Users\\raulr\\Documents\\GitHub\\autodiagnostictools\\carmitre_module\\Sysmon64.exe",
            "TargetObject": "HKU\\S-1-5-21-3110158002-99556644-4000773028-1001\\Software\\Sysinternals\\System Monitor\\EulaAccepted",
            "Details": "DWORD (0x00000001)",
            "User": "RACM\\raulr"
        }
    },
    {
        "event_id": 13,
        "description": "Registry value set",
        "time_generated": "2024-09-19T07:22:44.2970461Z",
        "computer_name": "RACM",
        "details": {
            "RuleName": "InvDB-Ver",
            "EventType": "SetValue",
            "UtcTime": "2024-09-19 07:22:44.293",
            "ProcessGuid": "{cec53bf7-a5cc-66e2-4f00-000000000800}",
            "ProcessId": "4424",
            "Image": "C:\\Windows\\System32\\svchost.exe",
            "TargetObject": "\\REGISTRY\\A\\{d2474bbd-2d4b-bc13-38d3-d061fb3de330}\\Root\\InventoryApplicationFile\\am_delta_patch_1|b65aeb81d3486213\\BinProductVersion",
            "Details": "1.419.50.0",
            "User": "NT AUTHORITY\\SYSTEM"
        }
    },
    {
        "event_id": 13,
        "description": "Registry value set",
        "time_generated": "2024-09-19T07:22:44.2969314Z",
        "computer_name": "RACM",
        "details": {
            "RuleName": "InvDB-CompileTimeClaim",
            "EventType": "SetValue",
            "UtcTime": "2024-09-19 07:22:44.293",
            "ProcessGuid": "{cec53bf7-a5cc-66e2-4f00-000000000800}",
            "ProcessId": "4424",
            "Image": "C:\\Windows\\System32\\svchost.exe",
            "TargetObject": "\\REGISTRY\\A\\{d2474bbd-2d4b-bc13-38d3-d061fb3de330}\\Root\\InventoryApplicationFile\\am_delta_patch_1|b65aeb81d3486213\\LinkDate",
            "Details": "09/19/2024 00:52:09",
            "User": "NT AUTHORITY\\SYSTEM"
        }
    },
    {
        "event_id": 13,
        "description": "Registry value set",
        "time_generated": "2024-09-19T07:22:44.2962111Z",
        "computer_name": "RACM",
        "details": {
            "RuleName": "InvDB-Pub",
            "EventType": "SetValue",
            "UtcTime": "2024-09-19 07:22:44.293",
            "ProcessGuid": "{cec53bf7-a5cc-66e2-4f00-000000000800}",
            "ProcessId": "4424",
            "Image": "C:\\Windows\\System32\\svchost.exe",
            "TargetObject": "\\REGISTRY\\A\\{d2474bbd-2d4b-bc13-38d3-d061fb3de330}\\Root\\InventoryApplicationFile\\am_delta_patch_1|b65aeb81d3486213\\Publisher",
            "Details": "microsoft corporation",
            "User": "NT AUTHORITY\\SYSTEM"
        }
    },
    {
        "event_id": 13,
        "description": "Registry value set",
        "time_generated": "2024-09-19T07:22:44.2957675Z",
        "computer_name": "RACM",
        "details": {
            "RuleName": "InvDB-Path",
            "EventType": "SetValue",
            "UtcTime": "2024-09-19 07:22:44.293",
            "ProcessGuid": "{cec53bf7-a5cc-66e2-4f00-000000000800}",
            "ProcessId": "4424",
            "Image": "C:\\Windows\\System32\\svchost.exe",
            "TargetObject": "\\REGISTRY\\A\\{d2474bbd-2d4b-bc13-38d3-d061fb3de330}\\Root\\InventoryApplicationFile\\am_delta_patch_1|b65aeb81d3486213\\LowerCaseLongPath",
            "Details": "c:\\windows\\softwaredistribution\\download\\install\\am_delta_patch_1.419.27.0.exe",
            "User": "NT AUTHORITY\\SYSTEM"
        }
    },
    {
        "event_id": 13,
        "description": "Registry value set",
        "time_generated": "2024-09-19T07:18:33.8663146Z",
        "computer_name": "RACM",
        "details": {
            "RuleName": "T1031,T1050",
            "EventType": "SetValue",
            "UtcTime": "2024-09-19 07:18:33.866",
            "ProcessGuid": "{cec53bf7-a5cb-66e2-0a00-000000000800}",
            "ProcessId": "1192",
            "Image": "C:\\Windows\\system32\\services.exe",
            "TargetObject": "HKLM\\System\\CurrentControlSet\\Services\\dmwappushservice\\Start",
            "Details": "DWORD (0x00000002)",
            "User": "NT AUTHORITY\\SYSTEM"
        }
    },
    {
        "event_id": 13,
        "description": "Registry value set",
        "time_generated": "2024-09-19T07:15:28.9428274Z",
        "computer_name": "RACM",
        "details": {
            "RuleName": "InvDB-Pub",
            "EventType": "SetValue",
            "UtcTime": "2024-09-19 07:15:28.942",
            "ProcessGuid": "{cec53bf7-4c91-66e9-c93d-000000000800}",
            "ProcessId": "6900",
            "Image": "C:\\Windows\\Explorer.EXE",
            "TargetObject": "HKU\\S-1-5-21-3110158002-99556644-4000773028-1001\\Control Panel\\NotifyIconSettings\\7942773991010826593\\Publisher",
            "Details": "Microsoft Corporation",
            "User": "RACM\\raulr"
        }
    },
    {
        "event_id": 13,
        "description": "Registry value set",
        "time_generated": "2024-09-19T07:13:58.1509906Z",
        "computer_name": "RACM",
        "details": {
            "RuleName": "T1042",
            "EventType": "SetValue",
            "UtcTime": "2024-09-19 07:13:58.150",
            "ProcessGuid": "{cec53bf7-d968-66e7-b70c-000000000800}",
            "ProcessId": "1268",
            "Image": "C:\\Program Files\\Microsoft OneDrive\\OneDrive.exe",
            "TargetObject": "HKU\\S-1-5-21-3110158002-99556644-4000773028-1001_Classes\\grvopen\\shell\\open\\command\\(Default)",
            "Details": "\"C:\\Program Files\\Microsoft OneDrive\\OneDrive.exe\" /url:\"%%1\"",
            "User": "RACM\\raulr"
        }
    },
    {
        "event_id": 13,
        "description": "Registry value set",
        "time_generated": "2024-09-19T07:13:58.1509367Z",
        "computer_name": "RACM",
        "details": {
            "RuleName": "T1042",
            "EventType": "SetValue",
            "UtcTime": "2024-09-19 07:13:58.150",
            "ProcessGuid": "{cec53bf7-d968-66e7-b70c-000000000800}",
            "ProcessId": "1268",
            "Image": "C:\\Program Files\\Microsoft OneDrive\\OneDrive.exe",
            "TargetObject": "HKU\\S-1-5-21-3110158002-99556644-4000773028-1001_Classes\\grvopen\\shell\\open\\command\\(Default)",
            "Details": "\"C:\\Program Files\\Microsoft OneDrive\\OneDrive.exe\" /url:\"%%1\"",
            "User": "RACM\\raulr"
        }
    },
    {
        "event_id": 13,
        "description": "Registry value set",
        "time_generated": "2024-09-19T07:13:45.4903113Z",
        "computer_name": "RACM",
        "details": {
            "RuleName": "-",
            "EventType": "SetValue",
            "UtcTime": "2024-09-19 07:13:45.485",
            "ProcessGuid": "{cec53bf7-a5cc-66e2-1a00-000000000800}",
            "ProcessId": "1996",
            "Image": "C:\\Windows\\System32\\svchost.exe",
            "TargetObject": "HKLM\\SOFTWARE\\Microsoft\\Windows NT\\CurrentVersion\\NetworkList\\Profiles\\{205E0406-CD0D-457D-90D9-2100569497F3}\\DateLastConnected",
            "Details": "Binary Data",
            "User": "NT AUTHORITY\\Servicio de red"
        }
    },
    {
        "event_id": 13,
        "description": "Registry value set",
        "time_generated": "2024-09-19T07:13:18.2926202Z",
        "computer_name": "RACM",
        "details": {
            "RuleName": "-",
            "EventType": "SetValue",
            "UtcTime": "2024-09-19 07:13:18.289",
            "ProcessGuid": "{cec53bf7-a5dc-66e2-dc00-000000000800}",
            "ProcessId": "7508",
            "Image": "C:\\Windows\\system32\\svchost.exe",
            "TargetObject": "HKLM\\SOFTWARE\\Microsoft\\Windows\\CurrentVersion\\Authentication\\Credential Providers\\{D6886603-9D2F-4EB2-B667-1971041FA96B}\\S-1-5-21-3110158002-99556644-4000773028-1001\\NgcFirst\\ConsecutiveSwitchCount",
            "Details": "DWORD (0x00000000)",
            "User": "NT AUTHORITY\\SYSTEM"
        }
    },
    {
        "event_id": 13,
        "description": "Registry value set",
        "time_generated": "2024-09-19T07:13:18.2799031Z",
        "computer_name": "RACM",
        "details": {
            "RuleName": "-",
            "EventType": "SetValue",
            "UtcTime": "2024-09-19 07:13:18.279",
            "ProcessGuid": "{cec53bf7-b354-66ea-de7d-000000000800}",
            "ProcessId": "18956",
            "Image": "C:\\Windows\\System32\\LogonUI.exe",
            "TargetObject": "HKLM\\SOFTWARE\\Microsoft\\Windows\\CurrentVersion\\Authentication\\LogonUI\\LastLoggedOnUser",
            "Details": ".\\raulr",
            "User": "NT AUTHORITY\\SYSTEM"
        }
    },
    {
        "event_id": 13,
        "description": "Registry value set",
        "time_generated": "2024-09-19T07:13:05.3152703Z",
        "computer_name": "RACM",
        "details": {
            "RuleName": "-",
            "EventType": "SetValue",
            "UtcTime": "2024-09-19 07:13:05.314",
            "ProcessGuid": "{cec53bf7-b354-66ea-de7d-000000000800}",
            "ProcessId": "18956",
            "Image": "C:\\Windows\\System32\\LogonUI.exe",
            "TargetObject": "HKU\\.DEFAULT\\Keyboard Layout\\Substitutes\\00000c0a",
            "Details": "0000040a",
            "User": "NT AUTHORITY\\SYSTEM"
        }
    },
    {
        "event_id": 13,
        "description": "Registry value set",
        "time_generated": "2024-09-19T07:13:05.3152397Z",
        "computer_name": "RACM",
        "details": {
            "RuleName": "-",
            "EventType": "SetValue",
            "UtcTime": "2024-09-19 07:13:05.314",
            "ProcessGuid": "{cec53bf7-b354-66ea-de7d-000000000800}",
            "ProcessId": "18956",
            "Image": "C:\\Windows\\System32\\LogonUI.exe",
            "TargetObject": "HKU\\.DEFAULT\\Keyboard Layout\\Preload\\1",
            "Details": "00000c0a",
            "User": "NT AUTHORITY\\SYSTEM"
        }
    },
    {
        "event_id": 12,
        "description": "Registry object added",
        "time_generated": "2024-09-19T07:13:05.3152113Z",
        "computer_name": "RACM",
        "details": {
            "RuleName": "-",
            "EventType": "DeleteValue",
            "UtcTime": "2024-09-19 07:13:05.314",
            "ProcessGuid": "{cec53bf7-b354-66ea-de7d-000000000800}",
            "ProcessId": "18956",
            "Image": "C:\\Windows\\System32\\LogonUI.exe",
            "TargetObject": "HKU\\.DEFAULT\\Keyboard Layout\\Substitutes\\00000c0a",
            "User": "NT AUTHORITY\\SYSTEM"
        }
    },
    {
        "event_id": 12,
        "description": "Registry object added",
        "time_generated": "2024-09-19T07:13:05.3151777Z",
        "computer_name": "RACM",
        "details": {
            "RuleName": "-",
            "EventType": "DeleteValue",
            "UtcTime": "2024-09-19 07:13:05.314",
            "ProcessGuid": "{cec53bf7-b354-66ea-de7d-000000000800}",
            "ProcessId": "18956",
            "Image": "C:\\Windows\\System32\\LogonUI.exe",
            "TargetObject": "HKU\\.DEFAULT\\Keyboard Layout\\Preload\\1",
            "User": "NT AUTHORITY\\SYSTEM"
        }
    },
