[
    {
        "event_id": 13,
        "description": "Registry value set",
        "time_generated": "2024-09-20T07:26:43.8874874Z",
        "computer_name": "RACM",
        "details": {
            "RuleName": "InvDB-DriverVer",
            "EventType": "SetValue",
            "UtcTime": "2024-09-20 07:26:43.885",
            "ProcessGuid": "{cec53bf7-a5e3-66e2-1101-000000000800}",
            "ProcessId": "10856",
            "Image": "C:\\Windows\\system32\\svchost.exe",
            "TargetObject": "\\REGISTRY\\A\\{d2474bbd-2d4b-bc13-38d3-d061fb3de330}\\Root\\InventoryDevicePnp\\hid/vid_04e8&pid_f649&mi_01/a&22204b0b&0&0000\\DriverVerVersion",
            "Details": "10.0.22621.3672",
            "User": "NT AUTHORITY\\SYSTEM"
        }
    },
    {
        "event_id": 13,
        "description": "Registry value set",
        "time_generated": "2024-09-20T07:26:43.8800434Z",
        "computer_name": "RACM",
        "details": {
            "RuleName": "InvDB-DriverVer",
            "EventType": "SetValue",
            "UtcTime": "2024-09-20 07:26:43.877",
            "ProcessGuid": "{cec53bf7-a5e3-66e2-1101-000000000800}",
            "ProcessId": "10856",
            "Image": "C:\\Windows\\system32\\svchost.exe",
            "TargetObject": "\\REGISTRY\\A\\{d2474bbd-2d4b-bc13-38d3-d061fb3de330}\\Root\\InventoryDevicePnp\\usb/vid_04e8&pid_f649&mi_01/9&9ed56cc&0&0001\\DriverVerVersion",
            "Details": "10.0.22621.3672",
            "User": "NT AUTHORITY\\SYSTEM"
        }
    },
    {
        "event_id": 13,
        "description": "Registry value set",
        "time_generated": "2024-09-20T07:26:43.8721874Z",
        "computer_name": "RACM",
        "details": {
            "RuleName": "InvDB-DriverVer",
            "EventType": "SetValue",
            "UtcTime": "2024-09-20 07:26:43.869",
            "ProcessGuid": "{cec53bf7-a5e3-66e2-1101-000000000800}",
            "ProcessId": "10856",
            "Image": "C:\\Windows\\system32\\svchost.exe",
            "TargetObject": "\\REGISTRY\\A\\{d2474bbd-2d4b-bc13-38d3-d061fb3de330}\\Root\\InventoryDevicePnp\\usb/vid_04e8&pid_f649&mi_00/9&9ed56cc&0&0000\\DriverVerVersion",
            "Details": "10.0.22621.2506",
            "User": "NT AUTHORITY\\SYSTEM"
        }
    },
    {
        "event_id": 13,
        "description": "Registry value set",
        "time_generated": "2024-09-20T07:26:43.8646203Z",
        "computer_name": "RACM",
        "details": {
            "RuleName": "InvDB-DriverVer",
            "EventType": "SetValue",
            "UtcTime": "2024-09-20 07:26:43.861",
            "ProcessGuid": "{cec53bf7-a5e3-66e2-1101-000000000800}",
            "ProcessId": "10856",
            "Image": "C:\\Windows\\system32\\svchost.exe",
            "TargetObject": "\\REGISTRY\\A\\{d2474bbd-2d4b-bc13-38d3-d061fb3de330}\\Root\\InventoryDevicePnp\\usb/vid_04e8&pid_f649/11ad1d045dc17d1336320b00\\DriverVerVersion",
            "Details": "10.0.22621.3672",
            "User": "NT AUTHORITY\\SYSTEM"
        }
    },
    {
        "event_id": 13,
        "description": "Registry value set",
        "time_generated": "2024-09-20T07:26:43.8560010Z",
        "computer_name": "RACM",
        "details": {
            "RuleName": "InvDB-DriverVer",
            "EventType": "SetValue",
            "UtcTime": "2024-09-20 07:26:43.853",
            "ProcessGuid": "{cec53bf7-a5e3-66e2-1101-000000000800}",
            "ProcessId": "10856",
            "Image": "C:\\Windows\\system32\\svchost.exe",
            "TargetObject": "\\REGISTRY\\A\\{d2474bbd-2d4b-bc13-38d3-d061fb3de330}\\Root\\InventoryDevicePnp\\usb/vid_05e3&pid_0608/7&2885bcfe&0&4\\DriverVerVersion",
            "Details": "10.0.22621.3672",
            "User": "NT AUTHORITY\\SYSTEM"
        }
    },
    {
        "event_id": 13,
        "description": "Registry value set",
        "time_generated": "2024-09-20T07:26:43.8413730Z",
        "computer_name": "RACM",
        "details": {
            "RuleName": "InvDB-DriverVer",
            "EventType": "SetValue",
            "UtcTime": "2024-09-20 07:26:43.839",
            "ProcessGuid": "{cec53bf7-a5e3-66e2-1101-000000000800}",
            "ProcessId": "10856",
            "Image": "C:\\Windows\\system32\\svchost.exe",
            "TargetObject": "\\REGISTRY\\A\\{d2474bbd-2d4b-bc13-38d3-d061fb3de330}\\Root\\InventoryDevicePnp\\display/sam76c6/5&3ac806c4&0&uid4352\\DriverVerVersion",
            "Details": "10.0.22621.3672",
            "User": "NT AUTHORITY\\SYSTEM"
        }
    },
    {
        "event_id": 13,
        "description": "Registry value set",
        "time_generated": "2024-09-20T07:26:43.8218348Z",
        "computer_name": "RACM",
        "details": {
            "RuleName": "InvDB-DriverVer",
            "EventType": "SetValue",
            "UtcTime": "2024-09-20 07:26:43.818",
            "ProcessGuid": "{cec53bf7-a5e3-66e2-1101-000000000800}",
            "ProcessId": "10856",
            "Image": "C:\\Windows\\system32\\svchost.exe",
            "TargetObject": "\\REGISTRY\\A\\{d2474bbd-2d4b-bc13-38d3-d061fb3de330}\\Root\\InventoryDevicePnp\\usb/vid_05e3&pid_0610/6&21fc78a&0&1\\DriverVerVersion",
            "Details": "10.0.22621.3672",
            "User": "NT AUTHORITY\\SYSTEM"
        }
    },
    {
        "event_id": 13,
        "description": "Registry value set",
        "time_generated": "2024-09-20T07:26:43.8143050Z",
        "computer_name": "RACM",
        "details": {
            "RuleName": "InvDB-DriverVer",
            "EventType": "SetValue",
            "UtcTime": "2024-09-20 07:26:43.809",
            "ProcessGuid": "{cec53bf7-a5e3-66e2-1101-000000000800}",
            "ProcessId": "10856",
            "Image": "C:\\Windows\\system32\\svchost.exe",
            "TargetObject": "\\REGISTRY\\A\\{d2474bbd-2d4b-bc13-38d3-d061fb3de330}\\Root\\InventoryDevicePnp\\usb/vid_05e3&pid_0620/6&21fc78a&0&2\\DriverVerVersion",
            "Details": "10.0.22621.3672",
            "User": "NT AUTHORITY\\SYSTEM"
        }
    },
    {
        "event_id": 13,
        "description": "Registry value set",
        "time_generated": "2024-09-20T07:26:17.7917284Z",
        "computer_name": "RACM",
        "details": {
            "RuleName": "T1031,T1050",
            "EventType": "SetValue",
            "UtcTime": "2024-09-20 07:26:17.791",
            "ProcessGuid": "{cec53bf7-a5cb-66e2-0a00-000000000800}",
            "ProcessId": "1192",
            "Image": "C:\\Windows\\system32\\services.exe",
            "TargetObject": "HKLM\\System\\CurrentControlSet\\Services\\dmwappushservice\\Start",
            "Details": "DWORD (0x00000002)",
            "User": "NT AUTHORITY\\SYSTEM"
        }
    },
    {
        "event_id": 13,
        "description": "Registry value set",
        "time_generated": "2024-09-20T07:21:10.3161695Z",
        "computer_name": "RACM",
        "details": {
            "RuleName": "T1042",
            "EventType": "SetValue",
            "UtcTime": "2024-09-20 07:21:10.315",
            "ProcessGuid": "{cec53bf7-d968-66e7-b70c-000000000800}",
            "ProcessId": "1268",
            "Image": "C:\\Program Files\\Microsoft OneDrive\\OneDrive.exe",
            "TargetObject": "HKU\\S-1-5-21-3110158002-99556644-4000773028-1001_Classes\\grvopen\\shell\\open\\command\\(Default)",
            "Details": "\"C:\\Program Files\\Microsoft OneDrive\\OneDrive.exe\" /url:\"%%1\"",
            "User": "RACM\\raulr"
        }
    },
    {
        "event_id": 13,
        "description": "Registry value set",
        "time_generated": "2024-09-20T07:21:10.3161058Z",
        "computer_name": "RACM",
        "details": {
            "RuleName": "T1042",
            "EventType": "SetValue",
            "UtcTime": "2024-09-20 07:21:10.315",
            "ProcessGuid": "{cec53bf7-d968-66e7-b70c-000000000800}",
            "ProcessId": "1268",
            "Image": "C:\\Program Files\\Microsoft OneDrive\\OneDrive.exe",
            "TargetObject": "HKU\\S-1-5-21-3110158002-99556644-4000773028-1001_Classes\\grvopen\\shell\\open\\command\\(Default)",
            "Details": "\"C:\\Program Files\\Microsoft OneDrive\\OneDrive.exe\" /url:\"%%1\"",
            "User": "RACM\\raulr"
        }
    },
    {
        "event_id": 13,
        "description": "Registry value set",
        "time_generated": "2024-09-20T07:20:33.1615543Z",
        "computer_name": "RACM",
        "details": {
            "RuleName": "-",
            "EventType": "SetValue",
            "UtcTime": "2024-09-20 07:20:33.157",
            "ProcessGuid": "{cec53bf7-a5dc-66e2-dc00-000000000800}",
            "ProcessId": "7508",
            "Image": "C:\\Windows\\system32\\svchost.exe",
            "TargetObject": "HKLM\\SOFTWARE\\Microsoft\\Windows\\CurrentVersion\\Authentication\\Credential Providers\\{D6886603-9D2F-4EB2-B667-1971041FA96B}\\S-1-5-21-3110158002-99556644-4000773028-1001\\NgcFirst\\ConsecutiveSwitchCount",
            "Details": "DWORD (0x00000000)",
            "User": "NT AUTHORITY\\SYSTEM"
        }
    },
    {
        "event_id": 13,
        "description": "Registry value set",
        "time_generated": "2024-09-20T07:20:33.1503661Z",
        "computer_name": "RACM",
        "details": {
            "RuleName": "-",
            "EventType": "SetValue",
            "UtcTime": "2024-09-20 07:20:33.149",
            "ProcessGuid": "{cec53bf7-88ae-66ec-c9b2-000000000800}",
            "ProcessId": "11956",
            "Image": "C:\\Windows\\System32\\LogonUI.exe",
            "TargetObject": "HKLM\\SOFTWARE\\Microsoft\\Windows\\CurrentVersion\\Authentication\\LogonUI\\LastLoggedOnUser",
            "Details": ".\\raulr",
            "User": "NT AUTHORITY\\SYSTEM"
        }
    },
    {
        "event_id": 13,
        "description": "Registry value set",
        "time_generated": "2024-09-20T07:20:29.3650377Z",
        "computer_name": "RACM",
        "details": {
            "RuleName": "-",
            "EventType": "SetValue",
            "UtcTime": "2024-09-20 07:20:29.364",
            "ProcessGuid": "{cec53bf7-88ae-66ec-c9b2-000000000800}",
            "ProcessId": "11956",
            "Image": "C:\\Windows\\System32\\LogonUI.exe",
            "TargetObject": "HKU\\.DEFAULT\\Keyboard Layout\\Substitutes\\00000c0a",
            "Details": "0000040a",
            "User": "NT AUTHORITY\\SYSTEM"
        }
    },
    {
        "event_id": 13,
        "description": "Registry value set",
        "time_generated": "2024-09-20T07:20:29.3649773Z",
        "computer_name": "RACM",
        "details": {
            "RuleName": "-",
            "EventType": "SetValue",
            "UtcTime": "2024-09-20 07:20:29.364",
            "ProcessGuid": "{cec53bf7-88ae-66ec-c9b2-000000000800}",
            "ProcessId": "11956",
            "Image": "C:\\Windows\\System32\\LogonUI.exe",
            "TargetObject": "HKU\\.DEFAULT\\Keyboard Layout\\Preload\\1",
            "Details": "00000c0a",
            "User": "NT AUTHORITY\\SYSTEM"
        }
    },
    {
        "event_id": 12,
        "description": "Registry object added",
        "time_generated": "2024-09-20T07:20:29.3649325Z",
        "computer_name": "RACM",
        "details": {
            "RuleName": "-",
            "EventType": "DeleteValue",
            "UtcTime": "2024-09-20 07:20:29.364",
            "ProcessGuid": "{cec53bf7-88ae-66ec-c9b2-000000000800}",
            "ProcessId": "11956",
            "Image": "C:\\Windows\\System32\\LogonUI.exe",
            "TargetObject": "HKU\\.DEFAULT\\Keyboard Layout\\Substitutes\\00000c0a",
            "User": "NT AUTHORITY\\SYSTEM"
        }
    },
    {
        "event_id": 12,
        "description": "Registry object added",
        "time_generated": "2024-09-20T07:20:29.3648788Z",
        "computer_name": "RACM",
        "details": {
            "RuleName": "-",
            "EventType": "DeleteValue",
            "UtcTime": "2024-09-20 07:20:29.364",
            "ProcessGuid": "{cec53bf7-88ae-66ec-c9b2-000000000800}",
            "ProcessId": "11956",
            "Image": "C:\\Windows\\System32\\LogonUI.exe",
            "TargetObject": "HKU\\.DEFAULT\\Keyboard Layout\\Preload\\1",
            "User": "NT AUTHORITY\\SYSTEM"
        }
    },
    {
        "event_id": 13,
        "description": "Registry value set",
        "time_generated": "2024-09-20T07:20:26.4163820Z",
        "computer_name": "RACM",
        "details": {
            "RuleName": "-",
            "EventType": "SetValue",
            "UtcTime": "2024-09-20 07:20:26.414",
            "ProcessGuid": "{cec53bf7-a5cc-66e2-1a00-000000000800}",
            "ProcessId": "1996",
            "Image": "C:\\Windows\\System32\\svchost.exe",
            "TargetObject": "HKLM\\SOFTWARE\\Microsoft\\Windows NT\\CurrentVersion\\NetworkList\\Profiles\\{205E0406-CD0D-457D-90D9-2100569497F3}\\DateLastConnected",
            "Details": "Binary Data",
            "User": "NT AUTHORITY\\Servicio de red"
        }
    },
    {
        "event_id": 13,
        "description": "Registry value set",
        "time_generated": "2024-09-20T01:35:58.4203223Z",
        "computer_name": "RACM",
        "details": {
            "RuleName": "InvDB-Pub",
            "EventType": "SetValue",
            "UtcTime": "2024-09-20 01:35:58.413",
            "ProcessGuid": "{cec53bf7-4ce9-66ec-d2ae-000000000800}",
            "ProcessId": "14088",
            "Image": "C:\\Windows\\Explorer.EXE",
            "TargetObject": "HKU\\S-1-5-21-3110158002-99556644-4000773028-1001\\Control Panel\\NotifyIconSettings\\11561120760775771840\\Publisher",
            "Details": "Microsoft Windows",
            "User": "RACM\\raulr"
        }
    },
    {
        "event_id": 13,
        "description": "Registry value set",
        "time_generated": "2024-09-19T20:24:04.6560385Z",
        "computer_name": "RACM",
        "details": {
            "RuleName": "InvDB",
            "EventType": "SetValue",
            "UtcTime": "2024-09-19 20:24:04.654",
            "ProcessGuid": "{cec53bf7-a5e3-66e2-1101-000000000800}",
            "ProcessId": "10856",
            "Image": "C:\\Windows\\system32\\svchost.exe",
            "TargetObject": "HKU\\S-1-5-21-3110158002-99556644-4000773028-1001\\Software\\Microsoft\\Windows NT\\CurrentVersion\\AppCompatFlags\\Compatibility Assistant\\Store\\C:\\Program Files\\GNU Octave\\Octave-9.2.0\\octave-launch-firsttime.exe",
            "Details": "Binary Data",
            "User": "NT AUTHORITY\\SYSTEM"
        }
    },
    {
        "event_id": 13,
        "description": "Registry value set",
        "time_generated": "2024-09-19T20:23:51.8050309Z",
        "computer_name": "RACM",
        "details": {
            "RuleName": "InvDB-CompileTimeClaim",
            "EventType": "SetValue",
            "UtcTime": "2024-09-19 20:23:51.793",
            "ProcessGuid": "{cec53bf7-a5cc-66e2-4f00-000000000800}",
            "ProcessId": "4424",
            "Image": "C:\\Windows\\System32\\svchost.exe",
            "TargetObject": "\\REGISTRY\\A\\{d2474bbd-2d4b-bc13-38d3-d061fb3de330}\\Root\\InventoryApplicationFile\\octave-gui.exe|14433a7a16a5280e\\LinkDate",
            "Details": "06/01/2024 17:27:46",
            "User": "NT AUTHORITY\\SYSTEM"
        }
    },
    {
        "event_id": 13,
        "description": "Registry value set",
        "time_generated": "2024-09-19T20:23:51.8048395Z",
        "computer_name": "RACM",
        "details": {
            "RuleName": "InvDB-Path",
            "EventType": "SetValue",
            "UtcTime": "2024-09-19 20:23:51.793",
            "ProcessGuid": "{cec53bf7-a5cc-66e2-4f00-000000000800}",
            "ProcessId": "4424",
            "Image": "C:\\Windows\\System32\\svchost.exe",
            "TargetObject": "\\REGISTRY\\A\\{d2474bbd-2d4b-bc13-38d3-d061fb3de330}\\Root\\InventoryApplicationFile\\octave-gui.exe|14433a7a16a5280e\\LowerCaseLongPath",
            "Details": "c:\\program files\\gnu octave\\octave-9.2.0\\mingw64\\bin\\octave-gui.exe",
            "User": "NT AUTHORITY\\SYSTEM"
        }
    },
    {
        "event_id": 13,
        "description": "Registry value set",
        "time_generated": "2024-09-19T20:23:39.7069800Z",
        "computer_name": "RACM",
        "details": {
            "RuleName": "InvDB",
            "EventType": "SetValue",
            "UtcTime": "2024-09-19 20:23:39.706",
            "ProcessGuid": "{cec53bf7-a5e3-66e2-1101-000000000800}",
            "ProcessId": "10856",
            "Image": "C:\\Windows\\system32\\svchost.exe",
            "TargetObject": "HKU\\S-1-5-21-3110158002-99556644-4000773028-1001\\Software\\Microsoft\\Windows NT\\CurrentVersion\\AppCompatFlags\\Compatibility Assistant\\Store\\C:\\Users\\raulr\\AppData\\Local\\GitHubDesktop\\GitHubDesktop.exe",
            "Details": "Binary Data",
            "User": "NT AUTHORITY\\SYSTEM"
        }
    },
    {
        "event_id": 13,
        "description": "Registry value set",
        "time_generated": "2024-09-19T20:23:27.0422671Z",
        "computer_name": "RACM",
        "details": {
            "RuleName": "InvDB",
            "EventType": "SetValue",
            "UtcTime": "2024-09-19 20:23:27.037",
            "ProcessGuid": "{cec53bf7-a5e3-66e2-1101-000000000800}",
            "ProcessId": "10856",
            "Image": "C:\\Windows\\system32\\svchost.exe",
            "TargetObject": "HKU\\S-1-5-21-3110158002-99556644-4000773028-1001\\Software\\Microsoft\\Windows NT\\CurrentVersion\\AppCompatFlags\\Compatibility Assistant\\Store\\C:\\Users\\raulr\\Downloads\\octave-9.2.0-w64-installer.exe",
            "Details": "Binary Data",
            "User": "NT AUTHORITY\\SYSTEM"
        }
    },
    {
        "event_id": 13,
        "description": "Registry value set",
        "time_generated": "2024-09-19T20:23:26.7911723Z",
        "computer_name": "RACM",
        "details": {
            "RuleName": "InvDB-CompileTimeClaim",
            "EventType": "SetValue",
            "UtcTime": "2024-09-19 20:23:26.787",
            "ProcessGuid": "{cec53bf7-a5cc-66e2-4f00-000000000800}",
            "ProcessId": "4424",
            "Image": "C:\\Windows\\System32\\svchost.exe",
            "TargetObject": "\\REGISTRY\\A\\{d2474bbd-2d4b-bc13-38d3-d061fb3de330}\\Root\\InventoryApplicationFile\\octave.exe|b8968eb2419f647c\\LinkDate",
            "Details": "06/01/2024 17:27:47",
            "User": "NT AUTHORITY\\SYSTEM"
        }
    },
    {
        "event_id": 13,
        "description": "Registry value set",
        "time_generated": "2024-09-19T20:23:26.7908409Z",
        "computer_name": "RACM",
        "details": {
            "RuleName": "InvDB-Path",
            "EventType": "SetValue",
            "UtcTime": "2024-09-19 20:23:26.787",
            "ProcessGuid": "{cec53bf7-a5cc-66e2-4f00-000000000800}",
            "ProcessId": "4424",
            "Image": "C:\\Windows\\System32\\svchost.exe",
            "TargetObject": "\\REGISTRY\\A\\{d2474bbd-2d4b-bc13-38d3-d061fb3de330}\\Root\\InventoryApplicationFile\\octave.exe|b8968eb2419f647c\\LowerCaseLongPath",
            "Details": "c:\\program files\\gnu octave\\octave-9.2.0\\mingw64\\bin\\octave.exe",
            "User": "NT AUTHORITY\\SYSTEM"
        }
    },
    {
        "event_id": 13,
        "description": "Registry value set",
        "time_generated": "2024-09-19T20:23:26.4768246Z",
        "computer_name": "RACM",
        "details": {
            "RuleName": "InvDB-Ver",
            "EventType": "SetValue",
            "UtcTime": "2024-09-19 20:23:26.467",
            "ProcessGuid": "{cec53bf7-a5cc-66e2-4f00-000000000800}",
            "ProcessId": "4424",
            "Image": "C:\\Windows\\System32\\svchost.exe",
            "TargetObject": "\\REGISTRY\\A\\{d2474bbd-2d4b-bc13-38d3-d061fb3de330}\\Root\\InventoryApplicationFile\\octave-launch-fi|12f5959cebded818\\BinProductVersion",
            "Details": "9.2.0.0",
            "User": "NT AUTHORITY\\SYSTEM"
        }
    },
    {
        "event_id": 13,
        "description": "Registry value set",
        "time_generated": "2024-09-19T20:23:26.4766903Z",
        "computer_name": "RACM",
        "details": {
            "RuleName": "InvDB-CompileTimeClaim",
            "EventType": "SetValue",
            "UtcTime": "2024-09-19 20:23:26.467",
            "ProcessGuid": "{cec53bf7-a5cc-66e2-4f00-000000000800}",
            "ProcessId": "4424",
            "Image": "C:\\Windows\\System32\\svchost.exe",
            "TargetObject": "\\REGISTRY\\A\\{d2474bbd-2d4b-bc13-38d3-d061fb3de330}\\Root\\InventoryApplicationFile\\octave-launch-fi|12f5959cebded818\\LinkDate",
            "Details": "06/01/2024 17:27:50",
            "User": "NT AUTHORITY\\SYSTEM"
        }
    },
    {
        "event_id": 13,
        "description": "Registry value set",
        "time_generated": "2024-09-19T20:23:26.4761883Z",
        "computer_name": "RACM",
        "details": {
            "RuleName": "InvDB-Pub",
            "EventType": "SetValue",
            "UtcTime": "2024-09-19 20:23:26.467",
            "ProcessGuid": "{cec53bf7-a5cc-66e2-4f00-000000000800}",
            "ProcessId": "4424",
            "Image": "C:\\Windows\\System32\\svchost.exe",
            "TargetObject": "\\REGISTRY\\A\\{d2474bbd-2d4b-bc13-38d3-d061fb3de330}\\Root\\InventoryApplicationFile\\octave-launch-fi|12f5959cebded818\\Publisher",
            "Details": "gnu octave",
            "User": "NT AUTHORITY\\SYSTEM"
        }
    },
    {
        "event_id": 13,
        "description": "Registry value set",
        "time_generated": "2024-09-19T20:23:26.4759704Z",
        "computer_name": "RACM",
        "details": {
            "RuleName": "InvDB-Path",
            "EventType": "SetValue",
            "UtcTime": "2024-09-19 20:23:26.467",
            "ProcessGuid": "{cec53bf7-a5cc-66e2-4f00-000000000800}",
            "ProcessId": "4424",
            "Image": "C:\\Windows\\System32\\svchost.exe",
            "TargetObject": "\\REGISTRY\\A\\{d2474bbd-2d4b-bc13-38d3-d061fb3de330}\\Root\\InventoryApplicationFile\\octave-launch-fi|12f5959cebded818\\LowerCaseLongPath",
            "Details": "c:\\program files\\gnu octave\\octave-9.2.0\\octave-launch-firsttime.exe",
            "User": "NT AUTHORITY\\SYSTEM"
        }
    },
    {
        "event_id": 13,
        "description": "Registry value set",
        "time_generated": "2024-09-19T20:23:25.5566004Z",
        "computer_name": "RACM",
        "details": {
            "RuleName": "InvDB",
            "EventType": "SetValue",
            "UtcTime": "2024-09-19 20:23:25.550",
            "ProcessGuid": "{cec53bf7-a5e3-66e2-1101-000000000800}",
            "ProcessId": "10856",
            "Image": "C:\\Windows\\system32\\svchost.exe",
            "TargetObject": "HKU\\S-1-5-21-3110158002-99556644-4000773028-1001\\Software\\Microsoft\\Windows NT\\CurrentVersion\\AppCompatFlags\\Compatibility Assistant\\Store\\C:\\Program Files\\GNU Octave\\Octave-9.2.0\\octave-launch-firsttime.exe",
            "Details": "Binary Data",
            "User": "NT AUTHORITY\\SYSTEM"
        }
    },
    {
        "event_id": 13,
        "description": "Registry value set",
        "time_generated": "2024-09-19T20:23:13.6545423Z",
        "computer_name": "RACM",
        "details": {
            "RuleName": "T1042",
            "EventType": "SetValue",
            "UtcTime": "2024-09-19 20:23:13.653",
            "ProcessGuid": "{cec53bf7-8743-66ec-42b0-000000000800}",
            "ProcessId": "10128",
            "Image": "C:\\Users\\raulr\\Downloads\\octave-9.2.0-w64-installer.exe",
            "TargetObject": "HKCR\\Octave.Document.9.2.0\\shell\\open\\command\\(Default)",
            "Details": "\"C:\\Program Files\\GNU Octave\\Octave-9.2.0\\octave-launch.exe\" --gui --persist --eval \"edit '%%1'\"",
            "User": "RACM\\raulr"
        }
    },
    {
        "event_id": 13,
        "description": "Registry value set",
        "time_generated": "2024-09-19T20:23:11.7615915Z",
        "computer_name": "RACM",
        "details": {
            "RuleName": "InvDB-Pub",
            "EventType": "SetValue",
            "UtcTime": "2024-09-19 20:23:11.755",
            "ProcessGuid": "{cec53bf7-8743-66ec-42b0-000000000800}",
            "ProcessId": "10128",
            "Image": "C:\\Users\\raulr\\Downloads\\octave-9.2.0-w64-installer.exe",
            "TargetObject": "HKLM\\SOFTWARE\\Microsoft\\Windows\\CurrentVersion\\Uninstall\\Octave-9.2.0\\Publisher",
            "Details": "GNU Octave",
            "User": "RACM\\raulr"
        }
    },
    {
        "event_id": 13,
        "description": "Registry value set",
        "time_generated": "2024-09-19T20:23:06.5785230Z",
        "computer_name": "RACM",
        "details": {
            "RuleName": "InvDB-CompileTimeClaim",
            "EventType": "SetValue",
            "UtcTime": "2024-09-19 20:23:06.563",
            "ProcessGuid": "{cec53bf7-a5cc-66e2-4f00-000000000800}",
            "ProcessId": "4424",
            "Image": "C:\\Windows\\System32\\svchost.exe",
            "TargetObject": "\\REGISTRY\\A\\{d2474bbd-2d4b-bc13-38d3-d061fb3de330}\\Root\\InventoryApplicationFile\\gpgconf.exe|ea74df6652a7e805\\LinkDate",
            "Details": "06/01/2024 17:27:51",
            "User": "NT AUTHORITY\\SYSTEM"
        }
    },
    {
        "event_id": 13,
        "description": "Registry value set",
        "time_generated": "2024-09-19T20:23:06.5780725Z",
        "computer_name": "RACM",
        "details": {
            "RuleName": "InvDB-Path",
            "EventType": "SetValue",
            "UtcTime": "2024-09-19 20:23:06.563",
            "ProcessGuid": "{cec53bf7-a5cc-66e2-4f00-000000000800}",
            "ProcessId": "4424",
            "Image": "C:\\Windows\\System32\\svchost.exe",
            "TargetObject": "\\REGISTRY\\A\\{d2474bbd-2d4b-bc13-38d3-d061fb3de330}\\Root\\InventoryApplicationFile\\gpgconf.exe|ea74df6652a7e805\\LowerCaseLongPath",
            "Details": "c:\\program files\\gnu octave\\octave-9.2.0\\usr\\bin\\gpgconf.exe",
            "User": "NT AUTHORITY\\SYSTEM"
        }
    },
    {
        "event_id": 13,
        "description": "Registry value set",
        "time_generated": "2024-09-19T20:22:57.1841640Z",
        "computer_name": "RACM",
        "details": {
            "RuleName": "InvDB-CompileTimeClaim",
            "EventType": "SetValue",
            "UtcTime": "2024-09-19 20:22:57.174",
            "ProcessGuid": "{cec53bf7-a5cc-66e2-4f00-000000000800}",
            "ProcessId": "4424",
            "Image": "C:\\Windows\\System32\\svchost.exe",
            "TargetObject": "\\REGISTRY\\A\\{d2474bbd-2d4b-bc13-38d3-d061fb3de330}\\Root\\InventoryApplicationFile\\dirmngr.exe|27b169b0c26c4f80\\LinkDate",
            "Details": "06/01/2024 17:27:51",
            "User": "NT AUTHORITY\\SYSTEM"
        }
    },
    {
        "event_id": 13,
        "description": "Registry value set",
        "time_generated": "2024-09-19T20:22:57.1839011Z",
        "computer_name": "RACM",
        "details": {
            "RuleName": "InvDB-Path",
            "EventType": "SetValue",
            "UtcTime": "2024-09-19 20:22:57.174",
            "ProcessGuid": "{cec53bf7-a5cc-66e2-4f00-000000000800}",
            "ProcessId": "4424",
            "Image": "C:\\Windows\\System32\\svchost.exe",
            "TargetObject": "\\REGISTRY\\A\\{d2474bbd-2d4b-bc13-38d3-d061fb3de330}\\Root\\InventoryApplicationFile\\dirmngr.exe|27b169b0c26c4f80\\LowerCaseLongPath",
            "Details": "c:\\program files\\gnu octave\\octave-9.2.0\\usr\\bin\\dirmngr.exe",
            "User": "NT AUTHORITY\\SYSTEM"
        }
    },
    {
        "event_id": 13,
        "description": "Registry value set",
        "time_generated": "2024-09-19T20:22:47.1976914Z",
        "computer_name": "RACM",
        "details": {
            "RuleName": "InvDB-CompileTimeClaim",
            "EventType": "SetValue",
            "UtcTime": "2024-09-19 20:22:47.190",
            "ProcessGuid": "{cec53bf7-a5cc-66e2-4f00-000000000800}",
            "ProcessId": "4424",
            "Image": "C:\\Windows\\System32\\svchost.exe",
            "TargetObject": "\\REGISTRY\\A\\{d2474bbd-2d4b-bc13-38d3-d061fb3de330}\\Root\\InventoryApplicationFile\\gpg-agent.exe|8b3d44e0adf5df44\\LinkDate",
            "Details": "06/01/2024 17:27:52",
            "User": "NT AUTHORITY\\SYSTEM"
        }
    },
    {
        "event_id": 13,
        "description": "Registry value set",
        "time_generated": "2024-09-19T20:22:47.1973069Z",
        "computer_name": "RACM",
        "details": {
            "RuleName": "InvDB-Path",
            "EventType": "SetValue",
            "UtcTime": "2024-09-19 20:22:47.190",
            "ProcessGuid": "{cec53bf7-a5cc-66e2-4f00-000000000800}",
            "ProcessId": "4424",
            "Image": "C:\\Windows\\System32\\svchost.exe",
            "TargetObject": "\\REGISTRY\\A\\{d2474bbd-2d4b-bc13-38d3-d061fb3de330}\\Root\\InventoryApplicationFile\\gpg-agent.exe|8b3d44e0adf5df44\\LowerCaseLongPath",
            "Details": "c:\\program files\\gnu octave\\octave-9.2.0\\usr\\bin\\gpg-agent.exe",
            "User": "NT AUTHORITY\\SYSTEM"
        }
    },
    {
        "event_id": 13,
        "description": "Registry value set",
        "time_generated": "2024-09-19T20:22:46.9081818Z",
        "computer_name": "RACM",
        "details": {
            "RuleName": "InvDB-CompileTimeClaim",
            "EventType": "SetValue",
            "UtcTime": "2024-09-19 20:22:46.906",
            "ProcessGuid": "{cec53bf7-a5cc-66e2-4f00-000000000800}",
            "ProcessId": "4424",
            "Image": "C:\\Windows\\System32\\svchost.exe",
            "TargetObject": "\\REGISTRY\\A\\{d2474bbd-2d4b-bc13-38d3-d061fb3de330}\\Root\\InventoryApplicationFile\\gpg.exe|d65963a9334d25f6\\LinkDate",
            "Details": "06/01/2024 17:27:50",
            "User": "NT AUTHORITY\\SYSTEM"
        }
    },
    {
        "event_id": 13,
        "description": "Registry value set",
        "time_generated": "2024-09-19T20:22:46.9075029Z",
        "computer_name": "RACM",
        "details": {
            "RuleName": "InvDB-Path",
            "EventType": "SetValue",
            "UtcTime": "2024-09-19 20:22:46.906",
            "ProcessGuid": "{cec53bf7-a5cc-66e2-4f00-000000000800}",
            "ProcessId": "4424",
            "Image": "C:\\Windows\\System32\\svchost.exe",
            "TargetObject": "\\REGISTRY\\A\\{d2474bbd-2d4b-bc13-38d3-d061fb3de330}\\Root\\InventoryApplicationFile\\gpg.exe|d65963a9334d25f6\\LowerCaseLongPath",
            "Details": "c:\\program files\\gnu octave\\octave-9.2.0\\usr\\bin\\gpg.exe",
            "User": "NT AUTHORITY\\SYSTEM"
        }
    },
    {
        "event_id": 13,
        "description": "Registry value set",
        "time_generated": "2024-09-19T20:22:42.3553917Z",
        "computer_name": "RACM",
        "details": {
            "RuleName": "InvDB-CompileTimeClaim",
            "EventType": "SetValue",
            "UtcTime": "2024-09-19 20:22:42.354",
            "ProcessGuid": "{cec53bf7-a5cc-66e2-4f00-000000000800}",
            "ProcessId": "4424",
            "Image": "C:\\Windows\\System32\\svchost.exe",
            "TargetObject": "\\REGISTRY\\A\\{d2474bbd-2d4b-bc13-38d3-d061fb3de330}\\Root\\InventoryApplicationFile\\env.exe|76b7643ba7cc378c\\LinkDate",
            "Details": "06/01/2024 17:27:51",
            "User": "NT AUTHORITY\\SYSTEM"
        }
    },
    {
        "event_id": 13,
        "description": "Registry value set",
        "time_generated": "2024-09-19T20:22:42.3550026Z",
        "computer_name": "RACM",
        "details": {
            "RuleName": "InvDB-Path",
            "EventType": "SetValue",
            "UtcTime": "2024-09-19 20:22:42.354",
            "ProcessGuid": "{cec53bf7-a5cc-66e2-4f00-000000000800}",
            "ProcessId": "4424",
            "Image": "C:\\Windows\\System32\\svchost.exe",
            "TargetObject": "\\REGISTRY\\A\\{d2474bbd-2d4b-bc13-38d3-d061fb3de330}\\Root\\InventoryApplicationFile\\env.exe|76b7643ba7cc378c\\LowerCaseLongPath",
            "Details": "c:\\program files\\gnu octave\\octave-9.2.0\\usr\\bin\\env.exe",
            "User": "NT AUTHORITY\\SYSTEM"
        }
    },
    {
        "event_id": 13,
        "description": "Registry value set",
        "time_generated": "2024-09-19T20:22:39.9991321Z",
        "computer_name": "RACM",
        "details": {
            "RuleName": "InvDB-CompileTimeClaim",
            "EventType": "SetValue",
            "UtcTime": "2024-09-19 20:22:39.991",
            "ProcessGuid": "{cec53bf7-a5cc-66e2-4f00-000000000800}",
            "ProcessId": "4424",
            "Image": "C:\\Windows\\System32\\svchost.exe",
            "TargetObject": "\\REGISTRY\\A\\{d2474bbd-2d4b-bc13-38d3-d061fb3de330}\\Root\\InventoryApplicationFile\\p11-kit.exe|679915668c15172d\\LinkDate",
            "Details": "06/01/2024 17:27:51",
            "User": "NT AUTHORITY\\SYSTEM"
        }
    },
    {
        "event_id": 13,
        "description": "Registry value set",
        "time_generated": "2024-09-19T20:22:39.9989256Z",
        "computer_name": "RACM",
        "details": {
            "RuleName": "InvDB-Path",
            "EventType": "SetValue",
            "UtcTime": "2024-09-19 20:22:39.991",
            "ProcessGuid": "{cec53bf7-a5cc-66e2-4f00-000000000800}",
            "ProcessId": "4424",
            "Image": "C:\\Windows\\System32\\svchost.exe",
            "TargetObject": "\\REGISTRY\\A\\{d2474bbd-2d4b-bc13-38d3-d061fb3de330}\\Root\\InventoryApplicationFile\\p11-kit.exe|679915668c15172d\\LowerCaseLongPath",
            "Details": "c:\\program files\\gnu octave\\octave-9.2.0\\usr\\bin\\p11-kit.exe",
            "User": "NT AUTHORITY\\SYSTEM"
        }
    },
    {
        "event_id": 13,
        "description": "Registry value set",
        "time_generated": "2024-09-19T20:22:33.9635215Z",
        "computer_name": "RACM",
        "details": {
            "RuleName": "InvDB-CompileTimeClaim",
            "EventType": "SetValue",
            "UtcTime": "2024-09-19 20:22:33.961",
            "ProcessGuid": "{cec53bf7-a5cc-66e2-4f00-000000000800}",
            "ProcessId": "4424",
            "Image": "C:\\Windows\\System32\\svchost.exe",
            "TargetObject": "\\REGISTRY\\A\\{d2474bbd-2d4b-bc13-38d3-d061fb3de330}\\Root\\InventoryApplicationFile\\bash.exe|18c31f672d15774c\\LinkDate",
            "Details": "06/01/2024 17:27:51",
            "User": "NT AUTHORITY\\SYSTEM"
        }
    },
    {
        "event_id": 13,
        "description": "Registry value set",
        "time_generated": "2024-09-19T20:22:33.9632578Z",
        "computer_name": "RACM",
        "details": {
            "RuleName": "InvDB-Path",
            "EventType": "SetValue",
            "UtcTime": "2024-09-19 20:22:33.961",
            "ProcessGuid": "{cec53bf7-a5cc-66e2-4f00-000000000800}",
            "ProcessId": "4424",
            "Image": "C:\\Windows\\System32\\svchost.exe",
            "TargetObject": "\\REGISTRY\\A\\{d2474bbd-2d4b-bc13-38d3-d061fb3de330}\\Root\\InventoryApplicationFile\\bash.exe|18c31f672d15774c\\LowerCaseLongPath",
            "Details": "c:\\program files\\gnu octave\\octave-9.2.0\\usr\\bin\\bash.exe",
            "User": "NT AUTHORITY\\SYSTEM"
        }
    },
    {
        "event_id": 13,
        "description": "Registry value set",
        "time_generated": "2024-09-19T20:19:15.3835310Z",
        "computer_name": "RACM",
        "details": {
            "RuleName": "InvDB-Ver",
            "EventType": "SetValue",
            "UtcTime": "2024-09-19 20:19:15.382",
            "ProcessGuid": "{cec53bf7-a5e3-66e2-1101-000000000800}",
            "ProcessId": "10856",
            "Image": "C:\\Windows\\system32\\svchost.exe",
            "TargetObject": "\\REGISTRY\\A\\{d2474bbd-2d4b-bc13-38d3-d061fb3de330}\\Root\\InventoryApplicationFile\\octave-9.2.0-w64|d5c714dea23579ac\\BinProductVersion",
            "Details": "9.2.0.0",
            "User": "NT AUTHORITY\\SYSTEM"
        }
    },
    {
        "event_id": 13,
        "description": "Registry value set",
        "time_generated": "2024-09-19T20:19:15.3834532Z",
        "computer_name": "RACM",
        "details": {
            "RuleName": "InvDB-CompileTimeClaim",
            "EventType": "SetValue",
            "UtcTime": "2024-09-19 20:19:15.382",
            "ProcessGuid": "{cec53bf7-a5e3-66e2-1101-000000000800}",
            "ProcessId": "10856",
            "Image": "C:\\Windows\\system32\\svchost.exe",
            "TargetObject": "\\REGISTRY\\A\\{d2474bbd-2d4b-bc13-38d3-d061fb3de330}\\Root\\InventoryApplicationFile\\octave-9.2.0-w64|d5c714dea23579ac\\LinkDate",
            "Details": "06/01/2024 17:24:30",
            "User": "NT AUTHORITY\\SYSTEM"
        }
    },
    {
        "event_id": 13,
        "description": "Registry value set",
        "time_generated": "2024-09-19T20:19:15.3830806Z",
        "computer_name": "RACM",
        "details": {
            "RuleName": "InvDB-Pub",
            "EventType": "SetValue",
            "UtcTime": "2024-09-19 20:19:15.382",
            "ProcessGuid": "{cec53bf7-a5e3-66e2-1101-000000000800}",
            "ProcessId": "10856",
            "Image": "C:\\Windows\\system32\\svchost.exe",
            "TargetObject": "\\REGISTRY\\A\\{d2474bbd-2d4b-bc13-38d3-d061fb3de330}\\Root\\InventoryApplicationFile\\octave-9.2.0-w64|d5c714dea23579ac\\Publisher",
            "Details": "gnu project",
            "User": "NT AUTHORITY\\SYSTEM"
        }
    },
    {
        "event_id": 13,
        "description": "Registry value set",
        "time_generated": "2024-09-19T20:19:15.3829370Z",
        "computer_name": "RACM",
        "details": {
            "RuleName": "InvDB-Path",
            "EventType": "SetValue",
            "UtcTime": "2024-09-19 20:19:15.382",
            "ProcessGuid": "{cec53bf7-a5e3-66e2-1101-000000000800}",
            "ProcessId": "10856",
            "Image": "C:\\Windows\\system32\\svchost.exe",
            "TargetObject": "\\REGISTRY\\A\\{d2474bbd-2d4b-bc13-38d3-d061fb3de330}\\Root\\InventoryApplicationFile\\octave-9.2.0-w64|d5c714dea23579ac\\LowerCaseLongPath",
            "Details": "c:\\users\\raulr\\downloads\\octave-9.2.0-w64-installer.exe",
            "User": "NT AUTHORITY\\SYSTEM"
        }
    },
    {
        "event_id": 13,
        "description": "Registry value set",
        "time_generated": "2024-09-19T20:19:15.2768698Z",
        "computer_name": "RACM",
        "details": {
            "RuleName": "InvDB",
            "EventType": "SetValue",
            "UtcTime": "2024-09-19 20:19:15.272",
            "ProcessGuid": "{cec53bf7-a5e3-66e2-1101-000000000800}",
            "ProcessId": "10856",
            "Image": "C:\\Windows\\system32\\svchost.exe",
            "TargetObject": "HKU\\S-1-5-21-3110158002-99556644-4000773028-1001\\Software\\Microsoft\\Windows NT\\CurrentVersion\\AppCompatFlags\\Compatibility Assistant\\Store\\C:\\Users\\raulr\\Downloads\\octave-9.2.0-w64-installer.exe",
            "Details": "Binary Data",
            "User": "NT AUTHORITY\\SYSTEM"
        }
    },
    {
        "event_id": 13,
        "description": "Registry value set",
        "time_generated": "2024-09-19T20:17:24.5628714Z",
        "computer_name": "RACM",
        "details": {
            "RuleName": "-",
            "EventType": "SetValue",
            "UtcTime": "2024-09-19 20:17:24.558",
            "ProcessGuid": "{cec53bf7-a5cc-66e2-1a00-000000000800}",
            "ProcessId": "1996",
            "Image": "C:\\Windows\\System32\\svchost.exe",
            "TargetObject": "HKLM\\SOFTWARE\\Microsoft\\Windows NT\\CurrentVersion\\NetworkList\\Profiles\\{F0E48429-A79E-4E22-B7EE-68C636AD09D3}\\DateLastConnected",
            "Details": "Binary Data",
            "User": "NT AUTHORITY\\Servicio de red"
        }
    },
    {
        "event_id": 13,
        "description": "Registry value set",
        "time_generated": "2024-09-19T20:17:24.5627422Z",
        "computer_name": "RACM",
        "details": {
            "RuleName": "-",
            "EventType": "SetValue",
            "UtcTime": "2024-09-19 20:17:24.558",
            "ProcessGuid": "{cec53bf7-a5cc-66e2-1a00-000000000800}",
            "ProcessId": "1996",
            "Image": "C:\\Windows\\System32\\svchost.exe",
            "TargetObject": "HKLM\\SOFTWARE\\Microsoft\\Windows NT\\CurrentVersion\\NetworkList\\Profiles\\{F0E48429-A79E-4E22-B7EE-68C636AD09D3}\\NameType",
            "Details": "DWORD (0x00000047)",
            "User": "NT AUTHORITY\\Servicio de red"
        }
    },
    {
        "event_id": 13,
        "description": "Registry value set",
        "time_generated": "2024-09-19T20:17:24.5626158Z",
        "computer_name": "RACM",
        "details": {
            "RuleName": "-",
            "EventType": "SetValue",
            "UtcTime": "2024-09-19 20:17:24.558",
            "ProcessGuid": "{cec53bf7-a5cc-66e2-1a00-000000000800}",
            "ProcessId": "1996",
            "Image": "C:\\Windows\\System32\\svchost.exe",
            "TargetObject": "HKLM\\SOFTWARE\\Microsoft\\Windows NT\\CurrentVersion\\NetworkList\\Profiles\\{F0E48429-A79E-4E22-B7EE-68C636AD09D3}\\ProfileName",
            "Details": "MIWIFI_Xw3m",
            "User": "NT AUTHORITY\\Servicio de red"
        }
    },
    {
        "event_id": 13,
        "description": "Registry value set",
        "time_generated": "2024-09-19T20:15:16.4966953Z",
        "computer_name": "RACM",
        "details": {
            "RuleName": "InvDB-Ver",
            "EventType": "SetValue",
            "UtcTime": "2024-09-19 20:15:16.492",
            "ProcessGuid": "{cec53bf7-a5e3-66e2-1101-000000000800}",
            "ProcessId": "10856",
            "Image": "C:\\Windows\\system32\\svchost.exe",
            "TargetObject": "\\REGISTRY\\A\\{d2474bbd-2d4b-bc13-38d3-d061fb3de330}\\Root\\InventoryApplicationFile\\xpdagent.exe|481b09ecfe5ed72c\\BinProductVersion",
            "Details": "0.4.55.0",
            "User": "NT AUTHORITY\\SYSTEM"
        }
    },
    {
        "event_id": 13,
        "description": "Registry value set",
        "time_generated": "2024-09-19T20:15:16.4965575Z",
        "computer_name": "RACM",
        "details": {
            "RuleName": "InvDB-CompileTimeClaim",
            "EventType": "SetValue",
            "UtcTime": "2024-09-19 20:15:16.492",
            "ProcessGuid": "{cec53bf7-a5e3-66e2-1101-000000000800}",
            "ProcessId": "10856",
            "Image": "C:\\Windows\\system32\\svchost.exe",
            "TargetObject": "\\REGISTRY\\A\\{d2474bbd-2d4b-bc13-38d3-d061fb3de330}\\Root\\InventoryApplicationFile\\xpdagent.exe|481b09ecfe5ed72c\\LinkDate",
            "Details": "11/26/2087 14:02:15",
            "User": "NT AUTHORITY\\SYSTEM"
        }
    },
    {
        "event_id": 13,
        "description": "Registry value set",
        "time_generated": "2024-09-19T20:15:16.4956545Z",
        "computer_name": "RACM",
        "details": {
            "RuleName": "InvDB-Pub",
            "EventType": "SetValue",
            "UtcTime": "2024-09-19 20:15:16.492",
            "ProcessGuid": "{cec53bf7-a5e3-66e2-1101-000000000800}",
            "ProcessId": "10856",
            "Image": "C:\\Windows\\system32\\svchost.exe",
            "TargetObject": "\\REGISTRY\\A\\{d2474bbd-2d4b-bc13-38d3-d061fb3de330}\\Root\\InventoryApplicationFile\\xpdagent.exe|481b09ecfe5ed72c\\Publisher",
            "Details": "microsoft corporation",
            "User": "NT AUTHORITY\\SYSTEM"
        }
    },
    {
        "event_id": 13,
        "description": "Registry value set",
        "time_generated": "2024-09-19T20:15:16.4938061Z",
        "computer_name": "RACM",
        "details": {
            "RuleName": "InvDB-Path",
            "EventType": "SetValue",
            "UtcTime": "2024-09-19 20:15:16.492",
            "ProcessGuid": "{cec53bf7-a5e3-66e2-1101-000000000800}",
            "ProcessId": "10856",
            "Image": "C:\\Windows\\system32\\svchost.exe",
            "TargetObject": "\\REGISTRY\\A\\{d2474bbd-2d4b-bc13-38d3-d061fb3de330}\\Root\\InventoryApplicationFile\\xpdagent.exe|481b09ecfe5ed72c\\LowerCaseLongPath",
            "Details": "c:\\program files\\windowsapps\\microsoft.outlookforwindows_1.2024.903.200_x64__8wekyb3d8bbwe\\xpdagent.exe",
            "User": "NT AUTHORITY\\SYSTEM"
        }
    },
    {
        "event_id": 13,
        "description": "Registry value set",
        "time_generated": "2024-09-19T20:15:03.2660304Z",
        "computer_name": "RACM",
        "details": {
            "RuleName": "-",
            "EventType": "SetValue",
            "UtcTime": "2024-09-19 20:15:03.257",
            "ProcessGuid": "{cec53bf7-a5dc-66e2-dc00-000000000800}",
            "ProcessId": "7508",
            "Image": "C:\\Windows\\system32\\svchost.exe",
            "TargetObject": "HKLM\\SOFTWARE\\Microsoft\\Windows\\CurrentVersion\\Authentication\\Credential Providers\\{D6886603-9D2F-4EB2-B667-1971041FA96B}\\S-1-5-21-3110158002-99556644-4000773028-1001\\NgcFirst\\ConsecutiveSwitchCount",
            "Details": "DWORD (0x00000000)",
            "User": "NT AUTHORITY\\SYSTEM"
        }
    },
    {
        "event_id": 13,
        "description": "Registry value set",
        "time_generated": "2024-09-19T20:15:03.2475969Z",
        "computer_name": "RACM",
        "details": {
            "RuleName": "-",
            "EventType": "SetValue",
            "UtcTime": "2024-09-19 20:15:03.238",
            "ProcessGuid": "{cec53bf7-0f40-66ec-8cae-000000000800}",
            "ProcessId": "8348",
            "Image": "C:\\Windows\\System32\\LogonUI.exe",
            "TargetObject": "HKLM\\SOFTWARE\\Microsoft\\Windows\\CurrentVersion\\Authentication\\LogonUI\\LastLoggedOnUser",
            "Details": ".\\raulr",
            "User": "NT AUTHORITY\\SYSTEM"
        }
    },
    {
        "event_id": 13,
        "description": "Registry value set",
        "time_generated": "2024-09-19T20:15:01.5448692Z",
        "computer_name": "RACM",
        "details": {
            "RuleName": "-",
            "EventType": "SetValue",
            "UtcTime": "2024-09-19 20:15:01.541",
            "ProcessGuid": "{cec53bf7-0f40-66ec-8cae-000000000800}",
            "ProcessId": "8348",
            "Image": "C:\\Windows\\System32\\LogonUI.exe",
            "TargetObject": "HKU\\.DEFAULT\\Keyboard Layout\\Substitutes\\00000c0a",
            "Details": "0000040a",
            "User": "NT AUTHORITY\\SYSTEM"
        }
    },
    {
        "event_id": 13,
        "description": "Registry value set",
        "time_generated": "2024-09-19T20:15:01.5448253Z",
        "computer_name": "RACM",
        "details": {
            "RuleName": "-",
            "EventType": "SetValue",
            "UtcTime": "2024-09-19 20:15:01.541",
            "ProcessGuid": "{cec53bf7-0f40-66ec-8cae-000000000800}",
            "ProcessId": "8348",
            "Image": "C:\\Windows\\System32\\LogonUI.exe",
            "TargetObject": "HKU\\.DEFAULT\\Keyboard Layout\\Preload\\1",
            "Details": "00000c0a",
            "User": "NT AUTHORITY\\SYSTEM"
        }
    },
    {
        "event_id": 12,
        "description": "Registry object added",
        "time_generated": "2024-09-19T20:15:01.5447847Z",
        "computer_name": "RACM",
        "details": {
            "RuleName": "-",
            "EventType": "DeleteValue",
            "UtcTime": "2024-09-19 20:15:01.541",
            "ProcessGuid": "{cec53bf7-0f40-66ec-8cae-000000000800}",
            "ProcessId": "8348",
            "Image": "C:\\Windows\\System32\\LogonUI.exe",
            "TargetObject": "HKU\\.DEFAULT\\Keyboard Layout\\Substitutes\\00000c0a",
            "User": "NT AUTHORITY\\SYSTEM"
        }
    },
    {
        "event_id": 12,
        "description": "Registry object added",
        "time_generated": "2024-09-19T20:15:01.5447337Z",
        "computer_name": "RACM",
        "details": {
            "RuleName": "-",
            "EventType": "DeleteValue",
            "UtcTime": "2024-09-19 20:15:01.541",
            "ProcessGuid": "{cec53bf7-0f40-66ec-8cae-000000000800}",
            "ProcessId": "8348",
            "Image": "C:\\Windows\\System32\\LogonUI.exe",
            "TargetObject": "HKU\\.DEFAULT\\Keyboard Layout\\Preload\\1",
            "User": "NT AUTHORITY\\SYSTEM"
        }
    },
    {
        "event_id": 13,
        "description": "Registry value set",
        "time_generated": "2024-09-19T20:15:00.0368320Z",
        "computer_name": "RACM",
        "details": {
            "RuleName": "InvDB-Pub",
            "EventType": "SetValue",
            "UtcTime": "2024-09-19 20:15:00.031",
            "ProcessGuid": "{cec53bf7-4ce9-66ec-d2ae-000000000800}",
            "ProcessId": "14088",
            "Image": "C:\\Windows\\Explorer.EXE",
            "TargetObject": "HKU\\S-1-5-21-3110158002-99556644-4000773028-1001\\Control Panel\\NotifyIconSettings\\11561120760775771840\\Publisher",
            "Details": "Microsoft Windows",
            "User": "RACM\\raulr"
        }
    },
    {
        "event_id": 13,
        "description": "Registry value set",
        "time_generated": "2024-09-19T20:14:58.2386873Z",
        "computer_name": "RACM",
        "details": {
            "RuleName": "InvDB-Pub",
            "EventType": "SetValue",
            "UtcTime": "2024-09-19 20:14:58.230",
            "ProcessGuid": "{cec53bf7-4ce9-66ec-d2ae-000000000800}",
            "ProcessId": "14088",
            "Image": "C:\\Windows\\Explorer.EXE",
            "TargetObject": "HKU\\S-1-5-21-3110158002-99556644-4000773028-1001\\Control Panel\\NotifyIconSettings\\6565631265146605727\\Publisher",
            "Details": "Advanced Micro Devices Inc.",
            "User": "RACM\\raulr"
        }
    },
