    {
        "event_id": 13,
        "description": "Registry value set",
        "time_generated": "2024-09-18T07:15:59.8224776Z",
        "computer_name": "RACM",
        "details": {
            "RuleName": "T1031,T1050",
            "EventType": "SetValue",
            "UtcTime": "2024-09-18 07:15:59.816",
            "ProcessGuid": "{cec53bf7-a5cb-66e2-0a00-000000000800}",
            "ProcessId": "1192",
            "Image": "C:\\Windows\\system32\\services.exe",
            "TargetObject": "HKLM\\System\\CurrentControlSet\\Services\\rtux64w10\\Start",
            "Details": "DWORD (0x00000003)",
            "User": "NT AUTHORITY\\SYSTEM"
        }
    },
    {
        "event_id": 13,
        "description": "Registry value set",
        "time_generated": "2024-09-18T07:15:59.7244229Z",
        "computer_name": "RACM",
        "details": {
            "RuleName": "InvDB-DriverVer",
            "EventType": "SetValue",
            "UtcTime": "2024-09-18 07:15:59.723",
            "ProcessGuid": "{cec53bf7-a5c3-66e2-eb03-000000000000}",
            "ProcessId": "4",
            "Image": "System",
            "TargetObject": "HKLM\\System\\CurrentControlSet\\Control\\Class\\{36fc9e60-c465-11cf-8056-444553540000}\\0012\\DriverVersion",
            "Details": "10.0.22621.3672",
            "User": "NT AUTHORITY\\SYSTEM"
        }
    },
    {
        "event_id": 13,
        "description": "Registry value set",
        "time_generated": "2024-09-18T07:15:18.9410826Z",
        "computer_name": "RACM",
        "details": {
            "RuleName": "Context,DeviceConnectedOrUpdated",
            "EventType": "SetValue",
            "UtcTime": "2024-09-18 07:15:18.938",
            "ProcessGuid": "{cec53bf7-a5cc-66e2-3a00-000000000800}",
            "ProcessId": "3524",
            "Image": "C:\\Windows\\System32\\svchost.exe",
            "TargetObject": "HKLM\\System\\CurrentControlSet\\Control\\DeviceClasses\\{e6327cad-dcec-4949-ae8a-991e976a79d2}\\##?#SWD#MMDEVAPI#{0.0.0.00000000}.{9db7123f-3cde-4d0c-9f9a-1671e78ff1f6}#{e6327cad-dcec-4949-ae8a-991e976a79d2}\\#\\Device Parameters\\FriendlyName",
            "Details": "LS24D60xU (NVIDIA High Definition Audio)",
            "User": "NT AUTHORITY\\SYSTEM"
        }
    },
    {
        "event_id": 13,
        "description": "Registry value set",
        "time_generated": "2024-09-18T07:15:18.9009506Z",
        "computer_name": "RACM",
        "details": {
            "RuleName": "Context,DeviceConnectedOrUpdated",
            "EventType": "SetValue",
            "UtcTime": "2024-09-18 07:15:18.898",
            "ProcessGuid": "{cec53bf7-a5c3-66e2-eb03-000000000000}",
            "ProcessId": "4",
            "Image": "System",
            "TargetObject": "HKLM\\System\\CurrentControlSet\\Enum\\SWD\\MMDEVAPI\\{0.0.0.00000000}.{9db7123f-3cde-4d0c-9f9a-1671e78ff1f6}\\FriendlyName",
            "Details": "LS24D60xU (NVIDIA High Definition Audio)",
            "User": "NT AUTHORITY\\SYSTEM"
        }
    },
    {
        "event_id": 13,
        "description": "Registry value set",
        "time_generated": "2024-09-18T07:15:18.8986876Z",
        "computer_name": "RACM",
        "details": {
            "RuleName": "InvDB-DriverVer",
            "EventType": "SetValue",
            "UtcTime": "2024-09-18 07:15:18.897",
            "ProcessGuid": "{cec53bf7-a5c3-66e2-eb03-000000000000}",
            "ProcessId": "4",
            "Image": "System",
            "TargetObject": "HKLM\\System\\CurrentControlSet\\Control\\Class\\{c166523c-fe0c-4a94-a586-f1a80cfbbf3e}\\0012\\DriverVersion",
            "Details": "10.0.22621.1",
            "User": "NT AUTHORITY\\SYSTEM"
        }
    },
    {
        "event_id": 13,
        "description": "Registry value set",
        "time_generated": "2024-09-18T07:15:18.6261558Z",
        "computer_name": "RACM",
        "details": {
            "RuleName": "Context,DeviceConnectedOrUpdated",
            "EventType": "SetValue",
            "UtcTime": "2024-09-18 07:15:18.623",
            "ProcessGuid": "{cec53bf7-a5c3-66e2-eb03-000000000000}",
            "ProcessId": "4",
            "Image": "System",
            "TargetObject": "HKLM\\System\\CurrentControlSet\\Enum\\DISPLAY\\SAM76C6\\5&3ac806c4&0&UID4352\\FriendlyName",
            "Details": "@System32\\drivers\\dxgkrnl.sys,#303;Generic Monitor (%%1);(LS24D60xU)",
            "User": "NT AUTHORITY\\SYSTEM"
        }
    },
    {
        "event_id": 13,
        "description": "Registry value set",
        "time_generated": "2024-09-18T07:15:18.6245968Z",
        "computer_name": "RACM",
        "details": {
            "RuleName": "InvDB-DriverVer",
            "EventType": "SetValue",
            "UtcTime": "2024-09-18 07:15:18.623",
            "ProcessGuid": "{cec53bf7-a5c3-66e2-eb03-000000000000}",
            "ProcessId": "4",
            "Image": "System",
            "TargetObject": "HKLM\\System\\CurrentControlSet\\Control\\Class\\{4d36e96e-e325-11ce-bfc1-08002be10318}\\0004\\DriverVersion",
            "Details": "10.0.22621.3672",
            "User": "NT AUTHORITY\\SYSTEM"
        }
    },
    {
        "event_id": 13,
        "description": "Registry value set",
        "time_generated": "2024-09-18T07:12:50.6518980Z",
        "computer_name": "RACM",
        "details": {
            "RuleName": "T1042",
            "EventType": "SetValue",
            "UtcTime": "2024-09-18 07:12:50.650",
            "ProcessGuid": "{cec53bf7-d968-66e7-b70c-000000000800}",
            "ProcessId": "1268",
            "Image": "C:\\Program Files\\Microsoft OneDrive\\OneDrive.exe",
            "TargetObject": "HKU\\S-1-5-21-3110158002-99556644-4000773028-1001_Classes\\grvopen\\shell\\open\\command\\(Default)",
            "Details": "\"C:\\Program Files\\Microsoft OneDrive\\OneDrive.exe\" /url:\"%%1\"",
            "User": "RACM\\raulr"
        }
    },
    {
        "event_id": 13,
        "description": "Registry value set",
        "time_generated": "2024-09-18T07:12:50.6518043Z",
        "computer_name": "RACM",
        "details": {
            "RuleName": "T1042",
            "EventType": "SetValue",
            "UtcTime": "2024-09-18 07:12:50.650",
            "ProcessGuid": "{cec53bf7-d968-66e7-b70c-000000000800}",
            "ProcessId": "1268",
            "Image": "C:\\Program Files\\Microsoft OneDrive\\OneDrive.exe",
            "TargetObject": "HKU\\S-1-5-21-3110158002-99556644-4000773028-1001_Classes\\grvopen\\shell\\open\\command\\(Default)",
            "Details": "\"C:\\Program Files\\Microsoft OneDrive\\OneDrive.exe\" /url:\"%%1\"",
            "User": "RACM\\raulr"
        }
    },
    {
        "event_id": 13,
        "description": "Registry value set",
        "time_generated": "2024-09-18T07:12:38.2560718Z",
        "computer_name": "RACM",
        "details": {
            "RuleName": "-",
            "EventType": "SetValue",
            "UtcTime": "2024-09-18 07:12:38.254",
            "ProcessGuid": "{cec53bf7-a5cc-66e2-1a00-000000000800}",
            "ProcessId": "1996",
            "Image": "C:\\Windows\\System32\\svchost.exe",
            "TargetObject": "HKLM\\SOFTWARE\\Microsoft\\Windows NT\\CurrentVersion\\NetworkList\\Profiles\\{205E0406-CD0D-457D-90D9-2100569497F3}\\DateLastConnected",
            "Details": "Binary Data",
            "User": "NT AUTHORITY\\Servicio de red"
        }
    },
    {
        "event_id": 13,
        "description": "Registry value set",
        "time_generated": "2024-09-18T07:11:50.6315479Z",
        "computer_name": "RACM",
        "details": {
            "RuleName": "-",
            "EventType": "SetValue",
            "UtcTime": "2024-09-18 07:11:50.623",
            "ProcessGuid": "{cec53bf7-a5dc-66e2-dc00-000000000800}",
            "ProcessId": "7508",
            "Image": "C:\\Windows\\system32\\svchost.exe",
            "TargetObject": "HKLM\\SOFTWARE\\Microsoft\\Windows\\CurrentVersion\\Authentication\\Credential Providers\\{D6886603-9D2F-4EB2-B667-1971041FA96B}\\S-1-5-21-3110158002-99556644-4000773028-1001\\NgcFirst\\ConsecutiveSwitchCount",
            "Details": "DWORD (0x00000000)",
            "User": "NT AUTHORITY\\SYSTEM"
        }
    },
    {
        "event_id": 13,
        "description": "Registry value set",
        "time_generated": "2024-09-18T07:11:50.6242921Z",
        "computer_name": "RACM",
        "details": {
            "RuleName": "-",
            "EventType": "SetValue",
            "UtcTime": "2024-09-18 07:11:50.623",
            "ProcessGuid": "{cec53bf7-733a-66e9-715e-000000000800}",
            "ProcessId": "16452",
            "Image": "C:\\Windows\\System32\\LogonUI.exe",
            "TargetObject": "HKLM\\SOFTWARE\\Microsoft\\Windows\\CurrentVersion\\Authentication\\LogonUI\\LastLoggedOnUser",
            "Details": ".\\raulr",
            "User": "NT AUTHORITY\\SYSTEM"
        }
    },
    {
        "event_id": 13,
        "description": "Registry value set",
        "time_generated": "2024-09-18T07:11:48.0993921Z",
        "computer_name": "RACM",
        "details": {
            "RuleName": "-",
            "EventType": "SetValue",
            "UtcTime": "2024-09-18 07:11:48.098",
            "ProcessGuid": "{cec53bf7-733a-66e9-715e-000000000800}",
            "ProcessId": "16452",
            "Image": "C:\\Windows\\System32\\LogonUI.exe",
            "TargetObject": "HKU\\.DEFAULT\\Keyboard Layout\\Substitutes\\00000c0a",
            "Details": "0000040a",
            "User": "NT AUTHORITY\\SYSTEM"
        }
    },
    {
        "event_id": 13,
        "description": "Registry value set",
        "time_generated": "2024-09-18T07:11:48.0993543Z",
        "computer_name": "RACM",
        "details": {
            "RuleName": "-",
            "EventType": "SetValue",
            "UtcTime": "2024-09-18 07:11:48.098",
            "ProcessGuid": "{cec53bf7-733a-66e9-715e-000000000800}",
            "ProcessId": "16452",
            "Image": "C:\\Windows\\System32\\LogonUI.exe",
            "TargetObject": "HKU\\.DEFAULT\\Keyboard Layout\\Preload\\1",
            "Details": "00000c0a",
            "User": "NT AUTHORITY\\SYSTEM"
        }
    },
    {
        "event_id": 12,
        "description": "Registry object added",
        "time_generated": "2024-09-18T07:11:48.0993194Z",
        "computer_name": "RACM",
        "details": {
            "RuleName": "-",
            "EventType": "DeleteValue",
            "UtcTime": "2024-09-18 07:11:48.098",
            "ProcessGuid": "{cec53bf7-733a-66e9-715e-000000000800}",
            "ProcessId": "16452",
            "Image": "C:\\Windows\\System32\\LogonUI.exe",
            "TargetObject": "HKU\\.DEFAULT\\Keyboard Layout\\Substitutes\\00000c0a",
            "User": "NT AUTHORITY\\SYSTEM"
        }
    },
    {
        "event_id": 12,
        "description": "Registry object added",
        "time_generated": "2024-09-18T07:11:48.0992781Z",
        "computer_name": "RACM",
        "details": {
            "RuleName": "-",
            "EventType": "DeleteValue",
            "UtcTime": "2024-09-18 07:11:48.098",
            "ProcessGuid": "{cec53bf7-733a-66e9-715e-000000000800}",
            "ProcessId": "16452",
            "Image": "C:\\Windows\\System32\\LogonUI.exe",
            "TargetObject": "HKU\\.DEFAULT\\Keyboard Layout\\Preload\\1",
            "User": "NT AUTHORITY\\SYSTEM"
        }
    },
    {
        "event_id": 13,
        "description": "Registry value set",
        "time_generated": "2024-09-18T07:11:32.7291206Z",
        "computer_name": "RACM",
        "details": {
            "RuleName": "-",
            "EventType": "SetValue",
            "UtcTime": "2024-09-18 07:11:32.723",
            "ProcessGuid": "{cec53bf7-a5cc-66e2-1a00-000000000800}",
            "ProcessId": "1996",
            "Image": "C:\\Windows\\System32\\svchost.exe",
            "TargetObject": "HKLM\\SOFTWARE\\Microsoft\\Windows NT\\CurrentVersion\\NetworkList\\Profiles\\{205E0406-CD0D-457D-90D9-2100569497F3}\\DateLastConnected",
            "Details": "Binary Data",
            "User": "NT AUTHORITY\\Servicio de red"
        }
    },
    {
        "event_id": 13,
        "description": "Registry value set",
        "time_generated": "2024-09-18T07:11:31.5764771Z",
        "computer_name": "RACM",
        "details": {
            "RuleName": "InvDB-Ver",
            "EventType": "SetValue",
            "UtcTime": "2024-09-18 07:11:31.571",
            "ProcessGuid": "{cec53bf7-a5cc-66e2-4f00-000000000800}",
            "ProcessId": "4424",
            "Image": "C:\\Windows\\System32\\svchost.exe",
            "TargetObject": "\\REGISTRY\\A\\{d2474bbd-2d4b-bc13-38d3-d061fb3de330}\\Root\\InventoryApplicationFile\\waasmedicagent.e|387adc0eeaef539a\\BinProductVersion",
            "Details": "10.0.22621.3810",
            "User": "NT AUTHORITY\\SYSTEM"
        }
    },
    {
        "event_id": 13,
        "description": "Registry value set",
        "time_generated": "2024-09-18T07:11:31.5763808Z",
        "computer_name": "RACM",
        "details": {
            "RuleName": "InvDB-CompileTimeClaim",
            "EventType": "SetValue",
            "UtcTime": "2024-09-18 07:11:31.571",
            "ProcessGuid": "{cec53bf7-a5cc-66e2-4f00-000000000800}",
            "ProcessId": "4424",
            "Image": "C:\\Windows\\System32\\svchost.exe",
            "TargetObject": "\\REGISTRY\\A\\{d2474bbd-2d4b-bc13-38d3-d061fb3de330}\\Root\\InventoryApplicationFile\\waasmedicagent.e|387adc0eeaef539a\\LinkDate",
            "Details": "12/04/2070 19:23:55",
            "User": "NT AUTHORITY\\SYSTEM"
        }
    },
    {
        "event_id": 13,
        "description": "Registry value set",
        "time_generated": "2024-09-18T07:11:31.5756965Z",
        "computer_name": "RACM",
        "details": {
            "RuleName": "InvDB-Pub",
            "EventType": "SetValue",
            "UtcTime": "2024-09-18 07:11:31.571",
            "ProcessGuid": "{cec53bf7-a5cc-66e2-4f00-000000000800}",
            "ProcessId": "4424",
            "Image": "C:\\Windows\\System32\\svchost.exe",
            "TargetObject": "\\REGISTRY\\A\\{d2474bbd-2d4b-bc13-38d3-d061fb3de330}\\Root\\InventoryApplicationFile\\waasmedicagent.e|387adc0eeaef539a\\Publisher",
            "Details": "microsoft corporation",
            "User": "NT AUTHORITY\\SYSTEM"
        }
    },
    {
        "event_id": 13,
        "description": "Registry value set",
        "time_generated": "2024-09-18T07:11:31.5753714Z",
        "computer_name": "RACM",
        "details": {
            "RuleName": "InvDB-Path",
            "EventType": "SetValue",
            "UtcTime": "2024-09-18 07:11:31.571",
            "ProcessGuid": "{cec53bf7-a5cc-66e2-4f00-000000000800}",
            "ProcessId": "4424",
            "Image": "C:\\Windows\\System32\\svchost.exe",
            "TargetObject": "\\REGISTRY\\A\\{d2474bbd-2d4b-bc13-38d3-d061fb3de330}\\Root\\InventoryApplicationFile\\waasmedicagent.e|387adc0eeaef539a\\LowerCaseLongPath",
            "Details": "c:\\windows\\uus\\amd64\\waasmedicagent.exe",
            "User": "NT AUTHORITY\\SYSTEM"
        }
    },
    {
        "event_id": 13,
        "description": "Registry value set",
        "time_generated": "2024-09-17T15:12:13.0044933Z",
        "computer_name": "RACM",
        "details": {
            "RuleName": "InvDB-Pub",
            "EventType": "SetValue",
            "UtcTime": "2024-09-17 15:12:12.994",
            "ProcessGuid": "{cec53bf7-4c91-66e9-c93d-000000000800}",
            "ProcessId": "6900",
            "Image": "C:\\Windows\\Explorer.EXE",
            "TargetObject": "HKU\\S-1-5-21-3110158002-99556644-4000773028-1001\\Control Panel\\NotifyIconSettings\\11561120760775771840\\Publisher",
            "Details": "Microsoft Windows",
            "User": "RACM\\raulr"
        }
    },
    {
        "event_id": 13,
        "description": "Registry value set",
        "time_generated": "2024-09-17T12:17:17.3521878Z",
        "computer_name": "RACM",
        "details": {
            "RuleName": "-",
            "EventType": "SetValue",
            "UtcTime": "2024-09-17 12:17:17.343",
            "ProcessGuid": "{cec53bf7-a5cc-66e2-1a00-000000000800}",
            "ProcessId": "1996",
            "Image": "C:\\Windows\\System32\\svchost.exe",
            "TargetObject": "HKLM\\SOFTWARE\\Microsoft\\Windows NT\\CurrentVersion\\NetworkList\\Profiles\\{205E0406-CD0D-457D-90D9-2100569497F3}\\DateLastConnected",
            "Details": "Binary Data",
            "User": "NT AUTHORITY\\Servicio de red"
        }
    },
    {
        "event_id": 13,
        "description": "Registry value set",
        "time_generated": "2024-09-17T12:02:39.4439750Z",
        "computer_name": "RACM",
        "details": {
            "RuleName": "InvDB-CompileTimeClaim",
            "EventType": "SetValue",
            "UtcTime": "2024-09-17 12:02:39.443",
            "ProcessGuid": "{cec53bf7-a5e3-66e2-1101-000000000800}",
            "ProcessId": "10856",
            "Image": "C:\\Windows\\system32\\svchost.exe",
            "TargetObject": "\\REGISTRY\\A\\{d2474bbd-2d4b-bc13-38d3-d061fb3de330}\\Root\\InventoryApplicationFile\\black.exe|d085ae3b423e7438\\LinkDate",
            "Details": "08/06/2022 06:41:05",
            "User": "NT AUTHORITY\\SYSTEM"
        }
    },
    {
        "event_id": 13,
        "description": "Registry value set",
        "time_generated": "2024-09-17T12:02:39.4437402Z",
        "computer_name": "RACM",
        "details": {
            "RuleName": "InvDB-Path",
            "EventType": "SetValue",
            "UtcTime": "2024-09-17 12:02:39.443",
            "ProcessGuid": "{cec53bf7-a5e3-66e2-1101-000000000800}",
            "ProcessId": "10856",
            "Image": "C:\\Windows\\system32\\svchost.exe",
            "TargetObject": "\\REGISTRY\\A\\{d2474bbd-2d4b-bc13-38d3-d061fb3de330}\\Root\\InventoryApplicationFile\\black.exe|d085ae3b423e7438\\LowerCaseLongPath",
            "Details": "c:\\users\\raulr\\appdata\\local\\programs\\python\\python312\\scripts\\black.exe",
            "User": "NT AUTHORITY\\SYSTEM"
        }
    },
    {
        "event_id": 13,
        "description": "Registry value set",
        "time_generated": "2024-09-17T11:58:07.0991168Z",
        "computer_name": "RACM",
        "details": {
            "RuleName": "-",
            "EventType": "SetValue",
            "UtcTime": "2024-09-17 11:58:07.097",
            "ProcessGuid": "{cec53bf7-a5cc-66e2-1a00-000000000800}",
            "ProcessId": "1996",
            "Image": "C:\\Windows\\System32\\svchost.exe",
            "TargetObject": "HKLM\\SOFTWARE\\Microsoft\\Windows NT\\CurrentVersion\\NetworkList\\Profiles\\{205E0406-CD0D-457D-90D9-2100569497F3}\\DateLastConnected",
            "Details": "Binary Data",
            "User": "NT AUTHORITY\\Servicio de red"
        }
    },
    {
        "event_id": 13,
        "description": "Registry value set",
        "time_generated": "2024-09-17T11:58:03.5264844Z",
        "computer_name": "RACM",
        "details": {
            "RuleName": "InvDB-Pub",
            "EventType": "SetValue",
            "UtcTime": "2024-09-17 11:58:03.525",
            "ProcessGuid": "{cec53bf7-4c91-66e9-c93d-000000000800}",
            "ProcessId": "6900",
            "Image": "C:\\Windows\\Explorer.EXE",
            "TargetObject": "HKU\\S-1-5-21-3110158002-99556644-4000773028-1001\\Control Panel\\NotifyIconSettings\\11561120760775771840\\Publisher",
            "Details": "Microsoft Windows",
            "User": "RACM\\raulr"
        }
    },
    {
        "event_id": 13,
        "description": "Registry value set",
        "time_generated": "2024-09-17T11:56:01.6430291Z",
        "computer_name": "RACM",
        "details": {
            "RuleName": "InvDB-Ver",
            "EventType": "SetValue",
            "UtcTime": "2024-09-17 11:56:01.640",
            "ProcessGuid": "{cec53bf7-a5cc-66e2-4f00-000000000800}",
            "ProcessId": "4424",
            "Image": "C:\\Windows\\System32\\svchost.exe",
            "TargetObject": "\\REGISTRY\\A\\{d2474bbd-2d4b-bc13-38d3-d061fb3de330}\\Root\\InventoryApplicationFile\\mpcmdrun.exe|f94e72b65af41985\\BinProductVersion",
            "Details": "4.18.24080.9",
            "User": "NT AUTHORITY\\SYSTEM"
        }
    },
    {
        "event_id": 13,
        "description": "Registry value set",
        "time_generated": "2024-09-17T11:56:01.6429216Z",
        "computer_name": "RACM",
        "details": {
            "RuleName": "InvDB-CompileTimeClaim",
            "EventType": "SetValue",
            "UtcTime": "2024-09-17 11:56:01.640",
            "ProcessGuid": "{cec53bf7-a5cc-66e2-4f00-000000000800}",
            "ProcessId": "4424",
            "Image": "C:\\Windows\\System32\\svchost.exe",
            "TargetObject": "\\REGISTRY\\A\\{d2474bbd-2d4b-bc13-38d3-d061fb3de330}\\Root\\InventoryApplicationFile\\mpcmdrun.exe|f94e72b65af41985\\LinkDate",
            "Details": "10/05/2030 06:40:26",
            "User": "NT AUTHORITY\\SYSTEM"
        }
    },
    {
        "event_id": 13,
        "description": "Registry value set",
        "time_generated": "2024-09-17T11:56:01.6421321Z",
        "computer_name": "RACM",
        "details": {
            "RuleName": "InvDB-Pub",
            "EventType": "SetValue",
            "UtcTime": "2024-09-17 11:56:01.640",
            "ProcessGuid": "{cec53bf7-a5cc-66e2-4f00-000000000800}",
            "ProcessId": "4424",
            "Image": "C:\\Windows\\System32\\svchost.exe",
            "TargetObject": "\\REGISTRY\\A\\{d2474bbd-2d4b-bc13-38d3-d061fb3de330}\\Root\\InventoryApplicationFile\\mpcmdrun.exe|f94e72b65af41985\\Publisher",
            "Details": "microsoft corporation",
            "User": "NT AUTHORITY\\SYSTEM"
        }
    },
    {
        "event_id": 13,
        "description": "Registry value set",
        "time_generated": "2024-09-17T11:56:01.6417940Z",
        "computer_name": "RACM",
        "details": {
            "RuleName": "InvDB-Path",
            "EventType": "SetValue",
            "UtcTime": "2024-09-17 11:56:01.640",
            "ProcessGuid": "{cec53bf7-a5cc-66e2-4f00-000000000800}",
            "ProcessId": "4424",
            "Image": "C:\\Windows\\System32\\svchost.exe",
            "TargetObject": "\\REGISTRY\\A\\{d2474bbd-2d4b-bc13-38d3-d061fb3de330}\\Root\\InventoryApplicationFile\\mpcmdrun.exe|f94e72b65af41985\\LowerCaseLongPath",
            "Details": "c:\\programdata\\microsoft\\windows defender\\platform\\4.18.24080.9-0\\mpcmdrun.exe",
            "User": "NT AUTHORITY\\SYSTEM"
        }
    },
    {
        "event_id": 13,
        "description": "Registry value set",
        "time_generated": "2024-09-17T11:49:07.0580169Z",
        "computer_name": "RACM",
        "details": {
            "RuleName": "T1042",
            "EventType": "SetValue",
            "UtcTime": "2024-09-17 11:49:07.053",
            "ProcessGuid": "{cec53bf7-6cb2-66e9-0858-000000000800}",
            "ProcessId": "23664",
            "Image": "C:\\Users\\raulr\\AppData\\Local\\Programs\\Microsoft VS Code\\Code.exe",
            "TargetObject": "HKU\\S-1-5-21-3110158002-99556644-4000773028-1001_Classes\\vscode\\shell\\open\\command\\(Default)",
            "Details": "\"C:\\Users\\raulr\\AppData\\Local\\Programs\\Microsoft VS Code\\Code.exe\" \"--open-url\" \"--\" \"%%1\"",
            "User": "RACM\\raulr"
        }
    },
    {
        "event_id": 13,
        "description": "Registry value set",
        "time_generated": "2024-09-17T11:49:04.7847532Z",
        "computer_name": "RACM",
        "details": {
            "RuleName": "InvDB",
            "EventType": "SetValue",
            "UtcTime": "2024-09-17 11:49:04.783",
            "ProcessGuid": "{cec53bf7-a5e3-66e2-1101-000000000800}",
            "ProcessId": "10856",
            "Image": "C:\\Windows\\system32\\svchost.exe",
            "TargetObject": "HKU\\S-1-5-21-3110158002-99556644-4000773028-1001\\Software\\Microsoft\\Windows NT\\CurrentVersion\\AppCompatFlags\\Compatibility Assistant\\Store\\C:\\Users\\raulr\\AppData\\Local\\Programs\\Microsoft VS Code\\Code.exe",
            "Details": "Binary Data",
            "User": "NT AUTHORITY\\SYSTEM"
        }
    },
    {
        "event_id": 13,
        "description": "Registry value set",
        "time_generated": "2024-09-17T11:46:00.8741455Z",
        "computer_name": "RACM",
        "details": {
            "RuleName": "T1031,T1050",
            "EventType": "SetValue",
            "UtcTime": "2024-09-17 11:46:00.873",
            "ProcessGuid": "{cec53bf7-a5cb-66e2-0a00-000000000800}",
            "ProcessId": "1192",
            "Image": "C:\\Windows\\system32\\services.exe",
            "TargetObject": "HKLM\\System\\CurrentControlSet\\Services\\WdNisDrv\\Start",
            "Details": "DWORD (0x00000003)",
            "User": "NT AUTHORITY\\SYSTEM"
        }
    },
    {
        "event_id": 13,
        "description": "Registry value set",
        "time_generated": "2024-09-17T11:46:00.8160120Z",
        "computer_name": "RACM",
        "details": {
            "RuleName": "T1031,T1050",
            "EventType": "SetValue",
            "UtcTime": "2024-09-17 11:46:00.812",
            "ProcessGuid": "{cec53bf7-a5cb-66e2-0a00-000000000800}",
            "ProcessId": "1192",
            "Image": "C:\\Windows\\system32\\services.exe",
            "TargetObject": "HKLM\\System\\CurrentControlSet\\Services\\MDCoreSvc\\Start",
            "Details": "DWORD (0x00000002)",
            "User": "NT AUTHORITY\\SYSTEM"
        }
    },
    {
        "event_id": 13,
        "description": "Registry value set",
        "time_generated": "2024-09-17T11:45:54.5093483Z",
        "computer_name": "RACM",
        "details": {
            "RuleName": "T1031,T1050",
            "EventType": "SetValue",
            "UtcTime": "2024-09-17 11:45:54.506",
            "ProcessGuid": "{cec53bf7-a5cb-66e2-0a00-000000000800}",
            "ProcessId": "1192",
            "Image": "C:\\Windows\\system32\\services.exe",
            "TargetObject": "HKLM\\System\\CurrentControlSet\\Services\\WinDefend\\Start",
            "Details": "DWORD (0x00000002)",
            "User": "NT AUTHORITY\\SYSTEM"
        }
    },
    {
        "event_id": 13,
        "description": "Registry value set",
        "time_generated": "2024-09-17T11:45:54.5090160Z",
        "computer_name": "RACM",
        "details": {
            "RuleName": "T1031,T1050",
            "EventType": "SetValue",
            "UtcTime": "2024-09-17 11:45:54.506",
            "ProcessGuid": "{cec53bf7-a5cb-66e2-0a00-000000000800}",
            "ProcessId": "1192",
            "Image": "C:\\Windows\\system32\\services.exe",
            "TargetObject": "HKLM\\System\\CurrentControlSet\\Services\\WdBoot\\Start",
            "Details": "DWORD (0x00000000)",
            "User": "NT AUTHORITY\\SYSTEM"
        }
    },
    {
        "event_id": 13,
        "description": "Registry value set",
        "time_generated": "2024-09-17T11:45:54.5086838Z",
        "computer_name": "RACM",
        "details": {
            "RuleName": "T1031,T1050",
            "EventType": "SetValue",
            "UtcTime": "2024-09-17 11:45:54.506",
            "ProcessGuid": "{cec53bf7-a5cb-66e2-0a00-000000000800}",
            "ProcessId": "1192",
            "Image": "C:\\Windows\\system32\\services.exe",
            "TargetObject": "HKLM\\System\\CurrentControlSet\\Services\\WdFilter\\Start",
            "Details": "DWORD (0x00000000)",
            "User": "NT AUTHORITY\\SYSTEM"
        }
    },
    {
        "event_id": 13,
        "description": "Registry value set",
        "time_generated": "2024-09-17T11:45:54.4588420Z",
        "computer_name": "RACM",
        "details": {
            "RuleName": "-",
            "EventType": "SetValue",
            "UtcTime": "2024-09-17 11:45:54.457",
            "ProcessGuid": "{cec53bf7-6bf0-66e9-5f57-000000000800}",
            "ProcessId": "9780",
            "Image": "C:\\ProgramData\\Microsoft\\Windows Defender\\Platform\\4.18.24080.9-0\\MsMpEng.exe",
            "TargetObject": "HKCR\\Directory\\shellex\\ContextMenuHandlers\\EPP\\(Default)",
            "Details": "{09A47860-11B0-4DA5-AFA5-26D86198A780}",
            "User": "NT AUTHORITY\\SYSTEM"
        }
    },
    {
        "event_id": 13,
        "description": "Registry value set",
        "time_generated": "2024-09-17T11:45:54.4587752Z",
        "computer_name": "RACM",
        "details": {
            "RuleName": "-",
            "EventType": "SetValue",
            "UtcTime": "2024-09-17 11:45:54.457",
            "ProcessGuid": "{cec53bf7-6bf0-66e9-5f57-000000000800}",
            "ProcessId": "9780",
            "Image": "C:\\ProgramData\\Microsoft\\Windows Defender\\Platform\\4.18.24080.9-0\\MsMpEng.exe",
            "TargetObject": "HKCR\\Drive\\shellex\\ContextMenuHandlers\\EPP\\(Default)",
            "Details": "{09A47860-11B0-4DA5-AFA5-26D86198A780}",
            "User": "NT AUTHORITY\\SYSTEM"
        }
    },
    {
        "event_id": 13,
        "description": "Registry value set",
        "time_generated": "2024-09-17T11:45:54.4587033Z",
        "computer_name": "RACM",
        "details": {
            "RuleName": "-",
            "EventType": "SetValue",
            "UtcTime": "2024-09-17 11:45:54.457",
            "ProcessGuid": "{cec53bf7-6bf0-66e9-5f57-000000000800}",
            "ProcessId": "9780",
            "Image": "C:\\ProgramData\\Microsoft\\Windows Defender\\Platform\\4.18.24080.9-0\\MsMpEng.exe",
            "TargetObject": "HKCR\\*\\shellex\\ContextMenuHandlers\\EPP\\(Default)",
            "Details": "{09A47860-11B0-4DA5-AFA5-26D86198A780}",
            "User": "NT AUTHORITY\\SYSTEM"
        }
    },
    {
        "event_id": 13,
        "description": "Registry value set",
        "time_generated": "2024-09-17T11:45:54.4535446Z",
        "computer_name": "RACM",
        "details": {
            "RuleName": "T1089,Tamper-Defender",
            "EventType": "SetValue",
            "UtcTime": "2024-09-17 11:45:54.450",
            "ProcessGuid": "{cec53bf7-6bf0-66e9-5f57-000000000800}",
            "ProcessId": "9780",
            "Image": "C:\\ProgramData\\Microsoft\\Windows Defender\\Platform\\4.18.24080.9-0\\MsMpEng.exe",
            "TargetObject": "HKLM\\SOFTWARE\\Microsoft\\Windows Defender\\DisableAntiVirus",
            "Details": "DWORD (0x00000000)",
            "User": "NT AUTHORITY\\SYSTEM"
        }
    },
    {
        "event_id": 13,
        "description": "Registry value set",
        "time_generated": "2024-09-17T11:45:54.4534458Z",
        "computer_name": "RACM",
        "details": {
            "RuleName": "T1089,Tamper-Defender",
            "EventType": "SetValue",
            "UtcTime": "2024-09-17 11:45:54.450",
            "ProcessGuid": "{cec53bf7-6bf0-66e9-5f57-000000000800}",
            "ProcessId": "9780",
            "Image": "C:\\ProgramData\\Microsoft\\Windows Defender\\Platform\\4.18.24080.9-0\\MsMpEng.exe",
            "TargetObject": "HKLM\\SOFTWARE\\Microsoft\\Windows Defender\\DisableAntiSpyware",
            "Details": "DWORD (0x00000000)",
            "User": "NT AUTHORITY\\SYSTEM"
        }
    },
    {
        "event_id": 13,
        "description": "Registry value set",
        "time_generated": "2024-09-17T11:45:54.4391964Z",
        "computer_name": "RACM",
        "details": {
            "RuleName": "T1031,T1050",
            "EventType": "SetValue",
            "UtcTime": "2024-09-17 11:45:54.438",
            "ProcessGuid": "{cec53bf7-a5cb-66e2-0a00-000000000800}",
            "ProcessId": "1192",
            "Image": "C:\\Windows\\system32\\services.exe",
            "TargetObject": "HKLM\\System\\CurrentControlSet\\Services\\MDCoreSvc\\Start",
            "Details": "DWORD (0x00000002)",
            "User": "NT AUTHORITY\\SYSTEM"
        }
    },
    {
        "event_id": 13,
        "description": "Registry value set",
        "time_generated": "2024-09-17T11:45:54.4373359Z",
        "computer_name": "RACM",
        "details": {
            "RuleName": "T1122",
            "EventType": "SetValue",
            "UtcTime": "2024-09-17 11:45:54.434",
            "ProcessGuid": "{cec53bf7-6bf0-66e9-5f57-000000000800}",
            "ProcessId": "9780",
            "Image": "C:\\ProgramData\\Microsoft\\Windows Defender\\Platform\\4.18.24080.9-0\\MsMpEng.exe",
            "TargetObject": "HKCR\\CLSID\\{4DB116D1-9B24-4DFC-946B-BFE03E852002}\\InProcServer32\\(Default)",
            "Details": "C:\\ProgramData\\Microsoft\\Windows Defender\\Platform\\4.18.24080.9-0\\MPUXAGENT.DLL",
            "User": "NT AUTHORITY\\SYSTEM"
        }
    },
    {
        "event_id": 13,
        "description": "Registry value set",
        "time_generated": "2024-09-17T11:45:54.4358587Z",
        "computer_name": "RACM",
        "details": {
            "RuleName": "T1122",
            "EventType": "SetValue",
            "UtcTime": "2024-09-17 11:45:54.434",
            "ProcessGuid": "{cec53bf7-6bf0-66e9-5f57-000000000800}",
            "ProcessId": "9780",
            "Image": "C:\\ProgramData\\Microsoft\\Windows Defender\\Platform\\4.18.24080.9-0\\MsMpEng.exe",
            "TargetObject": "HKCR\\CLSID\\{2DCD7FDB-8809-48E4-8E4F-3157C57CF987}\\InprocServer32\\(Default)",
            "Details": "C:\\ProgramData\\Microsoft\\Windows Defender\\Platform\\4.18.24080.9-0\\MPUXAGENT.DLL",
            "User": "NT AUTHORITY\\SYSTEM"
        }
    },
    {
        "event_id": 13,
        "description": "Registry value set",
        "time_generated": "2024-09-17T11:45:53.2692012Z",
        "computer_name": "RACM",
        "details": {
            "RuleName": "InvDB-Ver",
            "EventType": "SetValue",
            "UtcTime": "2024-09-17 11:45:53.268",
            "ProcessGuid": "{cec53bf7-a5cc-66e2-4f00-000000000800}",
            "ProcessId": "4424",
            "Image": "C:\\Windows\\System32\\svchost.exe",
            "TargetObject": "\\REGISTRY\\A\\{d2474bbd-2d4b-bc13-38d3-d061fb3de330}\\Root\\InventoryApplicationFile\\msmpeng.exe|b7ff6df189b30d20\\BinProductVersion",
            "Details": "4.18.24080.9",
            "User": "NT AUTHORITY\\SYSTEM"
        }
    },
    {
        "event_id": 13,
        "description": "Registry value set",
        "time_generated": "2024-09-17T11:45:53.2691062Z",
        "computer_name": "RACM",
        "details": {
            "RuleName": "InvDB-CompileTimeClaim",
            "EventType": "SetValue",
            "UtcTime": "2024-09-17 11:45:53.268",
            "ProcessGuid": "{cec53bf7-a5cc-66e2-4f00-000000000800}",
            "ProcessId": "4424",
            "Image": "C:\\Windows\\System32\\svchost.exe",
            "TargetObject": "\\REGISTRY\\A\\{d2474bbd-2d4b-bc13-38d3-d061fb3de330}\\Root\\InventoryApplicationFile\\msmpeng.exe|b7ff6df189b30d20\\LinkDate",
            "Details": "01/06/1998 11:40:13",
            "User": "NT AUTHORITY\\SYSTEM"
        }
    },
    {
        "event_id": 13,
        "description": "Registry value set",
        "time_generated": "2024-09-17T11:45:53.2676504Z",
        "computer_name": "RACM",
        "details": {
            "RuleName": "InvDB-Pub",
            "EventType": "SetValue",
            "UtcTime": "2024-09-17 11:45:53.266",
            "ProcessGuid": "{cec53bf7-a5cc-66e2-4f00-000000000800}",
            "ProcessId": "4424",
            "Image": "C:\\Windows\\System32\\svchost.exe",
            "TargetObject": "\\REGISTRY\\A\\{d2474bbd-2d4b-bc13-38d3-d061fb3de330}\\Root\\InventoryApplicationFile\\msmpeng.exe|b7ff6df189b30d20\\Publisher",
            "Details": "microsoft corporation",
            "User": "NT AUTHORITY\\SYSTEM"
        }
    },
    {
        "event_id": 13,
        "description": "Registry value set",
        "time_generated": "2024-09-17T11:45:53.2669487Z",
        "computer_name": "RACM",
        "details": {
            "RuleName": "InvDB-Path",
            "EventType": "SetValue",
            "UtcTime": "2024-09-17 11:45:53.266",
            "ProcessGuid": "{cec53bf7-a5cc-66e2-4f00-000000000800}",
            "ProcessId": "4424",
            "Image": "C:\\Windows\\System32\\svchost.exe",
            "TargetObject": "\\REGISTRY\\A\\{d2474bbd-2d4b-bc13-38d3-d061fb3de330}\\Root\\InventoryApplicationFile\\msmpeng.exe|b7ff6df189b30d20\\LowerCaseLongPath",
            "Details": "c:\\programdata\\microsoft\\windows defender\\platform\\4.18.24080.9-0\\msmpeng.exe",
            "User": "NT AUTHORITY\\SYSTEM"
        }
    },
    {
        "event_id": 13,
        "description": "Registry value set",
        "time_generated": "2024-09-17T11:45:53.1486869Z",
        "computer_name": "RACM",
        "details": {
            "RuleName": "-",
            "EventType": "SetValue",
            "UtcTime": "2024-09-17 11:45:53.148",
            "ProcessGuid": "{cec53bf7-6bf1-66e9-6657-000000000800}",
            "ProcessId": "22144",
            "Image": "C:\\Windows\\system32\\wevtutil.exe",
            "TargetObject": "HKLM\\SOFTWARE\\Microsoft\\Windows\\CurrentVersion\\WINEVT\\Channels\\Microsoft-Windows-Windows Defender/WHC\\Type",
            "Details": "DWORD (0x00000001)",
            "User": "NT AUTHORITY\\SYSTEM"
        }
    },
    {
        "event_id": 13,
        "description": "Registry value set",
        "time_generated": "2024-09-17T11:45:53.1486099Z",
        "computer_name": "RACM",
        "details": {
            "RuleName": "-",
            "EventType": "SetValue",
            "UtcTime": "2024-09-17 11:45:53.148",
            "ProcessGuid": "{cec53bf7-6bf1-66e9-6657-000000000800}",
            "ProcessId": "22144",
            "Image": "C:\\Windows\\system32\\wevtutil.exe",
            "TargetObject": "HKLM\\SOFTWARE\\Microsoft\\Windows\\CurrentVersion\\WINEVT\\Channels\\Microsoft-Windows-Windows Defender/WHC\\MaxSizeUpper",
            "Details": "DWORD (0x00000000)",
            "User": "NT AUTHORITY\\SYSTEM"
        }
    },
    {
        "event_id": 13,
        "description": "Registry value set",
        "time_generated": "2024-09-17T11:45:53.1485316Z",
        "computer_name": "RACM",
        "details": {
            "RuleName": "-",
            "EventType": "SetValue",
            "UtcTime": "2024-09-17 11:45:53.148",
            "ProcessGuid": "{cec53bf7-6bf1-66e9-6657-000000000800}",
            "ProcessId": "22144",
            "Image": "C:\\Windows\\system32\\wevtutil.exe",
            "TargetObject": "HKLM\\SOFTWARE\\Microsoft\\Windows\\CurrentVersion\\WINEVT\\Channels\\Microsoft-Windows-Windows Defender/WHC\\MaxSize",
            "Details": "DWORD (0x00040000)",
            "User": "NT AUTHORITY\\SYSTEM"
        }
    },
    {
        "event_id": 13,
        "description": "Registry value set",
        "time_generated": "2024-09-17T11:45:53.1484645Z",
        "computer_name": "RACM",
        "details": {
            "RuleName": "-",
            "EventType": "SetValue",
            "UtcTime": "2024-09-17 11:45:53.148",
            "ProcessGuid": "{cec53bf7-6bf1-66e9-6657-000000000800}",
            "ProcessId": "22144",
            "Image": "C:\\Windows\\system32\\wevtutil.exe",
            "TargetObject": "HKLM\\SOFTWARE\\Microsoft\\Windows\\CurrentVersion\\WINEVT\\Channels\\Microsoft-Windows-Windows Defender/WHC\\ChannelAccess",
            "Details": "O:BAG:SYD:(A;;0xf0007;;;SY)(A;;0x7;;;BA)(A;;0x3;;;BO)(A;;0x5;;;SO)(A;;0x1;;;IU)(A;;0x3;;;SU)(A;;0x1;;;S-1-5-3)(A;;0x2;;;S-1-5-33)(A;;0x1;;;S-1-5-32-573)",
            "User": "NT AUTHORITY\\SYSTEM"
        }
    },
    {
        "event_id": 13,
        "description": "Registry value set",
        "time_generated": "2024-09-17T11:45:53.1483941Z",
        "computer_name": "RACM",
        "details": {
            "RuleName": "-",
            "EventType": "SetValue",
            "UtcTime": "2024-09-17 11:45:53.148",
            "ProcessGuid": "{cec53bf7-6bf1-66e9-6657-000000000800}",
            "ProcessId": "22144",
            "Image": "C:\\Windows\\system32\\wevtutil.exe",
            "TargetObject": "HKLM\\SOFTWARE\\Microsoft\\Windows\\CurrentVersion\\WINEVT\\Channels\\Microsoft-Windows-Windows Defender/WHC\\Isolation",
            "Details": "DWORD (0x00000001)",
            "User": "NT AUTHORITY\\SYSTEM"
        }
    },
    {
        "event_id": 13,
        "description": "Registry value set",
        "time_generated": "2024-09-17T11:45:53.1483263Z",
        "computer_name": "RACM",
        "details": {
            "RuleName": "-",
            "EventType": "SetValue",
            "UtcTime": "2024-09-17 11:45:53.148",
            "ProcessGuid": "{cec53bf7-6bf1-66e9-6657-000000000800}",
            "ProcessId": "22144",
            "Image": "C:\\Windows\\system32\\wevtutil.exe",
            "TargetObject": "HKLM\\SOFTWARE\\Microsoft\\Windows\\CurrentVersion\\WINEVT\\Channels\\Microsoft-Windows-Windows Defender/WHC\\Enabled",
            "Details": "DWORD (0x00000001)",
            "User": "NT AUTHORITY\\SYSTEM"
        }
    },
    {
        "event_id": 13,
        "description": "Registry value set",
        "time_generated": "2024-09-17T11:45:53.1482594Z",
        "computer_name": "RACM",
        "details": {
            "RuleName": "-",
            "EventType": "SetValue",
            "UtcTime": "2024-09-17 11:45:53.148",
            "ProcessGuid": "{cec53bf7-6bf1-66e9-6657-000000000800}",
            "ProcessId": "22144",
            "Image": "C:\\Windows\\system32\\wevtutil.exe",
            "TargetObject": "HKLM\\SOFTWARE\\Microsoft\\Windows\\CurrentVersion\\WINEVT\\Channels\\Microsoft-Windows-Windows Defender/WHC\\OwningPublisher",
            "Details": "{11cd958a-c507-4ef3-b3f2-5fd9dfbd2c78}",
            "User": "NT AUTHORITY\\SYSTEM"
        }
    },
    {
        "event_id": 13,
        "description": "Registry value set",
        "time_generated": "2024-09-17T11:45:53.1481744Z",
        "computer_name": "RACM",
        "details": {
            "RuleName": "-",
            "EventType": "SetValue",
            "UtcTime": "2024-09-17 11:45:53.146",
            "ProcessGuid": "{cec53bf7-6bf1-66e9-6657-000000000800}",
            "ProcessId": "22144",
            "Image": "C:\\Windows\\system32\\wevtutil.exe",
            "TargetObject": "HKLM\\SOFTWARE\\Microsoft\\Windows\\CurrentVersion\\WINEVT\\Channels\\Microsoft-Windows-Windows Defender/Operational\\Type",
            "Details": "DWORD (0x00000001)",
            "User": "NT AUTHORITY\\SYSTEM"
        }
    },
    {
        "event_id": 13,
        "description": "Registry value set",
        "time_generated": "2024-09-17T11:45:53.1481021Z",
        "computer_name": "RACM",
        "details": {
            "RuleName": "-",
            "EventType": "SetValue",
            "UtcTime": "2024-09-17 11:45:53.146",
            "ProcessGuid": "{cec53bf7-6bf1-66e9-6657-000000000800}",
            "ProcessId": "22144",
            "Image": "C:\\Windows\\system32\\wevtutil.exe",
            "TargetObject": "HKLM\\SOFTWARE\\Microsoft\\Windows\\CurrentVersion\\WINEVT\\Channels\\Microsoft-Windows-Windows Defender/Operational\\MaxSizeUpper",
            "Details": "DWORD (0x00000000)",
            "User": "NT AUTHORITY\\SYSTEM"
        }
    },
    {
        "event_id": 13,
        "description": "Registry value set",
        "time_generated": "2024-09-17T11:45:53.1480308Z",
        "computer_name": "RACM",
        "details": {
            "RuleName": "-",
            "EventType": "SetValue",
            "UtcTime": "2024-09-17 11:45:53.146",
            "ProcessGuid": "{cec53bf7-6bf1-66e9-6657-000000000800}",
            "ProcessId": "22144",
            "Image": "C:\\Windows\\system32\\wevtutil.exe",
            "TargetObject": "HKLM\\SOFTWARE\\Microsoft\\Windows\\CurrentVersion\\WINEVT\\Channels\\Microsoft-Windows-Windows Defender/Operational\\MaxSize",
            "Details": "DWORD (0x01000000)",
            "User": "NT AUTHORITY\\SYSTEM"
        }
    },
    {
        "event_id": 13,
        "description": "Registry value set",
        "time_generated": "2024-09-17T11:45:53.1479614Z",
        "computer_name": "RACM",
        "details": {
            "RuleName": "-",
            "EventType": "SetValue",
            "UtcTime": "2024-09-17 11:45:53.146",
            "ProcessGuid": "{cec53bf7-6bf1-66e9-6657-000000000800}",
            "ProcessId": "22144",
            "Image": "C:\\Windows\\system32\\wevtutil.exe",
            "TargetObject": "HKLM\\SOFTWARE\\Microsoft\\Windows\\CurrentVersion\\WINEVT\\Channels\\Microsoft-Windows-Windows Defender/Operational\\ChannelAccess",
            "Details": "O:BAG:SYD:(A;;0xf0007;;;SY)(A;;0x7;;;BA)(A;;0x3;;;BO)(A;;0x5;;;SO)(A;;0x1;;;IU)(A;;0x3;;;SU)(A;;0x1;;;S-1-5-3)(A;;0x2;;;S-1-5-33)(A;;0x1;;;S-1-5-32-573)",
            "User": "NT AUTHORITY\\SYSTEM"
        }
    },
    {
        "event_id": 13,
        "description": "Registry value set",
        "time_generated": "2024-09-17T11:45:53.1478870Z",
        "computer_name": "RACM",
        "details": {
            "RuleName": "-",
            "EventType": "SetValue",
            "UtcTime": "2024-09-17 11:45:53.146",
            "ProcessGuid": "{cec53bf7-6bf1-66e9-6657-000000000800}",
            "ProcessId": "22144",
            "Image": "C:\\Windows\\system32\\wevtutil.exe",
            "TargetObject": "HKLM\\SOFTWARE\\Microsoft\\Windows\\CurrentVersion\\WINEVT\\Channels\\Microsoft-Windows-Windows Defender/Operational\\Isolation",
            "Details": "DWORD (0x00000001)",
            "User": "NT AUTHORITY\\SYSTEM"
        }
    },
    {
        "event_id": 13,
        "description": "Registry value set",
        "time_generated": "2024-09-17T11:45:53.1478118Z",
        "computer_name": "RACM",
        "details": {
            "RuleName": "-",
            "EventType": "SetValue",
            "UtcTime": "2024-09-17 11:45:53.146",
            "ProcessGuid": "{cec53bf7-6bf1-66e9-6657-000000000800}",
            "ProcessId": "22144",
            "Image": "C:\\Windows\\system32\\wevtutil.exe",
            "TargetObject": "HKLM\\SOFTWARE\\Microsoft\\Windows\\CurrentVersion\\WINEVT\\Channels\\Microsoft-Windows-Windows Defender/Operational\\Enabled",
            "Details": "DWORD (0x00000001)",
            "User": "NT AUTHORITY\\SYSTEM"
        }
    },
    {
        "event_id": 13,
        "description": "Registry value set",
        "time_generated": "2024-09-17T11:45:53.1477316Z",
        "computer_name": "RACM",
        "details": {
            "RuleName": "-",
            "EventType": "SetValue",
            "UtcTime": "2024-09-17 11:45:53.146",
            "ProcessGuid": "{cec53bf7-6bf1-66e9-6657-000000000800}",
            "ProcessId": "22144",
            "Image": "C:\\Windows\\system32\\wevtutil.exe",
            "TargetObject": "HKLM\\SOFTWARE\\Microsoft\\Windows\\CurrentVersion\\WINEVT\\Channels\\Microsoft-Windows-Windows Defender/Operational\\OwningPublisher",
            "Details": "{11cd958a-c507-4ef3-b3f2-5fd9dfbd2c78}",
            "User": "NT AUTHORITY\\SYSTEM"
        }
    },
    {
        "event_id": 12,
        "description": "Registry object added",
        "time_generated": "2024-09-17T11:45:53.0264468Z",
        "computer_name": "RACM",
        "details": {
            "RuleName": "-",
            "EventType": "DeleteKey",
            "UtcTime": "2024-09-17 11:45:53.023",
            "ProcessGuid": "{cec53bf7-6bf0-66e9-6457-000000000800}",
            "ProcessId": "18308",
            "Image": "C:\\Windows\\system32\\wevtutil.exe",
            "TargetObject": "HKLM\\SOFTWARE\\Microsoft\\Windows\\CurrentVersion\\WINEVT\\Channels\\Microsoft-Windows-Windows Defender/WHC",
            "User": "NT AUTHORITY\\SYSTEM"
        }
    },
    {
        "event_id": 12,
        "description": "Registry object added",
        "time_generated": "2024-09-17T11:45:52.9917299Z",
        "computer_name": "RACM",
        "details": {
            "RuleName": "-",
            "EventType": "DeleteKey",
            "UtcTime": "2024-09-17 11:45:52.989",
            "ProcessGuid": "{cec53bf7-6bf0-66e9-6457-000000000800}",
            "ProcessId": "18308",
            "Image": "C:\\Windows\\system32\\wevtutil.exe",
            "TargetObject": "HKLM\\SOFTWARE\\Microsoft\\Windows\\CurrentVersion\\WINEVT\\Channels\\Microsoft-Windows-Windows Defender/Operational",
            "User": "NT AUTHORITY\\SYSTEM"
        }
    },
    {
        "event_id": 13,
        "description": "Registry value set",
        "time_generated": "2024-09-17T11:45:52.2848591Z",
        "computer_name": "RACM",
        "details": {
            "RuleName": "T1031,T1050",
            "EventType": "SetValue",
            "UtcTime": "2024-09-17 11:45:52.283",
            "ProcessGuid": "{cec53bf7-a5cb-66e2-0a00-000000000800}",
            "ProcessId": "1192",
            "Image": "C:\\Windows\\system32\\services.exe",
            "TargetObject": "HKLM\\System\\CurrentControlSet\\Services\\WinDefend\\ImagePath",
            "Details": "\"C:\\ProgramData\\Microsoft\\Windows Defender\\Platform\\4.18.24080.9-0\\MsMpEng.exe\"",
            "User": "NT AUTHORITY\\SYSTEM"
        }
    },
    {
        "event_id": 13,
        "description": "Registry value set",
        "time_generated": "2024-09-17T11:45:49.2218394Z",
        "computer_name": "RACM",
        "details": {
            "RuleName": "T1031,T1050",
            "EventType": "SetValue",
            "UtcTime": "2024-09-17 11:45:49.220",
            "ProcessGuid": "{cec53bf7-a5cb-66e2-0a00-000000000800}",
            "ProcessId": "1192",
            "Image": "C:\\Windows\\system32\\services.exe",
            "TargetObject": "HKLM\\System\\CurrentControlSet\\Services\\MDCoreSvc\\Start",
            "Details": "DWORD (0x00000002)",
            "User": "NT AUTHORITY\\SYSTEM"
        }
    },
