    {
        "event_id": 12,
        "description": "Registry object added",
        "time_generated": "2024-09-17T09:51:54.7311564Z",
        "computer_name": "RACM",
        "details": {
            "RuleName": "-",
            "EventType": "DeleteValue",
            "UtcTime": "2024-09-17 09:51:54.722",
            "ProcessGuid": "{cec53bf7-4df5-66e9-643e-000000000800}",
            "ProcessId": "24224",
            "Image": "C:\\Windows\\System32\\LogonUI.exe",
            "TargetObject": "HKU\\.DEFAULT\\Keyboard Layout\\Substitutes\\00000c0a",
            "User": "NT AUTHORITY\\SYSTEM"
        }
    },
    {
        "event_id": 12,
        "description": "Registry object added",
        "time_generated": "2024-09-17T09:51:54.7310689Z",
        "computer_name": "RACM",
        "details": {
            "RuleName": "-",
            "EventType": "DeleteValue",
            "UtcTime": "2024-09-17 09:51:54.722",
            "ProcessGuid": "{cec53bf7-4df5-66e9-643e-000000000800}",
            "ProcessId": "24224",
            "Image": "C:\\Windows\\System32\\LogonUI.exe",
            "TargetObject": "HKU\\.DEFAULT\\Keyboard Layout\\Preload\\1",
            "User": "NT AUTHORITY\\SYSTEM"
        }
    },
    {
        "event_id": 13,
        "description": "Registry value set",
        "time_generated": "2024-09-17T09:51:51.9636361Z",
        "computer_name": "RACM",
        "details": {
            "RuleName": "InvDB-Pub",
            "EventType": "SetValue",
            "UtcTime": "2024-09-17 09:51:51.961",
            "ProcessGuid": "{cec53bf7-4c91-66e9-c93d-000000000800}",
            "ProcessId": "6900",
            "Image": "C:\\Windows\\Explorer.EXE",
            "TargetObject": "HKU\\S-1-5-21-3110158002-99556644-4000773028-1001\\Control Panel\\NotifyIconSettings\\11561120760775771840\\Publisher",
            "Details": "Microsoft Windows",
            "User": "RACM\\raulr"
        }
    },
    {
        "event_id": 13,
        "description": "Registry value set",
        "time_generated": "2024-09-17T09:37:05.1941743Z",
        "computer_name": "RACM",
        "details": {
            "RuleName": "T1042",
            "EventType": "SetValue",
            "UtcTime": "2024-09-17 09:37:05.193",
            "ProcessGuid": "{cec53bf7-4c91-66e9-c93d-000000000800}",
            "ProcessId": "6900",
            "Image": "C:\\Windows\\Explorer.EXE",
            "TargetObject": "HKU\\S-1-5-21-3110158002-99556644-4000773028-1001\\Software\\Microsoft\\Windows\\CurrentVersion\\Explorer\\FileExts\\.exe\\OpenWithProgids\\exefile",
            "Details": "Binary Data",
            "User": "RACM\\raulr"
        }
    },
    {
        "event_id": 13,
        "description": "Registry value set",
        "time_generated": "2024-09-17T09:32:56.4772503Z",
        "computer_name": "RACM",
        "details": {
            "RuleName": "-",
            "EventType": "SetValue",
            "UtcTime": "2024-09-17 09:32:56.476",
            "ProcessGuid": "{cec53bf7-a5dc-66e2-dc00-000000000800}",
            "ProcessId": "7508",
            "Image": "C:\\Windows\\system32\\svchost.exe",
            "TargetObject": "HKLM\\SOFTWARE\\Microsoft\\Windows\\CurrentVersion\\Authentication\\Credential Providers\\{D6886603-9D2F-4EB2-B667-1971041FA96B}\\S-1-5-21-3110158002-99556644-4000773028-1001\\NgcFirst\\ConsecutiveSwitchCount",
            "Details": "DWORD (0x00000000)",
            "User": "NT AUTHORITY\\SYSTEM"
        }
    },
    {
        "event_id": 13,
        "description": "Registry value set",
        "time_generated": "2024-09-17T09:32:56.4706839Z",
        "computer_name": "RACM",
        "details": {
            "RuleName": "-",
            "EventType": "SetValue",
            "UtcTime": "2024-09-17 09:32:56.469",
            "ProcessGuid": "{cec53bf7-4224-66e9-a33d-000000000800}",
            "ProcessId": "7660",
            "Image": "C:\\Windows\\System32\\LogonUI.exe",
            "TargetObject": "HKLM\\SOFTWARE\\Microsoft\\Windows\\CurrentVersion\\Authentication\\LogonUI\\LastLoggedOnUser",
            "Details": ".\\raulr",
            "User": "NT AUTHORITY\\SYSTEM"
        }
    },
    {
        "event_id": 13,
        "description": "Registry value set",
        "time_generated": "2024-09-17T09:32:54.7918325Z",
        "computer_name": "RACM",
        "details": {
            "RuleName": "-",
            "EventType": "SetValue",
            "UtcTime": "2024-09-17 09:32:54.791",
            "ProcessGuid": "{cec53bf7-4224-66e9-a33d-000000000800}",
            "ProcessId": "7660",
            "Image": "C:\\Windows\\System32\\LogonUI.exe",
            "TargetObject": "HKU\\.DEFAULT\\Keyboard Layout\\Substitutes\\00000c0a",
            "Details": "0000040a",
            "User": "NT AUTHORITY\\SYSTEM"
        }
    },
    {
        "event_id": 13,
        "description": "Registry value set",
        "time_generated": "2024-09-17T09:32:54.7918076Z",
        "computer_name": "RACM",
        "details": {
            "RuleName": "-",
            "EventType": "SetValue",
            "UtcTime": "2024-09-17 09:32:54.791",
            "ProcessGuid": "{cec53bf7-4224-66e9-a33d-000000000800}",
            "ProcessId": "7660",
            "Image": "C:\\Windows\\System32\\LogonUI.exe",
            "TargetObject": "HKU\\.DEFAULT\\Keyboard Layout\\Preload\\1",
            "Details": "00000c0a",
            "User": "NT AUTHORITY\\SYSTEM"
        }
    },
    {
        "event_id": 12,
        "description": "Registry object added",
        "time_generated": "2024-09-17T09:32:54.7917832Z",
        "computer_name": "RACM",
        "details": {
            "RuleName": "-",
            "EventType": "DeleteValue",
            "UtcTime": "2024-09-17 09:32:54.791",
            "ProcessGuid": "{cec53bf7-4224-66e9-a33d-000000000800}",
            "ProcessId": "7660",
            "Image": "C:\\Windows\\System32\\LogonUI.exe",
            "TargetObject": "HKU\\.DEFAULT\\Keyboard Layout\\Substitutes\\00000c0a",
            "User": "NT AUTHORITY\\SYSTEM"
        }
    },
    {
        "event_id": 12,
        "description": "Registry object added",
        "time_generated": "2024-09-17T09:32:54.7917519Z",
        "computer_name": "RACM",
        "details": {
            "RuleName": "-",
            "EventType": "DeleteValue",
            "UtcTime": "2024-09-17 09:32:54.791",
            "ProcessGuid": "{cec53bf7-4224-66e9-a33d-000000000800}",
            "ProcessId": "7660",
            "Image": "C:\\Windows\\System32\\LogonUI.exe",
            "TargetObject": "HKU\\.DEFAULT\\Keyboard Layout\\Preload\\1",
            "User": "NT AUTHORITY\\SYSTEM"
        }
    },
    {
        "event_id": 13,
        "description": "Registry value set",
        "time_generated": "2024-09-17T09:32:06.3626370Z",
        "computer_name": "RACM",
        "details": {
            "RuleName": "-",
            "EventType": "SetValue",
            "UtcTime": "2024-09-17 09:32:06.361",
            "ProcessGuid": "{cec53bf7-a5cc-66e2-1a00-000000000800}",
            "ProcessId": "1996",
            "Image": "C:\\Windows\\System32\\svchost.exe",
            "TargetObject": "HKLM\\SOFTWARE\\Microsoft\\Windows NT\\CurrentVersion\\NetworkList\\Profiles\\{205E0406-CD0D-457D-90D9-2100569497F3}\\DateLastConnected",
            "Details": "Binary Data",
            "User": "NT AUTHORITY\\Servicio de red"
        }
    },
    {
        "event_id": 13,
        "description": "Registry value set",
        "time_generated": "2024-09-17T09:32:05.1750309Z",
        "computer_name": "RACM",
        "details": {
            "RuleName": "InvDB-Pub",
            "EventType": "SetValue",
            "UtcTime": "2024-09-17 09:32:05.174",
            "ProcessGuid": "{cec53bf7-4c91-66e9-c93d-000000000800}",
            "ProcessId": "6900",
            "Image": "C:\\Windows\\Explorer.EXE",
            "TargetObject": "HKU\\S-1-5-21-3110158002-99556644-4000773028-1001\\Control Panel\\NotifyIconSettings\\11561120760775771840\\Publisher",
            "Details": "Microsoft Windows",
            "User": "RACM\\raulr"
        }
    },
    {
        "event_id": 13,
        "description": "Registry value set",
        "time_generated": "2024-09-17T09:32:05.1469561Z",
        "computer_name": "RACM",
        "details": {
            "RuleName": "InvDB-Pub",
            "EventType": "SetValue",
            "UtcTime": "2024-09-17 09:32:05.146",
            "ProcessGuid": "{cec53bf7-4c91-66e9-c93d-000000000800}",
            "ProcessId": "6900",
            "Image": "C:\\Windows\\Explorer.EXE",
            "TargetObject": "HKU\\S-1-5-21-3110158002-99556644-4000773028-1001\\Control Panel\\NotifyIconSettings\\13870712299665522705\\Publisher",
            "Details": "Microsoft Windows",
            "User": "RACM\\raulr"
        }
    },
    {
        "event_id": 13,
        "description": "Registry value set",
        "time_generated": "2024-09-17T09:32:04.6928645Z",
        "computer_name": "RACM",
        "details": {
            "RuleName": "InvDB-Pub",
            "EventType": "SetValue",
            "UtcTime": "2024-09-17 09:32:04.692",
            "ProcessGuid": "{cec53bf7-4c91-66e9-c93d-000000000800}",
            "ProcessId": "6900",
            "Image": "C:\\Windows\\Explorer.EXE",
            "TargetObject": "HKU\\S-1-5-21-3110158002-99556644-4000773028-1001\\Control Panel\\NotifyIconSettings\\6565631265146605727\\Publisher",
            "Details": "Advanced Micro Devices Inc.",
            "User": "RACM\\raulr"
        }
    },
    {
        "event_id": 13,
        "description": "Registry value set",
        "time_generated": "2024-09-17T08:08:09.0391483Z",
        "computer_name": "RACM",
        "details": {
            "RuleName": "T1060,RunKey",
            "EventType": "SetValue",
            "UtcTime": "2024-09-17 08:08:09.038",
            "ProcessGuid": "{cec53bf7-e777-66e7-4c0f-000000000800}",
            "ProcessId": "1760",
            "Image": "C:\\Program Files (x86)\\Microsoft\\Edge\\Application\\msedge.exe",
            "TargetObject": "HKU\\S-1-5-21-3110158002-99556644-4000773028-1001\\Software\\Microsoft\\Windows\\CurrentVersion\\Run\\MicrosoftEdgeAutoLaunch_58EC9A5F5E09CE0B596EDDA43FBFF6C7",
            "Details": "\"C:\\Program Files (x86)\\Microsoft\\Edge\\Application\\msedge.exe\" --no-startup-window --win-session-start",
            "User": "RACM\\raulr"
        }
    },
    {
        "event_id": 13,
        "description": "Registry value set",
        "time_generated": "2024-09-17T08:05:13.3106625Z",
        "computer_name": "RACM",
        "details": {
            "RuleName": "InvDB",
            "EventType": "SetValue",
            "UtcTime": "2024-09-17 08:05:13.309",
            "ProcessGuid": "{cec53bf7-a5e3-66e2-1101-000000000800}",
            "ProcessId": "10856",
            "Image": "C:\\Windows\\system32\\svchost.exe",
            "TargetObject": "HKU\\S-1-5-21-3110158002-99556644-4000773028-1001\\Software\\Microsoft\\Windows NT\\CurrentVersion\\AppCompatFlags\\Compatibility Assistant\\Store\\C:\\Users\\raulr\\AppData\\Local\\GitHubDesktop\\GitHubDesktop.exe",
            "Details": "Binary Data",
            "User": "NT AUTHORITY\\SYSTEM"
        }
    },
    {
        "event_id": 13,
        "description": "Registry value set",
        "time_generated": "2024-09-17T07:53:38.0532972Z",
        "computer_name": "RACM",
        "details": {
            "RuleName": "Suspicious,ImageBeginWithBackslash",
            "EventType": "SetValue",
            "UtcTime": "2024-09-17 07:53:38.052",
            "ProcessGuid": "{cec53bf7-3456-66e9-4a35-000000000800}",
            "ProcessId": "15712",
            "Image": "\\\\?\\C:\\Windows\\system32\\conhost.exe",
            "TargetObject": "HKLM\\SOFTWARE\\Microsoft\\Windows NT\\CurrentVersion\\Notifications\\Data\\418A073AA3BC1C75",
            "Details": "Binary Data",
            "User": "RACM\\raulr"
        }
    }
]