    {
        "event_id": 13,
        "description": "Registry value set",
        "time_generated": "2024-09-19T07:12:38.1993211Z",
        "computer_name": "RACM",
        "details": {
            "RuleName": "-",
            "EventType": "SetValue",
            "UtcTime": "2024-09-19 07:12:38.191",
            "ProcessGuid": "{cec53bf7-a5cc-66e2-1a00-000000000800}",
            "ProcessId": "1996",
            "Image": "C:\\Windows\\System32\\svchost.exe",
            "TargetObject": "HKLM\\SOFTWARE\\Microsoft\\Windows NT\\CurrentVersion\\NetworkList\\Profiles\\{205E0406-CD0D-457D-90D9-2100569497F3}\\DateLastConnected",
            "Details": "Binary Data",
            "User": "NT AUTHORITY\\Servicio de red"
        }
    },
    {
        "event_id": 13,
        "description": "Registry value set",
        "time_generated": "2024-09-18T15:24:17.1884435Z",
        "computer_name": "RACM",
        "details": {
            "RuleName": "InvDB-Pub",
            "EventType": "SetValue",
            "UtcTime": "2024-09-18 15:24:17.184",
            "ProcessGuid": "{cec53bf7-4c91-66e9-c93d-000000000800}",
            "ProcessId": "6900",
            "Image": "C:\\Windows\\Explorer.EXE",
            "TargetObject": "HKU\\S-1-5-21-3110158002-99556644-4000773028-1001\\Control Panel\\NotifyIconSettings\\11561120760775771840\\Publisher",
            "Details": "Microsoft Windows",
            "User": "RACM\\raulr"
        }
    },
    {
        "event_id": 13,
        "description": "Registry value set",
        "time_generated": "2024-09-18T11:01:01.7219707Z",
        "computer_name": "RACM",
        "details": {
            "RuleName": "T1031,T1050",
            "EventType": "SetValue",
            "UtcTime": "2024-09-18 11:01:01.718",
            "ProcessGuid": "{cec53bf7-a5cb-66e2-0a00-000000000800}",
            "ProcessId": "1192",
            "Image": "C:\\Windows\\system32\\services.exe",
            "TargetObject": "HKLM\\System\\CurrentControlSet\\Services\\dmwappushservice\\Start",
            "Details": "DWORD (0x00000002)",
            "User": "NT AUTHORITY\\SYSTEM"
        }
    },
    {
        "event_id": 13,
        "description": "Registry value set",
        "time_generated": "2024-09-18T10:57:21.2059444Z",
        "computer_name": "RACM",
        "details": {
            "RuleName": "InvDB",
            "EventType": "SetValue",
            "UtcTime": "2024-09-18 10:57:21.205",
            "ProcessGuid": "{cec53bf7-a5e3-66e2-1101-000000000800}",
            "ProcessId": "10856",
            "Image": "C:\\Windows\\system32\\svchost.exe",
            "TargetObject": "HKU\\S-1-5-21-3110158002-99556644-4000773028-1001\\Software\\Microsoft\\Windows NT\\CurrentVersion\\AppCompatFlags\\Compatibility Assistant\\Store\\C:\\Program Files\\Oracle\\VirtualBox\\VirtualBox.exe",
            "Details": "Binary Data",
            "User": "NT AUTHORITY\\SYSTEM"
        }
    },
    {
        "event_id": 13,
        "description": "Registry value set",
        "time_generated": "2024-09-18T10:56:09.1716388Z",
        "computer_name": "RACM",
        "details": {
            "RuleName": "InvDB-Ver",
            "EventType": "SetValue",
            "UtcTime": "2024-09-18 10:56:09.169",
            "ProcessGuid": "{cec53bf7-a5cc-66e2-4f00-000000000800}",
            "ProcessId": "4424",
            "Image": "C:\\Windows\\System32\\svchost.exe",
            "TargetObject": "\\REGISTRY\\A\\{d2474bbd-2d4b-bc13-38d3-d061fb3de330}\\Root\\InventoryApplicationFile\\virtualbox.exe|a2a06576b5c57268\\BinProductVersion",
            "Details": "7.1.0.14728",
            "User": "NT AUTHORITY\\SYSTEM"
        }
    },
    {
        "event_id": 13,
        "description": "Registry value set",
        "time_generated": "2024-09-18T10:56:09.1715597Z",
        "computer_name": "RACM",
        "details": {
            "RuleName": "InvDB-CompileTimeClaim",
            "EventType": "SetValue",
            "UtcTime": "2024-09-18 10:56:09.169",
            "ProcessGuid": "{cec53bf7-a5cc-66e2-4f00-000000000800}",
            "ProcessId": "4424",
            "Image": "C:\\Windows\\System32\\svchost.exe",
            "TargetObject": "\\REGISTRY\\A\\{d2474bbd-2d4b-bc13-38d3-d061fb3de330}\\Root\\InventoryApplicationFile\\virtualbox.exe|a2a06576b5c57268\\LinkDate",
            "Details": "09/06/2024 14:48:28",
            "User": "NT AUTHORITY\\SYSTEM"
        }
    },
    {
        "event_id": 13,
        "description": "Registry value set",
        "time_generated": "2024-09-18T10:56:09.1710369Z",
        "computer_name": "RACM",
        "details": {
            "RuleName": "InvDB-Pub",
            "EventType": "SetValue",
            "UtcTime": "2024-09-18 10:56:09.169",
            "ProcessGuid": "{cec53bf7-a5cc-66e2-4f00-000000000800}",
            "ProcessId": "4424",
            "Image": "C:\\Windows\\System32\\svchost.exe",
            "TargetObject": "\\REGISTRY\\A\\{d2474bbd-2d4b-bc13-38d3-d061fb3de330}\\Root\\InventoryApplicationFile\\virtualbox.exe|a2a06576b5c57268\\Publisher",
            "Details": "oracle and/or its affiliates",
            "User": "NT AUTHORITY\\SYSTEM"
        }
    },
    {
        "event_id": 13,
        "description": "Registry value set",
        "time_generated": "2024-09-18T10:56:09.1705895Z",
        "computer_name": "RACM",
        "details": {
            "RuleName": "InvDB-Path",
            "EventType": "SetValue",
            "UtcTime": "2024-09-18 10:56:09.169",
            "ProcessGuid": "{cec53bf7-a5cc-66e2-4f00-000000000800}",
            "ProcessId": "4424",
            "Image": "C:\\Windows\\System32\\svchost.exe",
            "TargetObject": "\\REGISTRY\\A\\{d2474bbd-2d4b-bc13-38d3-d061fb3de330}\\Root\\InventoryApplicationFile\\virtualbox.exe|a2a06576b5c57268\\LowerCaseLongPath",
            "Details": "c:\\program files\\oracle\\virtualbox\\virtualbox.exe",
            "User": "NT AUTHORITY\\SYSTEM"
        }
    },
    {
        "event_id": 13,
        "description": "Registry value set",
        "time_generated": "2024-09-18T10:39:49.2848531Z",
        "computer_name": "RACM",
        "details": {
            "RuleName": "InvDB-Ver",
            "EventType": "SetValue",
            "UtcTime": "2024-09-18 10:39:49.276",
            "ProcessGuid": "{cec53bf7-a5cc-66e2-4f00-000000000800}",
            "ProcessId": "4424",
            "Image": "C:\\Windows\\System32\\svchost.exe",
            "TargetObject": "\\REGISTRY\\A\\{d2474bbd-2d4b-bc13-38d3-d061fb3de330}\\Root\\InventoryApplicationFile\\virtualboxvm.exe|930fe19114b555de\\BinProductVersion",
            "Details": "7.1.0.14728",
            "User": "NT AUTHORITY\\SYSTEM"
        }
    },
    {
        "event_id": 13,
        "description": "Registry value set",
        "time_generated": "2024-09-18T10:39:49.2847729Z",
        "computer_name": "RACM",
        "details": {
            "RuleName": "InvDB-CompileTimeClaim",
            "EventType": "SetValue",
            "UtcTime": "2024-09-18 10:39:49.276",
            "ProcessGuid": "{cec53bf7-a5cc-66e2-4f00-000000000800}",
            "ProcessId": "4424",
            "Image": "C:\\Windows\\System32\\svchost.exe",
            "TargetObject": "\\REGISTRY\\A\\{d2474bbd-2d4b-bc13-38d3-d061fb3de330}\\Root\\InventoryApplicationFile\\virtualboxvm.exe|930fe19114b555de\\LinkDate",
            "Details": "09/06/2024 14:45:55",
            "User": "NT AUTHORITY\\SYSTEM"
        }
    },
    {
        "event_id": 13,
        "description": "Registry value set",
        "time_generated": "2024-09-18T10:39:49.2843181Z",
        "computer_name": "RACM",
        "details": {
            "RuleName": "InvDB-Pub",
            "EventType": "SetValue",
            "UtcTime": "2024-09-18 10:39:49.276",
            "ProcessGuid": "{cec53bf7-a5cc-66e2-4f00-000000000800}",
            "ProcessId": "4424",
            "Image": "C:\\Windows\\System32\\svchost.exe",
            "TargetObject": "\\REGISTRY\\A\\{d2474bbd-2d4b-bc13-38d3-d061fb3de330}\\Root\\InventoryApplicationFile\\virtualboxvm.exe|930fe19114b555de\\Publisher",
            "Details": "oracle and/or its affiliates",
            "User": "NT AUTHORITY\\SYSTEM"
        }
    },
    {
        "event_id": 13,
        "description": "Registry value set",
        "time_generated": "2024-09-18T10:39:49.2839869Z",
        "computer_name": "RACM",
        "details": {
            "RuleName": "InvDB-Path",
            "EventType": "SetValue",
            "UtcTime": "2024-09-18 10:39:49.276",
            "ProcessGuid": "{cec53bf7-a5cc-66e2-4f00-000000000800}",
            "ProcessId": "4424",
            "Image": "C:\\Windows\\System32\\svchost.exe",
            "TargetObject": "\\REGISTRY\\A\\{d2474bbd-2d4b-bc13-38d3-d061fb3de330}\\Root\\InventoryApplicationFile\\virtualboxvm.exe|930fe19114b555de\\LowerCaseLongPath",
            "Details": "c:\\program files\\oracle\\virtualbox\\virtualboxvm.exe",
            "User": "NT AUTHORITY\\SYSTEM"
        }
    },
    {
        "event_id": 13,
        "description": "Registry value set",
        "time_generated": "2024-09-18T10:39:49.2433199Z",
        "computer_name": "RACM",
        "details": {
            "RuleName": "InvDB-Ver",
            "EventType": "SetValue",
            "UtcTime": "2024-09-18 10:39:49.229",
            "ProcessGuid": "{cec53bf7-a5cc-66e2-4f00-000000000800}",
            "ProcessId": "4424",
            "Image": "C:\\Windows\\System32\\svchost.exe",
            "TargetObject": "\\REGISTRY\\A\\{d2474bbd-2d4b-bc13-38d3-d061fb3de330}\\Root\\InventoryApplicationFile\\vboxsvc.exe|a51c02565bee2bd0\\BinProductVersion",
            "Details": "7.1.0.14728",
            "User": "NT AUTHORITY\\SYSTEM"
        }
    },
    {
        "event_id": 13,
        "description": "Registry value set",
        "time_generated": "2024-09-18T10:39:49.2431728Z",
        "computer_name": "RACM",
        "details": {
            "RuleName": "InvDB-CompileTimeClaim",
            "EventType": "SetValue",
            "UtcTime": "2024-09-18 10:39:49.229",
            "ProcessGuid": "{cec53bf7-a5cc-66e2-4f00-000000000800}",
            "ProcessId": "4424",
            "Image": "C:\\Windows\\System32\\svchost.exe",
            "TargetObject": "\\REGISTRY\\A\\{d2474bbd-2d4b-bc13-38d3-d061fb3de330}\\Root\\InventoryApplicationFile\\vboxsvc.exe|a51c02565bee2bd0\\LinkDate",
            "Details": "09/06/2024 14:47:41",
            "User": "NT AUTHORITY\\SYSTEM"
        }
    },
    {
        "event_id": 13,
        "description": "Registry value set",
        "time_generated": "2024-09-18T10:39:49.2423459Z",
        "computer_name": "RACM",
        "details": {
            "RuleName": "InvDB-Pub",
            "EventType": "SetValue",
            "UtcTime": "2024-09-18 10:39:49.229",
            "ProcessGuid": "{cec53bf7-a5cc-66e2-4f00-000000000800}",
            "ProcessId": "4424",
            "Image": "C:\\Windows\\System32\\svchost.exe",
            "TargetObject": "\\REGISTRY\\A\\{d2474bbd-2d4b-bc13-38d3-d061fb3de330}\\Root\\InventoryApplicationFile\\vboxsvc.exe|a51c02565bee2bd0\\Publisher",
            "Details": "oracle and/or its affiliates",
            "User": "NT AUTHORITY\\SYSTEM"
        }
    },
    {
        "event_id": 13,
        "description": "Registry value set",
        "time_generated": "2024-09-18T10:39:49.2419421Z",
        "computer_name": "RACM",
        "details": {
            "RuleName": "InvDB-Path",
            "EventType": "SetValue",
            "UtcTime": "2024-09-18 10:39:49.229",
            "ProcessGuid": "{cec53bf7-a5cc-66e2-4f00-000000000800}",
            "ProcessId": "4424",
            "Image": "C:\\Windows\\System32\\svchost.exe",
            "TargetObject": "\\REGISTRY\\A\\{d2474bbd-2d4b-bc13-38d3-d061fb3de330}\\Root\\InventoryApplicationFile\\vboxsvc.exe|a51c02565bee2bd0\\LowerCaseLongPath",
            "Details": "c:\\program files\\oracle\\virtualbox\\vboxsvc.exe",
            "User": "NT AUTHORITY\\SYSTEM"
        }
    },
    {
        "event_id": 13,
        "description": "Registry value set",
        "time_generated": "2024-09-18T10:39:43.9978486Z",
        "computer_name": "RACM",
        "details": {
            "RuleName": "InvDB",
            "EventType": "SetValue",
            "UtcTime": "2024-09-18 10:39:43.995",
            "ProcessGuid": "{cec53bf7-a5e3-66e2-1101-000000000800}",
            "ProcessId": "10856",
            "Image": "C:\\Windows\\system32\\svchost.exe",
            "TargetObject": "HKU\\S-1-5-21-3110158002-99556644-4000773028-1001\\Software\\Microsoft\\Windows NT\\CurrentVersion\\AppCompatFlags\\Compatibility Assistant\\Store\\C:\\Program Files\\Oracle\\VirtualBox\\VirtualBox.exe",
            "Details": "Binary Data",
            "User": "NT AUTHORITY\\SYSTEM"
        }
    },
    {
        "event_id": 13,
        "description": "Registry value set",
        "time_generated": "2024-09-18T10:32:10.4934360Z",
        "computer_name": "RACM",
        "details": {
            "RuleName": "InvDB-Ver",
            "EventType": "SetValue",
            "UtcTime": "2024-09-18 10:32:10.489",
            "ProcessGuid": "{cec53bf7-a5e3-66e2-1101-000000000800}",
            "ProcessId": "10856",
            "Image": "C:\\Windows\\system32\\svchost.exe",
            "TargetObject": "\\REGISTRY\\A\\{d2474bbd-2d4b-bc13-38d3-d061fb3de330}\\Root\\InventoryApplicationFile\\sysmon64.exe|ffd3dd3baf015332\\BinProductVersion",
            "Details": "15.15.0.0",
            "User": "NT AUTHORITY\\SYSTEM"
        }
    },
    {
        "event_id": 13,
        "description": "Registry value set",
        "time_generated": "2024-09-18T10:32:10.4932895Z",
        "computer_name": "RACM",
        "details": {
            "RuleName": "InvDB-CompileTimeClaim",
            "EventType": "SetValue",
            "UtcTime": "2024-09-18 10:32:10.489",
            "ProcessGuid": "{cec53bf7-a5e3-66e2-1101-000000000800}",
            "ProcessId": "10856",
            "Image": "C:\\Windows\\system32\\svchost.exe",
            "TargetObject": "\\REGISTRY\\A\\{d2474bbd-2d4b-bc13-38d3-d061fb3de330}\\Root\\InventoryApplicationFile\\sysmon64.exe|ffd3dd3baf015332\\LinkDate",
            "Details": "07/22/2024 15:32:48",
            "User": "NT AUTHORITY\\SYSTEM"
        }
    },
    {
        "event_id": 13,
        "description": "Registry value set",
        "time_generated": "2024-09-18T10:32:10.4928284Z",
        "computer_name": "RACM",
        "details": {
            "RuleName": "InvDB-Pub",
            "EventType": "SetValue",
            "UtcTime": "2024-09-18 10:32:10.489",
            "ProcessGuid": "{cec53bf7-a5e3-66e2-1101-000000000800}",
            "ProcessId": "10856",
            "Image": "C:\\Windows\\system32\\svchost.exe",
            "TargetObject": "\\REGISTRY\\A\\{d2474bbd-2d4b-bc13-38d3-d061fb3de330}\\Root\\InventoryApplicationFile\\sysmon64.exe|ffd3dd3baf015332\\Publisher",
            "Details": "sysinternals - www.sysinternals.com",
            "User": "NT AUTHORITY\\SYSTEM"
        }
    },
    {
        "event_id": 13,
        "description": "Registry value set",
        "time_generated": "2024-09-18T10:32:10.4925281Z",
        "computer_name": "RACM",
        "details": {
            "RuleName": "InvDB-Path",
            "EventType": "SetValue",
            "UtcTime": "2024-09-18 10:32:10.489",
            "ProcessGuid": "{cec53bf7-a5e3-66e2-1101-000000000800}",
            "ProcessId": "10856",
            "Image": "C:\\Windows\\system32\\svchost.exe",
            "TargetObject": "\\REGISTRY\\A\\{d2474bbd-2d4b-bc13-38d3-d061fb3de330}\\Root\\InventoryApplicationFile\\sysmon64.exe|ffd3dd3baf015332\\LowerCaseLongPath",
            "Details": "c:\\users\\raulr\\documents\\github\\autodiagnostictools\\carmitre_module\\sysmon64.exe",
            "User": "NT AUTHORITY\\SYSTEM"
        }
    },
    {
        "event_id": 13,
        "description": "Registry value set",
        "time_generated": "2024-09-18T10:32:05.4362333Z",
        "computer_name": "RACM",
        "details": {
            "RuleName": "Alert,Sysinternals Tool Used",
            "EventType": "SetValue",
            "UtcTime": "2024-09-18 10:32:05.431",
            "ProcessGuid": "{cec53bf7-ac25-66ea-ab7b-000000000800}",
            "ProcessId": "20464",
            "Image": "C:\\Users\\raulr\\Documents\\GitHub\\autodiagnostictools\\carmitre_module\\Sysmon64.exe",
            "TargetObject": "HKU\\S-1-5-21-3110158002-99556644-4000773028-1001\\Software\\Sysinternals\\System Monitor\\EulaAccepted",
            "Details": "DWORD (0x00000001)",
            "User": "RACM\\raulr"
        }
    },
    {
        "event_id": 13,
        "description": "Registry value set",
        "time_generated": "2024-09-18T10:27:49.1034189Z",
        "computer_name": "RACM",
        "details": {
            "RuleName": "InvDB-Ver",
            "EventType": "SetValue",
            "UtcTime": "2024-09-18 10:27:49.098",
            "ProcessGuid": "{cec53bf7-a5e3-66e2-1101-000000000800}",
            "ProcessId": "10856",
            "Image": "C:\\Windows\\system32\\svchost.exe",
            "TargetObject": "\\REGISTRY\\A\\{d2474bbd-2d4b-bc13-38d3-d061fb3de330}\\Root\\InventoryApplicationFile\\sysmon64.exe|ffd3dd3baf015332\\BinProductVersion",
            "Details": "15.15.0.0",
            "User": "NT AUTHORITY\\SYSTEM"
        }
    },
    {
        "event_id": 13,
        "description": "Registry value set",
        "time_generated": "2024-09-18T10:27:49.1032871Z",
        "computer_name": "RACM",
        "details": {
            "RuleName": "InvDB-CompileTimeClaim",
            "EventType": "SetValue",
            "UtcTime": "2024-09-18 10:27:49.098",
            "ProcessGuid": "{cec53bf7-a5e3-66e2-1101-000000000800}",
            "ProcessId": "10856",
            "Image": "C:\\Windows\\system32\\svchost.exe",
            "TargetObject": "\\REGISTRY\\A\\{d2474bbd-2d4b-bc13-38d3-d061fb3de330}\\Root\\InventoryApplicationFile\\sysmon64.exe|ffd3dd3baf015332\\LinkDate",
            "Details": "07/22/2024 15:32:48",
            "User": "NT AUTHORITY\\SYSTEM"
        }
    },
    {
        "event_id": 13,
        "description": "Registry value set",
        "time_generated": "2024-09-18T10:27:49.1021724Z",
        "computer_name": "RACM",
        "details": {
            "RuleName": "InvDB-Pub",
            "EventType": "SetValue",
            "UtcTime": "2024-09-18 10:27:49.098",
            "ProcessGuid": "{cec53bf7-a5e3-66e2-1101-000000000800}",
            "ProcessId": "10856",
            "Image": "C:\\Windows\\system32\\svchost.exe",
            "TargetObject": "\\REGISTRY\\A\\{d2474bbd-2d4b-bc13-38d3-d061fb3de330}\\Root\\InventoryApplicationFile\\sysmon64.exe|ffd3dd3baf015332\\Publisher",
            "Details": "sysinternals - www.sysinternals.com",
            "User": "NT AUTHORITY\\SYSTEM"
        }
    },
    {
        "event_id": 13,
        "description": "Registry value set",
        "time_generated": "2024-09-18T10:27:49.1019092Z",
        "computer_name": "RACM",
        "details": {
            "RuleName": "InvDB-Path",
            "EventType": "SetValue",
            "UtcTime": "2024-09-18 10:27:49.098",
            "ProcessGuid": "{cec53bf7-a5e3-66e2-1101-000000000800}",
            "ProcessId": "10856",
            "Image": "C:\\Windows\\system32\\svchost.exe",
            "TargetObject": "\\REGISTRY\\A\\{d2474bbd-2d4b-bc13-38d3-d061fb3de330}\\Root\\InventoryApplicationFile\\sysmon64.exe|ffd3dd3baf015332\\LowerCaseLongPath",
            "Details": "c:\\users\\raulr\\documents\\github\\autodiagnostictools\\carmitre_module\\sysmon64.exe",
            "User": "NT AUTHORITY\\SYSTEM"
        }
    },
    {
        "event_id": 13,
        "description": "Registry value set",
        "time_generated": "2024-09-18T10:27:44.0483684Z",
        "computer_name": "RACM",
        "details": {
            "RuleName": "Alert,Sysinternals Tool Used",
            "EventType": "SetValue",
            "UtcTime": "2024-09-18 10:27:44.034",
            "ProcessGuid": "{cec53bf7-ab1f-66ea-e579-000000000800}",
            "ProcessId": "19028",
            "Image": "C:\\Users\\raulr\\Documents\\GitHub\\autodiagnostictools\\carmitre_module\\Sysmon64.exe",
            "TargetObject": "HKU\\S-1-5-21-3110158002-99556644-4000773028-1001\\Software\\Sysinternals\\System Monitor\\EulaAccepted",
            "Details": "DWORD (0x00000001)",
            "User": "RACM\\raulr"
        }
    },
    {
        "event_id": 13,
        "description": "Registry value set",
        "time_generated": "2024-09-18T09:59:11.5194368Z",
        "computer_name": "RACM",
        "details": {
            "RuleName": "-",
            "EventType": "SetValue",
            "UtcTime": "2024-09-18 09:59:11.516",
            "ProcessGuid": "{cec53bf7-a5cc-66e2-1a00-000000000800}",
            "ProcessId": "1996",
            "Image": "C:\\Windows\\System32\\svchost.exe",
            "TargetObject": "HKLM\\SOFTWARE\\Microsoft\\Windows NT\\CurrentVersion\\NetworkList\\Profiles\\{205E0406-CD0D-457D-90D9-2100569497F3}\\DateLastConnected",
            "Details": "Binary Data",
            "User": "NT AUTHORITY\\Servicio de red"
        }
    },
    {
        "event_id": 13,
        "description": "Registry value set",
        "time_generated": "2024-09-18T09:27:47.7611542Z",
        "computer_name": "RACM",
        "details": {
            "RuleName": "Suspicious,ImageBeginWithBackslash",
            "EventType": "SetValue",
            "UtcTime": "2024-09-18 09:27:47.760",
            "ProcessGuid": "{cec53bf7-9be7-66ea-6373-000000000800}",
            "ProcessId": "6476",
            "Image": "\\\\?\\C:\\Windows\\system32\\conhost.exe",
            "TargetObject": "HKLM\\SOFTWARE\\Microsoft\\Windows NT\\CurrentVersion\\Notifications\\Data\\418A073AA3BC1C75",
            "Details": "Binary Data",
            "User": "RACM\\raulr"
        }
    },
    {
        "event_id": 13,
        "description": "Registry value set",
        "time_generated": "2024-09-18T09:23:00.3583699Z",
        "computer_name": "RACM",
        "details": {
            "RuleName": "InvDB-Ver",
            "EventType": "SetValue",
            "UtcTime": "2024-09-18 09:23:00.357",
            "ProcessGuid": "{cec53bf7-a5e3-66e2-1101-000000000800}",
            "ProcessId": "10856",
            "Image": "C:\\Windows\\system32\\svchost.exe",
            "TargetObject": "\\REGISTRY\\A\\{d2474bbd-2d4b-bc13-38d3-d061fb3de330}\\Root\\InventoryApplicationFile\\sysmon64.exe|ffd3dd3baf015332\\BinProductVersion",
            "Details": "15.15.0.0",
            "User": "NT AUTHORITY\\SYSTEM"
        }
    },
    {
        "event_id": 13,
        "description": "Registry value set",
        "time_generated": "2024-09-18T09:23:00.3582262Z",
        "computer_name": "RACM",
        "details": {
            "RuleName": "InvDB-CompileTimeClaim",
            "EventType": "SetValue",
            "UtcTime": "2024-09-18 09:23:00.357",
            "ProcessGuid": "{cec53bf7-a5e3-66e2-1101-000000000800}",
            "ProcessId": "10856",
            "Image": "C:\\Windows\\system32\\svchost.exe",
            "TargetObject": "\\REGISTRY\\A\\{d2474bbd-2d4b-bc13-38d3-d061fb3de330}\\Root\\InventoryApplicationFile\\sysmon64.exe|ffd3dd3baf015332\\LinkDate",
            "Details": "07/22/2024 15:32:48",
            "User": "NT AUTHORITY\\SYSTEM"
        }
    },
    {
        "event_id": 13,
        "description": "Registry value set",
        "time_generated": "2024-09-18T09:23:00.3576406Z",
        "computer_name": "RACM",
        "details": {
            "RuleName": "InvDB-Pub",
            "EventType": "SetValue",
            "UtcTime": "2024-09-18 09:23:00.356",
            "ProcessGuid": "{cec53bf7-a5e3-66e2-1101-000000000800}",
            "ProcessId": "10856",
            "Image": "C:\\Windows\\system32\\svchost.exe",
            "TargetObject": "\\REGISTRY\\A\\{d2474bbd-2d4b-bc13-38d3-d061fb3de330}\\Root\\InventoryApplicationFile\\sysmon64.exe|ffd3dd3baf015332\\Publisher",
            "Details": "sysinternals - www.sysinternals.com",
            "User": "NT AUTHORITY\\SYSTEM"
        }
    },
    {
        "event_id": 13,
        "description": "Registry value set",
        "time_generated": "2024-09-18T09:23:00.3573790Z",
        "computer_name": "RACM",
        "details": {
            "RuleName": "InvDB-Path",
            "EventType": "SetValue",
            "UtcTime": "2024-09-18 09:23:00.356",
            "ProcessGuid": "{cec53bf7-a5e3-66e2-1101-000000000800}",
            "ProcessId": "10856",
            "Image": "C:\\Windows\\system32\\svchost.exe",
            "TargetObject": "\\REGISTRY\\A\\{d2474bbd-2d4b-bc13-38d3-d061fb3de330}\\Root\\InventoryApplicationFile\\sysmon64.exe|ffd3dd3baf015332\\LowerCaseLongPath",
            "Details": "c:\\users\\raulr\\documents\\github\\autodiagnostictools\\carmitre_module\\sysmon64.exe",
            "User": "NT AUTHORITY\\SYSTEM"
        }
    },
    {
        "event_id": 13,
        "description": "Registry value set",
        "time_generated": "2024-09-18T09:22:55.3111100Z",
        "computer_name": "RACM",
        "details": {
            "RuleName": "Alert,Sysinternals Tool Used",
            "EventType": "SetValue",
            "UtcTime": "2024-09-18 09:22:55.310",
            "ProcessGuid": "{cec53bf7-9bef-66ea-9673-000000000800}",
            "ProcessId": "14748",
            "Image": "C:\\Users\\raulr\\Documents\\GitHub\\autodiagnostictools\\carmitre_module\\Sysmon64.exe",
            "TargetObject": "HKU\\S-1-5-21-3110158002-99556644-4000773028-1001\\Software\\Sysinternals\\System Monitor\\EulaAccepted",
            "Details": "DWORD (0x00000001)",
            "User": "RACM\\raulr"
        }
    },
    {
        "event_id": 13,
        "description": "Registry value set",
        "time_generated": "2024-09-18T09:08:54.7379238Z",
        "computer_name": "RACM",
        "details": {
            "RuleName": "Tamper-Winlogon",
            "EventType": "SetValue",
            "UtcTime": "2024-09-18 09:08:54.736",
            "ProcessGuid": "{cec53bf7-9881-66ea-7970-000000000800}",
            "ProcessId": "22888",
            "Image": "C:\\Windows\\servicing\\TrustedInstaller.exe",
            "TargetObject": "HKLM\\System\\CurrentControlSet\\Control\\Winlogon\\Notifications\\Components\\TrustedInstaller\\Events",
            "Details": "(Empty)",
            "User": "NT AUTHORITY\\SYSTEM"
        }
    },
    {
        "event_id": 13,
        "description": "Registry value set",
        "time_generated": "2024-09-18T09:08:51.5020830Z",
        "computer_name": "RACM",
        "details": {
            "RuleName": "Tamper-Winlogon",
            "EventType": "SetValue",
            "UtcTime": "2024-09-18 09:08:51.501",
            "ProcessGuid": "{cec53bf7-9881-66ea-7970-000000000800}",
            "ProcessId": "22888",
            "Image": "C:\\Windows\\servicing\\TrustedInstaller.exe",
            "TargetObject": "HKLM\\System\\CurrentControlSet\\Control\\Winlogon\\Notifications\\Components\\TrustedInstaller\\Events",
            "Details": "CreateSession",
            "User": "NT AUTHORITY\\SYSTEM"
        }
    },
    {
        "event_id": 13,
        "description": "Registry value set",
        "time_generated": "2024-09-18T09:08:51.4696441Z",
        "computer_name": "RACM",
        "details": {
            "RuleName": "Tamper-Winlogon",
            "EventType": "SetValue",
            "UtcTime": "2024-09-18 09:08:51.469",
            "ProcessGuid": "{cec53bf7-9881-66ea-7970-000000000800}",
            "ProcessId": "22888",
            "Image": "C:\\Windows\\servicing\\TrustedInstaller.exe",
            "TargetObject": "HKLM\\System\\CurrentControlSet\\Control\\Winlogon\\Notifications\\Components\\TrustedInstaller\\Events",
            "Details": "(Empty)",
            "User": "NT AUTHORITY\\SYSTEM"
        }
    },
    {
        "event_id": 13,
        "description": "Registry value set",
        "time_generated": "2024-09-18T09:08:45.4175038Z",
        "computer_name": "RACM",
        "details": {
            "RuleName": "Tamper-Winlogon",
            "EventType": "SetValue",
            "UtcTime": "2024-09-18 09:08:45.416",
            "ProcessGuid": "{cec53bf7-9881-66ea-7970-000000000800}",
            "ProcessId": "22888",
            "Image": "C:\\Windows\\servicing\\TrustedInstaller.exe",
            "TargetObject": "HKLM\\System\\CurrentControlSet\\Control\\Winlogon\\Notifications\\Components\\TrustedInstaller\\Events",
            "Details": "CreateSession",
            "User": "NT AUTHORITY\\SYSTEM"
        }
    },
    {
        "event_id": 13,
        "description": "Registry value set",
        "time_generated": "2024-09-18T09:08:45.0702226Z",
        "computer_name": "RACM",
        "details": {
            "RuleName": "Tamper-Winlogon",
            "EventType": "SetValue",
            "UtcTime": "2024-09-18 09:08:45.069",
            "ProcessGuid": "{cec53bf7-9881-66ea-7970-000000000800}",
            "ProcessId": "22888",
            "Image": "C:\\Windows\\servicing\\TrustedInstaller.exe",
            "TargetObject": "HKLM\\System\\CurrentControlSet\\Control\\Winlogon\\Notifications\\Components\\TrustedInstaller\\Events",
            "Details": "(Empty)",
            "User": "NT AUTHORITY\\SYSTEM"
        }
    },
    {
        "event_id": 13,
        "description": "Registry value set",
        "time_generated": "2024-09-18T09:08:42.1934602Z",
        "computer_name": "RACM",
        "details": {
            "RuleName": "InvDB-Ver",
            "EventType": "SetValue",
            "UtcTime": "2024-09-18 09:08:42.191",
            "ProcessGuid": "{cec53bf7-a5cc-66e2-4f00-000000000800}",
            "ProcessId": "4424",
            "Image": "C:\\Windows\\System32\\svchost.exe",
            "TargetObject": "\\REGISTRY\\A\\{d2474bbd-2d4b-bc13-38d3-d061fb3de330}\\Root\\InventoryApplicationFile\\sdiagnhost.exe|6e330cf2f4aa0e56\\BinProductVersion",
            "Details": "10.0.22621.3527",
            "User": "NT AUTHORITY\\SYSTEM"
        }
    },
    {
        "event_id": 13,
        "description": "Registry value set",
        "time_generated": "2024-09-18T09:08:42.1933854Z",
        "computer_name": "RACM",
        "details": {
            "RuleName": "InvDB-CompileTimeClaim",
            "EventType": "SetValue",
            "UtcTime": "2024-09-18 09:08:42.191",
            "ProcessGuid": "{cec53bf7-a5cc-66e2-4f00-000000000800}",
            "ProcessId": "4424",
            "Image": "C:\\Windows\\System32\\svchost.exe",
            "TargetObject": "\\REGISTRY\\A\\{d2474bbd-2d4b-bc13-38d3-d061fb3de330}\\Root\\InventoryApplicationFile\\sdiagnhost.exe|6e330cf2f4aa0e56\\LinkDate",
            "Details": "02/08/2023 17:58:21",
            "User": "NT AUTHORITY\\SYSTEM"
        }
    },
    {
        "event_id": 13,
        "description": "Registry value set",
        "time_generated": "2024-09-18T09:08:42.1929564Z",
        "computer_name": "RACM",
        "details": {
            "RuleName": "InvDB-Pub",
            "EventType": "SetValue",
            "UtcTime": "2024-09-18 09:08:42.191",
            "ProcessGuid": "{cec53bf7-a5cc-66e2-4f00-000000000800}",
            "ProcessId": "4424",
            "Image": "C:\\Windows\\System32\\svchost.exe",
            "TargetObject": "\\REGISTRY\\A\\{d2474bbd-2d4b-bc13-38d3-d061fb3de330}\\Root\\InventoryApplicationFile\\sdiagnhost.exe|6e330cf2f4aa0e56\\Publisher",
            "Details": "microsoft corporation",
            "User": "NT AUTHORITY\\SYSTEM"
        }
    },
    {
        "event_id": 13,
        "description": "Registry value set",
        "time_generated": "2024-09-18T09:08:42.1926538Z",
        "computer_name": "RACM",
        "details": {
            "RuleName": "InvDB-Path",
            "EventType": "SetValue",
            "UtcTime": "2024-09-18 09:08:42.191",
            "ProcessGuid": "{cec53bf7-a5cc-66e2-4f00-000000000800}",
            "ProcessId": "4424",
            "Image": "C:\\Windows\\System32\\svchost.exe",
            "TargetObject": "\\REGISTRY\\A\\{d2474bbd-2d4b-bc13-38d3-d061fb3de330}\\Root\\InventoryApplicationFile\\sdiagnhost.exe|6e330cf2f4aa0e56\\LowerCaseLongPath",
            "Details": "c:\\windows\\system32\\sdiagnhost.exe",
            "User": "NT AUTHORITY\\SYSTEM"
        }
    },
    {
        "event_id": 13,
        "description": "Registry value set",
        "time_generated": "2024-09-18T09:08:41.3354651Z",
        "computer_name": "RACM",
        "details": {
            "RuleName": "InvDB-Ver",
            "EventType": "SetValue",
            "UtcTime": "2024-09-18 09:08:41.331",
            "ProcessGuid": "{cec53bf7-a5cc-66e2-4f00-000000000800}",
            "ProcessId": "4424",
            "Image": "C:\\Windows\\System32\\svchost.exe",
            "TargetObject": "\\REGISTRY\\A\\{d2474bbd-2d4b-bc13-38d3-d061fb3de330}\\Root\\InventoryApplicationFile\\tzsync.exe|b7312a33f1aac703\\BinProductVersion",
            "Details": "10.0.22621.2506",
            "User": "NT AUTHORITY\\SYSTEM"
        }
    },
    {
        "event_id": 13,
        "description": "Registry value set",
        "time_generated": "2024-09-18T09:08:41.3353824Z",
        "computer_name": "RACM",
        "details": {
            "RuleName": "InvDB-CompileTimeClaim",
            "EventType": "SetValue",
            "UtcTime": "2024-09-18 09:08:41.331",
            "ProcessGuid": "{cec53bf7-a5cc-66e2-4f00-000000000800}",
            "ProcessId": "4424",
            "Image": "C:\\Windows\\System32\\svchost.exe",
            "TargetObject": "\\REGISTRY\\A\\{d2474bbd-2d4b-bc13-38d3-d061fb3de330}\\Root\\InventoryApplicationFile\\tzsync.exe|b7312a33f1aac703\\LinkDate",
            "Details": "11/18/2040 08:40:34",
            "User": "NT AUTHORITY\\SYSTEM"
        }
    },
    {
        "event_id": 13,
        "description": "Registry value set",
        "time_generated": "2024-09-18T09:08:41.3337908Z",
        "computer_name": "RACM",
        "details": {
            "RuleName": "InvDB-Pub",
            "EventType": "SetValue",
            "UtcTime": "2024-09-18 09:08:41.331",
            "ProcessGuid": "{cec53bf7-a5cc-66e2-4f00-000000000800}",
            "ProcessId": "4424",
            "Image": "C:\\Windows\\System32\\svchost.exe",
            "TargetObject": "\\REGISTRY\\A\\{d2474bbd-2d4b-bc13-38d3-d061fb3de330}\\Root\\InventoryApplicationFile\\tzsync.exe|b7312a33f1aac703\\Publisher",
            "Details": "microsoft corporation",
            "User": "NT AUTHORITY\\SYSTEM"
        }
    },
    {
        "event_id": 13,
        "description": "Registry value set",
        "time_generated": "2024-09-18T09:08:41.3334900Z",
        "computer_name": "RACM",
        "details": {
            "RuleName": "InvDB-Path",
            "EventType": "SetValue",
            "UtcTime": "2024-09-18 09:08:41.331",
            "ProcessGuid": "{cec53bf7-a5cc-66e2-4f00-000000000800}",
            "ProcessId": "4424",
            "Image": "C:\\Windows\\System32\\svchost.exe",
            "TargetObject": "\\REGISTRY\\A\\{d2474bbd-2d4b-bc13-38d3-d061fb3de330}\\Root\\InventoryApplicationFile\\tzsync.exe|b7312a33f1aac703\\LowerCaseLongPath",
            "Details": "c:\\windows\\system32\\tzsync.exe",
            "User": "NT AUTHORITY\\SYSTEM"
        }
    },
    {
        "event_id": 13,
        "description": "Registry value set",
        "time_generated": "2024-09-18T09:08:41.2796039Z",
        "computer_name": "RACM",
        "details": {
            "RuleName": "InvDB-Ver",
            "EventType": "SetValue",
            "UtcTime": "2024-09-18 09:08:41.277",
            "ProcessGuid": "{cec53bf7-a5cc-66e2-4f00-000000000800}",
            "ProcessId": "4424",
            "Image": "C:\\Windows\\System32\\svchost.exe",
            "TargetObject": "\\REGISTRY\\A\\{d2474bbd-2d4b-bc13-38d3-d061fb3de330}\\Root\\InventoryApplicationFile\\la57setup.exe|32450771b7e6cb52\\BinProductVersion",
            "Details": "10.0.22621.1",
            "User": "NT AUTHORITY\\SYSTEM"
        }
    },
    {
        "event_id": 13,
        "description": "Registry value set",
        "time_generated": "2024-09-18T09:08:41.2794301Z",
        "computer_name": "RACM",
        "details": {
            "RuleName": "InvDB-CompileTimeClaim",
            "EventType": "SetValue",
            "UtcTime": "2024-09-18 09:08:41.277",
            "ProcessGuid": "{cec53bf7-a5cc-66e2-4f00-000000000800}",
            "ProcessId": "4424",
            "Image": "C:\\Windows\\System32\\svchost.exe",
            "TargetObject": "\\REGISTRY\\A\\{d2474bbd-2d4b-bc13-38d3-d061fb3de330}\\Root\\InventoryApplicationFile\\la57setup.exe|32450771b7e6cb52\\LinkDate",
            "Details": "12/12/2073 16:40:56",
            "User": "NT AUTHORITY\\SYSTEM"
        }
    },
    {
        "event_id": 13,
        "description": "Registry value set",
        "time_generated": "2024-09-18T09:08:41.2786823Z",
        "computer_name": "RACM",
        "details": {
            "RuleName": "InvDB-Pub",
            "EventType": "SetValue",
            "UtcTime": "2024-09-18 09:08:41.277",
            "ProcessGuid": "{cec53bf7-a5cc-66e2-4f00-000000000800}",
            "ProcessId": "4424",
            "Image": "C:\\Windows\\System32\\svchost.exe",
            "TargetObject": "\\REGISTRY\\A\\{d2474bbd-2d4b-bc13-38d3-d061fb3de330}\\Root\\InventoryApplicationFile\\la57setup.exe|32450771b7e6cb52\\Publisher",
            "Details": "microsoft corporation",
            "User": "NT AUTHORITY\\SYSTEM"
        }
    },
    {
        "event_id": 13,
        "description": "Registry value set",
        "time_generated": "2024-09-18T09:08:41.2781235Z",
        "computer_name": "RACM",
        "details": {
            "RuleName": "InvDB-Path",
            "EventType": "SetValue",
            "UtcTime": "2024-09-18 09:08:41.277",
            "ProcessGuid": "{cec53bf7-a5cc-66e2-4f00-000000000800}",
            "ProcessId": "4424",
            "Image": "C:\\Windows\\System32\\svchost.exe",
            "TargetObject": "\\REGISTRY\\A\\{d2474bbd-2d4b-bc13-38d3-d061fb3de330}\\Root\\InventoryApplicationFile\\la57setup.exe|32450771b7e6cb52\\LowerCaseLongPath",
            "Details": "c:\\windows\\system32\\la57setup.exe",
            "User": "NT AUTHORITY\\SYSTEM"
        }
    },
    {
        "event_id": 13,
        "description": "Registry value set",
        "time_generated": "2024-09-18T09:08:41.0686937Z",
        "computer_name": "RACM",
        "details": {
            "RuleName": "Tamper-Winlogon",
            "EventType": "SetValue",
            "UtcTime": "2024-09-18 09:08:41.068",
            "ProcessGuid": "{cec53bf7-9881-66ea-7970-000000000800}",
            "ProcessId": "22888",
            "Image": "C:\\Windows\\servicing\\TrustedInstaller.exe",
            "TargetObject": "HKLM\\System\\CurrentControlSet\\Control\\Winlogon\\Notifications\\Components\\TrustedInstaller\\Events",
            "Details": "CreateSession",
            "User": "NT AUTHORITY\\SYSTEM"
        }
    },
    {
        "event_id": 13,
        "description": "Registry value set",
        "time_generated": "2024-09-18T07:21:33.0883597Z",
        "computer_name": "RACM",
        "details": {
            "RuleName": "InvDB-Ver",
            "EventType": "SetValue",
            "UtcTime": "2024-09-18 07:21:33.086",
            "ProcessGuid": "{cec53bf7-a5cc-66e2-4f00-000000000800}",
            "ProcessId": "4424",
            "Image": "C:\\Windows\\System32\\svchost.exe",
            "TargetObject": "\\REGISTRY\\A\\{d2474bbd-2d4b-bc13-38d3-d061fb3de330}\\Root\\InventoryApplicationFile\\am_delta_patch_1|88a702a9023375eb\\BinProductVersion",
            "Details": "1.419.27.0",
            "User": "NT AUTHORITY\\SYSTEM"
        }
    },
    {
        "event_id": 13,
        "description": "Registry value set",
        "time_generated": "2024-09-18T07:21:33.0882791Z",
        "computer_name": "RACM",
        "details": {
            "RuleName": "InvDB-CompileTimeClaim",
            "EventType": "SetValue",
            "UtcTime": "2024-09-18 07:21:33.086",
            "ProcessGuid": "{cec53bf7-a5cc-66e2-4f00-000000000800}",
            "ProcessId": "4424",
            "Image": "C:\\Windows\\System32\\svchost.exe",
            "TargetObject": "\\REGISTRY\\A\\{d2474bbd-2d4b-bc13-38d3-d061fb3de330}\\Root\\InventoryApplicationFile\\am_delta_patch_1|88a702a9023375eb\\LinkDate",
            "Details": "09/18/2024 01:30:30",
            "User": "NT AUTHORITY\\SYSTEM"
        }
    },
    {
        "event_id": 13,
        "description": "Registry value set",
        "time_generated": "2024-09-18T07:21:33.0877456Z",
        "computer_name": "RACM",
        "details": {
            "RuleName": "InvDB-Pub",
            "EventType": "SetValue",
            "UtcTime": "2024-09-18 07:21:33.086",
            "ProcessGuid": "{cec53bf7-a5cc-66e2-4f00-000000000800}",
            "ProcessId": "4424",
            "Image": "C:\\Windows\\System32\\svchost.exe",
            "TargetObject": "\\REGISTRY\\A\\{d2474bbd-2d4b-bc13-38d3-d061fb3de330}\\Root\\InventoryApplicationFile\\am_delta_patch_1|88a702a9023375eb\\Publisher",
            "Details": "microsoft corporation",
            "User": "NT AUTHORITY\\SYSTEM"
        }
    },
    {
        "event_id": 13,
        "description": "Registry value set",
        "time_generated": "2024-09-18T07:21:33.0873292Z",
        "computer_name": "RACM",
        "details": {
            "RuleName": "InvDB-Path",
            "EventType": "SetValue",
            "UtcTime": "2024-09-18 07:21:33.086",
            "ProcessGuid": "{cec53bf7-a5cc-66e2-4f00-000000000800}",
            "ProcessId": "4424",
            "Image": "C:\\Windows\\System32\\svchost.exe",
            "TargetObject": "\\REGISTRY\\A\\{d2474bbd-2d4b-bc13-38d3-d061fb3de330}\\Root\\InventoryApplicationFile\\am_delta_patch_1|88a702a9023375eb\\LowerCaseLongPath",
            "Details": "c:\\windows\\softwaredistribution\\download\\install\\am_delta_patch_1.419.1.0.exe",
            "User": "NT AUTHORITY\\SYSTEM"
        }
    },
    {
        "event_id": 13,
        "description": "Registry value set",
        "time_generated": "2024-09-18T07:17:28.7125536Z",
        "computer_name": "RACM",
        "details": {
            "RuleName": "T1031,T1050",
            "EventType": "SetValue",
            "UtcTime": "2024-09-18 07:17:28.712",
            "ProcessGuid": "{cec53bf7-a5cb-66e2-0a00-000000000800}",
            "ProcessId": "1192",
            "Image": "C:\\Windows\\system32\\services.exe",
            "TargetObject": "HKLM\\System\\CurrentControlSet\\Services\\dmwappushservice\\Start",
            "Details": "DWORD (0x00000002)",
            "User": "NT AUTHORITY\\SYSTEM"
        }
    },
    {
        "event_id": 13,
        "description": "Registry value set",
        "time_generated": "2024-09-18T07:16:00.9443846Z",
        "computer_name": "RACM",
        "details": {
            "RuleName": "InvDB-DriverVer",
            "EventType": "SetValue",
            "UtcTime": "2024-09-18 07:16:00.943",
            "ProcessGuid": "{cec53bf7-a5c3-66e2-eb03-000000000000}",
            "ProcessId": "4",
            "Image": "System",
            "TargetObject": "HKLM\\System\\CurrentControlSet\\Control\\Class\\{745a17a0-74d3-11d0-b6fe-00a0c90f57da}\\0009\\DriverVersion",
            "Details": "10.0.22621.3672",
            "User": "NT AUTHORITY\\SYSTEM"
        }
    },
    {
        "event_id": 13,
        "description": "Registry value set",
        "time_generated": "2024-09-18T07:16:00.9253652Z",
        "computer_name": "RACM",
        "details": {
            "RuleName": "InvDB-DriverVer",
            "EventType": "SetValue",
            "UtcTime": "2024-09-18 07:16:00.911",
            "ProcessGuid": "{cec53bf7-a5c3-66e2-eb03-000000000000}",
            "ProcessId": "4",
            "Image": "System",
            "TargetObject": "HKLM\\System\\CurrentControlSet\\Control\\Class\\{745a17a0-74d3-11d0-b6fe-00a0c90f57da}\\0008\\DriverVersion",
            "Details": "10.0.22621.3672",
            "User": "NT AUTHORITY\\SYSTEM"
        }
    },
    {
        "event_id": 13,
        "description": "Registry value set",
        "time_generated": "2024-09-18T07:16:00.9038356Z",
        "computer_name": "RACM",
        "details": {
            "RuleName": "Context,DeviceConnectedOrUpdated",
            "EventType": "SetValue",
            "UtcTime": "2024-09-18 07:16:00.894",
            "ProcessGuid": "{cec53bf7-a5c3-66e2-eb03-000000000000}",
            "ProcessId": "4",
            "Image": "System",
            "TargetObject": "HKLM\\System\\CurrentControlSet\\Enum\\USB\\VID_04E8&PID_F649&MI_00\\9&9ed56cc&0&0000\\FriendlyName",
            "Details": "Billboard Interface",
            "User": "NT AUTHORITY\\SYSTEM"
        }
    },
    {
        "event_id": 13,
        "description": "Registry value set",
        "time_generated": "2024-09-18T07:16:00.9011966Z",
        "computer_name": "RACM",
        "details": {
            "RuleName": "InvDB-DriverVer",
            "EventType": "SetValue",
            "UtcTime": "2024-09-18 07:16:00.894",
            "ProcessGuid": "{cec53bf7-a5c3-66e2-eb03-000000000000}",
            "ProcessId": "4",
            "Image": "System",
            "TargetObject": "HKLM\\System\\CurrentControlSet\\Control\\Class\\{88bae032-5a81-49f0-bc3d-a4ff138216d6}\\0000\\DriverVersion",
            "Details": "10.0.22621.2506",
            "User": "NT AUTHORITY\\SYSTEM"
        }
    },
    {
        "event_id": 13,
        "description": "Registry value set",
        "time_generated": "2024-09-18T07:16:00.8769959Z",
        "computer_name": "RACM",
        "details": {
            "RuleName": "InvDB-DriverVer",
            "EventType": "SetValue",
            "UtcTime": "2024-09-18 07:16:00.862",
            "ProcessGuid": "{cec53bf7-a5c3-66e2-eb03-000000000000}",
            "ProcessId": "4",
            "Image": "System",
            "TargetObject": "HKLM\\System\\CurrentControlSet\\Control\\Class\\{36fc9e60-c465-11cf-8056-444553540000}\\0015\\DriverVersion",
            "Details": "10.0.22621.3672",
            "User": "NT AUTHORITY\\SYSTEM"
        }
    },
    {
        "event_id": 13,
        "description": "Registry value set",
        "time_generated": "2024-09-18T07:16:00.3614995Z",
        "computer_name": "RACM",
        "details": {
            "RuleName": "InvDB-DriverVer",
            "EventType": "SetValue",
            "UtcTime": "2024-09-18 07:16:00.355",
            "ProcessGuid": "{cec53bf7-a5c3-66e2-eb03-000000000000}",
            "ProcessId": "4",
            "Image": "System",
            "TargetObject": "HKLM\\System\\CurrentControlSet\\Control\\Class\\{36fc9e60-c465-11cf-8056-444553540000}\\0014\\DriverVersion",
            "Details": "10.0.22621.3672",
            "User": "NT AUTHORITY\\SYSTEM"
        }
    },
    {
        "event_id": 13,
        "description": "Registry value set",
        "time_generated": "2024-09-18T07:16:00.2652644Z",
        "computer_name": "RACM",
        "details": {
            "RuleName": "Context,DeviceConnectedOrUpdated",
            "EventType": "SetValue",
            "UtcTime": "2024-09-18 07:16:00.262",
            "ProcessGuid": "{cec53bf7-7e30-66ea-7760-000000000800}",
            "ProcessId": "12904",
            "Image": "C:\\Windows\\System32\\svchost.exe",
            "TargetObject": "HKLM\\System\\CurrentControlSet\\Enum\\USB\\VID_0BDA&PID_8153\\001000000\\FriendlyName",
            "Details": "Realtek(R) USB GbE Family Controller",
            "User": "NT AUTHORITY\\SYSTEM"
        }
    },
    {
        "event_id": 13,
        "description": "Registry value set",
        "time_generated": "2024-09-18T07:16:00.1674776Z",
        "computer_name": "RACM",
        "details": {
            "RuleName": "InvDB-DriverVer",
            "EventType": "SetValue",
            "UtcTime": "2024-09-18 07:16:00.166",
            "ProcessGuid": "{cec53bf7-a5c3-66e2-eb03-000000000000}",
            "ProcessId": "4",
            "Image": "System",
            "TargetObject": "HKLM\\System\\CurrentControlSet\\Control\\Class\\{4d36e972-e325-11ce-bfc1-08002be10318}\\0015\\DriverVersion",
            "Details": "10.38.117.2020",
            "User": "NT AUTHORITY\\SYSTEM"
        }
    },
    {
        "event_id": 13,
        "description": "Registry value set",
        "time_generated": "2024-09-18T07:15:59.8565096Z",
        "computer_name": "RACM",
        "details": {
            "RuleName": "InvDB-DriverVer",
            "EventType": "SetValue",
            "UtcTime": "2024-09-18 07:15:59.842",
            "ProcessGuid": "{cec53bf7-a5c3-66e2-eb03-000000000000}",
            "ProcessId": "4",
            "Image": "System",
            "TargetObject": "HKLM\\System\\CurrentControlSet\\Control\\Class\\{36fc9e60-c465-11cf-8056-444553540000}\\0013\\DriverVersion",
            "Details": "10.0.22621.3672",
            "User": "NT AUTHORITY\\SYSTEM"
        }
    },
    {
        "event_id": 13,
        "description": "Registry value set",
        "time_generated": "2024-09-18T07:15:59.8226382Z",
        "computer_name": "RACM",
        "details": {
            "RuleName": "T1031,T1050",
            "EventType": "SetValue",
            "UtcTime": "2024-09-18 07:15:59.816",
            "ProcessGuid": "{cec53bf7-a5cb-66e2-0a00-000000000800}",
            "ProcessId": "1192",
            "Image": "C:\\Windows\\system32\\services.exe",
            "TargetObject": "HKLM\\System\\CurrentControlSet\\Services\\rtux64w10\\ImagePath",
            "Details": "\\SystemRoot\\System32\\DriverStore\\FileRepository\\rtux64w10.inf_amd64_03831aeaaa2c730e\\rtux64w10.sys",
            "User": "NT AUTHORITY\\SYSTEM"
        }
    },
