    {
        "event_id": 13,
        "description": "Registry value set",
        "time_generated": "2024-09-17T11:45:49.2107064Z",
        "computer_name": "RACM",
        "details": {
            "RuleName": "T1031,T1050",
            "EventType": "SetValue",
            "UtcTime": "2024-09-17 11:45:49.210",
            "ProcessGuid": "{cec53bf7-a5cb-66e2-0a00-000000000800}",
            "ProcessId": "1192",
            "Image": "C:\\Windows\\system32\\services.exe",
            "TargetObject": "HKLM\\System\\CurrentControlSet\\Services\\MDCoreSvc\\ImagePath",
            "Details": "\"%%ProgramData%%\\Microsoft\\Windows Defender\\Platform\\4.18.24080.9-0\\MpDefenderCoreService.exe\"",
            "User": "NT AUTHORITY\\SYSTEM"
        }
    },
    {
        "event_id": 13,
        "description": "Registry value set",
        "time_generated": "2024-09-17T11:45:49.1170050Z",
        "computer_name": "RACM",
        "details": {
            "RuleName": "T1122",
            "EventType": "SetValue",
            "UtcTime": "2024-09-17 11:45:49.115",
            "ProcessGuid": "{cec53bf7-6bea-66e9-3f57-000000000800}",
            "ProcessId": "12136",
            "Image": "C:\\ProgramData\\Microsoft\\Windows Defender\\Platform\\4.18.24070.5-0\\MsMpEng.exe",
            "TargetObject": "HKCR\\CLSID\\{A7C452EF-8E9F-42EB-9F2B-245613CA0DC9}\\InprocServer32\\(Default)",
            "Details": "\"%%ProgramData%%\\Microsoft\\Windows Defender\\Platform\\4.18.24080.9-0\\ProtectionManagement.dll\"",
            "User": "NT AUTHORITY\\SYSTEM"
        }
    },
    {
        "event_id": 13,
        "description": "Registry value set",
        "time_generated": "2024-09-17T11:45:48.9396650Z",
        "computer_name": "RACM",
        "details": {
            "RuleName": "T1122",
            "EventType": "SetValue",
            "UtcTime": "2024-09-17 11:45:48.938",
            "ProcessGuid": "{cec53bf7-6bea-66e9-3f57-000000000800}",
            "ProcessId": "12136",
            "Image": "C:\\ProgramData\\Microsoft\\Windows Defender\\Platform\\4.18.24070.5-0\\MsMpEng.exe",
            "TargetObject": "HKCR\\CLSID\\{195B4D07-3DE2-4744-BBF2-D90121AE785B}\\InprocServer32\\(Default)",
            "Details": "\"%%ProgramData%%\\Microsoft\\Windows Defender\\Platform\\4.18.24080.9-0\\DefenderCSP.dll\"",
            "User": "NT AUTHORITY\\SYSTEM"
        }
    },
    {
        "event_id": 13,
        "description": "Registry value set",
        "time_generated": "2024-09-17T11:45:48.9388141Z",
        "computer_name": "RACM",
        "details": {
            "RuleName": "T1122",
            "EventType": "SetValue",
            "UtcTime": "2024-09-17 11:45:48.936",
            "ProcessGuid": "{cec53bf7-6bea-66e9-3f57-000000000800}",
            "ProcessId": "12136",
            "Image": "C:\\ProgramData\\Microsoft\\Windows Defender\\Platform\\4.18.24070.5-0\\MsMpEng.exe",
            "TargetObject": "HKCR\\CLSID\\{4DB116D1-9B24-4DFC-946B-BFE03E852002}\\InProcServer32\\(Default)",
            "Details": "C:\\ProgramData\\Microsoft\\Windows Defender\\Platform\\4.18.24080.9-0\\MPUXAGENT.DLL",
            "User": "NT AUTHORITY\\SYSTEM"
        }
    },
    {
        "event_id": 13,
        "description": "Registry value set",
        "time_generated": "2024-09-17T11:45:48.9368622Z",
        "computer_name": "RACM",
        "details": {
            "RuleName": "T1122",
            "EventType": "SetValue",
            "UtcTime": "2024-09-17 11:45:48.936",
            "ProcessGuid": "{cec53bf7-6bea-66e9-3f57-000000000800}",
            "ProcessId": "12136",
            "Image": "C:\\ProgramData\\Microsoft\\Windows Defender\\Platform\\4.18.24070.5-0\\MsMpEng.exe",
            "TargetObject": "HKCR\\CLSID\\{2DCD7FDB-8809-48E4-8E4F-3157C57CF987}\\InprocServer32\\(Default)",
            "Details": "C:\\ProgramData\\Microsoft\\Windows Defender\\Platform\\4.18.24080.9-0\\MPUXAGENT.DLL",
            "User": "NT AUTHORITY\\SYSTEM"
        }
    },
    {
        "event_id": 13,
        "description": "Registry value set",
        "time_generated": "2024-09-17T11:45:48.9335023Z",
        "computer_name": "RACM",
        "details": {
            "RuleName": "T1122",
            "EventType": "SetValue",
            "UtcTime": "2024-09-17 11:45:48.932",
            "ProcessGuid": "{cec53bf7-6bea-66e9-3f57-000000000800}",
            "ProcessId": "12136",
            "Image": "C:\\ProgramData\\Microsoft\\Windows Defender\\Platform\\4.18.24070.5-0\\MsMpEng.exe",
            "TargetObject": "HKCR\\WOW6432Node\\CLSID\\{2781761E-28E0-4109-99FE-B9D127C57AFE}\\InprocServer32\\(Default)",
            "Details": "\"C:\\ProgramData\\Microsoft\\Windows Defender\\Platform\\4.18.24080.9-0\\X86\\MpOav.dll\"",
            "User": "NT AUTHORITY\\SYSTEM"
        }
    },
    {
        "event_id": 13,
        "description": "Registry value set",
        "time_generated": "2024-09-17T11:45:48.9333713Z",
        "computer_name": "RACM",
        "details": {
            "RuleName": "T1122",
            "EventType": "SetValue",
            "UtcTime": "2024-09-17 11:45:48.932",
            "ProcessGuid": "{cec53bf7-6bea-66e9-3f57-000000000800}",
            "ProcessId": "12136",
            "Image": "C:\\ProgramData\\Microsoft\\Windows Defender\\Platform\\4.18.24070.5-0\\MsMpEng.exe",
            "TargetObject": "HKCR\\CLSID\\{2781761E-28E0-4109-99FE-B9D127C57AFE}\\InprocServer32\\(Default)",
            "Details": "\"%%ProgramData%%\\Microsoft\\Windows Defender\\Platform\\4.18.24080.9-0\\MpOav.dll\"",
            "User": "NT AUTHORITY\\SYSTEM"
        }
    },
    {
        "event_id": 13,
        "description": "Registry value set",
        "time_generated": "2024-09-17T11:45:48.0406892Z",
        "computer_name": "RACM",
        "details": {
            "RuleName": "-",
            "EventType": "SetValue",
            "UtcTime": "2024-09-17 11:45:48.037",
            "ProcessGuid": "{cec53bf7-6beb-66e9-4657-000000000800}",
            "ProcessId": "14572",
            "Image": "C:\\Windows\\system32\\wevtutil.exe",
            "TargetObject": "HKLM\\SOFTWARE\\Microsoft\\Windows\\CurrentVersion\\WINEVT\\Channels\\Microsoft-Windows-Windows Defender/WHC\\Type",
            "Details": "DWORD (0x00000001)",
            "User": "NT AUTHORITY\\SYSTEM"
        }
    },
    {
        "event_id": 13,
        "description": "Registry value set",
        "time_generated": "2024-09-17T11:45:48.0406447Z",
        "computer_name": "RACM",
        "details": {
            "RuleName": "-",
            "EventType": "SetValue",
            "UtcTime": "2024-09-17 11:45:48.037",
            "ProcessGuid": "{cec53bf7-6beb-66e9-4657-000000000800}",
            "ProcessId": "14572",
            "Image": "C:\\Windows\\system32\\wevtutil.exe",
            "TargetObject": "HKLM\\SOFTWARE\\Microsoft\\Windows\\CurrentVersion\\WINEVT\\Channels\\Microsoft-Windows-Windows Defender/WHC\\MaxSizeUpper",
            "Details": "DWORD (0x00000000)",
            "User": "NT AUTHORITY\\SYSTEM"
        }
    },
    {
        "event_id": 13,
        "description": "Registry value set",
        "time_generated": "2024-09-17T11:45:48.0405944Z",
        "computer_name": "RACM",
        "details": {
            "RuleName": "-",
            "EventType": "SetValue",
            "UtcTime": "2024-09-17 11:45:48.037",
            "ProcessGuid": "{cec53bf7-6beb-66e9-4657-000000000800}",
            "ProcessId": "14572",
            "Image": "C:\\Windows\\system32\\wevtutil.exe",
            "TargetObject": "HKLM\\SOFTWARE\\Microsoft\\Windows\\CurrentVersion\\WINEVT\\Channels\\Microsoft-Windows-Windows Defender/WHC\\MaxSize",
            "Details": "DWORD (0x00040000)",
            "User": "NT AUTHORITY\\SYSTEM"
        }
    },
    {
        "event_id": 13,
        "description": "Registry value set",
        "time_generated": "2024-09-17T11:45:48.0405466Z",
        "computer_name": "RACM",
        "details": {
            "RuleName": "-",
            "EventType": "SetValue",
            "UtcTime": "2024-09-17 11:45:48.037",
            "ProcessGuid": "{cec53bf7-6beb-66e9-4657-000000000800}",
            "ProcessId": "14572",
            "Image": "C:\\Windows\\system32\\wevtutil.exe",
            "TargetObject": "HKLM\\SOFTWARE\\Microsoft\\Windows\\CurrentVersion\\WINEVT\\Channels\\Microsoft-Windows-Windows Defender/WHC\\ChannelAccess",
            "Details": "O:BAG:SYD:(A;;0xf0007;;;SY)(A;;0x7;;;BA)(A;;0x3;;;BO)(A;;0x5;;;SO)(A;;0x1;;;IU)(A;;0x3;;;SU)(A;;0x1;;;S-1-5-3)(A;;0x2;;;S-1-5-33)(A;;0x1;;;S-1-5-32-573)",
            "User": "NT AUTHORITY\\SYSTEM"
        }
    },
    {
        "event_id": 13,
        "description": "Registry value set",
        "time_generated": "2024-09-17T11:45:48.0405000Z",
        "computer_name": "RACM",
        "details": {
            "RuleName": "-",
            "EventType": "SetValue",
            "UtcTime": "2024-09-17 11:45:48.037",
            "ProcessGuid": "{cec53bf7-6beb-66e9-4657-000000000800}",
            "ProcessId": "14572",
            "Image": "C:\\Windows\\system32\\wevtutil.exe",
            "TargetObject": "HKLM\\SOFTWARE\\Microsoft\\Windows\\CurrentVersion\\WINEVT\\Channels\\Microsoft-Windows-Windows Defender/WHC\\Isolation",
            "Details": "DWORD (0x00000001)",
            "User": "NT AUTHORITY\\SYSTEM"
        }
    },
    {
        "event_id": 13,
        "description": "Registry value set",
        "time_generated": "2024-09-17T11:45:48.0404549Z",
        "computer_name": "RACM",
        "details": {
            "RuleName": "-",
            "EventType": "SetValue",
            "UtcTime": "2024-09-17 11:45:48.037",
            "ProcessGuid": "{cec53bf7-6beb-66e9-4657-000000000800}",
            "ProcessId": "14572",
            "Image": "C:\\Windows\\system32\\wevtutil.exe",
            "TargetObject": "HKLM\\SOFTWARE\\Microsoft\\Windows\\CurrentVersion\\WINEVT\\Channels\\Microsoft-Windows-Windows Defender/WHC\\Enabled",
            "Details": "DWORD (0x00000001)",
            "User": "NT AUTHORITY\\SYSTEM"
        }
    },
    {
        "event_id": 13,
        "description": "Registry value set",
        "time_generated": "2024-09-17T11:45:48.0404103Z",
        "computer_name": "RACM",
        "details": {
            "RuleName": "-",
            "EventType": "SetValue",
            "UtcTime": "2024-09-17 11:45:48.037",
            "ProcessGuid": "{cec53bf7-6beb-66e9-4657-000000000800}",
            "ProcessId": "14572",
            "Image": "C:\\Windows\\system32\\wevtutil.exe",
            "TargetObject": "HKLM\\SOFTWARE\\Microsoft\\Windows\\CurrentVersion\\WINEVT\\Channels\\Microsoft-Windows-Windows Defender/WHC\\OwningPublisher",
            "Details": "{11cd958a-c507-4ef3-b3f2-5fd9dfbd2c78}",
            "User": "NT AUTHORITY\\SYSTEM"
        }
    },
    {
        "event_id": 13,
        "description": "Registry value set",
        "time_generated": "2024-09-17T11:45:48.0403523Z",
        "computer_name": "RACM",
        "details": {
            "RuleName": "-",
            "EventType": "SetValue",
            "UtcTime": "2024-09-17 11:45:48.037",
            "ProcessGuid": "{cec53bf7-6beb-66e9-4657-000000000800}",
            "ProcessId": "14572",
            "Image": "C:\\Windows\\system32\\wevtutil.exe",
            "TargetObject": "HKLM\\SOFTWARE\\Microsoft\\Windows\\CurrentVersion\\WINEVT\\Channels\\Microsoft-Windows-Windows Defender/Operational\\Type",
            "Details": "DWORD (0x00000001)",
            "User": "NT AUTHORITY\\SYSTEM"
        }
    },
    {
        "event_id": 13,
        "description": "Registry value set",
        "time_generated": "2024-09-17T11:45:48.0403067Z",
        "computer_name": "RACM",
        "details": {
            "RuleName": "-",
            "EventType": "SetValue",
            "UtcTime": "2024-09-17 11:45:48.037",
            "ProcessGuid": "{cec53bf7-6beb-66e9-4657-000000000800}",
            "ProcessId": "14572",
            "Image": "C:\\Windows\\system32\\wevtutil.exe",
            "TargetObject": "HKLM\\SOFTWARE\\Microsoft\\Windows\\CurrentVersion\\WINEVT\\Channels\\Microsoft-Windows-Windows Defender/Operational\\MaxSizeUpper",
            "Details": "DWORD (0x00000000)",
            "User": "NT AUTHORITY\\SYSTEM"
        }
    },
    {
        "event_id": 13,
        "description": "Registry value set",
        "time_generated": "2024-09-17T11:45:48.0402588Z",
        "computer_name": "RACM",
        "details": {
            "RuleName": "-",
            "EventType": "SetValue",
            "UtcTime": "2024-09-17 11:45:48.037",
            "ProcessGuid": "{cec53bf7-6beb-66e9-4657-000000000800}",
            "ProcessId": "14572",
            "Image": "C:\\Windows\\system32\\wevtutil.exe",
            "TargetObject": "HKLM\\SOFTWARE\\Microsoft\\Windows\\CurrentVersion\\WINEVT\\Channels\\Microsoft-Windows-Windows Defender/Operational\\MaxSize",
            "Details": "DWORD (0x01000000)",
            "User": "NT AUTHORITY\\SYSTEM"
        }
    },
    {
        "event_id": 13,
        "description": "Registry value set",
        "time_generated": "2024-09-17T11:45:48.0402117Z",
        "computer_name": "RACM",
        "details": {
            "RuleName": "-",
            "EventType": "SetValue",
            "UtcTime": "2024-09-17 11:45:48.037",
            "ProcessGuid": "{cec53bf7-6beb-66e9-4657-000000000800}",
            "ProcessId": "14572",
            "Image": "C:\\Windows\\system32\\wevtutil.exe",
            "TargetObject": "HKLM\\SOFTWARE\\Microsoft\\Windows\\CurrentVersion\\WINEVT\\Channels\\Microsoft-Windows-Windows Defender/Operational\\ChannelAccess",
            "Details": "O:BAG:SYD:(A;;0xf0007;;;SY)(A;;0x7;;;BA)(A;;0x3;;;BO)(A;;0x5;;;SO)(A;;0x1;;;IU)(A;;0x3;;;SU)(A;;0x1;;;S-1-5-3)(A;;0x2;;;S-1-5-33)(A;;0x1;;;S-1-5-32-573)",
            "User": "NT AUTHORITY\\SYSTEM"
        }
    },
    {
        "event_id": 13,
        "description": "Registry value set",
        "time_generated": "2024-09-17T11:45:48.0401605Z",
        "computer_name": "RACM",
        "details": {
            "RuleName": "-",
            "EventType": "SetValue",
            "UtcTime": "2024-09-17 11:45:48.037",
            "ProcessGuid": "{cec53bf7-6beb-66e9-4657-000000000800}",
            "ProcessId": "14572",
            "Image": "C:\\Windows\\system32\\wevtutil.exe",
            "TargetObject": "HKLM\\SOFTWARE\\Microsoft\\Windows\\CurrentVersion\\WINEVT\\Channels\\Microsoft-Windows-Windows Defender/Operational\\Isolation",
            "Details": "DWORD (0x00000001)",
            "User": "NT AUTHORITY\\SYSTEM"
        }
    },
    {
        "event_id": 13,
        "description": "Registry value set",
        "time_generated": "2024-09-17T11:45:48.0401134Z",
        "computer_name": "RACM",
        "details": {
            "RuleName": "-",
            "EventType": "SetValue",
            "UtcTime": "2024-09-17 11:45:48.037",
            "ProcessGuid": "{cec53bf7-6beb-66e9-4657-000000000800}",
            "ProcessId": "14572",
            "Image": "C:\\Windows\\system32\\wevtutil.exe",
            "TargetObject": "HKLM\\SOFTWARE\\Microsoft\\Windows\\CurrentVersion\\WINEVT\\Channels\\Microsoft-Windows-Windows Defender/Operational\\Enabled",
            "Details": "DWORD (0x00000001)",
            "User": "NT AUTHORITY\\SYSTEM"
        }
    },
    {
        "event_id": 13,
        "description": "Registry value set",
        "time_generated": "2024-09-17T11:45:48.0400012Z",
        "computer_name": "RACM",
        "details": {
            "RuleName": "-",
            "EventType": "SetValue",
            "UtcTime": "2024-09-17 11:45:48.037",
            "ProcessGuid": "{cec53bf7-6beb-66e9-4657-000000000800}",
            "ProcessId": "14572",
            "Image": "C:\\Windows\\system32\\wevtutil.exe",
            "TargetObject": "HKLM\\SOFTWARE\\Microsoft\\Windows\\CurrentVersion\\WINEVT\\Channels\\Microsoft-Windows-Windows Defender/Operational\\OwningPublisher",
            "Details": "{11cd958a-c507-4ef3-b3f2-5fd9dfbd2c78}",
            "User": "NT AUTHORITY\\SYSTEM"
        }
    },
    {
        "event_id": 12,
        "description": "Registry object added",
        "time_generated": "2024-09-17T11:45:47.9432303Z",
        "computer_name": "RACM",
        "details": {
            "RuleName": "-",
            "EventType": "DeleteKey",
            "UtcTime": "2024-09-17 11:45:47.942",
            "ProcessGuid": "{cec53bf7-6beb-66e9-4457-000000000800}",
            "ProcessId": "22976",
            "Image": "C:\\Windows\\system32\\wevtutil.exe",
            "TargetObject": "HKLM\\SOFTWARE\\Microsoft\\Windows\\CurrentVersion\\WINEVT\\Channels\\Microsoft-Windows-Windows Defender/WHC",
            "User": "NT AUTHORITY\\SYSTEM"
        }
    },
    {
        "event_id": 12,
        "description": "Registry object added",
        "time_generated": "2024-09-17T11:45:47.9156758Z",
        "computer_name": "RACM",
        "details": {
            "RuleName": "-",
            "EventType": "DeleteKey",
            "UtcTime": "2024-09-17 11:45:47.913",
            "ProcessGuid": "{cec53bf7-6beb-66e9-4457-000000000800}",
            "ProcessId": "22976",
            "Image": "C:\\Windows\\system32\\wevtutil.exe",
            "TargetObject": "HKLM\\SOFTWARE\\Microsoft\\Windows\\CurrentVersion\\WINEVT\\Channels\\Microsoft-Windows-Windows Defender/Operational",
            "User": "NT AUTHORITY\\SYSTEM"
        }
    },
    {
        "event_id": 13,
        "description": "Registry value set",
        "time_generated": "2024-09-17T11:45:47.6569140Z",
        "computer_name": "RACM",
        "details": {
            "RuleName": "T1031,T1050",
            "EventType": "SetValue",
            "UtcTime": "2024-09-17 11:45:47.656",
            "ProcessGuid": "{cec53bf7-a5cb-66e2-0a00-000000000800}",
            "ProcessId": "1192",
            "Image": "C:\\Windows\\system32\\services.exe",
            "TargetObject": "HKLM\\System\\CurrentControlSet\\Services\\WdNisSvc\\ImagePath",
            "Details": "\"%%ProgramData%%\\Microsoft\\Windows Defender\\Platform\\4.18.24080.9-0\\NisSrv.exe\"",
            "User": "NT AUTHORITY\\SYSTEM"
        }
    },
    {
        "event_id": 13,
        "description": "Registry value set",
        "time_generated": "2024-09-17T11:45:46.5100949Z",
        "computer_name": "RACM",
        "details": {
            "RuleName": "T1031,T1050",
            "EventType": "SetValue",
            "UtcTime": "2024-09-17 11:45:46.506",
            "ProcessGuid": "{cec53bf7-a5cb-66e2-0a00-000000000800}",
            "ProcessId": "1192",
            "Image": "C:\\Windows\\system32\\services.exe",
            "TargetObject": "HKLM\\System\\CurrentControlSet\\Services\\WdNisDrv\\Start",
            "Details": "DWORD (0x00000003)",
            "User": "NT AUTHORITY\\SYSTEM"
        }
    },
    {
        "event_id": 13,
        "description": "Registry value set",
        "time_generated": "2024-09-17T11:45:46.5094386Z",
        "computer_name": "RACM",
        "details": {
            "RuleName": "T1031,T1050",
            "EventType": "SetValue",
            "UtcTime": "2024-09-17 11:45:46.506",
            "ProcessGuid": "{cec53bf7-a5cb-66e2-0a00-000000000800}",
            "ProcessId": "1192",
            "Image": "C:\\Windows\\system32\\services.exe",
            "TargetObject": "HKLM\\System\\CurrentControlSet\\Services\\WdNisDrv\\Start",
            "Details": "DWORD (0x00000003)",
            "User": "NT AUTHORITY\\SYSTEM"
        }
    },
    {
        "event_id": 13,
        "description": "Registry value set",
        "time_generated": "2024-09-17T11:45:45.8968902Z",
        "computer_name": "RACM",
        "details": {
            "RuleName": "InvDB-Ver",
            "EventType": "SetValue",
            "UtcTime": "2024-09-17 11:45:45.894",
            "ProcessGuid": "{cec53bf7-a5cc-66e2-4f00-000000000800}",
            "ProcessId": "4424",
            "Image": "C:\\Windows\\System32\\svchost.exe",
            "TargetObject": "\\REGISTRY\\A\\{d2474bbd-2d4b-bc13-38d3-d061fb3de330}\\Root\\InventoryApplicationFile\\mpsigstub.exe|e292cf6426e2d372\\BinProductVersion",
            "Details": "1.1.24010.2001",
            "User": "NT AUTHORITY\\SYSTEM"
        }
    },
    {
        "event_id": 13,
        "description": "Registry value set",
        "time_generated": "2024-09-17T11:45:45.8967969Z",
        "computer_name": "RACM",
        "details": {
            "RuleName": "InvDB-CompileTimeClaim",
            "EventType": "SetValue",
            "UtcTime": "2024-09-17 11:45:45.894",
            "ProcessGuid": "{cec53bf7-a5cc-66e2-4f00-000000000800}",
            "ProcessId": "4424",
            "Image": "C:\\Windows\\System32\\svchost.exe",
            "TargetObject": "\\REGISTRY\\A\\{d2474bbd-2d4b-bc13-38d3-d061fb3de330}\\Root\\InventoryApplicationFile\\mpsigstub.exe|e292cf6426e2d372\\LinkDate",
            "Details": "03/07/2001 16:32:57",
            "User": "NT AUTHORITY\\SYSTEM"
        }
    },
    {
        "event_id": 13,
        "description": "Registry value set",
        "time_generated": "2024-09-17T11:45:45.8957446Z",
        "computer_name": "RACM",
        "details": {
            "RuleName": "InvDB-Pub",
            "EventType": "SetValue",
            "UtcTime": "2024-09-17 11:45:45.894",
            "ProcessGuid": "{cec53bf7-a5cc-66e2-4f00-000000000800}",
            "ProcessId": "4424",
            "Image": "C:\\Windows\\System32\\svchost.exe",
            "TargetObject": "\\REGISTRY\\A\\{d2474bbd-2d4b-bc13-38d3-d061fb3de330}\\Root\\InventoryApplicationFile\\mpsigstub.exe|e292cf6426e2d372\\Publisher",
            "Details": "microsoft corporation",
            "User": "NT AUTHORITY\\SYSTEM"
        }
    },
    {
        "event_id": 13,
        "description": "Registry value set",
        "time_generated": "2024-09-17T11:45:45.8954470Z",
        "computer_name": "RACM",
        "details": {
            "RuleName": "InvDB-Path",
            "EventType": "SetValue",
            "UtcTime": "2024-09-17 11:45:45.894",
            "ProcessGuid": "{cec53bf7-a5cc-66e2-4f00-000000000800}",
            "ProcessId": "4424",
            "Image": "C:\\Windows\\System32\\svchost.exe",
            "TargetObject": "\\REGISTRY\\A\\{d2474bbd-2d4b-bc13-38d3-d061fb3de330}\\Root\\InventoryApplicationFile\\mpsigstub.exe|e292cf6426e2d372\\LowerCaseLongPath",
            "Details": "c:\\windows\\systemtemp\\e8b0c1f9-1346-44f4-afd7-3be9ef7357b6\\mpsigstub.exe",
            "User": "NT AUTHORITY\\SYSTEM"
        }
    },
    {
        "event_id": 13,
        "description": "Registry value set",
        "time_generated": "2024-09-17T11:45:45.8850821Z",
        "computer_name": "RACM",
        "details": {
            "RuleName": "InvDB-Ver",
            "EventType": "SetValue",
            "UtcTime": "2024-09-17 11:45:45.882",
            "ProcessGuid": "{cec53bf7-a5cc-66e2-4f00-000000000800}",
            "ProcessId": "4424",
            "Image": "C:\\Windows\\System32\\svchost.exe",
            "TargetObject": "\\REGISTRY\\A\\{d2474bbd-2d4b-bc13-38d3-d061fb3de330}\\Root\\InventoryApplicationFile\\updateplatform.a|c79706282bf37b9f\\BinProductVersion",
            "Details": "4.18.24080.9",
            "User": "NT AUTHORITY\\SYSTEM"
        }
    },
    {
        "event_id": 13,
        "description": "Registry value set",
        "time_generated": "2024-09-17T11:45:45.8849208Z",
        "computer_name": "RACM",
        "details": {
            "RuleName": "InvDB-CompileTimeClaim",
            "EventType": "SetValue",
            "UtcTime": "2024-09-17 11:45:45.882",
            "ProcessGuid": "{cec53bf7-a5cc-66e2-4f00-000000000800}",
            "ProcessId": "4424",
            "Image": "C:\\Windows\\System32\\svchost.exe",
            "TargetObject": "\\REGISTRY\\A\\{d2474bbd-2d4b-bc13-38d3-d061fb3de330}\\Root\\InventoryApplicationFile\\updateplatform.a|c79706282bf37b9f\\LinkDate",
            "Details": "08/30/2024 17:03:42",
            "User": "NT AUTHORITY\\SYSTEM"
        }
    },
    {
        "event_id": 13,
        "description": "Registry value set",
        "time_generated": "2024-09-17T11:45:45.8837994Z",
        "computer_name": "RACM",
        "details": {
            "RuleName": "InvDB-Pub",
            "EventType": "SetValue",
            "UtcTime": "2024-09-17 11:45:45.882",
            "ProcessGuid": "{cec53bf7-a5cc-66e2-4f00-000000000800}",
            "ProcessId": "4424",
            "Image": "C:\\Windows\\System32\\svchost.exe",
            "TargetObject": "\\REGISTRY\\A\\{d2474bbd-2d4b-bc13-38d3-d061fb3de330}\\Root\\InventoryApplicationFile\\updateplatform.a|c79706282bf37b9f\\Publisher",
            "Details": "microsoft corporation",
            "User": "NT AUTHORITY\\SYSTEM"
        }
    },
    {
        "event_id": 13,
        "description": "Registry value set",
        "time_generated": "2024-09-17T11:45:45.8833481Z",
        "computer_name": "RACM",
        "details": {
            "RuleName": "InvDB-Path",
            "EventType": "SetValue",
            "UtcTime": "2024-09-17 11:45:45.882",
            "ProcessGuid": "{cec53bf7-a5cc-66e2-4f00-000000000800}",
            "ProcessId": "4424",
            "Image": "C:\\Windows\\System32\\svchost.exe",
            "TargetObject": "\\REGISTRY\\A\\{d2474bbd-2d4b-bc13-38d3-d061fb3de330}\\Root\\InventoryApplicationFile\\updateplatform.a|c79706282bf37b9f\\LowerCaseLongPath",
            "Details": "c:\\windows\\softwaredistribution\\download\\install\\updateplatform.amd64fre.exe",
            "User": "NT AUTHORITY\\SYSTEM"
        }
    },
    {
        "event_id": 13,
        "description": "Registry value set",
        "time_generated": "2024-09-17T11:37:54.9545949Z",
        "computer_name": "RACM",
        "details": {
            "RuleName": "InvDB",
            "EventType": "SetValue",
            "UtcTime": "2024-09-17 11:37:54.953",
            "ProcessGuid": "{cec53bf7-a5e3-66e2-1101-000000000800}",
            "ProcessId": "10856",
            "Image": "C:\\Windows\\system32\\svchost.exe",
            "TargetObject": "HKU\\S-1-5-21-3110158002-99556644-4000773028-1001\\Software\\Microsoft\\Windows NT\\CurrentVersion\\AppCompatFlags\\Compatibility Assistant\\Store\\C:\\Program Files\\Git\\git-bash.exe",
            "Details": "Binary Data",
            "User": "NT AUTHORITY\\SYSTEM"
        }
    },
    {
        "event_id": 13,
        "description": "Registry value set",
        "time_generated": "2024-09-17T11:27:45.1080473Z",
        "computer_name": "RACM",
        "details": {
            "RuleName": "-",
            "EventType": "SetValue",
            "UtcTime": "2024-09-17 11:27:45.105",
            "ProcessGuid": "{cec53bf7-66ba-66e9-2e53-000000000800}",
            "ProcessId": "6228",
            "Image": "C:\\Windows\\system32\\svchost.exe",
            "TargetObject": "HKU\\S-1-5-21-3110158002-99556644-4000773028-1001_Classes\\*\\OpenWithProgids\\AppXkv2jqn1pq8ajm0p5dhgqde7aafykkrrn",
            "Details": "Binary Data",
            "User": "NT AUTHORITY\\SYSTEM"
        }
    },
    {
        "event_id": 12,
        "description": "Registry object added",
        "time_generated": "2024-09-17T11:27:45.0916217Z",
        "computer_name": "RACM",
        "details": {
            "RuleName": "-",
            "EventType": "DeleteValue",
            "UtcTime": "2024-09-17 11:27:45.088",
            "ProcessGuid": "{cec53bf7-66ba-66e9-2e53-000000000800}",
            "ProcessId": "6228",
            "Image": "C:\\Windows\\system32\\svchost.exe",
            "TargetObject": "HKU\\S-1-5-21-3110158002-99556644-4000773028-1001_Classes\\*\\OpenWithProgids\\AppXkv2jqn1pq8ajm0p5dhgqde7aafykkrrn",
            "User": "NT AUTHORITY\\SYSTEM"
        }
    },
    {
        "event_id": 13,
        "description": "Registry value set",
        "time_generated": "2024-09-17T11:01:01.7313289Z",
        "computer_name": "RACM",
        "details": {
            "RuleName": "T1031,T1050",
            "EventType": "SetValue",
            "UtcTime": "2024-09-17 11:01:01.727",
            "ProcessGuid": "{cec53bf7-a5cb-66e2-0a00-000000000800}",
            "ProcessId": "1192",
            "Image": "C:\\Windows\\system32\\services.exe",
            "TargetObject": "HKLM\\System\\CurrentControlSet\\Services\\dmwappushservice\\Start",
            "Details": "DWORD (0x00000002)",
            "User": "NT AUTHORITY\\SYSTEM"
        }
    },
    {
        "event_id": 13,
        "description": "Registry value set",
        "time_generated": "2024-09-17T10:12:35.0589375Z",
        "computer_name": "RACM",
        "details": {
            "RuleName": "T1042",
            "EventType": "SetValue",
            "UtcTime": "2024-09-17 10:12:35.056",
            "ProcessGuid": "{cec53bf7-5612-66e9-2445-000000000800}",
            "ProcessId": "6424",
            "Image": "C:\\Users\\raulr\\AppData\\Local\\GitHubDesktop\\app-3.4.5\\GitHubDesktop.exe",
            "TargetObject": "HKU\\S-1-5-21-3110158002-99556644-4000773028-1001_Classes\\github-windows\\shell\\open\\command\\(Default)",
            "Details": "\"C:\\Users\\raulr\\AppData\\Local\\GitHubDesktop\\app-3.4.5\\GitHubDesktop.exe\" \"--protocol-launcher\" \"%%1\"",
            "User": "RACM\\raulr"
        }
    },
    {
        "event_id": 13,
        "description": "Registry value set",
        "time_generated": "2024-09-17T10:12:35.0586613Z",
        "computer_name": "RACM",
        "details": {
            "RuleName": "T1042",
            "EventType": "SetValue",
            "UtcTime": "2024-09-17 10:12:35.056",
            "ProcessGuid": "{cec53bf7-5612-66e9-2445-000000000800}",
            "ProcessId": "6424",
            "Image": "C:\\Users\\raulr\\AppData\\Local\\GitHubDesktop\\app-3.4.5\\GitHubDesktop.exe",
            "TargetObject": "HKU\\S-1-5-21-3110158002-99556644-4000773028-1001_Classes\\x-github-desktop-auth\\shell\\open\\command\\(Default)",
            "Details": "\"C:\\Users\\raulr\\AppData\\Local\\GitHubDesktop\\app-3.4.5\\GitHubDesktop.exe\" \"--protocol-launcher\" \"%%1\"",
            "User": "RACM\\raulr"
        }
    },
    {
        "event_id": 13,
        "description": "Registry value set",
        "time_generated": "2024-09-17T10:12:35.0582967Z",
        "computer_name": "RACM",
        "details": {
            "RuleName": "T1042",
            "EventType": "SetValue",
            "UtcTime": "2024-09-17 10:12:35.056",
            "ProcessGuid": "{cec53bf7-5612-66e9-2445-000000000800}",
            "ProcessId": "6424",
            "Image": "C:\\Users\\raulr\\AppData\\Local\\GitHubDesktop\\app-3.4.5\\GitHubDesktop.exe",
            "TargetObject": "HKU\\S-1-5-21-3110158002-99556644-4000773028-1001_Classes\\x-github-client\\shell\\open\\command\\(Default)",
            "Details": "\"C:\\Users\\raulr\\AppData\\Local\\GitHubDesktop\\app-3.4.5\\GitHubDesktop.exe\" \"--protocol-launcher\" \"%%1\"",
            "User": "RACM\\raulr"
        }
    },
    {
        "event_id": 13,
        "description": "Registry value set",
        "time_generated": "2024-09-17T10:11:54.2496257Z",
        "computer_name": "RACM",
        "details": {
            "RuleName": "InvDB",
            "EventType": "SetValue",
            "UtcTime": "2024-09-17 10:11:54.248",
            "ProcessGuid": "{cec53bf7-a5e3-66e2-1101-000000000800}",
            "ProcessId": "10856",
            "Image": "C:\\Windows\\system32\\svchost.exe",
            "TargetObject": "HKU\\S-1-5-21-3110158002-99556644-4000773028-1001\\Software\\Microsoft\\Windows NT\\CurrentVersion\\AppCompatFlags\\Compatibility Assistant\\Store\\C:\\Users\\raulr\\AppData\\Local\\GitHubDesktop\\GitHubDesktop.exe",
            "Details": "Binary Data",
            "User": "NT AUTHORITY\\SYSTEM"
        }
    },
    {
        "event_id": 13,
        "description": "Registry value set",
        "time_generated": "2024-09-17T10:02:21.8327112Z",
        "computer_name": "RACM",
        "details": {
            "RuleName": "InvDB",
            "EventType": "SetValue",
            "UtcTime": "2024-09-17 10:02:21.831",
            "ProcessGuid": "{cec53bf7-a5e3-66e2-1101-000000000800}",
            "ProcessId": "10856",
            "Image": "C:\\Windows\\system32\\svchost.exe",
            "TargetObject": "HKU\\S-1-5-21-3110158002-99556644-4000773028-1001\\Software\\Microsoft\\Windows NT\\CurrentVersion\\AppCompatFlags\\Compatibility Assistant\\Store\\C:\\Program Files\\Git\\git-bash.exe",
            "Details": "Binary Data",
            "User": "NT AUTHORITY\\SYSTEM"
        }
    },
    {
        "event_id": 13,
        "description": "Registry value set",
        "time_generated": "2024-09-17T10:02:18.5922981Z",
        "computer_name": "RACM",
        "details": {
            "RuleName": "InvDB",
            "EventType": "SetValue",
            "UtcTime": "2024-09-17 10:02:18.591",
            "ProcessGuid": "{cec53bf7-a5e3-66e2-1101-000000000800}",
            "ProcessId": "10856",
            "Image": "C:\\Windows\\system32\\svchost.exe",
            "TargetObject": "HKU\\S-1-5-21-3110158002-99556644-4000773028-1001\\Software\\Microsoft\\Windows NT\\CurrentVersion\\AppCompatFlags\\Compatibility Assistant\\Store\\C:\\Program Files\\Git\\git-bash.exe",
            "Details": "Binary Data",
            "User": "NT AUTHORITY\\SYSTEM"
        }
    },
    {
        "event_id": 13,
        "description": "Registry value set",
        "time_generated": "2024-09-17T09:58:37.1262356Z",
        "computer_name": "RACM",
        "details": {
            "RuleName": "InvDB",
            "EventType": "SetValue",
            "UtcTime": "2024-09-17 09:58:37.116",
            "ProcessGuid": "{cec53bf7-a5e3-66e2-1101-000000000800}",
            "ProcessId": "10856",
            "Image": "C:\\Windows\\system32\\svchost.exe",
            "TargetObject": "HKU\\S-1-5-21-3110158002-99556644-4000773028-1001\\Software\\Microsoft\\Windows NT\\CurrentVersion\\AppCompatFlags\\Compatibility Assistant\\Store\\C:\\Program Files\\Git\\cmd\\git-gui.exe",
            "Details": "Binary Data",
            "User": "NT AUTHORITY\\SYSTEM"
        }
    },
    {
        "event_id": 13,
        "description": "Registry value set",
        "time_generated": "2024-09-17T09:58:34.6257797Z",
        "computer_name": "RACM",
        "details": {
            "RuleName": "InvDB-CompileTimeClaim",
            "EventType": "SetValue",
            "UtcTime": "2024-09-17 09:58:34.618",
            "ProcessGuid": "{cec53bf7-a5cc-66e2-4f00-000000000800}",
            "ProcessId": "4424",
            "Image": "C:\\Windows\\System32\\svchost.exe",
            "TargetObject": "\\REGISTRY\\A\\{d2474bbd-2d4b-bc13-38d3-d061fb3de330}\\Root\\InventoryApplicationFile\\nice.exe|d195556bd0ad811f\\LinkDate",
            "Details": "11/15/2022 17:18:53",
            "User": "NT AUTHORITY\\SYSTEM"
        }
    },
    {
        "event_id": 13,
        "description": "Registry value set",
        "time_generated": "2024-09-17T09:58:34.6253798Z",
        "computer_name": "RACM",
        "details": {
            "RuleName": "InvDB-Path",
            "EventType": "SetValue",
            "UtcTime": "2024-09-17 09:58:34.618",
            "ProcessGuid": "{cec53bf7-a5cc-66e2-4f00-000000000800}",
            "ProcessId": "4424",
            "Image": "C:\\Windows\\System32\\svchost.exe",
            "TargetObject": "\\REGISTRY\\A\\{d2474bbd-2d4b-bc13-38d3-d061fb3de330}\\Root\\InventoryApplicationFile\\nice.exe|d195556bd0ad811f\\LowerCaseLongPath",
            "Details": "c:\\program files\\git\\usr\\bin\\nice.exe",
            "User": "NT AUTHORITY\\SYSTEM"
        }
    },
    {
        "event_id": 13,
        "description": "Registry value set",
        "time_generated": "2024-09-17T09:58:33.7147101Z",
        "computer_name": "RACM",
        "details": {
            "RuleName": "InvDB-Ver",
            "EventType": "SetValue",
            "UtcTime": "2024-09-17 09:58:33.703",
            "ProcessGuid": "{cec53bf7-a5cc-66e2-4f00-000000000800}",
            "ProcessId": "4424",
            "Image": "C:\\Windows\\System32\\svchost.exe",
            "TargetObject": "\\REGISTRY\\A\\{d2474bbd-2d4b-bc13-38d3-d061fb3de330}\\Root\\InventoryApplicationFile\\wish.exe|387f467bcbc945b9\\BinProductVersion",
            "Details": "8.6.2.13",
            "User": "NT AUTHORITY\\SYSTEM"
        }
    },
    {
        "event_id": 13,
        "description": "Registry value set",
        "time_generated": "2024-09-17T09:58:33.7145759Z",
        "computer_name": "RACM",
        "details": {
            "RuleName": "InvDB-CompileTimeClaim",
            "EventType": "SetValue",
            "UtcTime": "2024-09-17 09:58:33.703",
            "ProcessGuid": "{cec53bf7-a5cc-66e2-4f00-000000000800}",
            "ProcessId": "4424",
            "Image": "C:\\Windows\\System32\\svchost.exe",
            "TargetObject": "\\REGISTRY\\A\\{d2474bbd-2d4b-bc13-38d3-d061fb3de330}\\Root\\InventoryApplicationFile\\wish.exe|387f467bcbc945b9\\LinkDate",
            "Details": "04/03/2024 19:39:03",
            "User": "NT AUTHORITY\\SYSTEM"
        }
    },
    {
        "event_id": 13,
        "description": "Registry value set",
        "time_generated": "2024-09-17T09:58:33.7138278Z",
        "computer_name": "RACM",
        "details": {
            "RuleName": "InvDB-Pub",
            "EventType": "SetValue",
            "UtcTime": "2024-09-17 09:58:33.703",
            "ProcessGuid": "{cec53bf7-a5cc-66e2-4f00-000000000800}",
            "ProcessId": "4424",
            "Image": "C:\\Windows\\System32\\svchost.exe",
            "TargetObject": "\\REGISTRY\\A\\{d2474bbd-2d4b-bc13-38d3-d061fb3de330}\\Root\\InventoryApplicationFile\\wish.exe|387f467bcbc945b9\\Publisher",
            "Details": "activestate corporation",
            "User": "NT AUTHORITY\\SYSTEM"
        }
    },
    {
        "event_id": 13,
        "description": "Registry value set",
        "time_generated": "2024-09-17T09:58:33.7134147Z",
        "computer_name": "RACM",
        "details": {
            "RuleName": "InvDB-Path",
            "EventType": "SetValue",
            "UtcTime": "2024-09-17 09:58:33.703",
            "ProcessGuid": "{cec53bf7-a5cc-66e2-4f00-000000000800}",
            "ProcessId": "4424",
            "Image": "C:\\Windows\\System32\\svchost.exe",
            "TargetObject": "\\REGISTRY\\A\\{d2474bbd-2d4b-bc13-38d3-d061fb3de330}\\Root\\InventoryApplicationFile\\wish.exe|387f467bcbc945b9\\LowerCaseLongPath",
            "Details": "c:\\program files\\git\\mingw64\\bin\\wish.exe",
            "User": "NT AUTHORITY\\SYSTEM"
        }
    },
    {
        "event_id": 13,
        "description": "Registry value set",
        "time_generated": "2024-09-17T09:58:32.5923328Z",
        "computer_name": "RACM",
        "details": {
            "RuleName": "InvDB-Ver",
            "EventType": "SetValue",
            "UtcTime": "2024-09-17 09:58:32.582",
            "ProcessGuid": "{cec53bf7-a5cc-66e2-4f00-000000000800}",
            "ProcessId": "4424",
            "Image": "C:\\Windows\\System32\\svchost.exe",
            "TargetObject": "\\REGISTRY\\A\\{d2474bbd-2d4b-bc13-38d3-d061fb3de330}\\Root\\InventoryApplicationFile\\git-gui.exe|d3e16d00d6d9753e\\BinProductVersion",
            "Details": "2.46.0.1",
            "User": "NT AUTHORITY\\SYSTEM"
        }
    },
    {
        "event_id": 13,
        "description": "Registry value set",
        "time_generated": "2024-09-17T09:58:32.5922428Z",
        "computer_name": "RACM",
        "details": {
            "RuleName": "InvDB-CompileTimeClaim",
            "EventType": "SetValue",
            "UtcTime": "2024-09-17 09:58:32.582",
            "ProcessGuid": "{cec53bf7-a5cc-66e2-4f00-000000000800}",
            "ProcessId": "4424",
            "Image": "C:\\Windows\\System32\\svchost.exe",
            "TargetObject": "\\REGISTRY\\A\\{d2474bbd-2d4b-bc13-38d3-d061fb3de330}\\Root\\InventoryApplicationFile\\git-gui.exe|d3e16d00d6d9753e\\LinkDate",
            "Details": "07/29/2024 18:18:09",
            "User": "NT AUTHORITY\\SYSTEM"
        }
    },
    {
        "event_id": 13,
        "description": "Registry value set",
        "time_generated": "2024-09-17T09:58:32.5917369Z",
        "computer_name": "RACM",
        "details": {
            "RuleName": "InvDB-Pub",
            "EventType": "SetValue",
            "UtcTime": "2024-09-17 09:58:32.582",
            "ProcessGuid": "{cec53bf7-a5cc-66e2-4f00-000000000800}",
            "ProcessId": "4424",
            "Image": "C:\\Windows\\System32\\svchost.exe",
            "TargetObject": "\\REGISTRY\\A\\{d2474bbd-2d4b-bc13-38d3-d061fb3de330}\\Root\\InventoryApplicationFile\\git-gui.exe|d3e16d00d6d9753e\\Publisher",
            "Details": "the git development community",
            "User": "NT AUTHORITY\\SYSTEM"
        }
    },
    {
        "event_id": 13,
        "description": "Registry value set",
        "time_generated": "2024-09-17T09:58:32.5913501Z",
        "computer_name": "RACM",
        "details": {
            "RuleName": "InvDB-Path",
            "EventType": "SetValue",
            "UtcTime": "2024-09-17 09:58:32.582",
            "ProcessGuid": "{cec53bf7-a5cc-66e2-4f00-000000000800}",
            "ProcessId": "4424",
            "Image": "C:\\Windows\\System32\\svchost.exe",
            "TargetObject": "\\REGISTRY\\A\\{d2474bbd-2d4b-bc13-38d3-d061fb3de330}\\Root\\InventoryApplicationFile\\git-gui.exe|d3e16d00d6d9753e\\LowerCaseLongPath",
            "Details": "c:\\program files\\git\\cmd\\git-gui.exe",
            "User": "NT AUTHORITY\\SYSTEM"
        }
    },
    {
        "event_id": 13,
        "description": "Registry value set",
        "time_generated": "2024-09-17T09:58:31.9250060Z",
        "computer_name": "RACM",
        "details": {
            "RuleName": "InvDB",
            "EventType": "SetValue",
            "UtcTime": "2024-09-17 09:58:31.921",
            "ProcessGuid": "{cec53bf7-a5e3-66e2-1101-000000000800}",
            "ProcessId": "10856",
            "Image": "C:\\Windows\\system32\\svchost.exe",
            "TargetObject": "HKU\\S-1-5-21-3110158002-99556644-4000773028-1001\\Software\\Microsoft\\Windows NT\\CurrentVersion\\AppCompatFlags\\Compatibility Assistant\\Store\\C:\\Program Files\\Git\\cmd\\git-gui.exe",
            "Details": "Binary Data",
            "User": "NT AUTHORITY\\SYSTEM"
        }
    },
    {
        "event_id": 13,
        "description": "Registry value set",
        "time_generated": "2024-09-17T09:53:00.2574575Z",
        "computer_name": "RACM",
        "details": {
            "RuleName": "T1042",
            "EventType": "SetValue",
            "UtcTime": "2024-09-17 09:53:00.256",
            "ProcessGuid": "{cec53bf7-517b-66e9-cf3e-000000000800}",
            "ProcessId": "852",
            "Image": "C:\\Users\\raulr\\AppData\\Local\\GitHubDesktop\\app-3.4.5\\GitHubDesktop.exe",
            "TargetObject": "HKU\\S-1-5-21-3110158002-99556644-4000773028-1001_Classes\\github-windows\\shell\\open\\command\\(Default)",
            "Details": "\"C:\\Users\\raulr\\AppData\\Local\\GitHubDesktop\\app-3.4.5\\GitHubDesktop.exe\" \"--protocol-launcher\" \"%%1\"",
            "User": "RACM\\raulr"
        }
    },
    {
        "event_id": 13,
        "description": "Registry value set",
        "time_generated": "2024-09-17T09:53:00.2572414Z",
        "computer_name": "RACM",
        "details": {
            "RuleName": "T1042",
            "EventType": "SetValue",
            "UtcTime": "2024-09-17 09:53:00.256",
            "ProcessGuid": "{cec53bf7-517b-66e9-cf3e-000000000800}",
            "ProcessId": "852",
            "Image": "C:\\Users\\raulr\\AppData\\Local\\GitHubDesktop\\app-3.4.5\\GitHubDesktop.exe",
            "TargetObject": "HKU\\S-1-5-21-3110158002-99556644-4000773028-1001_Classes\\x-github-desktop-auth\\shell\\open\\command\\(Default)",
            "Details": "\"C:\\Users\\raulr\\AppData\\Local\\GitHubDesktop\\app-3.4.5\\GitHubDesktop.exe\" \"--protocol-launcher\" \"%%1\"",
            "User": "RACM\\raulr"
        }
    },
    {
        "event_id": 13,
        "description": "Registry value set",
        "time_generated": "2024-09-17T09:53:00.2570280Z",
        "computer_name": "RACM",
        "details": {
            "RuleName": "T1042",
            "EventType": "SetValue",
            "UtcTime": "2024-09-17 09:53:00.256",
            "ProcessGuid": "{cec53bf7-517b-66e9-cf3e-000000000800}",
            "ProcessId": "852",
            "Image": "C:\\Users\\raulr\\AppData\\Local\\GitHubDesktop\\app-3.4.5\\GitHubDesktop.exe",
            "TargetObject": "HKU\\S-1-5-21-3110158002-99556644-4000773028-1001_Classes\\x-github-client\\shell\\open\\command\\(Default)",
            "Details": "\"C:\\Users\\raulr\\AppData\\Local\\GitHubDesktop\\app-3.4.5\\GitHubDesktop.exe\" \"--protocol-launcher\" \"%%1\"",
            "User": "RACM\\raulr"
        }
    },
    {
        "event_id": 13,
        "description": "Registry value set",
        "time_generated": "2024-09-17T09:52:22.7473387Z",
        "computer_name": "RACM",
        "details": {
            "RuleName": "InvDB",
            "EventType": "SetValue",
            "UtcTime": "2024-09-17 09:52:22.746",
            "ProcessGuid": "{cec53bf7-a5e3-66e2-1101-000000000800}",
            "ProcessId": "10856",
            "Image": "C:\\Windows\\system32\\svchost.exe",
            "TargetObject": "HKU\\S-1-5-21-3110158002-99556644-4000773028-1001\\Software\\Microsoft\\Windows NT\\CurrentVersion\\AppCompatFlags\\Compatibility Assistant\\Store\\C:\\Program Files\\WindowsApps\\Microsoft.OutlookForWindows_1.2024.903.200_x64__8wekyb3d8bbwe\\olk.exe",
            "Details": "Binary Data",
            "User": "NT AUTHORITY\\SYSTEM"
        }
    },
    {
        "event_id": 13,
        "description": "Registry value set",
        "time_generated": "2024-09-17T09:52:17.9851784Z",
        "computer_name": "RACM",
        "details": {
            "RuleName": "InvDB-Pub",
            "EventType": "SetValue",
            "UtcTime": "2024-09-17 09:52:17.984",
            "ProcessGuid": "{cec53bf7-4c91-66e9-c93d-000000000800}",
            "ProcessId": "6900",
            "Image": "C:\\Windows\\Explorer.EXE",
            "TargetObject": "HKU\\S-1-5-21-3110158002-99556644-4000773028-1001\\Control Panel\\NotifyIconSettings\\7942773991010826593\\Publisher",
            "Details": "Microsoft Corporation",
            "User": "RACM\\raulr"
        }
    },
    {
        "event_id": 13,
        "description": "Registry value set",
        "time_generated": "2024-09-17T09:51:58.5331509Z",
        "computer_name": "RACM",
        "details": {
            "RuleName": "-",
            "EventType": "SetValue",
            "UtcTime": "2024-09-17 09:51:58.519",
            "ProcessGuid": "{cec53bf7-a5cc-66e2-1a00-000000000800}",
            "ProcessId": "1996",
            "Image": "C:\\Windows\\System32\\svchost.exe",
            "TargetObject": "HKLM\\SOFTWARE\\Microsoft\\Windows NT\\CurrentVersion\\NetworkList\\Profiles\\{205E0406-CD0D-457D-90D9-2100569497F3}\\DateLastConnected",
            "Details": "Binary Data",
            "User": "NT AUTHORITY\\Servicio de red"
        }
    },
    {
        "event_id": 13,
        "description": "Registry value set",
        "time_generated": "2024-09-17T09:51:56.0712954Z",
        "computer_name": "RACM",
        "details": {
            "RuleName": "-",
            "EventType": "SetValue",
            "UtcTime": "2024-09-17 09:51:56.070",
            "ProcessGuid": "{cec53bf7-a5dc-66e2-dc00-000000000800}",
            "ProcessId": "7508",
            "Image": "C:\\Windows\\system32\\svchost.exe",
            "TargetObject": "HKLM\\SOFTWARE\\Microsoft\\Windows\\CurrentVersion\\Authentication\\Credential Providers\\{D6886603-9D2F-4EB2-B667-1971041FA96B}\\S-1-5-21-3110158002-99556644-4000773028-1001\\NgcFirst\\ConsecutiveSwitchCount",
            "Details": "DWORD (0x00000000)",
            "User": "NT AUTHORITY\\SYSTEM"
        }
    },
    {
        "event_id": 13,
        "description": "Registry value set",
        "time_generated": "2024-09-17T09:51:56.0617118Z",
        "computer_name": "RACM",
        "details": {
            "RuleName": "-",
            "EventType": "SetValue",
            "UtcTime": "2024-09-17 09:51:56.061",
            "ProcessGuid": "{cec53bf7-4df5-66e9-643e-000000000800}",
            "ProcessId": "24224",
            "Image": "C:\\Windows\\System32\\LogonUI.exe",
            "TargetObject": "HKLM\\SOFTWARE\\Microsoft\\Windows\\CurrentVersion\\Authentication\\LogonUI\\LastLoggedOnUser",
            "Details": ".\\raulr",
            "User": "NT AUTHORITY\\SYSTEM"
        }
    },
    {
        "event_id": 13,
        "description": "Registry value set",
        "time_generated": "2024-09-17T09:51:54.7313013Z",
        "computer_name": "RACM",
        "details": {
            "RuleName": "-",
            "EventType": "SetValue",
            "UtcTime": "2024-09-17 09:51:54.722",
            "ProcessGuid": "{cec53bf7-4df5-66e9-643e-000000000800}",
            "ProcessId": "24224",
            "Image": "C:\\Windows\\System32\\LogonUI.exe",
            "TargetObject": "HKU\\.DEFAULT\\Keyboard Layout\\Substitutes\\00000c0a",
            "Details": "0000040a",
            "User": "NT AUTHORITY\\SYSTEM"
        }
    },
    {
        "event_id": 13,
        "description": "Registry value set",
        "time_generated": "2024-09-17T09:51:54.7312246Z",
        "computer_name": "RACM",
        "details": {
            "RuleName": "-",
            "EventType": "SetValue",
            "UtcTime": "2024-09-17 09:51:54.722",
            "ProcessGuid": "{cec53bf7-4df5-66e9-643e-000000000800}",
            "ProcessId": "24224",
            "Image": "C:\\Windows\\System32\\LogonUI.exe",
            "TargetObject": "HKU\\.DEFAULT\\Keyboard Layout\\Preload\\1",
            "Details": "00000c0a",
            "User": "NT AUTHORITY\\SYSTEM"
        }
    },
